$ /home/aojili/lsy_drone_racing/.pixi/envs/gpu/bin/python /home/aojili/lsy_drone_racing/lsy_drone_racing/control/train_CleanRL_ppo_level3.py --config=level3_dr.toml --wandb_enabled=True --wandb_project_name=ADR-PPO-Racing-Level3 --wandb_mode=online --train=True --eval=0 --total_timesteps=20000000 --num_envs=1024 --num_steps=32 --cuda=True --jax_device=gpu --model_name=checkpoints/level3_loop_081_structural_v24_v22_hybrid_aperture_corridor_obs_from_loop078_final_20m/level3_loop_081_structural_v24_v22_hybrid_aperture_corridor_obs_from_loop078_final_20m_final.ckpt --checkpoint_dir=/home/aojili/lsy_drone_racing/lsy_drone_racing/control/checkpoints/level3_loop_081_structural_v24_v22_hybrid_aperture_corridor_obs_from_loop078_final_20m --checkpoint_interval=5000000 --observation_layout=level3_gate_corridor_aperture_margin_2obs_local_history_v10 --wandb_entity=aojili77-technical-university-of-munich --wandb_run_name=level3_loop_081_structural_v24_v22_hybrid_aperture_corridor_obs_from_loop078_final_20m --wandb_run_id=level3_loop_081_structural_v24_v22_hybrid_aperture_corridor_obs_from_loop078_final_20m --initial_model_name=/home/aojili/lsy_drone_racing/lsy_drone_racing/control/checkpoints/level3_loop_078_structural_v22_loop071_gate_corridor_obstacle_obs_default_20m/level3_loop_078_structural_v22_loop071_gate_corridor_obstacle_obs_default_20m_final.ckpt --learning_rate=5e-05 --anneal_lr=False --gamma=0.99 --gae_lambda=0.95 --update_epochs=5 --num_minibatches=8 --clip_coef=0.26 --clip_vloss=True --ent_coef=0.02 --vf_coef=0.7 --max_grad_norm=1.5 --target_kl=0.03 --hidden_dim=256 --policy_arch=mlp_2x_tanh --recurrent_hidden_dim=256 --recurrent_sequence_len=32 --n_obs=2 --action_rp_limit_deg=90.0 --action_lowpass_alpha=1.0 --reward_structure=legacy_staged --track_generator_profile=default --progress_coef=0.0 --gate_stage_coef=10.0 --gate_axis_coef=12.0 --near_gate_coef=0.0 --gate_bonus=90.0 --gate_front_bonus=0.0 --gate_plane_bonus=0.0 --gate_back_bonus=12.0 --finish_bonus=160.0 --missed_gate_penalty=0.0 --gate_frame_pressure_coef=0.0 --wrong_side_penalty=8.0 --crash_penalty=100.0 --obstacle_coef=8.0 --obstacle_margin=0.4 --obstacle_clearance_coef=6.0 --timeout_penalty=80.0 --time_penalty=0.03 --act_coef=0.03 --d_act_th_coef=0.1 --d_act_xy_coef=0.1 --cmd_tilt_coef=1.0 --rpy_coef=1.0 --tilt_limit_deg=40.0 --tilt_excess_coef=15.0

W0622 06:43:38.476144 1897659 cuda_executor.cc:1802] GPU interconnect information not available: INTERNAL: NVML doesn't support extracting fabric info or NVLink is not used by the device.
W0622 06:43:38.478422 1897582 cuda_executor.cc:1802] GPU interconnect information not available: INTERNAL: NVML doesn't support extracting fabric info or NVLink is not used by the device.
wandb: [wandb.login()] Loaded credentials for https://api.wandb.ai from /home/aojili/.netrc.
wandb: Currently logged in as: aojili77 (aojili77-technical-university-of-munich) to https://api.wandb.ai. Use `wandb login --relogin` to force relogin
wandb: setting up run level3_loop_081_structural_v24_v22_hybrid_aperture_corridor_obs_from_loop078_final_20m
wandb: Tracking run with wandb version 0.25.1
wandb: Run data is saved locally in /home/aojili/lsy_drone_racing/wandb/run-20260622_064342-level3_loop_081_structural_v24_v22_hybrid_aperture_corridor_obs_from_loop078_final_20m
wandb: Run `wandb offline` to turn off syncing.
wandb: Syncing run level3_loop_081_structural_v24_v22_hybrid_aperture_corridor_obs_from_loop078_final_20m
wandb: 猸愶笍 View project at https://wandb.ai/aojili77-technical-university-of-munich/ADR-PPO-Racing-Level3
wandb: 馃殌 View run at https://wandb.ai/aojili77-technical-university-of-munich/ADR-PPO-Racing-Level3/runs/level3_loop_081_structural_v24_v22_hybrid_aperture_corridor_obs_from_loop078_final_20m
/home/aojili/lsy_drone_racing/.pixi/envs/gpu/lib/python3.13/site-packages/jax/_src/abstract_arrays.py:135: RuntimeWarning: overflow encountered in cast
  return literals.TypedNdArray(np.asarray(x, dtype), weak_type=False)
Training on device: cuda | Environment device: gpu
initialized appended local observation from local-obstacle weights; appended input weights are zero-padded and optimizer starts fresh
initialized agent weights from /home/aojili/lsy_drone_racing/lsy_drone_racing/control/checkpoints/level3_loop_078_structural_v22_loop071_gate_corridor_obstacle_obs_default_20m/level3_loop_078_structural_v22_loop071_gate_corridor_obstacle_obs_default_20m_final.ckpt; optimizer starts fresh
Iter 1/610 took 15.24 seconds
Iter 2/610 took 3.16 seconds
Iter 3/610 took 3.05 seconds
Iter 4/610 took 3.06 seconds
Iter 5/610 took 3.01 seconds
Iter 6/610 took 3.01 seconds
Iter 7/610 took 3.21 seconds
Iter 8/610 took 3.16 seconds
Iter 9/610 took 3.29 seconds
Iter 10/610 took 3.15 seconds
Iter 11/610 took 3.25 seconds
Iter 12/610 took 3.23 seconds
Iter 13/610 took 3.24 seconds
Iter 14/610 took 3.13 seconds
Iter 15/610 took 3.14 seconds
Iter 16/610 took 3.11 seconds
Iter 17/610 took 3.03 seconds
Iter 18/610 took 3.11 seconds
Iter 19/610 took 3.07 seconds
Iter 20/610 took 3.11 seconds
Iter 21/610 took 3.11 seconds
Iter 22/610 took 3.11 seconds
Iter 23/610 took 3.21 seconds
Iter 24/610 took 3.15 seconds
Iter 25/610 took 3.09 seconds
Iter 26/610 took 3.05 seconds
Iter 27/610 took 2.99 seconds
Iter 28/610 took 3.06 seconds
Iter 29/610 took 3.05 seconds
Iter 30/610 took 3.05 seconds
Iter 31/610 took 3.11 seconds
Iter 32/610 took 3.11 seconds
Iter 33/610 took 3.21 seconds
Iter 34/610 took 3.14 seconds
Iter 35/610 took 3.20 seconds
Iter 36/610 took 3.16 seconds
Iter 37/610 took 3.12 seconds
Iter 38/610 took 3.23 seconds
Iter 39/610 took 3.24 seconds
Iter 40/610 took 3.40 seconds
Iter 41/610 took 3.16 seconds
Iter 42/610 took 3.10 seconds
Iter 43/610 took 3.19 seconds
Iter 44/610 took 3.27 seconds
Iter 45/610 took 3.05 seconds
Iter 46/610 took 3.12 seconds
Iter 47/610 took 3.18 seconds
Iter 48/610 took 3.14 seconds
Iter 49/610 took 3.10 seconds
Iter 50/610 took 3.13 seconds
Iter 51/610 took 3.08 seconds
Iter 52/610 took 3.08 seconds
Iter 53/610 took 3.27 seconds
Iter 54/610 took 3.26 seconds
Iter 55/610 took 3.11 seconds
Iter 56/610 took 3.14 seconds
Iter 57/610 took 3.12 seconds
Iter 58/610 took 3.08 seconds
Iter 59/610 took 3.08 seconds
Iter 60/610 took 3.14 seconds
Iter 61/610 took 3.11 seconds
Iter 62/610 took 3.11 seconds
Iter 63/610 took 3.10 seconds
Iter 64/610 took 3.09 seconds
Iter 65/610 took 3.02 seconds
Iter 66/610 took 3.06 seconds
Iter 67/610 took 3.04 seconds
Iter 68/610 took 3.05 seconds
Iter 69/610 took 3.01 seconds
Iter 70/610 took 3.04 seconds
Iter 71/610 took 3.05 seconds
Iter 72/610 took 3.04 seconds
Iter 73/610 took 3.08 seconds
Iter 74/610 took 3.16 seconds
Iter 75/610 took 3.09 seconds
Iter 76/610 took 3.12 seconds
Iter 77/610 took 3.28 seconds
Iter 78/610 took 3.05 seconds
Iter 79/610 took 3.04 seconds
Iter 80/610 took 3.04 seconds
Iter 81/610 took 3.05 seconds
Iter 82/610 took 2.98 seconds
Iter 83/610 took 2.97 seconds
Iter 84/610 took 3.02 seconds
Iter 85/610 took 3.06 seconds
Iter 86/610 took 3.07 seconds
Iter 87/610 took 3.08 seconds
Iter 88/610 took 3.03 seconds
Iter 89/610 took 3.05 seconds
Iter 90/610 took 3.00 seconds
Iter 91/610 took 3.13 seconds
Iter 92/610 took 3.11 seconds
Iter 93/610 took 3.07 seconds
Iter 94/610 took 3.06 seconds
Iter 95/610 took 3.17 seconds
Iter 96/610 took 3.03 seconds
Iter 97/610 took 3.11 seconds
Iter 98/610 took 3.07 seconds
Iter 99/610 took 3.16 seconds
Iter 100/610 took 3.13 seconds
Iter 101/610 took 3.11 seconds
Iter 102/610 took 3.00 seconds
Iter 103/610 took 3.01 seconds
Iter 104/610 took 2.96 seconds
Iter 105/610 took 2.99 seconds
Iter 106/610 took 3.03 seconds
Iter 107/610 took 3.04 seconds
Iter 108/610 took 3.04 seconds
Iter 109/610 took 3.09 seconds
Iter 110/610 took 3.08 seconds
Iter 111/610 took 3.05 seconds
Iter 112/610 took 3.12 seconds
Iter 113/610 took 3.11 seconds
Iter 114/610 took 3.16 seconds
Iter 115/610 took 3.06 seconds
Iter 116/610 took 3.11 seconds
Iter 117/610 took 3.20 seconds
Iter 118/610 took 3.06 seconds
Iter 119/610 took 3.20 seconds
Iter 120/610 took 3.24 seconds
Iter 121/610 took 3.10 seconds
Iter 122/610 took 3.13 seconds
Iter 123/610 took 3.05 seconds
Iter 124/610 took 3.01 seconds
Iter 125/610 took 3.01 seconds
Iter 126/610 took 2.99 seconds
Iter 127/610 took 2.99 seconds
Iter 128/610 took 3.05 seconds
Iter 129/610 took 3.10 seconds
Iter 130/610 took 3.13 seconds
Iter 131/610 took 3.06 seconds
Iter 132/610 took 3.04 seconds
Iter 133/610 took 2.99 seconds
Iter 134/610 took 3.04 seconds
Iter 135/610 took 3.05 seconds
Iter 136/610 took 3.09 seconds
Iter 137/610 took 3.03 seconds
Iter 138/610 took 3.05 seconds
Iter 139/610 took 3.05 seconds
Iter 140/610 took 3.14 seconds
Iter 141/610 took 3.06 seconds
Iter 142/610 took 3.29 seconds
Iter 143/610 took 3.22 seconds
Iter 144/610 took 3.31 seconds
Iter 145/610 took 3.22 seconds
Iter 146/610 took 3.08 seconds
Iter 147/610 took 3.28 seconds
Iter 148/610 took 3.39 seconds
Iter 149/610 took 3.46 seconds
Iter 150/610 took 3.41 seconds
Iter 151/610 took 3.28 seconds
Iter 152/610 took 3.48 seconds
Iter 153/610 took 3.37 seconds
checkpoint saved to /home/aojili/lsy_drone_racing/lsy_drone_racing/control/checkpoints/level3_loop_081_structural_v24_v22_hybrid_aperture_corridor_obs_from_loop078_final_20m/level3_loop_081_structural_v24_v22_hybrid_aperture_corridor_obs_from_loop078_final_20m_step_005000000.ckpt at global_step=5013504
Iter 154/610 took 3.33 seconds
Iter 155/610 took 3.34 seconds
Iter 156/610 took 3.40 seconds
Iter 157/610 took 3.33 seconds
Iter 158/610 took 3.54 seconds
Iter 159/610 took 3.36 seconds
Iter 160/610 took 3.14 seconds
Iter 161/610 took 3.21 seconds
Iter 162/610 took 3.18 seconds
Iter 163/610 took 3.13 seconds
Iter 164/610 took 3.28 seconds
Iter 165/610 took 3.11 seconds
Iter 166/610 took 3.03 seconds
Iter 167/610 took 3.06 seconds
Iter 168/610 took 3.07 seconds
Iter 169/610 took 3.04 seconds
Iter 170/610 took 2.99 seconds
Iter 171/610 took 3.02 seconds
Iter 172/610 took 3.05 seconds
Iter 173/610 took 3.09 seconds
Iter 174/610 took 3.16 seconds
Iter 175/610 took 3.19 seconds
Iter 176/610 took 3.15 seconds
Iter 177/610 took 3.29 seconds
Iter 178/610 took 3.18 seconds
Iter 179/610 took 3.17 seconds
Iter 180/610 took 3.19 seconds
Iter 181/610 took 3.01 seconds
Iter 182/610 took 2.99 seconds
Iter 183/610 took 3.03 seconds
Iter 184/610 took 3.03 seconds
Iter 185/610 took 3.18 seconds
Iter 186/610 took 3.16 seconds
Iter 187/610 took 3.13 seconds
Iter 188/610 took 3.19 seconds
Iter 189/610 took 3.15 seconds
Iter 190/610 took 3.27 seconds
Iter 191/610 took 3.16 seconds
Iter 192/610 took 3.31 seconds
Iter 193/610 took 3.22 seconds
Iter 194/610 took 3.24 seconds
Iter 195/610 took 3.15 seconds
Iter 196/610 took 3.15 seconds
Iter 197/610 took 3.12 seconds
Iter 198/610 took 3.15 seconds
Iter 199/610 took 3.15 seconds
Iter 200/610 took 3.21 seconds
Iter 201/610 took 3.20 seconds
Iter 202/610 took 3.27 seconds
Iter 203/610 took 3.14 seconds
Iter 204/610 took 3.10 seconds
Iter 205/610 took 3.18 seconds
Iter 206/610 took 3.13 seconds
Iter 207/610 took 3.12 seconds
Iter 208/610 took 3.17 seconds
Iter 209/610 took 3.20 seconds
Iter 210/610 took 3.15 seconds
Iter 211/610 took 3.13 seconds
Iter 212/610 took 3.07 seconds
Iter 213/610 took 3.06 seconds
Iter 214/610 took 3.31 seconds
Iter 215/610 took 3.23 seconds
Iter 216/610 took 3.21 seconds
Iter 217/610 took 3.28 seconds
Iter 218/610 took 3.24 seconds
Iter 219/610 took 3.22 seconds
Iter 220/610 took 3.17 seconds
Iter 221/610 took 3.25 seconds
Iter 222/610 took 3.23 seconds
Iter 223/610 took 3.26 seconds
Iter 224/610 took 3.26 seconds
Iter 225/610 took 3.32 seconds
Iter 226/610 took 3.39 seconds
Iter 227/610 took 3.32 seconds
Iter 228/610 took 3.28 seconds
Iter 229/610 took 3.30 seconds
Iter 230/610 took 3.08 seconds
Iter 231/610 took 3.07 seconds
Iter 232/610 took 3.16 seconds
Iter 233/610 took 3.19 seconds
Iter 234/610 took 3.28 seconds
Iter 235/610 took 3.39 seconds
Iter 236/610 took 3.43 seconds
Iter 237/610 took 3.25 seconds
Iter 238/610 took 3.21 seconds
Iter 239/610 took 3.15 seconds
Iter 240/610 took 3.14 seconds
Iter 241/610 took 3.06 seconds
Iter 242/610 took 3.07 seconds
Iter 243/610 took 3.17 seconds
Iter 244/610 took 3.19 seconds
Iter 245/610 took 3.17 seconds
Iter 246/610 took 3.14 seconds
Iter 247/610 took 3.22 seconds
Iter 248/610 took 3.32 seconds
Iter 249/610 took 3.21 seconds
Iter 250/610 took 3.44 seconds
Iter 251/610 took 3.33 seconds
Iter 252/610 took 3.34 seconds
Iter 253/610 took 3.32 seconds
Iter 254/610 took 3.35 seconds
Iter 255/610 took 3.23 seconds
Iter 256/610 took 3.21 seconds
Iter 257/610 took 3.18 seconds
Iter 258/610 took 3.10 seconds
Iter 259/610 took 3.16 seconds
Iter 260/610 took 3.14 seconds
Iter 261/610 took 3.13 seconds
Iter 262/610 took 3.12 seconds
Iter 263/610 took 3.24 seconds
Iter 264/610 took 3.44 seconds
Iter 265/610 took 3.35 seconds
Iter 266/610 took 2.95 seconds
Iter 267/610 took 3.21 seconds
Iter 268/610 took 3.16 seconds
Iter 269/610 took 3.22 seconds
Iter 270/610 took 3.18 seconds
Iter 271/610 took 3.14 seconds
Iter 272/610 took 3.06 seconds
Iter 273/610 took 3.06 seconds
Iter 274/610 took 3.03 seconds
Iter 275/610 took 3.07 seconds
Iter 276/610 took 3.04 seconds
Iter 277/610 took 3.04 seconds
Iter 278/610 took 3.02 seconds
Iter 279/610 took 2.99 seconds
Iter 280/610 took 3.01 seconds
Iter 281/610 took 3.02 seconds
Iter 282/610 took 3.07 seconds
Iter 283/610 took 3.08 seconds
Iter 284/610 took 3.04 seconds
Iter 285/610 took 3.07 seconds
Iter 286/610 took 3.07 seconds
Iter 287/610 took 3.02 seconds
Iter 288/610 took 2.99 seconds
Iter 289/610 took 2.98 seconds
Iter 290/610 took 3.00 seconds
Iter 291/610 took 3.06 seconds
Iter 292/610 took 3.08 seconds
Iter 293/610 took 3.05 seconds
Iter 294/610 took 3.00 seconds
Iter 295/610 took 3.04 seconds
Iter 296/610 took 3.06 seconds
Iter 297/610 took 3.01 seconds
Iter 298/610 took 3.12 seconds
Iter 299/610 took 3.07 seconds
Iter 300/610 took 3.04 seconds
Iter 301/610 took 3.13 seconds
Iter 302/610 took 3.20 seconds
Iter 303/610 took 3.12 seconds
Iter 304/610 took 3.09 seconds
Iter 305/610 took 3.08 seconds
Iter 306/610 took 3.13 seconds
checkpoint saved to /home/aojili/lsy_drone_racing/lsy_drone_racing/control/checkpoints/level3_loop_081_structural_v24_v22_hybrid_aperture_corridor_obs_from_loop078_final_20m/level3_loop_081_structural_v24_v22_hybrid_aperture_corridor_obs_from_loop078_final_20m_step_010000000.ckpt at global_step=10027008
Iter 307/610 took 3.16 seconds
Iter 308/610 took 3.19 seconds
Iter 309/610 took 3.17 seconds
Iter 310/610 took 3.19 seconds
Iter 311/610 took 3.15 seconds
Iter 312/610 took 3.16 seconds
Iter 313/610 took 3.14 seconds
Iter 314/610 took 3.15 seconds
Iter 315/610 took 3.16 seconds
Iter 316/610 took 3.26 seconds
Iter 317/610 took 3.20 seconds
Iter 318/610 took 3.17 seconds
Iter 319/610 took 3.11 seconds
Iter 320/610 took 3.11 seconds
Iter 321/610 took 3.12 seconds
Iter 322/610 took 3.11 seconds
Iter 323/610 took 3.13 seconds
Iter 324/610 took 3.10 seconds
Iter 325/610 took 3.05 seconds
Iter 326/610 took 3.07 seconds
Iter 327/610 took 3.11 seconds
Iter 328/610 took 3.11 seconds
Iter 329/610 took 3.10 seconds
Iter 330/610 took 3.08 seconds
Iter 331/610 took 3.15 seconds
Iter 332/610 took 3.09 seconds
Iter 333/610 took 3.12 seconds
Iter 334/610 took 3.09 seconds
Iter 335/610 took 3.03 seconds
Iter 336/610 took 3.14 seconds
Iter 337/610 took 3.15 seconds
Iter 338/610 took 3.00 seconds
Iter 339/610 took 3.01 seconds
Iter 340/610 took 3.06 seconds
Iter 341/610 took 3.03 seconds
Iter 342/610 took 3.06 seconds
Iter 343/610 took 3.05 seconds
Iter 344/610 took 3.09 seconds
Iter 345/610 took 3.09 seconds
Iter 346/610 took 3.10 seconds
Iter 347/610 took 3.33 seconds
Iter 348/610 took 3.29 seconds
Iter 349/610 took 3.10 seconds
Iter 350/610 took 3.10 seconds
Iter 351/610 took 3.15 seconds
Iter 352/610 took 3.15 seconds
Iter 353/610 took 3.11 seconds
Iter 354/610 took 3.16 seconds
Iter 355/610 took 3.20 seconds
Iter 356/610 took 3.35 seconds
Iter 357/610 took 3.30 seconds
Iter 358/610 took 3.30 seconds
Iter 359/610 took 3.22 seconds
Iter 360/610 took 3.38 seconds
Iter 361/610 took 3.46 seconds
Iter 362/610 took 3.37 seconds
Iter 363/610 took 3.46 seconds
Iter 364/610 took 3.37 seconds
Iter 365/610 took 3.31 seconds
Iter 366/610 took 3.28 seconds
Iter 367/610 took 3.13 seconds
Iter 368/610 took 3.14 seconds
Iter 369/610 took 3.05 seconds
Iter 370/610 took 3.00 seconds
Iter 371/610 took 3.01 seconds
Iter 372/610 took 2.99 seconds
Iter 373/610 took 2.98 seconds
Iter 374/610 took 3.08 seconds
Iter 375/610 took 3.07 seconds
Iter 376/610 took 3.08 seconds
Iter 377/610 took 3.09 seconds
Iter 378/610 took 3.11 seconds
Iter 379/610 took 3.10 seconds
Iter 380/610 took 3.08 seconds
Iter 381/610 took 3.05 seconds
Iter 382/610 took 3.09 seconds
Iter 383/610 took 3.09 seconds
Iter 384/610 took 3.13 seconds
Iter 385/610 took 3.08 seconds
Iter 386/610 took 3.02 seconds
Iter 387/610 took 3.04 seconds
Iter 388/610 took 3.08 seconds
Iter 389/610 took 3.07 seconds
Iter 390/610 took 3.03 seconds
Iter 391/610 took 3.08 seconds
Iter 392/610 took 3.14 seconds
Iter 393/610 took 3.08 seconds
Iter 394/610 took 3.22 seconds
Iter 395/610 took 3.25 seconds
Iter 396/610 took 3.26 seconds
Iter 397/610 took 3.32 seconds
Iter 398/610 took 3.28 seconds
Iter 399/610 took 3.31 seconds
Iter 400/610 took 3.26 seconds
Iter 401/610 took 3.31 seconds
Iter 402/610 took 3.34 seconds
Iter 403/610 took 3.50 seconds
Iter 404/610 took 3.39 seconds
Iter 405/610 took 3.34 seconds
Iter 406/610 took 3.16 seconds
Iter 407/610 took 3.19 seconds
Iter 408/610 took 3.29 seconds
Iter 409/610 took 3.26 seconds
Iter 410/610 took 3.25 seconds
Iter 411/610 took 3.43 seconds
Iter 412/610 took 3.35 seconds
Iter 413/610 took 3.20 seconds
Iter 414/610 took 3.10 seconds
Iter 415/610 took 3.05 seconds
Iter 416/610 took 3.12 seconds
Iter 417/610 took 3.20 seconds
Iter 418/610 took 3.25 seconds
Iter 419/610 took 3.30 seconds
Iter 420/610 took 3.33 seconds
Iter 421/610 took 3.14 seconds
Iter 422/610 took 3.20 seconds
Iter 423/610 took 3.10 seconds
Iter 424/610 took 3.24 seconds
Iter 425/610 took 3.13 seconds
Iter 426/610 took 3.11 seconds
Iter 427/610 took 3.17 seconds
Iter 428/610 took 3.13 seconds
Iter 429/610 took 2.99 seconds
Iter 430/610 took 3.03 seconds
Iter 431/610 took 3.09 seconds
Iter 432/610 took 3.09 seconds
Iter 433/610 took 3.08 seconds
Iter 434/610 took 3.06 seconds
Iter 435/610 took 3.08 seconds
Iter 436/610 took 3.08 seconds
Iter 437/610 took 3.11 seconds
Iter 438/610 took 3.07 seconds
Iter 439/610 took 3.04 seconds
Iter 440/610 took 3.09 seconds
Iter 441/610 took 3.09 seconds
Iter 442/610 took 3.08 seconds
Iter 443/610 took 3.07 seconds
Iter 444/610 took 3.10 seconds
Iter 445/610 took 3.11 seconds
Iter 446/610 took 3.17 seconds
Iter 447/610 took 3.20 seconds
Iter 448/610 took 3.20 seconds
Iter 449/610 took 3.08 seconds
Iter 450/610 took 3.11 seconds
Iter 451/610 took 3.11 seconds
Iter 452/610 took 3.07 seconds
Iter 453/610 took 3.12 seconds
Iter 454/610 took 3.03 seconds
Iter 455/610 took 3.16 seconds
Iter 456/610 took 3.06 seconds
Iter 457/610 took 3.15 seconds
Iter 458/610 took 3.05 seconds
checkpoint saved to /home/aojili/lsy_drone_racing/lsy_drone_racing/control/checkpoints/level3_loop_081_structural_v24_v22_hybrid_aperture_corridor_obs_from_loop078_final_20m/level3_loop_081_structural_v24_v22_hybrid_aperture_corridor_obs_from_loop078_final_20m_step_015000000.ckpt at global_step=15007744
Iter 459/610 took 3.16 seconds
Iter 460/610 took 3.10 seconds
Iter 461/610 took 3.15 seconds
Iter 462/610 took 3.18 seconds
Iter 463/610 took 3.18 seconds
Iter 464/610 took 3.13 seconds
Iter 465/610 took 3.17 seconds
Iter 466/610 took 3.13 seconds
Iter 467/610 took 3.07 seconds
Iter 468/610 took 3.12 seconds
Iter 469/610 took 3.16 seconds
Iter 470/610 took 3.28 seconds
Iter 471/610 took 3.31 seconds
Iter 472/610 took 3.15 seconds
Iter 473/610 took 3.15 seconds
Iter 474/610 took 2.98 seconds
Iter 475/610 took 3.05 seconds
Iter 476/610 took 3.04 seconds
Iter 477/610 took 3.07 seconds
Iter 478/610 took 3.01 seconds
Iter 479/610 took 3.28 seconds
Iter 480/610 took 3.31 seconds
Iter 481/610 took 3.33 seconds
Iter 482/610 took 3.34 seconds
Iter 483/610 took 3.41 seconds
Iter 484/610 took 3.35 seconds
Iter 485/610 took 3.33 seconds
Iter 486/610 took 3.36 seconds
Iter 487/610 took 3.31 seconds
Iter 488/610 took 3.23 secondswandb: updating run metadata
wandb: uploading history steps 19381-19509, summary, console lines 613-619
wandb: 
wandb: Run history:
wandb:                charts/SPS 鈻佲杹鈻佲杺鈻傗杺鈻傗杺鈻冣杻鈻勨杽鈻勨杽鈻勨枀鈻勨枀鈻呪枀鈻呪枀鈻呪枂鈻嗏枂鈻嗏枃鈻嗏枂鈻団枃鈻団枃鈻団枃鈻堚枃鈻堚枅
wandb:      charts/learning_rate 鈻佲杹鈻佲杹鈻佲杹鈻佲杹鈻佲杹鈻佲杹鈻佲杹鈻佲杹鈻佲杹鈻佲杹鈻佲杹鈻佲杹鈻佲杹鈻佲杹鈻佲杹鈻佲杹鈻佲杹鈻佲杹鈻佲杹鈻佲杹
wandb:               global_step 鈻佲杹鈻佲杺鈻傗杺鈻傗杻鈻冣杻鈻冣杻鈻冣杽鈻勨杽鈻勨杽鈻勨杽鈻呪枀鈻呪枀鈻呪枀鈻呪枀鈻呪枂鈻団枃鈻団枃鈻団枃鈻団枅鈻堚枅
wandb:          losses/approx_kl 鈻団杽鈻勨枀鈻勨枂鈻呪枂鈻団枅鈻冣杽鈻呪杹鈻傗枂鈻嗏杽鈻勨枃鈻呪杽鈻呪杽鈻冣杻鈻勨枂鈻呪杽鈻呪枀鈻勨杺鈻勨枀鈻冣枀鈻傗枀
wandb:           losses/clipfrac 鈻勨杺鈻呪枅鈻勨杽鈻傗枀鈻勨枃鈻冣枃鈻嗏枂鈻堚杽鈻冣杹鈻勨枀鈻傗杽鈻嗏枀鈻呪枃鈻団杻鈻冣枀鈻呪杻鈻嗏枂鈻団杽鈻堚枃鈻呪杻
wandb:            losses/entropy 鈻佲杺鈻傗杺鈻傗杺鈻冣杻鈻冣杻鈻冣杻鈻冣杻鈻冣杽鈻勨杽鈻勨杽鈻勨杽鈻勨枀鈻呪枀鈻呪枂鈻嗏枂鈻嗏枂鈻団枃鈻団枃鈻団枅鈻堚枅
wandb: losses/explained_variance 鈻勨杻鈻勨杽鈻呪杹鈻勨杺鈻勨枀鈻勨杻鈻勨枂鈻冣枃鈻団枀鈻勨枀鈻勨枀鈻嗏杺鈻勨杽鈻冣枀鈻呪枂鈻傗杽鈻呪枃鈻勨枀鈻堚枂鈻呪枃
wandb:      losses/old_approx_kl 鈻嗏杽鈻呪枂鈻傗杹鈻傗枅鈻団杻鈻勨枀鈻冣杽鈻呪杹鈻嗏杻鈻嗏枃鈻冣枂鈻呪杺鈻団枀鈻呪杺鈻呪杺鈻佲枂鈻冣杺鈻団枀鈻傗杽鈻勨杽
wandb:        losses/policy_loss 鈻嗏枀鈻冣杺鈻団杹鈻堚杺鈻冣杽鈻嗏杽鈻嗏杽鈻堚杻鈻勨杽鈻呪枀鈻勨枂鈻堚杻鈻団枀鈻傗杽鈻団枅鈻呪杽鈻冣杽鈻冣杽鈻勨杽鈻嗏杽
wandb:         losses/value_loss 鈻冣杺鈻呪杽鈻呪杽鈻勨枀鈻冣杺鈻呪枀鈻勨枂鈻傗杻鈻冣杹鈻呪杺鈻嗏枃鈻冣枀鈻冣杽鈻嗏杹鈻呪杽鈻冣杺鈻勨枅鈻冣杽鈻傗杺鈻勨杻
wandb:                       +48 ...
wandb: 
wandb: Run summary:
wandb:                charts/SPS 6388891
wandb:      charts/learning_rate 5e-05
wandb:               global_step 19988480
wandb:          losses/approx_kl 0.00412
wandb:           losses/clipfrac 0.01026
wandb:            losses/entropy 7.40713
wandb: losses/explained_variance 0.78671
wandb:      losses/old_approx_kl 0.00371
wandb:        losses/policy_loss -0.00298
wandb:         losses/value_loss 199.55345
wandb:                       +48 ...
wandb: 
wandb: 馃殌 View run level3_loop_081_structural_v24_v22_hybrid_aperture_corridor_obs_from_loop078_final_20m at: https://wandb.ai/aojili77-technical-university-of-munich/ADR-PPO-Racing-Level3/runs/level3_loop_081_structural_v24_v22_hybrid_aperture_corridor_obs_from_loop078_final_20m
wandb: 猸愶笍 View project at: https://wandb.ai/aojili77-technical-university-of-munich/ADR-PPO-Racing-Level3
wandb: Synced 5 W&B file(s), 0 media file(s), 0 artifact file(s) and 0 other file(s)
wandb: Find logs at: ./wandb/run-20260622_064342-level3_loop_081_structural_v24_v22_hybrid_aperture_corridor_obs_from_loop078_final_20m/logs

Iter 489/610 took 3.25 seconds
Iter 490/610 took 3.22 seconds
Iter 491/610 took 3.22 seconds
Iter 492/610 took 3.25 seconds
Iter 493/610 took 3.26 seconds
Iter 494/610 took 3.34 seconds
Iter 495/610 took 3.22 seconds
Iter 496/610 took 3.06 seconds
Iter 497/610 took 3.07 seconds
Iter 498/610 took 3.04 seconds
Iter 499/610 took 3.09 seconds
Iter 500/610 took 3.05 seconds
Iter 501/610 took 3.01 seconds
Iter 502/610 took 3.03 seconds
Iter 503/610 took 3.06 seconds
Iter 504/610 took 3.08 seconds
Iter 505/610 took 3.01 seconds
Iter 506/610 took 2.95 seconds
Iter 507/610 took 3.05 seconds
Iter 508/610 took 3.06 seconds
Iter 509/610 took 3.08 seconds
Iter 510/610 took 3.12 seconds
Iter 511/610 took 3.07 seconds
Iter 512/610 took 3.06 seconds
Iter 513/610 took 3.04 seconds
Iter 514/610 took 3.05 seconds
Iter 515/610 took 3.10 seconds
Iter 516/610 took 3.07 seconds
Iter 517/610 took 3.09 seconds
Iter 518/610 took 3.10 seconds
Iter 519/610 took 3.17 seconds
Iter 520/610 took 3.22 seconds
Iter 521/610 took 3.21 seconds
Iter 522/610 took 3.15 seconds
Iter 523/610 took 3.14 seconds
Iter 524/610 took 3.15 seconds
Iter 525/610 took 3.14 seconds
Iter 526/610 took 3.13 seconds
Iter 527/610 took 3.09 seconds
Iter 528/610 took 3.05 seconds
Iter 529/610 took 3.09 seconds
Iter 530/610 took 3.00 seconds
Iter 531/610 took 2.99 seconds
Iter 532/610 took 3.01 seconds
Iter 533/610 took 3.08 seconds
Iter 534/610 took 3.09 seconds
Iter 535/610 took 3.12 seconds
Iter 536/610 took 3.11 seconds
Iter 537/610 took 3.10 seconds
Iter 538/610 took 3.18 seconds
Iter 539/610 took 3.16 seconds
Iter 540/610 took 3.02 seconds
Iter 541/610 took 3.02 seconds
Iter 542/610 took 3.11 seconds
Iter 543/610 took 3.04 seconds
Iter 544/610 took 3.04 seconds
Iter 545/610 took 3.05 seconds
Iter 546/610 took 3.08 seconds
Iter 547/610 took 3.06 seconds
Iter 548/610 took 3.12 seconds
Iter 549/610 took 3.19 seconds
Iter 550/610 took 3.12 seconds
Iter 551/610 took 3.13 seconds
Iter 552/610 took 3.11 seconds
Iter 553/610 took 3.01 seconds
Iter 554/610 took 3.04 seconds
Iter 555/610 took 3.01 seconds
Iter 556/610 took 2.99 seconds
Iter 557/610 took 2.99 seconds
Iter 558/610 took 3.03 seconds
Iter 559/610 took 3.06 seconds
Iter 560/610 took 3.09 seconds
Iter 561/610 took 3.18 seconds
Iter 562/610 took 3.14 seconds
Iter 563/610 took 3.16 seconds
Iter 564/610 took 3.03 seconds
Iter 565/610 took 3.14 seconds
Iter 566/610 took 3.22 seconds
Iter 567/610 took 3.08 seconds
Iter 568/610 took 3.34 seconds
Iter 569/610 took 3.16 seconds
Iter 570/610 took 3.17 seconds
Iter 571/610 took 3.18 seconds
Iter 572/610 took 3.25 seconds
Iter 573/610 took 3.16 seconds
Iter 574/610 took 3.25 seconds
Iter 575/610 took 3.19 seconds
Iter 576/610 took 3.10 seconds
Iter 577/610 took 3.21 seconds
Iter 578/610 took 3.12 seconds
Iter 579/610 took 3.17 seconds
Iter 580/610 took 3.18 seconds
Iter 581/610 took 3.15 seconds
Iter 582/610 took 3.19 seconds
Iter 583/610 took 3.12 seconds
Iter 584/610 took 3.22 seconds
Iter 585/610 took 3.32 seconds
Iter 586/610 took 3.21 seconds
Iter 587/610 took 3.09 seconds
Iter 588/610 took 3.16 seconds
Iter 589/610 took 3.14 seconds
Iter 590/610 took 3.17 seconds
Iter 591/610 took 3.08 seconds
Iter 592/610 took 3.06 seconds
Iter 593/610 took 3.04 seconds
Iter 594/610 took 3.14 seconds
Iter 595/610 took 3.12 seconds
Iter 596/610 took 3.12 seconds
Iter 597/610 took 3.08 seconds
Iter 598/610 took 2.99 seconds
Iter 599/610 took 3.03 seconds
Iter 600/610 took 3.09 seconds
Iter 601/610 took 3.10 seconds
Iter 602/610 took 3.13 seconds
Iter 603/610 took 3.15 seconds
Iter 604/610 took 3.15 seconds
Iter 605/610 took 3.18 seconds
Iter 606/610 took 3.19 seconds
Iter 607/610 took 3.18 seconds
Iter 608/610 took 3.24 seconds
Iter 609/610 took 3.08 seconds
Iter 610/610 took 3.13 seconds
Training for 19988480 steps took 1932.70 seconds.
model saved to /home/aojili/lsy_drone_racing/lsy_drone_racing/control/checkpoints/level3_loop_081_structural_v24_v22_hybrid_aperture_corridor_obs_from_loop078_final_20m/level3_loop_081_structural_v24_v22_hybrid_aperture_corridor_obs_from_loop078_final_20m_final.ckpt
