$ /home/aojili/lsy_drone_racing/.pixi/envs/gpu/bin/python /home/aojili/lsy_drone_racing/lsy_drone_racing/control/train_CleanRL_ppo_level3.py --config=level3_dr.toml --wandb_enabled=True --wandb_project_name=ADR-PPO-Racing-Level3 --wandb_mode=online --train=True --eval=0 --total_timesteps=60000000 --num_envs=1024 --num_steps=32 --cuda=True --jax_device=gpu --model_name=checkpoints/level3_loop_026_v5_loop020_completion_backloaded_maturation_60m/level3_loop_026_v5_loop020_completion_backloaded_maturation_60m_final.ckpt --checkpoint_dir=/home/aojili/lsy_drone_racing/lsy_drone_racing/control/checkpoints/level3_loop_026_v5_loop020_completion_backloaded_maturation_60m --checkpoint_interval=5000000 --observation_layout=level3_target_gate_nearest_gate_2obs_local_history_v5 --wandb_entity=aojili77-technical-university-of-munich --wandb_run_name=level3_loop_026_v5_loop020_completion_backloaded_maturation_60m --wandb_run_id=level3_loop_026_v5_loop020_completion_backloaded_maturation_60m --initial_model_name=/home/aojili/lsy_drone_racing/lsy_drone_racing/control/checkpoints/level3_loop_020_v5_completion_backloaded_from_loop019_15m/level3_loop_020_v5_completion_backloaded_from_loop019_15m_step_025000000.ckpt --learning_rate=0.0003 --gamma=0.99 --gae_lambda=0.95 --update_epochs=5 --num_minibatches=8 --ent_coef=0.02 --target_kl=0.03 --hidden_dim=256 --n_obs=2 --action_rp_limit_deg=90.0 --action_lowpass_alpha=1.0 --progress_coef=0.0 --gate_stage_coef=9.0 --gate_axis_coef=22.0 --near_gate_coef=0.0 --gate_bonus=180.0 --gate_front_bonus=22.0 --gate_plane_bonus=0.0 --gate_back_bonus=95.0 --finish_bonus=300.0 --missed_gate_penalty=0.0 --wrong_side_penalty=14.0 --crash_penalty=50.0 --obstacle_coef=4.5 --obstacle_margin=0.3 --obstacle_clearance_coef=0.0 --timeout_penalty=80.0 --time_penalty=0.005 --act_coef=0.012 --d_act_th_coef=0.055 --d_act_xy_coef=0.055 --cmd_tilt_coef=0.75 --rpy_coef=0.65 --tilt_limit_deg=42.0 --tilt_excess_coef=10.0

W0620 06:25:34.062697 2348101 cuda_executor.cc:1802] GPU interconnect information not available: INTERNAL: NVML doesn't support extracting fabric info or NVLink is not used by the device.
W0620 06:25:34.065244 2348024 cuda_executor.cc:1802] GPU interconnect information not available: INTERNAL: NVML doesn't support extracting fabric info or NVLink is not used by the device.
wandb: [wandb.login()] Loaded credentials for https://api.wandb.ai from /home/aojili/.netrc.
wandb: Currently logged in as: aojili77 (aojili77-technical-university-of-munich) to https://api.wandb.ai. Use `wandb login --relogin` to force relogin
wandb: setting up run level3_loop_026_v5_loop020_completion_backloaded_maturation_60m
wandb: Tracking run with wandb version 0.25.1
wandb: Run data is saved locally in /home/aojili/lsy_drone_racing/wandb/run-20260620_062538-level3_loop_026_v5_loop020_completion_backloaded_maturation_60m
wandb: Run `wandb offline` to turn off syncing.
wandb: Syncing run level3_loop_026_v5_loop020_completion_backloaded_maturation_60m
wandb: ⭐️ View project at https://wandb.ai/aojili77-technical-university-of-munich/ADR-PPO-Racing-Level3
wandb: 🚀 View run at https://wandb.ai/aojili77-technical-university-of-munich/ADR-PPO-Racing-Level3/runs/level3_loop_026_v5_loop020_completion_backloaded_maturation_60m
/home/aojili/lsy_drone_racing/.pixi/envs/gpu/lib/python3.13/site-packages/jax/_src/abstract_arrays.py:135: RuntimeWarning: overflow encountered in cast
  return literals.TypedNdArray(np.asarray(x, dtype), weak_type=False)
Training on device: cuda | Environment device: gpu
initialized agent weights from /home/aojili/lsy_drone_racing/lsy_drone_racing/control/checkpoints/level3_loop_020_v5_completion_backloaded_from_loop019_15m/level3_loop_020_v5_completion_backloaded_from_loop019_15m_step_025000000.ckpt; optimizer starts fresh
Iter 1/1831 took 14.92 seconds
Iter 2/1831 took 2.70 seconds
Iter 3/1831 took 2.64 seconds
Iter 4/1831 took 2.58 seconds
Iter 5/1831 took 2.57 seconds
Iter 6/1831 took 2.63 seconds
Iter 7/1831 took 2.56 seconds
Iter 8/1831 took 2.61 seconds
Iter 9/1831 took 2.62 seconds
Iter 10/1831 took 2.63 seconds
Iter 11/1831 took 2.57 seconds
Iter 12/1831 took 2.64 seconds
Iter 13/1831 took 2.60 seconds
Iter 14/1831 took 2.57 seconds
Iter 15/1831 took 2.56 seconds
Iter 16/1831 took 2.66 seconds
Iter 17/1831 took 2.64 seconds
Iter 18/1831 took 2.65 seconds
Iter 19/1831 took 2.72 seconds
Iter 20/1831 took 2.72 seconds
Iter 21/1831 took 2.77 seconds
Iter 22/1831 took 2.67 seconds
Iter 23/1831 took 2.76 seconds
Iter 24/1831 took 2.60 seconds
Iter 25/1831 took 2.64 seconds
Iter 26/1831 took 2.67 seconds
Iter 27/1831 took 2.68 seconds
Iter 28/1831 took 2.79 seconds
Iter 29/1831 took 2.73 seconds
Iter 30/1831 took 2.82 seconds
Iter 31/1831 took 2.73 seconds
Iter 32/1831 took 2.65 seconds
Iter 33/1831 took 2.70 seconds
Iter 34/1831 took 2.71 seconds
Iter 35/1831 took 2.69 seconds
Iter 36/1831 took 2.68 seconds
Iter 37/1831 took 2.63 seconds
Iter 38/1831 took 2.62 seconds
Iter 39/1831 took 2.69 seconds
Iter 40/1831 took 2.64 seconds
Iter 41/1831 took 2.62 seconds
Iter 42/1831 took 2.70 seconds
Iter 43/1831 took 2.68 seconds
Iter 44/1831 took 2.67 seconds
Iter 45/1831 took 2.64 seconds
Iter 46/1831 took 2.64 seconds
Iter 47/1831 took 2.66 seconds
Iter 48/1831 took 2.69 seconds
Iter 49/1831 took 2.72 seconds
Iter 50/1831 took 2.60 seconds
Iter 51/1831 took 2.68 seconds
Iter 52/1831 took 2.63 seconds
Iter 53/1831 took 2.61 seconds
Iter 54/1831 took 2.62 seconds
Iter 55/1831 took 2.67 seconds
Iter 56/1831 took 2.66 seconds
Iter 57/1831 took 2.69 seconds
Iter 58/1831 took 2.73 seconds
Iter 59/1831 took 2.69 seconds
Iter 60/1831 took 2.62 seconds
Iter 61/1831 took 2.62 seconds
Iter 62/1831 took 2.63 seconds
Iter 63/1831 took 2.69 seconds
Iter 64/1831 took 2.81 seconds
Iter 65/1831 took 2.75 seconds
Iter 66/1831 took 2.65 seconds
Iter 67/1831 took 2.62 seconds
Iter 68/1831 took 2.58 seconds
Iter 69/1831 took 2.62 seconds
Iter 70/1831 took 2.59 seconds
Iter 71/1831 took 2.61 seconds
Iter 72/1831 took 2.62 seconds
Iter 73/1831 took 2.66 seconds
Iter 74/1831 took 2.71 seconds
Iter 75/1831 took 2.67 seconds
Iter 76/1831 took 2.63 seconds
Iter 77/1831 took 2.69 seconds
Iter 78/1831 took 2.70 seconds
Iter 79/1831 took 2.65 seconds
Iter 80/1831 took 2.67 seconds
Iter 81/1831 took 2.62 seconds
Iter 82/1831 took 2.63 seconds
Iter 83/1831 took 2.68 seconds
Iter 84/1831 took 2.68 seconds
Iter 85/1831 took 2.69 seconds
Iter 86/1831 took 2.66 seconds
Iter 87/1831 took 2.63 seconds
Iter 88/1831 took 2.61 seconds
Iter 89/1831 took 2.63 seconds
Iter 90/1831 took 2.62 seconds
Iter 91/1831 took 2.62 seconds
Iter 92/1831 took 2.67 seconds
Iter 93/1831 took 2.62 seconds
Iter 94/1831 took 2.68 seconds
Iter 95/1831 took 2.68 seconds
Iter 96/1831 took 2.69 seconds
Iter 97/1831 took 2.72 seconds
Iter 98/1831 took 2.69 seconds
Iter 99/1831 took 2.66 seconds
Iter 100/1831 took 2.65 seconds
Iter 101/1831 took 2.69 seconds
Iter 102/1831 took 2.67 seconds
Iter 103/1831 took 2.71 seconds
Iter 104/1831 took 2.61 seconds
Iter 105/1831 took 2.58 seconds
Iter 106/1831 took 2.66 seconds
Iter 107/1831 took 2.65 seconds
Iter 108/1831 took 2.63 seconds
Iter 109/1831 took 2.62 seconds
Iter 110/1831 took 2.57 seconds
Iter 111/1831 took 2.62 seconds
Iter 112/1831 took 2.63 seconds
Iter 113/1831 took 2.68 seconds
Iter 114/1831 took 2.67 seconds
Iter 115/1831 took 2.64 seconds
Iter 116/1831 took 2.61 seconds
Iter 117/1831 took 2.63 seconds
Iter 118/1831 took 2.64 seconds
Iter 119/1831 took 2.72 seconds
Iter 120/1831 took 2.83 seconds
Iter 121/1831 took 2.83 seconds
Iter 122/1831 took 2.92 seconds
Iter 123/1831 took 2.71 seconds
Iter 124/1831 took 2.81 seconds
Iter 125/1831 took 2.84 seconds
Iter 126/1831 took 2.73 seconds
Iter 127/1831 took 2.73 seconds
Iter 128/1831 took 2.68 seconds
Iter 129/1831 took 2.70 seconds
Iter 130/1831 took 2.77 seconds
Iter 131/1831 took 2.76 seconds
Iter 132/1831 took 2.74 seconds
Iter 133/1831 took 2.77 seconds
Iter 134/1831 took 2.69 seconds
Iter 135/1831 took 2.68 seconds
Iter 136/1831 took 2.66 seconds
Iter 137/1831 took 2.69 seconds
Iter 138/1831 took 2.69 seconds
Iter 139/1831 took 2.67 seconds
Iter 140/1831 took 2.65 seconds
Iter 141/1831 took 2.70 seconds
Iter 142/1831 took 2.69 seconds
Iter 143/1831 took 2.66 seconds
Iter 144/1831 took 2.67 seconds
Iter 145/1831 took 2.65 seconds
Iter 146/1831 took 2.72 seconds
Iter 147/1831 took 2.83 seconds
Iter 148/1831 took 2.76 seconds
Iter 149/1831 took 2.84 seconds
Iter 150/1831 took 2.69 seconds
Iter 151/1831 took 2.60 seconds
Iter 152/1831 took 2.62 seconds
Iter 153/1831 took 2.62 seconds
checkpoint saved to /home/aojili/lsy_drone_racing/lsy_drone_racing/control/checkpoints/level3_loop_026_v5_loop020_completion_backloaded_maturation_60m/level3_loop_026_v5_loop020_completion_backloaded_maturation_60m_step_005000000.ckpt at global_step=5013504
Iter 154/1831 took 2.69 seconds
Iter 155/1831 took 2.70 seconds
Iter 156/1831 took 2.66 seconds
Iter 157/1831 took 2.66 seconds
Iter 158/1831 took 2.64 seconds
Iter 159/1831 took 2.65 seconds
Iter 160/1831 took 2.68 seconds
Iter 161/1831 took 2.65 seconds
Iter 162/1831 took 2.68 seconds
Iter 163/1831 took 2.66 seconds
Iter 164/1831 took 2.75 seconds
Iter 165/1831 took 2.69 seconds
Iter 166/1831 took 2.74 seconds
Iter 167/1831 took 2.76 seconds
Iter 168/1831 took 2.74 seconds
Iter 169/1831 took 2.79 seconds
Iter 170/1831 took 2.73 seconds
Iter 171/1831 took 2.73 seconds
Iter 172/1831 took 2.62 seconds
Iter 173/1831 took 2.69 seconds
Iter 174/1831 took 2.68 seconds
Iter 175/1831 took 2.68 seconds
Iter 176/1831 took 2.79 seconds
Iter 177/1831 took 2.73 seconds
Iter 178/1831 took 2.68 seconds
Iter 179/1831 took 2.68 seconds
Iter 180/1831 took 2.69 seconds
Iter 181/1831 took 2.66 seconds
Iter 182/1831 took 2.74 seconds
Iter 183/1831 took 2.69 seconds
Iter 184/1831 took 2.63 seconds
Iter 185/1831 took 2.68 seconds
Iter 186/1831 took 2.69 seconds
Iter 187/1831 took 2.64 seconds
Iter 188/1831 took 2.70 seconds
Iter 189/1831 took 2.66 seconds
Iter 190/1831 took 2.69 seconds
Iter 191/1831 took 2.70 seconds
Iter 192/1831 took 2.64 seconds
Iter 193/1831 took 2.72 seconds
Iter 194/1831 took 2.76 seconds
Iter 195/1831 took 2.79 seconds
Iter 196/1831 took 2.71 seconds
Iter 197/1831 took 2.69 seconds
Iter 198/1831 took 2.71 seconds
Iter 199/1831 took 2.67 seconds
Iter 200/1831 took 2.71 seconds
Iter 201/1831 took 2.73 seconds
Iter 202/1831 took 2.65 seconds
Iter 203/1831 took 2.67 seconds
Iter 204/1831 took 2.70 seconds
Iter 205/1831 took 2.72 seconds
Iter 206/1831 took 2.75 seconds
Iter 207/1831 took 2.67 seconds
Iter 208/1831 took 2.62 seconds
Iter 209/1831 took 2.68 seconds
Iter 210/1831 took 2.74 seconds
Iter 211/1831 took 2.74 seconds
Iter 212/1831 took 2.71 seconds
Iter 213/1831 took 2.66 seconds
Iter 214/1831 took 2.64 seconds
Iter 215/1831 took 2.66 seconds
Iter 216/1831 took 2.70 seconds
Iter 217/1831 took 2.69 seconds
Iter 218/1831 took 2.72 seconds
Iter 219/1831 took 2.68 seconds
Iter 220/1831 took 2.64 seconds
Iter 221/1831 took 2.65 seconds
Iter 222/1831 took 2.70 seconds
Iter 223/1831 took 2.73 seconds
Iter 224/1831 took 2.77 seconds
Iter 225/1831 took 2.71 seconds
Iter 226/1831 took 2.92 seconds
Iter 227/1831 took 2.74 seconds
Iter 228/1831 took 2.92 seconds
Iter 229/1831 took 2.75 seconds
Iter 230/1831 took 2.72 seconds
Iter 231/1831 took 2.76 seconds
Iter 232/1831 took 2.72 seconds
Iter 233/1831 took 2.76 seconds
Iter 234/1831 took 2.78 seconds
Iter 235/1831 took 2.69 seconds
Iter 236/1831 took 2.84 seconds
Iter 237/1831 took 2.82 seconds
Iter 238/1831 took 2.83 seconds
Iter 239/1831 took 2.75 seconds
Iter 240/1831 took 2.87 seconds
Iter 241/1831 took 2.75 seconds
Iter 242/1831 took 2.80 seconds
Iter 243/1831 took 2.69 seconds
Iter 244/1831 took 2.73 seconds
Iter 245/1831 took 2.84 seconds
Iter 246/1831 took 2.76 seconds
Iter 247/1831 took 2.84 seconds
Iter 248/1831 took 2.83 seconds
Iter 249/1831 took 2.69 seconds
Iter 250/1831 took 2.71 seconds
Iter 251/1831 took 2.76 seconds
Iter 252/1831 took 2.79 seconds
Iter 253/1831 took 2.80 seconds
Iter 254/1831 took 2.71 seconds
Iter 255/1831 took 2.78 seconds
Iter 256/1831 took 2.73 seconds
Iter 257/1831 took 2.70 seconds
Iter 258/1831 took 2.69 seconds
Iter 259/1831 took 2.74 seconds
Iter 260/1831 took 2.69 seconds
Iter 261/1831 took 2.67 seconds
Iter 262/1831 took 2.72 seconds
Iter 263/1831 took 2.71 seconds
Iter 264/1831 took 2.69 seconds
Iter 265/1831 took 2.70 seconds
Iter 266/1831 took 2.72 seconds
Iter 267/1831 took 2.79 seconds
Iter 268/1831 took 2.66 seconds
Iter 269/1831 took 2.67 seconds
Iter 270/1831 took 2.74 seconds
Iter 271/1831 took 2.70 seconds
Iter 272/1831 took 2.75 seconds
Iter 273/1831 took 2.74 seconds
Iter 274/1831 took 2.80 seconds
Iter 275/1831 took 2.78 seconds
Iter 276/1831 took 2.78 seconds
Iter 277/1831 took 2.74 seconds
Iter 278/1831 took 2.71 seconds
Iter 279/1831 took 2.91 seconds
Iter 280/1831 took 2.89 seconds
Iter 281/1831 took 2.74 seconds
Iter 282/1831 took 2.69 seconds
Iter 283/1831 took 2.70 seconds
Iter 284/1831 took 2.79 seconds
Iter 285/1831 took 2.67 seconds
Iter 286/1831 took 2.81 seconds
Iter 287/1831 took 2.82 seconds
Iter 288/1831 took 2.75 seconds
Iter 289/1831 took 2.79 seconds
Iter 290/1831 took 2.80 seconds
Iter 291/1831 took 2.80 seconds
Iter 292/1831 took 2.84 seconds
Iter 293/1831 took 2.80 seconds
Iter 294/1831 took 2.79 seconds
Iter 295/1831 took 2.67 seconds
Iter 296/1831 took 2.64 seconds
Iter 297/1831 took 2.66 seconds
Iter 298/1831 took 2.67 seconds
Iter 299/1831 took 2.67 seconds
Iter 300/1831 took 2.70 seconds
Iter 301/1831 took 2.71 seconds
Iter 302/1831 took 2.74 seconds
Iter 303/1831 took 2.71 seconds
Iter 304/1831 took 2.68 seconds
Iter 305/1831 took 2.71 seconds
Iter 306/1831 took 2.72 seconds
checkpoint saved to /home/aojili/lsy_drone_racing/lsy_drone_racing/control/checkpoints/level3_loop_026_v5_loop020_completion_backloaded_maturation_60m/level3_loop_026_v5_loop020_completion_backloaded_maturation_60m_step_010000000.ckpt at global_step=10027008
Iter 307/1831 took 2.77 seconds
Iter 308/1831 took 2.70 seconds
Iter 309/1831 took 2.67 seconds
Iter 310/1831 took 2.72 seconds
Iter 311/1831 took 2.79 seconds
Iter 312/1831 took 2.74 seconds
Iter 313/1831 took 2.71 seconds
Iter 314/1831 took 2.69 seconds
Iter 315/1831 took 2.70 seconds
Iter 316/1831 took 2.68 seconds
Iter 317/1831 took 2.68 seconds
Iter 318/1831 took 2.65 seconds
Iter 319/1831 took 2.63 seconds
Iter 320/1831 took 2.66 seconds
Iter 321/1831 took 2.68 seconds
Iter 322/1831 took 2.67 seconds
Iter 323/1831 took 2.67 seconds
Iter 324/1831 took 2.70 seconds
Iter 325/1831 took 2.73 seconds
Iter 326/1831 took 2.66 seconds
Iter 327/1831 took 2.73 seconds
Iter 328/1831 took 2.67 seconds
Iter 329/1831 took 2.64 seconds
Iter 330/1831 took 2.66 seconds
Iter 331/1831 took 2.73 seconds
Iter 332/1831 took 2.77 seconds
Iter 333/1831 took 2.67 seconds
Iter 334/1831 took 2.65 seconds
Iter 335/1831 took 2.72 seconds
Iter 336/1831 took 2.69 seconds
Iter 337/1831 took 2.74 seconds
Iter 338/1831 took 2.69 seconds
Iter 339/1831 took 2.68 seconds
Iter 340/1831 took 2.71 seconds
Iter 341/1831 took 2.70 seconds
Iter 342/1831 took 2.71 seconds
Iter 343/1831 took 2.66 seconds
Iter 344/1831 took 2.59 seconds
Iter 345/1831 took 2.68 seconds
Iter 346/1831 took 2.66 seconds
Iter 347/1831 took 2.63 seconds
Iter 348/1831 took 2.58 seconds
Iter 349/1831 took 2.62 seconds
Iter 350/1831 took 2.60 seconds
Iter 351/1831 took 2.67 seconds
Iter 352/1831 took 2.70 seconds
Iter 353/1831 took 2.66 seconds
Iter 354/1831 took 2.64 seconds
Iter 355/1831 took 2.59 seconds
Iter 356/1831 took 2.63 seconds
Iter 357/1831 took 2.70 seconds
Iter 358/1831 took 2.69 seconds
Iter 359/1831 took 2.58 seconds
Iter 360/1831 took 2.56 seconds
Iter 361/1831 took 2.55 seconds
Iter 362/1831 took 2.59 seconds
Iter 363/1831 took 2.59 seconds
Iter 364/1831 took 2.62 seconds
Iter 365/1831 took 2.62 seconds
Iter 366/1831 took 2.62 seconds
Iter 367/1831 took 2.66 seconds
Iter 368/1831 took 2.69 seconds
Iter 369/1831 took 2.67 seconds
Iter 370/1831 took 2.66 seconds
Iter 371/1831 took 2.65 seconds
Iter 372/1831 took 2.64 seconds
Iter 373/1831 took 2.65 seconds
Iter 374/1831 took 2.66 seconds
Iter 375/1831 took 2.66 seconds
Iter 376/1831 took 2.63 seconds
Iter 377/1831 took 2.65 seconds
Iter 378/1831 took 2.70 seconds
Iter 379/1831 took 2.68 seconds
Iter 380/1831 took 2.70 seconds
Iter 381/1831 took 2.70 seconds
Iter 382/1831 took 2.68 seconds
Iter 383/1831 took 2.66 seconds
Iter 384/1831 took 2.68 seconds
Iter 385/1831 took 2.68 seconds
Iter 386/1831 took 2.68 seconds
Iter 387/1831 took 2.62 seconds
Iter 388/1831 took 2.64 seconds
Iter 389/1831 took 2.63 seconds
Iter 390/1831 took 2.70 seconds
Iter 391/1831 took 2.69 seconds
Iter 392/1831 took 2.72 seconds
Iter 393/1831 took 2.80 seconds
Iter 394/1831 took 2.76 seconds
Iter 395/1831 took 2.82 seconds
Iter 396/1831 took 2.88 seconds
Iter 397/1831 took 2.85 seconds
Iter 398/1831 took 2.91 seconds
Iter 399/1831 took 2.66 seconds
Iter 400/1831 took 2.73 seconds
Iter 401/1831 took 2.74 seconds
Iter 402/1831 took 2.89 seconds
Iter 403/1831 took 2.70 seconds
Iter 404/1831 took 2.81 seconds
Iter 405/1831 took 2.90 seconds
Iter 406/1831 took 2.68 seconds
Iter 407/1831 took 2.81 seconds
Iter 408/1831 took 2.89 seconds
Iter 409/1831 took 2.70 seconds
Iter 410/1831 took 2.71 seconds
Iter 411/1831 took 2.78 seconds
Iter 412/1831 took 2.73 seconds
Iter 413/1831 took 2.71 seconds
Iter 414/1831 took 2.73 seconds
Iter 415/1831 took 2.66 seconds
Iter 416/1831 took 2.74 seconds
Iter 417/1831 took 2.78 seconds
Iter 418/1831 took 2.69 seconds
Iter 419/1831 took 2.76 seconds
Iter 420/1831 took 2.76 seconds
Iter 421/1831 took 2.76 seconds
Iter 422/1831 took 2.74 seconds
Iter 423/1831 took 2.75 seconds
Iter 424/1831 took 2.72 seconds
Iter 425/1831 took 2.84 seconds
Iter 426/1831 took 2.83 seconds
Iter 427/1831 took 2.70 seconds
Iter 428/1831 took 2.60 seconds
Iter 429/1831 took 2.63 seconds
Iter 430/1831 took 2.60 seconds
Iter 431/1831 took 2.59 seconds
Iter 432/1831 took 2.64 seconds
Iter 433/1831 took 2.70 seconds
Iter 434/1831 took 2.73 seconds
Iter 435/1831 took 2.71 seconds
Iter 436/1831 took 2.71 seconds
Iter 437/1831 took 2.76 seconds
Iter 438/1831 took 2.71 seconds
Iter 439/1831 took 2.69 seconds
Iter 440/1831 took 2.84 seconds
Iter 441/1831 took 2.92 seconds
Iter 442/1831 took 2.95 seconds
Iter 443/1831 took 2.95 seconds
Iter 444/1831 took 2.94 seconds
Iter 445/1831 took 2.95 seconds
Iter 446/1831 took 2.97 seconds
Iter 447/1831 took 2.89 seconds
Iter 448/1831 took 2.87 seconds
Iter 449/1831 took 2.87 seconds
Iter 450/1831 took 2.84 seconds
Iter 451/1831 took 2.87 seconds
Iter 452/1831 took 2.79 seconds
Iter 453/1831 took 2.73 seconds
Iter 454/1831 took 2.76 seconds
Iter 455/1831 took 2.68 seconds
Iter 456/1831 took 2.76 seconds
Iter 457/1831 took 2.70 seconds
Iter 458/1831 took 2.74 seconds
checkpoint saved to /home/aojili/lsy_drone_racing/lsy_drone_racing/control/checkpoints/level3_loop_026_v5_loop020_completion_backloaded_maturation_60m/level3_loop_026_v5_loop020_completion_backloaded_maturation_60m_step_015000000.ckpt at global_step=15007744
Iter 459/1831 took 2.61 seconds
Iter 460/1831 took 2.62 seconds
Iter 461/1831 took 2.60 seconds
Iter 462/1831 took 2.64 seconds
Iter 463/1831 took 2.66 seconds
Iter 464/1831 took 2.65 seconds
Iter 465/1831 took 2.65 seconds
Iter 466/1831 took 2.65 seconds
Iter 467/1831 took 2.66 seconds
Iter 468/1831 took 2.64 seconds
Iter 469/1831 took 2.68 seconds
Iter 470/1831 took 2.75 seconds
Iter 471/1831 took 2.67 seconds
Iter 472/1831 took 2.63 seconds
Iter 473/1831 took 2.62 seconds
Iter 474/1831 took 2.71 seconds
Iter 475/1831 took 2.64 seconds
Iter 476/1831 took 2.58 seconds
Iter 477/1831 took 2.65 seconds
Iter 478/1831 took 2.64 seconds
Iter 479/1831 took 2.59 seconds
Iter 480/1831 took 2.58 seconds
Iter 481/1831 took 2.65 seconds
Iter 482/1831 took 2.69 seconds
Iter 483/1831 took 2.74 seconds
Iter 484/1831 took 2.70 seconds
Iter 485/1831 took 2.76 seconds
Iter 486/1831 took 2.71 seconds
Iter 487/1831 took 2.63 seconds
Iter 488/1831 took 2.64 seconds
Iter 489/1831 took 2.65 seconds
Iter 490/1831 took 2.62 seconds
Iter 491/1831 took 2.67 seconds
Iter 492/1831 took 2.63 seconds
Iter 493/1831 took 2.65 seconds
Iter 494/1831 took 2.67 seconds
Iter 495/1831 took 2.68 seconds
Iter 496/1831 took 2.64 seconds
Iter 497/1831 took 2.58 seconds
Iter 498/1831 took 2.64 seconds
Iter 499/1831 took 2.68 seconds
Iter 500/1831 took 2.67 seconds
Iter 501/1831 took 2.68 seconds
Iter 502/1831 took 2.69 seconds
Iter 503/1831 took 2.67 seconds
Iter 504/1831 took 2.65 seconds
Iter 505/1831 took 2.67 seconds
Iter 506/1831 took 2.70 seconds
Iter 507/1831 took 2.77 seconds
Iter 508/1831 took 2.73 seconds
Iter 509/1831 took 2.80 seconds
Iter 510/1831 took 2.79 seconds
Iter 511/1831 took 2.79 seconds
Iter 512/1831 took 2.80 seconds
Iter 513/1831 took 2.81 seconds
Iter 514/1831 took 2.87 seconds
Iter 515/1831 took 2.80 seconds
Iter 516/1831 took 2.76 seconds
Iter 517/1831 took 2.70 seconds
Iter 518/1831 took 2.94 seconds
Iter 519/1831 took 2.84 seconds
Iter 520/1831 took 2.85 seconds
Iter 521/1831 took 2.75 seconds
Iter 522/1831 took 2.76 seconds
Iter 523/1831 took 2.92 seconds
Iter 524/1831 took 2.91 seconds
Iter 525/1831 took 2.95 seconds
Iter 526/1831 took 2.94 seconds
Iter 527/1831 took 2.69 seconds
Iter 528/1831 took 2.78 seconds
Iter 529/1831 took 2.66 seconds
Iter 530/1831 took 2.72 seconds
Iter 531/1831 took 2.68 seconds
Iter 532/1831 took 2.67 seconds
Iter 533/1831 took 2.72 seconds
Iter 534/1831 took 2.72 seconds
Iter 535/1831 took 2.65 seconds
Iter 536/1831 took 2.66 seconds
Iter 537/1831 took 2.74 seconds
Iter 538/1831 took 2.79 seconds
Iter 539/1831 took 2.72 seconds
Iter 540/1831 took 2.76 seconds
Iter 541/1831 took 2.74 seconds
Iter 542/1831 took 2.71 seconds
Iter 543/1831 took 2.65 seconds
Iter 544/1831 took 2.76 seconds
Iter 545/1831 took 2.82 seconds
Iter 546/1831 took 2.77 seconds
Iter 547/1831 took 2.75 seconds
Iter 548/1831 took 2.80 seconds
Iter 549/1831 took 2.76 seconds
Iter 550/1831 took 2.81 seconds
Iter 551/1831 took 2.64 seconds
Iter 552/1831 took 2.72 seconds
Iter 553/1831 took 2.72 seconds
Iter 554/1831 took 2.76 seconds
Iter 555/1831 took 2.81 seconds
Iter 556/1831 took 2.77 seconds
Iter 557/1831 took 2.76 seconds
Iter 558/1831 took 2.83 seconds
Iter 559/1831 took 2.81 seconds
Iter 560/1831 took 2.73 seconds
Iter 561/1831 took 2.69 seconds
Iter 562/1831 took 2.68 seconds
Iter 563/1831 took 2.67 seconds
Iter 564/1831 took 2.75 seconds
Iter 565/1831 took 2.70 seconds
Iter 566/1831 took 2.79 seconds
Iter 567/1831 took 2.71 seconds
Iter 568/1831 took 2.76 seconds
Iter 569/1831 took 2.75 seconds
Iter 570/1831 took 2.75 seconds
Iter 571/1831 took 2.74 seconds
Iter 572/1831 took 2.62 seconds
Iter 573/1831 took 2.66 seconds
Iter 574/1831 took 2.63 seconds
Iter 575/1831 took 2.66 seconds
Iter 576/1831 took 2.68 seconds
Iter 577/1831 took 2.72 seconds
Iter 578/1831 took 2.64 seconds
Iter 579/1831 took 2.67 seconds
Iter 580/1831 took 2.70 seconds
Iter 581/1831 took 2.68 seconds
Iter 582/1831 took 2.71 seconds
Iter 583/1831 took 2.74 seconds
Iter 584/1831 took 2.69 seconds
Iter 585/1831 took 2.68 seconds
Iter 586/1831 took 2.66 seconds
Iter 587/1831 took 2.67 seconds
Iter 588/1831 took 2.72 seconds
Iter 589/1831 took 2.72 seconds
Iter 590/1831 took 2.75 seconds
Iter 591/1831 took 2.67 seconds
Iter 592/1831 took 2.69 seconds
Iter 593/1831 took 2.77 seconds
Iter 594/1831 took 2.74 seconds
Iter 595/1831 took 2.67 seconds
Iter 596/1831 took 2.66 seconds
Iter 597/1831 took 2.72 seconds
Iter 598/1831 took 2.74 seconds
Iter 599/1831 took 2.75 seconds
Iter 600/1831 took 2.75 seconds
Iter 601/1831 took 2.75 seconds
Iter 602/1831 took 2.69 seconds
Iter 603/1831 took 2.71 seconds
Iter 604/1831 took 2.78 seconds
Iter 605/1831 took 2.89 seconds
Iter 606/1831 took 2.97 seconds
Iter 607/1831 took 2.88 seconds
Iter 608/1831 took 2.88 seconds
Iter 609/1831 took 3.04 seconds
Iter 610/1831 took 2.92 seconds
Iter 611/1831 took 2.91 seconds
checkpoint saved to /home/aojili/lsy_drone_racing/lsy_drone_racing/control/checkpoints/level3_loop_026_v5_loop020_completion_backloaded_maturation_60m/level3_loop_026_v5_loop020_completion_backloaded_maturation_60m_step_020000000.ckpt at global_step=20021248
Iter 612/1831 took 2.89 seconds
Iter 613/1831 took 2.88 seconds
Iter 614/1831 took 2.77 seconds
Iter 615/1831 took 2.75 seconds
Iter 616/1831 took 2.78 seconds
Iter 617/1831 took 2.75 seconds
Iter 618/1831 took 2.73 seconds
Iter 619/1831 took 2.88 seconds
Iter 620/1831 took 2.84 seconds
Iter 621/1831 took 2.70 seconds
Iter 622/1831 took 2.74 seconds
Iter 623/1831 took 2.79 seconds
Iter 624/1831 took 2.89 seconds
Iter 625/1831 took 2.82 seconds
Iter 626/1831 took 2.65 seconds
Iter 627/1831 took 2.66 seconds
Iter 628/1831 took 2.68 seconds
Iter 629/1831 took 2.66 seconds
Iter 630/1831 took 2.64 seconds
Iter 631/1831 took 2.66 seconds
Iter 632/1831 took 2.69 seconds
Iter 633/1831 took 2.72 seconds
Iter 634/1831 took 2.72 seconds
Iter 635/1831 took 2.66 seconds
Iter 636/1831 took 2.65 seconds
Iter 637/1831 took 2.68 seconds
Iter 638/1831 took 2.70 seconds
Iter 639/1831 took 2.65 seconds
Iter 640/1831 took 2.68 seconds
Iter 641/1831 took 2.81 seconds
Iter 642/1831 took 2.83 seconds
Iter 643/1831 took 2.77 seconds
Iter 644/1831 took 2.76 seconds
Iter 645/1831 took 2.77 seconds
Iter 646/1831 took 2.76 seconds
Iter 647/1831 took 2.72 seconds
Iter 648/1831 took 2.72 seconds
Iter 649/1831 took 2.73 seconds
Iter 650/1831 took 2.69 seconds
Iter 651/1831 took 2.68 seconds
Iter 652/1831 took 2.60 seconds
Iter 653/1831 took 2.69 seconds
Iter 654/1831 took 2.68 seconds
Iter 655/1831 took 2.68 seconds
Iter 656/1831 took 2.70 seconds
Iter 657/1831 took 2.68 seconds
Iter 658/1831 took 2.69 seconds
Iter 659/1831 took 2.73 seconds
Iter 660/1831 took 2.69 seconds
Iter 661/1831 took 2.72 seconds
Iter 662/1831 took 2.71 seconds
Iter 663/1831 took 2.69 seconds
Iter 664/1831 took 2.74 seconds
Iter 665/1831 took 2.72 seconds
Iter 666/1831 took 2.85 seconds
Iter 667/1831 took 2.85 seconds
Iter 668/1831 took 2.83 seconds
Iter 669/1831 took 2.73 seconds
Iter 670/1831 took 2.90 seconds
Iter 671/1831 took 2.77 seconds
Iter 672/1831 took 2.70 seconds
Iter 673/1831 took 2.67 seconds
Iter 674/1831 took 2.70 seconds
Iter 675/1831 took 2.69 seconds
Iter 676/1831 took 2.68 seconds
Iter 677/1831 took 2.68 seconds
Iter 678/1831 took 2.65 seconds
Iter 679/1831 took 2.67 seconds
Iter 680/1831 took 2.88 seconds
Iter 681/1831 took 2.91 seconds
Iter 682/1831 took 2.96 seconds
Iter 683/1831 took 2.87 seconds
Iter 684/1831 took 2.79 seconds
Iter 685/1831 took 2.71 seconds
Iter 686/1831 took 2.76 seconds
Iter 687/1831 took 2.63 seconds
Iter 688/1831 took 2.63 seconds
Iter 689/1831 took 2.60 seconds
Iter 690/1831 took 2.73 seconds
Iter 691/1831 took 2.65 seconds
Iter 692/1831 took 2.69 seconds
Iter 693/1831 took 2.64 seconds
Iter 694/1831 took 2.63 seconds
Iter 695/1831 took 2.73 seconds
Iter 696/1831 took 2.70 seconds
Iter 697/1831 took 2.69 seconds
Iter 698/1831 took 2.82 seconds
Iter 699/1831 took 2.75 seconds
Iter 700/1831 took 2.66 seconds
Iter 701/1831 took 2.67 seconds
Iter 702/1831 took 2.70 seconds
Iter 703/1831 took 2.70 seconds
Iter 704/1831 took 2.76 seconds
Iter 705/1831 took 2.80 seconds
Iter 706/1831 took 2.86 seconds
Iter 707/1831 took 2.75 seconds
Iter 708/1831 took 2.76 seconds
Iter 709/1831 took 2.70 seconds
Iter 710/1831 took 2.73 seconds
Iter 711/1831 took 2.66 seconds
Iter 712/1831 took 2.68 seconds
Iter 713/1831 took 2.71 seconds
Iter 714/1831 took 2.69 seconds
Iter 715/1831 took 2.73 seconds
Iter 716/1831 took 2.72 seconds
Iter 717/1831 took 2.71 seconds
Iter 718/1831 took 2.66 seconds
Iter 719/1831 took 2.74 seconds
Iter 720/1831 took 2.64 seconds
Iter 721/1831 took 2.65 seconds
Iter 722/1831 took 2.70 seconds
Iter 723/1831 took 2.70 seconds
Iter 724/1831 took 2.70 seconds
Iter 725/1831 took 2.67 seconds
Iter 726/1831 took 2.69 seconds
Iter 727/1831 took 2.70 seconds
Iter 728/1831 took 2.69 seconds
Iter 729/1831 took 2.67 seconds
Iter 730/1831 took 2.72 seconds
Iter 731/1831 took 2.68 seconds
Iter 732/1831 took 2.66 seconds
Iter 733/1831 took 2.73 seconds
Iter 734/1831 took 2.73 seconds
Iter 735/1831 took 2.67 seconds
Iter 736/1831 took 2.73 seconds
Iter 737/1831 took 2.78 seconds
Iter 738/1831 took 2.81 seconds
Iter 739/1831 took 2.84 seconds
Iter 740/1831 took 2.73 seconds
Iter 741/1831 took 2.77 seconds
Iter 742/1831 took 2.73 seconds
Iter 743/1831 took 2.82 seconds
Iter 744/1831 took 2.78 seconds
Iter 745/1831 took 2.72 seconds
Iter 746/1831 took 2.76 seconds
Iter 747/1831 took 2.75 seconds
Iter 748/1831 took 2.73 seconds
Iter 749/1831 took 2.70 seconds
Iter 750/1831 took 2.65 seconds
Iter 751/1831 took 2.71 seconds
Iter 752/1831 took 2.80 seconds
Iter 753/1831 took 2.83 seconds
Iter 754/1831 took 2.75 seconds
Iter 755/1831 took 2.78 seconds
Iter 756/1831 took 2.83 seconds
Iter 757/1831 took 2.96 seconds
Iter 758/1831 took 2.86 seconds
Iter 759/1831 took 2.85 seconds
Iter 760/1831 took 2.68 seconds
Iter 761/1831 took 2.68 seconds
Iter 762/1831 took 2.62 seconds
Iter 763/1831 took 2.68 seconds
checkpoint saved to /home/aojili/lsy_drone_racing/lsy_drone_racing/control/checkpoints/level3_loop_026_v5_loop020_completion_backloaded_maturation_60m/level3_loop_026_v5_loop020_completion_backloaded_maturation_60m_step_025000000.ckpt at global_step=25001984
Iter 764/1831 took 2.65 seconds
Iter 765/1831 took 2.64 seconds
Iter 766/1831 took 2.62 seconds
Iter 767/1831 took 2.65 seconds
Iter 768/1831 took 2.63 seconds
Iter 769/1831 took 2.69 seconds
Iter 770/1831 took 2.83 seconds
Iter 771/1831 took 2.97 seconds
Iter 772/1831 took 2.95 seconds
Iter 773/1831 took 2.86 seconds
Iter 774/1831 took 2.78 seconds
Iter 775/1831 took 2.74 seconds
Iter 776/1831 took 2.80 seconds
Iter 777/1831 took 2.71 seconds
Iter 778/1831 took 2.76 seconds
Iter 779/1831 took 2.77 seconds
Iter 780/1831 took 2.73 seconds
Iter 781/1831 took 2.74 seconds
Iter 782/1831 took 2.73 seconds
Iter 783/1831 took 2.66 seconds
Iter 784/1831 took 2.80 seconds
Iter 785/1831 took 2.76 seconds
Iter 786/1831 took 2.74 seconds
Iter 787/1831 took 2.76 seconds
Iter 788/1831 took 2.71 seconds
Iter 789/1831 took 2.78 seconds
Iter 790/1831 took 2.83 seconds
Iter 791/1831 took 2.72 seconds
Iter 792/1831 took 2.70 seconds
Iter 793/1831 took 2.76 seconds
Iter 794/1831 took 2.80 seconds
Iter 795/1831 took 2.69 seconds
Iter 796/1831 took 2.71 seconds
Iter 797/1831 took 2.75 seconds
Iter 798/1831 took 2.76 seconds
Iter 799/1831 took 2.71 seconds
Iter 800/1831 took 2.69 seconds
Iter 801/1831 took 2.73 seconds
Iter 802/1831 took 2.76 seconds
Iter 803/1831 took 2.77 seconds
Iter 804/1831 took 2.69 seconds
Iter 805/1831 took 2.73 seconds
Iter 806/1831 took 2.71 seconds
Iter 807/1831 took 2.67 seconds
Iter 808/1831 took 2.68 seconds
Iter 809/1831 took 2.69 seconds
Iter 810/1831 took 2.62 seconds
Iter 811/1831 took 2.71 seconds
Iter 812/1831 took 2.75 seconds
Iter 813/1831 took 2.74 seconds
Iter 814/1831 took 2.71 seconds
Iter 815/1831 took 2.72 seconds
Iter 816/1831 took 2.67 seconds
Iter 817/1831 took 2.65 seconds
Iter 818/1831 took 2.69 seconds
Iter 819/1831 took 2.67 seconds
Iter 820/1831 took 2.70 seconds
Iter 821/1831 took 2.70 seconds
Iter 822/1831 took 2.72 seconds
Iter 823/1831 took 2.74 seconds
Iter 824/1831 took 2.69 seconds
Iter 825/1831 took 2.67 seconds
Iter 826/1831 took 2.68 seconds
Iter 827/1831 took 2.74 seconds
Iter 828/1831 took 2.74 seconds
Iter 829/1831 took 2.67 seconds
Iter 830/1831 took 2.68 seconds
Iter 831/1831 took 2.74 seconds
Iter 832/1831 took 2.77 seconds
Iter 833/1831 took 2.74 seconds
Iter 834/1831 took 2.76 seconds
Iter 835/1831 took 2.66 seconds
Iter 836/1831 took 2.69 seconds
Iter 837/1831 took 2.71 seconds
Iter 838/1831 took 2.73 seconds
Iter 839/1831 took 2.71 seconds
Iter 840/1831 took 2.71 seconds
Iter 841/1831 took 2.72 seconds
Iter 842/1831 took 2.72 seconds
Iter 843/1831 took 2.71 seconds
Iter 844/1831 took 2.82 seconds
Iter 845/1831 took 2.85 seconds
Iter 846/1831 took 2.86 seconds
Iter 847/1831 took 2.78 seconds
Iter 848/1831 took 2.74 seconds
Iter 849/1831 took 2.72 seconds
Iter 850/1831 took 2.79 seconds
Iter 851/1831 took 2.77 seconds
Iter 852/1831 took 2.71 seconds
Iter 853/1831 took 2.65 seconds
Iter 854/1831 took 2.69 seconds
Iter 855/1831 took 2.73 seconds
Iter 856/1831 took 2.68 seconds
Iter 857/1831 took 2.69 seconds
Iter 858/1831 took 2.67 seconds
Iter 859/1831 took 2.66 seconds
Iter 860/1831 took 2.67 seconds
Iter 861/1831 took 2.68 seconds
Iter 862/1831 took 2.67 seconds
Iter 863/1831 took 2.70 seconds
Iter 864/1831 took 2.67 seconds
Iter 865/1831 took 2.76 seconds
Iter 866/1831 took 2.72 seconds
Iter 867/1831 took 2.79 seconds
Iter 868/1831 took 2.72 seconds
Iter 869/1831 took 2.75 seconds
Iter 870/1831 took 2.73 seconds
Iter 871/1831 took 2.83 seconds
Iter 872/1831 took 2.69 seconds
Iter 873/1831 took 2.79 seconds
Iter 874/1831 took 2.87 seconds
Iter 875/1831 took 2.74 seconds
Iter 876/1831 took 2.73 seconds
Iter 877/1831 took 2.82 seconds
Iter 878/1831 took 2.92 seconds
Iter 879/1831 took 2.78 seconds
Iter 880/1831 took 2.75 seconds
Iter 881/1831 took 2.77 seconds
Iter 882/1831 took 2.74 seconds
Iter 883/1831 took 2.64 seconds
Iter 884/1831 took 2.67 seconds
Iter 885/1831 took 2.64 seconds
Iter 886/1831 took 2.79 seconds
Iter 887/1831 took 2.84 seconds
Iter 888/1831 took 2.66 seconds
Iter 889/1831 took 2.69 seconds
Iter 890/1831 took 2.78 seconds
Iter 891/1831 took 2.74 seconds
Iter 892/1831 took 2.76 seconds
Iter 893/1831 took 2.94 seconds
Iter 894/1831 took 2.88 seconds
Iter 895/1831 took 2.75 seconds
Iter 896/1831 took 2.76 seconds
Iter 897/1831 took 2.80 seconds
Iter 898/1831 took 2.69 seconds
Iter 899/1831 took 2.67 seconds
Iter 900/1831 took 2.66 seconds
Iter 901/1831 took 2.70 seconds
Iter 902/1831 took 2.68 seconds
Iter 903/1831 took 2.89 seconds
Iter 904/1831 took 3.00 seconds
Iter 905/1831 took 2.94 seconds
Iter 906/1831 took 2.79 seconds
Iter 907/1831 took 2.76 seconds
Iter 908/1831 took 2.69 seconds
Iter 909/1831 took 2.86 seconds
Iter 910/1831 took 2.95 seconds
Iter 911/1831 took 2.81 seconds
Iter 912/1831 took 2.81 seconds
Iter 913/1831 took 2.81 seconds
Iter 914/1831 took 2.86 seconds
Iter 915/1831 took 2.70 seconds
Iter 916/1831 took 2.70 seconds
checkpoint saved to /home/aojili/lsy_drone_racing/lsy_drone_racing/control/checkpoints/level3_loop_026_v5_loop020_completion_backloaded_maturation_60m/level3_loop_026_v5_loop020_completion_backloaded_maturation_60m_step_030000000.ckpt at global_step=30015488
Iter 917/1831 took 2.74 seconds
Iter 918/1831 took 2.70 seconds
Iter 919/1831 took 2.73 seconds
Iter 920/1831 took 2.78 seconds
Iter 921/1831 took 2.72 seconds
Iter 922/1831 took 2.77 seconds
Iter 923/1831 took 2.80 seconds
Iter 924/1831 took 2.85 seconds
Iter 925/1831 took 2.85 seconds
Iter 926/1831 took 2.91 seconds
Iter 927/1831 took 2.76 seconds
Iter 928/1831 took 2.83 seconds
Iter 929/1831 took 2.83 seconds
Iter 930/1831 took 2.77 seconds
Iter 931/1831 took 2.91 seconds
Iter 932/1831 took 2.82 seconds
Iter 933/1831 took 2.82 seconds
Iter 934/1831 took 2.77 seconds
Iter 935/1831 took 2.83 seconds
Iter 936/1831 took 2.78 seconds
Iter 937/1831 took 2.83 seconds
Iter 938/1831 took 2.95 seconds
Iter 939/1831 took 2.84 seconds
Iter 940/1831 took 2.75 seconds
Iter 941/1831 took 2.74 seconds
Iter 942/1831 took 2.77 seconds
Iter 943/1831 took 2.72 seconds
Iter 944/1831 took 2.67 seconds
Iter 945/1831 took 2.68 seconds
Iter 946/1831 took 2.69 seconds
Iter 947/1831 took 2.71 seconds
Iter 948/1831 took 2.62 seconds
Iter 949/1831 took 2.72 seconds
Iter 950/1831 took 2.66 seconds
Iter 951/1831 took 2.66 seconds
Iter 952/1831 took 2.69 seconds
Iter 953/1831 took 2.72 seconds
Iter 954/1831 took 2.61 seconds
Iter 955/1831 took 2.73 seconds
Iter 956/1831 took 2.74 seconds
Iter 957/1831 took 2.75 seconds
Iter 958/1831 took 2.72 seconds
Iter 959/1831 took 2.74 seconds
Iter 960/1831 took 2.75 seconds
Iter 961/1831 took 2.75 seconds
Iter 962/1831 took 2.76 seconds
Iter 963/1831 took 2.78 seconds
Iter 964/1831 took 2.74 seconds
Iter 965/1831 took 2.85 seconds
Iter 966/1831 took 2.81 seconds
Iter 967/1831 took 2.78 seconds
Iter 968/1831 took 2.79 seconds
Iter 969/1831 took 2.85 seconds
Iter 970/1831 took 2.85 seconds
Iter 971/1831 took 2.77 seconds
Iter 972/1831 took 2.72 seconds
Iter 973/1831 took 2.83 seconds
Iter 974/1831 took 2.85 seconds
Iter 975/1831 took 2.80 seconds
Iter 976/1831 took 2.71 seconds
Iter 977/1831 took 2.72 seconds
Iter 978/1831 took 2.81 seconds
Iter 979/1831 took 2.73 seconds
Iter 980/1831 took 2.78 seconds
Iter 981/1831 took 2.76 seconds
Iter 982/1831 took 2.80 seconds
Iter 983/1831 took 2.79 seconds
Iter 984/1831 took 2.74 seconds
Iter 985/1831 took 2.83 seconds
Iter 986/1831 took 2.79 seconds
Iter 987/1831 took 2.68 seconds
Iter 988/1831 took 2.73 seconds
Iter 989/1831 took 2.77 seconds
Iter 990/1831 took 2.85 seconds
Iter 991/1831 took 2.74 seconds
Iter 992/1831 took 2.84 seconds
Iter 993/1831 took 2.92 seconds
Iter 994/1831 took 2.81 seconds
Iter 995/1831 took 2.70 seconds
Iter 996/1831 took 2.65 seconds
Iter 997/1831 took 2.69 seconds
Iter 998/1831 took 2.63 seconds
Iter 999/1831 took 2.76 seconds
Iter 1000/1831 took 2.79 seconds
Iter 1001/1831 took 2.74 seconds
Iter 1002/1831 took 2.86 seconds
Iter 1003/1831 took 2.79 seconds
Iter 1004/1831 took 2.83 seconds
Iter 1005/1831 took 2.76 seconds
Iter 1006/1831 took 2.68 seconds
Iter 1007/1831 took 2.65 seconds
Iter 1008/1831 took 2.72 seconds
Iter 1009/1831 took 2.66 seconds
Iter 1010/1831 took 2.74 seconds
Iter 1011/1831 took 2.74 seconds
Iter 1012/1831 took 2.66 seconds
Iter 1013/1831 took 2.70 seconds
Iter 1014/1831 took 2.75 seconds
Iter 1015/1831 took 2.81 seconds
Iter 1016/1831 took 2.77 seconds
Iter 1017/1831 took 2.79 seconds
Iter 1018/1831 took 2.84 seconds
Iter 1019/1831 took 2.74 seconds
Iter 1020/1831 took 2.68 seconds
Iter 1021/1831 took 2.73 seconds
Iter 1022/1831 took 2.76 seconds
Iter 1023/1831 took 2.74 seconds
Iter 1024/1831 took 2.71 seconds
Iter 1025/1831 took 2.73 seconds
Iter 1026/1831 took 2.64 seconds
Iter 1027/1831 took 2.63 seconds
Iter 1028/1831 took 2.64 seconds
Iter 1029/1831 took 2.70 seconds
Iter 1030/1831 took 2.66 seconds
Iter 1031/1831 took 2.71 seconds
Iter 1032/1831 took 2.84 seconds
Iter 1033/1831 took 2.72 seconds
Iter 1034/1831 took 2.69 seconds
Iter 1035/1831 took 2.68 seconds
Iter 1036/1831 took 2.74 seconds
Iter 1037/1831 took 2.77 seconds
Iter 1038/1831 took 2.71 seconds
Iter 1039/1831 took 2.70 seconds
Iter 1040/1831 took 2.65 seconds
Iter 1041/1831 took 2.61 seconds
Iter 1042/1831 took 2.65 seconds
Iter 1043/1831 took 2.70 seconds
Iter 1044/1831 took 2.74 seconds
Iter 1045/1831 took 2.66 seconds
Iter 1046/1831 took 2.69 seconds
Iter 1047/1831 took 2.77 seconds
Iter 1048/1831 took 2.76 seconds
Iter 1049/1831 took 2.79 seconds
Iter 1050/1831 took 2.75 seconds
Iter 1051/1831 took 2.68 seconds
Iter 1052/1831 took 2.68 seconds
Iter 1053/1831 took 2.81 seconds
Iter 1054/1831 took 2.75 seconds
Iter 1055/1831 took 2.67 seconds
Iter 1056/1831 took 2.78 seconds
Iter 1057/1831 took 2.84 seconds
Iter 1058/1831 took 2.93 seconds
Iter 1059/1831 took 2.94 seconds
Iter 1060/1831 took 2.87 seconds
Iter 1061/1831 took 2.74 seconds
Iter 1062/1831 took 2.72 seconds
Iter 1063/1831 took 2.69 seconds
Iter 1064/1831 took 2.68 seconds
Iter 1065/1831 took 2.74 seconds
Iter 1066/1831 took 2.72 seconds
Iter 1067/1831 took 2.77 seconds
Iter 1068/1831 took 2.76 seconds
Iter 1069/1831 took 2.73 seconds
checkpoint saved to /home/aojili/lsy_drone_racing/lsy_drone_racing/control/checkpoints/level3_loop_026_v5_loop020_completion_backloaded_maturation_60m/level3_loop_026_v5_loop020_completion_backloaded_maturation_60m_step_035000000.ckpt at global_step=35028992
Iter 1070/1831 took 2.77 seconds
Iter 1071/1831 took 2.74 seconds
Iter 1072/1831 took 2.74 seconds
Iter 1073/1831 took 2.63 seconds
Iter 1074/1831 took 2.66 seconds
Iter 1075/1831 took 2.63 seconds
Iter 1076/1831 took 2.64 seconds
Iter 1077/1831 took 2.66 seconds
Iter 1078/1831 took 2.75 seconds
Iter 1079/1831 took 2.70 seconds
Iter 1080/1831 took 2.77 seconds
Iter 1081/1831 took 2.76 seconds
Iter 1082/1831 took 2.75 seconds
Iter 1083/1831 took 2.74 seconds
Iter 1084/1831 took 2.81 seconds
Iter 1085/1831 took 2.72 seconds
Iter 1086/1831 took 2.79 seconds
Iter 1087/1831 took 2.69 seconds
Iter 1088/1831 took 2.72 seconds
Iter 1089/1831 took 2.70 seconds
Iter 1090/1831 took 2.70 seconds
Iter 1091/1831 took 2.74 seconds
Iter 1092/1831 took 2.89 seconds
Iter 1093/1831 took 2.94 seconds
Iter 1094/1831 took 2.90 seconds
Iter 1095/1831 took 2.87 seconds
Iter 1096/1831 took 2.81 seconds
Iter 1097/1831 took 2.76 seconds
Iter 1098/1831 took 2.87 seconds
Iter 1099/1831 took 2.90 seconds
Iter 1100/1831 took 2.80 seconds
Iter 1101/1831 took 2.82 seconds
Iter 1102/1831 took 2.86 seconds
Iter 1103/1831 took 2.90 seconds
Iter 1104/1831 took 2.67 seconds
Iter 1105/1831 took 2.67 seconds
Iter 1106/1831 took 2.68 seconds
Iter 1107/1831 took 2.75 seconds
Iter 1108/1831 took 2.62 seconds
Iter 1109/1831 took 2.74 seconds
Iter 1110/1831 took 2.68 seconds
Iter 1111/1831 took 2.71 seconds
Iter 1112/1831 took 2.71 seconds
Iter 1113/1831 took 2.70 seconds
Iter 1114/1831 took 2.73 seconds
Iter 1115/1831 took 2.66 seconds
Iter 1116/1831 took 2.86 seconds
Iter 1117/1831 took 2.81 seconds
Iter 1118/1831 took 2.76 seconds
Iter 1119/1831 took 2.69 seconds
Iter 1120/1831 took 2.72 seconds
Iter 1121/1831 took 2.73 seconds
Iter 1122/1831 took 2.72 seconds
Iter 1123/1831 took 2.74 seconds
Iter 1124/1831 took 2.64 seconds
Iter 1125/1831 took 2.66 seconds
Iter 1126/1831 took 2.77 seconds
Iter 1127/1831 took 2.84 seconds
Iter 1128/1831 took 2.80 seconds
Iter 1129/1831 took 2.68 seconds
Iter 1130/1831 took 2.75 seconds
Iter 1131/1831 took 2.73 seconds
Iter 1132/1831 took 2.66 seconds
Iter 1133/1831 took 2.69 seconds
Iter 1134/1831 took 2.66 seconds
Iter 1135/1831 took 2.60 seconds
Iter 1136/1831 took 2.61 seconds
Iter 1137/1831 took 2.61 seconds
Iter 1138/1831 took 2.83 seconds
Iter 1139/1831 took 2.80 seconds
Iter 1140/1831 took 2.75 seconds
Iter 1141/1831 took 2.85 seconds
Iter 1142/1831 took 2.75 seconds
Iter 1143/1831 took 2.69 seconds
Iter 1144/1831 took 2.73 seconds
Iter 1145/1831 took 2.77 seconds
Iter 1146/1831 took 2.66 seconds
Iter 1147/1831 took 2.67 seconds
Iter 1148/1831 took 2.62 seconds
Iter 1149/1831 took 2.64 seconds
Iter 1150/1831 took 2.80 seconds
Iter 1151/1831 took 2.72 seconds
Iter 1152/1831 took 2.65 seconds
Iter 1153/1831 took 2.67 seconds
Iter 1154/1831 took 2.65 seconds
Iter 1155/1831 took 2.67 seconds
Iter 1156/1831 took 2.70 seconds
Iter 1157/1831 took 2.71 seconds
Iter 1158/1831 took 2.66 seconds
Iter 1159/1831 took 2.65 seconds
Iter 1160/1831 took 2.76 seconds
Iter 1161/1831 took 2.79 seconds
Iter 1162/1831 took 2.70 seconds
Iter 1163/1831 took 2.81 seconds
Iter 1164/1831 took 2.78 seconds
Iter 1165/1831 took 2.80 seconds
Iter 1166/1831 took 2.76 seconds
Iter 1167/1831 took 2.87 seconds
Iter 1168/1831 took 2.83 seconds
Iter 1169/1831 took 2.82 seconds
Iter 1170/1831 took 2.69 seconds
Iter 1171/1831 took 2.70 seconds
Iter 1172/1831 took 2.66 seconds
Iter 1173/1831 took 2.70 seconds
Iter 1174/1831 took 2.71 seconds
Iter 1175/1831 took 2.77 seconds
Iter 1176/1831 took 2.90 seconds
Iter 1177/1831 took 2.78 seconds
Iter 1178/1831 took 2.81 seconds
Iter 1179/1831 took 2.86 seconds
Iter 1180/1831 took 2.82 seconds
Iter 1181/1831 took 2.78 seconds
Iter 1182/1831 took 2.84 seconds
Iter 1183/1831 took 2.88 seconds
Iter 1184/1831 took 2.84 seconds
Iter 1185/1831 took 2.88 seconds
Iter 1186/1831 took 2.77 seconds
Iter 1187/1831 took 2.73 seconds
Iter 1188/1831 took 2.74 seconds
Iter 1189/1831 took 2.71 seconds
Iter 1190/1831 took 2.70 seconds
Iter 1191/1831 took 2.73 seconds
Iter 1192/1831 took 2.76 seconds
Iter 1193/1831 took 2.78 seconds
Iter 1194/1831 took 2.73 seconds
Iter 1195/1831 took 2.78 seconds
Iter 1196/1831 took 2.83 seconds
Iter 1197/1831 took 2.74 seconds
Iter 1198/1831 took 2.77 seconds
Iter 1199/1831 took 2.75 seconds
Iter 1200/1831 took 2.70 seconds
Iter 1201/1831 took 2.71 seconds
Iter 1202/1831 took 2.70 seconds
Iter 1203/1831 took 2.78 seconds
Iter 1204/1831 took 2.71 seconds
Iter 1205/1831 took 2.71 seconds
Iter 1206/1831 took 2.69 seconds
Iter 1207/1831 took 2.70 seconds
Iter 1208/1831 took 2.72 seconds
Iter 1209/1831 took 2.73 seconds
Iter 1210/1831 took 2.75 seconds
Iter 1211/1831 took 2.74 seconds
Iter 1212/1831 took 2.70 seconds
Iter 1213/1831 took 2.74 seconds
Iter 1214/1831 took 2.77 seconds
Iter 1215/1831 took 2.75 seconds
Iter 1216/1831 took 2.72 seconds
Iter 1217/1831 took 2.61 seconds
Iter 1218/1831 took 2.61 seconds
Iter 1219/1831 took 2.63 seconds
Iter 1220/1831 took 2.68 seconds
Iter 1221/1831 took 2.66 seconds
checkpoint saved to /home/aojili/lsy_drone_racing/lsy_drone_racing/control/checkpoints/level3_loop_026_v5_loop020_completion_backloaded_maturation_60m/level3_loop_026_v5_loop020_completion_backloaded_maturation_60m_step_040000000.ckpt at global_step=40009728
Iter 1222/1831 took 2.68 seconds
Iter 1223/1831 took 2.69 seconds
Iter 1224/1831 took 2.70 seconds
Iter 1225/1831 took 2.67 seconds
Iter 1226/1831 took 2.67 seconds
Iter 1227/1831 took 2.69 seconds
Iter 1228/1831 took 2.71 seconds
Iter 1229/1831 took 2.72 seconds
Iter 1230/1831 took 2.84 seconds
Iter 1231/1831 took 2.72 seconds
Iter 1232/1831 took 2.58 seconds
Iter 1233/1831 took 2.64 seconds
Iter 1234/1831 took 2.65 seconds
Iter 1235/1831 took 2.65 seconds
Iter 1236/1831 took 2.69 seconds
Iter 1237/1831 took 2.68 seconds
Iter 1238/1831 took 2.65 seconds
Iter 1239/1831 took 2.71 seconds
Iter 1240/1831 took 2.69 seconds
Iter 1241/1831 took 2.66 seconds
Iter 1242/1831 took 2.61 seconds
Iter 1243/1831 took 2.66 seconds
Iter 1244/1831 took 2.64 seconds
Iter 1245/1831 took 2.65 seconds
Iter 1246/1831 took 2.68 seconds
Iter 1247/1831 took 2.79 seconds
Iter 1248/1831 took 2.67 seconds
Iter 1249/1831 took 2.69 seconds
Iter 1250/1831 took 2.74 seconds
Iter 1251/1831 took 2.79 seconds
Iter 1252/1831 took 2.78 seconds
Iter 1253/1831 took 2.71 seconds
Iter 1254/1831 took 2.72 seconds
Iter 1255/1831 took 2.72 seconds
Iter 1256/1831 took 2.79 seconds
Iter 1257/1831 took 2.65 seconds
Iter 1258/1831 took 2.71 seconds
Iter 1259/1831 took 2.76 seconds
Iter 1260/1831 took 2.79 seconds
Iter 1261/1831 took 2.78 seconds
Iter 1262/1831 took 2.76 seconds
Iter 1263/1831 took 2.77 seconds
Iter 1264/1831 took 2.81 seconds
Iter 1265/1831 took 2.74 seconds
Iter 1266/1831 took 2.70 seconds
Iter 1267/1831 took 2.79 seconds
Iter 1268/1831 took 2.75 seconds
Iter 1269/1831 took 2.76 seconds
Iter 1270/1831 took 2.76 seconds
Iter 1271/1831 took 2.77 seconds
Iter 1272/1831 took 2.76 seconds
Iter 1273/1831 took 2.75 seconds
Iter 1274/1831 took 2.74 seconds
Iter 1275/1831 took 2.78 seconds
Iter 1276/1831 took 2.75 seconds
Iter 1277/1831 took 2.64 seconds
Iter 1278/1831 took 2.70 seconds
Iter 1279/1831 took 2.72 seconds
Iter 1280/1831 took 2.78 seconds
Iter 1281/1831 took 2.75 seconds
Iter 1282/1831 took 2.74 seconds
Iter 1283/1831 took 2.78 seconds
Iter 1284/1831 took 2.76 seconds
Iter 1285/1831 took 2.75 seconds
Iter 1286/1831 took 2.80 seconds
Iter 1287/1831 took 2.73 seconds
Iter 1288/1831 took 2.76 seconds
Iter 1289/1831 took 2.71 seconds
Iter 1290/1831 took 2.80 seconds
Iter 1291/1831 took 2.80 seconds
Iter 1292/1831 took 2.72 seconds
Iter 1293/1831 took 2.68 seconds
Iter 1294/1831 took 2.75 seconds
Iter 1295/1831 took 2.70 seconds
Iter 1296/1831 took 2.62 seconds
Iter 1297/1831 took 2.64 seconds
Iter 1298/1831 took 2.77 seconds
Iter 1299/1831 took 2.85 seconds
Iter 1300/1831 took 2.82 seconds
Iter 1301/1831 took 2.77 seconds
Iter 1302/1831 took 2.66 seconds
Iter 1303/1831 took 2.68 seconds
Iter 1304/1831 took 2.60 seconds
Iter 1305/1831 took 2.60 seconds
Iter 1306/1831 took 2.58 seconds
Iter 1307/1831 took 2.58 seconds
Iter 1308/1831 took 2.67 seconds
Iter 1309/1831 took 2.68 seconds
Iter 1310/1831 took 2.70 seconds
Iter 1311/1831 took 2.69 seconds
Iter 1312/1831 took 2.68 seconds
Iter 1313/1831 took 2.68 seconds
Iter 1314/1831 took 2.65 seconds
Iter 1315/1831 took 2.67 seconds
Iter 1316/1831 took 2.68 seconds
Iter 1317/1831 took 2.67 seconds
Iter 1318/1831 took 2.64 seconds
Iter 1319/1831 took 2.59 seconds
Iter 1320/1831 took 2.66 seconds
Iter 1321/1831 took 2.71 seconds
Iter 1322/1831 took 2.76 seconds
Iter 1323/1831 took 2.77 seconds
Iter 1324/1831 took 2.69 seconds
Iter 1325/1831 took 2.70 seconds
Iter 1326/1831 took 2.64 seconds
Iter 1327/1831 took 2.66 seconds
Iter 1328/1831 took 2.65 seconds
Iter 1329/1831 took 2.64 seconds
Iter 1330/1831 took 2.67 seconds
Iter 1331/1831 took 2.69 seconds
Iter 1332/1831 took 2.67 seconds
Iter 1333/1831 took 2.70 seconds
Iter 1334/1831 took 2.70 seconds
Iter 1335/1831 took 2.66 seconds
Iter 1336/1831 took 2.63 seconds
Iter 1337/1831 took 2.68 seconds
Iter 1338/1831 took 2.75 seconds
Iter 1339/1831 took 2.77 seconds
Iter 1340/1831 took 2.81 seconds
Iter 1341/1831 took 2.79 seconds
Iter 1342/1831 took 2.76 seconds
Iter 1343/1831 took 2.69 seconds
Iter 1344/1831 took 2.68 seconds
Iter 1345/1831 took 2.73 seconds
Iter 1346/1831 took 2.70 seconds
Iter 1347/1831 took 2.70 seconds
Iter 1348/1831 took 2.63 seconds
Iter 1349/1831 took 2.61 seconds
Iter 1350/1831 took 2.77 seconds
Iter 1351/1831 took 2.83 seconds
Iter 1352/1831 took 2.82 seconds
Iter 1353/1831 took 2.73 seconds
Iter 1354/1831 took 2.76 seconds
Iter 1355/1831 took 2.75 seconds
Iter 1356/1831 took 2.85 seconds
Iter 1357/1831 took 2.78 seconds
Iter 1358/1831 took 2.80 seconds
Iter 1359/1831 took 2.78 seconds
Iter 1360/1831 took 2.74 seconds
Iter 1361/1831 took 2.71 seconds
Iter 1362/1831 took 2.76 seconds
Iter 1363/1831 took 2.73 seconds
Iter 1364/1831 took 2.70 seconds
Iter 1365/1831 took 2.74 seconds
Iter 1366/1831 took 2.90 seconds
Iter 1367/1831 took 2.89 seconds
Iter 1368/1831 took 2.81 seconds
Iter 1369/1831 took 2.91 seconds
Iter 1370/1831 took 2.77 seconds
Iter 1371/1831 took 2.70 seconds
Iter 1372/1831 took 2.86 seconds
Iter 1373/1831 took 2.88 seconds
Iter 1374/1831 took 2.91 seconds
checkpoint saved to /home/aojili/lsy_drone_racing/lsy_drone_racing/control/checkpoints/level3_loop_026_v5_loop020_completion_backloaded_maturation_60m/level3_loop_026_v5_loop020_completion_backloaded_maturation_60m_step_045000000.ckpt at global_step=45023232
Iter 1375/1831 took 2.87 seconds
Iter 1376/1831 took 2.81 seconds
Iter 1377/1831 took 2.76 seconds
Iter 1378/1831 took 2.79 seconds
Iter 1379/1831 took 2.82 seconds
Iter 1380/1831 took 2.75 seconds
Iter 1381/1831 took 2.78 seconds
Iter 1382/1831 took 2.74 seconds
Iter 1383/1831 took 2.74 seconds
Iter 1384/1831 took 2.77 seconds
Iter 1385/1831 took 2.73 seconds
Iter 1386/1831 took 2.82 seconds
Iter 1387/1831 took 2.90 seconds
Iter 1388/1831 took 2.91 seconds
Iter 1389/1831 took 2.82 seconds
Iter 1390/1831 took 2.84 seconds
Iter 1391/1831 took 2.79 seconds
Iter 1392/1831 took 2.74 seconds
Iter 1393/1831 took 2.73 seconds
Iter 1394/1831 took 2.68 seconds
Iter 1395/1831 took 2.69 seconds
Iter 1396/1831 took 2.74 seconds
Iter 1397/1831 took 2.72 seconds
Iter 1398/1831 took 2.84 seconds
Iter 1399/1831 took 2.82 seconds
Iter 1400/1831 took 2.66 seconds
Iter 1401/1831 took 2.72 seconds
Iter 1402/1831 took 2.77 seconds
Iter 1403/1831 took 2.68 seconds
Iter 1404/1831 took 2.64 seconds
Iter 1405/1831 took 2.64 seconds
Iter 1406/1831 took 2.65 seconds
Iter 1407/1831 took 2.66 seconds
Iter 1408/1831 took 2.67 seconds
Iter 1409/1831 took 2.67 seconds
Iter 1410/1831 took 2.71 seconds
Iter 1411/1831 took 2.70 seconds
Iter 1412/1831 took 2.67 seconds
Iter 1413/1831 took 2.64 seconds
Iter 1414/1831 took 2.63 seconds
Iter 1415/1831 took 2.62 seconds
Iter 1416/1831 took 2.67 seconds
Iter 1417/1831 took 2.73 seconds
Iter 1418/1831 took 2.74 seconds
Iter 1419/1831 took 2.69 seconds
Iter 1420/1831 took 2.72 seconds
Iter 1421/1831 took 2.69 seconds
Iter 1422/1831 took 2.71 seconds
Iter 1423/1831 took 2.67 seconds
Iter 1424/1831 took 2.70 seconds
Iter 1425/1831 took 2.65 seconds
Iter 1426/1831 took 2.64 seconds
Iter 1427/1831 took 2.63 seconds
Iter 1428/1831 took 2.65 seconds
Iter 1429/1831 took 2.61 seconds
Iter 1430/1831 took 2.75 seconds
Iter 1431/1831 took 2.68 seconds
Iter 1432/1831 took 2.78 seconds
Iter 1433/1831 took 2.71 seconds
Iter 1434/1831 took 2.65 seconds
Iter 1435/1831 took 2.67 seconds
Iter 1436/1831 took 2.64 seconds
Iter 1437/1831 took 2.65 seconds
Iter 1438/1831 took 2.63 seconds
Iter 1439/1831 took 2.72 seconds
Iter 1440/1831 took 2.73 seconds
Iter 1441/1831 took 2.77 seconds
Iter 1442/1831 took 2.74 seconds
Iter 1443/1831 took 2.71 seconds
Iter 1444/1831 took 2.70 seconds
Iter 1445/1831 took 2.73 seconds
Iter 1446/1831 took 2.67 seconds
Iter 1447/1831 took 2.83 seconds
Iter 1448/1831 took 2.80 seconds
Iter 1449/1831 took 2.72 seconds
Iter 1450/1831 took 2.87 seconds
Iter 1451/1831 took 2.94 seconds
Iter 1452/1831 took 2.79 seconds
Iter 1453/1831 took 2.77 seconds
Iter 1454/1831 took 2.76 seconds
Iter 1455/1831 took 2.79 seconds
Iter 1456/1831 took 2.66 seconds
Iter 1457/1831 took 2.68 seconds
Iter 1458/1831 took 2.75 seconds
Iter 1459/1831 took 2.71 seconds
Iter 1460/1831 took 2.78 seconds
Iter 1461/1831 took 2.84 seconds
Iter 1462/1831 took 2.75 seconds
Iter 1463/1831 took 2.81 seconds
Iter 1464/1831 took 2.76 seconds
Iter 1465/1831 took 2.69 seconds
Iter 1466/1831 took 2.67 seconds
Iter 1467/1831 took 2.67 seconds
Iter 1468/1831 took 2.65 seconds
Iter 1469/1831 took 2.70 seconds
Iter 1470/1831 took 2.66 seconds
Iter 1471/1831 took 2.63 seconds
Iter 1472/1831 took 2.69 seconds
Iter 1473/1831 took 2.77 seconds
Iter 1474/1831 took 2.77 seconds
Iter 1475/1831 took 2.69 seconds
Iter 1476/1831 took 2.70 seconds
Iter 1477/1831 took 2.67 seconds
Iter 1478/1831 took 2.73 seconds
Iter 1479/1831 took 2.80 seconds
Iter 1480/1831 took 2.67 seconds
Iter 1481/1831 took 2.76 seconds
Iter 1482/1831 took 2.70 seconds
Iter 1483/1831 took 2.76 seconds
Iter 1484/1831 took 2.74 seconds
Iter 1485/1831 took 2.71 seconds
Iter 1486/1831 took 2.66 seconds
Iter 1487/1831 took 2.83 seconds
Iter 1488/1831 took 2.71 seconds
Iter 1489/1831 took 2.67 seconds
Iter 1490/1831 took 2.68 seconds
Iter 1491/1831 took 2.65 seconds
Iter 1492/1831 took 2.66 seconds
Iter 1493/1831 took 2.69 seconds
Iter 1494/1831 took 2.71 seconds
Iter 1495/1831 took 2.74 seconds
Iter 1496/1831 took 2.73 seconds
Iter 1497/1831 took 2.61 seconds
Iter 1498/1831 took 2.65 seconds
Iter 1499/1831 took 2.66 seconds
Iter 1500/1831 took 2.58 seconds
Iter 1501/1831 took 2.61 seconds
Iter 1502/1831 took 2.65 seconds
Iter 1503/1831 took 2.65 seconds
Iter 1504/1831 took 2.71 seconds
Iter 1505/1831 took 2.69 seconds
Iter 1506/1831 took 2.69 seconds
Iter 1507/1831 took 2.66 seconds
Iter 1508/1831 took 2.69 seconds
Iter 1509/1831 took 2.67 seconds
Iter 1510/1831 took 2.67 seconds
Iter 1511/1831 took 2.65 seconds
Iter 1512/1831 took 2.66 seconds
Iter 1513/1831 took 2.64 seconds
Iter 1514/1831 took 2.66 seconds
Iter 1515/1831 took 2.67 seconds
Iter 1516/1831 took 2.65 seconds
Iter 1517/1831 took 2.65 seconds
Iter 1518/1831 took 2.58 seconds
Iter 1519/1831 took 2.61 seconds
Iter 1520/1831 took 2.65 seconds
Iter 1521/1831 took 2.65 seconds
Iter 1522/1831 took 2.69 seconds
Iter 1523/1831 took 2.69 seconds
Iter 1524/1831 took 2.69 seconds
Iter 1525/1831 took 2.65 seconds
Iter 1526/1831 took 2.77 seconds
checkpoint saved to /home/aojili/lsy_drone_racing/lsy_drone_racing/control/checkpoints/level3_loop_026_v5_loop020_completion_backloaded_maturation_60m/level3_loop_026_v5_loop020_completion_backloaded_maturation_60m_step_050000000.ckpt at global_step=50003968
Iter 1527/1831 took 2.72 seconds
Iter 1528/1831 took 2.74 seconds
Iter 1529/1831 took 2.73 seconds
Iter 1530/1831 took 2.74 seconds
Iter 1531/1831 took 2.70 seconds
Iter 1532/1831 took 2.69 seconds
Iter 1533/1831 took 2.83 seconds
Iter 1534/1831 took 2.77 seconds
Iter 1535/1831 took 2.77 seconds
Iter 1536/1831 took 2.72 seconds
Iter 1537/1831 took 2.82 seconds
Iter 1538/1831 took 2.70 seconds
Iter 1539/1831 took 2.71 seconds
Iter 1540/1831 took 2.82 seconds
Iter 1541/1831 took 2.97 seconds
Iter 1542/1831 took 2.84 seconds
Iter 1543/1831 took 2.73 seconds
Iter 1544/1831 took 2.74 seconds
Iter 1545/1831 took 2.80 seconds
Iter 1546/1831 took 2.77 seconds
Iter 1547/1831 took 2.75 seconds
Iter 1548/1831 took 2.84 seconds
Iter 1549/1831 took 2.81 seconds
Iter 1550/1831 took 2.86 seconds
Iter 1551/1831 took 2.81 seconds
Iter 1552/1831 took 2.80 seconds
Iter 1553/1831 took 2.66 seconds
Iter 1554/1831 took 2.64 seconds
Iter 1555/1831 took 2.64 seconds
Iter 1556/1831 took 2.64 seconds
Iter 1557/1831 took 2.63 seconds
Iter 1558/1831 took 2.68 seconds
Iter 1559/1831 took 2.66 seconds
Iter 1560/1831 took 2.78 seconds
Iter 1561/1831 took 2.80 seconds
Iter 1562/1831 took 2.74 seconds
Iter 1563/1831 took 2.73 seconds
Iter 1564/1831 took 2.71 seconds
Iter 1565/1831 took 2.66 seconds
Iter 1566/1831 took 2.65 seconds
Iter 1567/1831 took 2.74 seconds
Iter 1568/1831 took 2.90 seconds
Iter 1569/1831 took 2.87 seconds
Iter 1570/1831 took 2.77 seconds
Iter 1571/1831 took 2.74 seconds
Iter 1572/1831 took 2.85 seconds
Iter 1573/1831 took 2.70 seconds
Iter 1574/1831 took 2.67 seconds
Iter 1575/1831 took 2.62 seconds
Iter 1576/1831 took 2.62 seconds
Iter 1577/1831 took 2.72 seconds
Iter 1578/1831 took 2.93 seconds
Iter 1579/1831 took 2.68 seconds
Iter 1580/1831 took 2.80 seconds
Iter 1581/1831 took 2.76 seconds
Iter 1582/1831 took 2.75 seconds
Iter 1583/1831 took 2.88 seconds
Iter 1584/1831 took 2.90 seconds
Iter 1585/1831 took 2.85 seconds
Iter 1586/1831 took 2.80 seconds
Iter 1587/1831 took 2.83 seconds
Iter 1588/1831 took 2.98 seconds
Iter 1589/1831 took 2.97 seconds
Iter 1590/1831 took 2.74 seconds
Iter 1591/1831 took 2.79 seconds
Iter 1592/1831 took 2.71 seconds
Iter 1593/1831 took 2.72 seconds
Iter 1594/1831 took 2.82 seconds
Iter 1595/1831 took 2.87 seconds
Iter 1596/1831 took 2.71 seconds
Iter 1597/1831 took 2.71 seconds
Iter 1598/1831 took 2.72 seconds
Iter 1599/1831 took 2.66 seconds
Iter 1600/1831 took 2.68 seconds
Iter 1601/1831 took 2.68 seconds
Iter 1602/1831 took 2.67 seconds
Iter 1603/1831 took 2.66 seconds
Iter 1604/1831 took 2.70 seconds
Iter 1605/1831 took 2.68 seconds
Iter 1606/1831 took 2.70 seconds
Iter 1607/1831 took 2.73 seconds
Iter 1608/1831 took 2.68 seconds
Iter 1609/1831 took 2.68 seconds
Iter 1610/1831 took 2.73 seconds
Iter 1611/1831 took 2.75 seconds
Iter 1612/1831 took 2.79 seconds
Iter 1613/1831 took 2.68 seconds
Iter 1614/1831 took 2.71 seconds
Iter 1615/1831 took 2.82 seconds
Iter 1616/1831 took 2.82 seconds
Iter 1617/1831 took 2.77 seconds
Iter 1618/1831 took 2.84 seconds
Iter 1619/1831 took 2.67 seconds
Iter 1620/1831 took 2.71 seconds
Iter 1621/1831 took 2.67 seconds
Iter 1622/1831 took 2.67 seconds
Iter 1623/1831 took 2.73 seconds
Iter 1624/1831 took 2.78 seconds
Iter 1625/1831 took 2.82 seconds
Iter 1626/1831 took 2.74 seconds
Iter 1627/1831 took 2.67 seconds
Iter 1628/1831 took 2.78 seconds
Iter 1629/1831 took 2.82 seconds
Iter 1630/1831 took 2.69 seconds
Iter 1631/1831 took 2.88 seconds
Iter 1632/1831 took 2.86 seconds
Iter 1633/1831 took 2.82 seconds
Iter 1634/1831 took 2.68 seconds
Iter 1635/1831 took 2.69 seconds
Iter 1636/1831 took 2.71 seconds
Iter 1637/1831 took 2.70 seconds
Iter 1638/1831 took 2.76 seconds
Iter 1639/1831 took 2.73 seconds
Iter 1640/1831 took 2.74 seconds
Iter 1641/1831 took 2.73 seconds
Iter 1642/1831 took 2.66 seconds
Iter 1643/1831 took 2.72 seconds
Iter 1644/1831 took 2.64 seconds
Iter 1645/1831 took 2.63 seconds
Iter 1646/1831 took 2.63 seconds
Iter 1647/1831 took 2.65 seconds
Iter 1648/1831 took 2.63 seconds
Iter 1649/1831 took 2.63 seconds
Iter 1650/1831 took 2.63 seconds
Iter 1651/1831 took 2.64 seconds
Iter 1652/1831 took 2.64 seconds
Iter 1653/1831 took 2.66 seconds
Iter 1654/1831 took 2.70 seconds
Iter 1655/1831 took 2.72 seconds
Iter 1656/1831 took 2.69 seconds
Iter 1657/1831 took 2.73 seconds
Iter 1658/1831 took 2.86 seconds
Iter 1659/1831 took 2.80 seconds
Iter 1660/1831 took 2.89 seconds
Iter 1661/1831 took 2.82 seconds
Iter 1662/1831 took 2.80 seconds
Iter 1663/1831 took 2.69 seconds
Iter 1664/1831 took 2.64 seconds
Iter 1665/1831 took 2.68 seconds
Iter 1666/1831 took 2.70 seconds
Iter 1667/1831 took 2.68 seconds
Iter 1668/1831 took 2.72 seconds
Iter 1669/1831 took 2.69 seconds
Iter 1670/1831 took 2.71 seconds
Iter 1671/1831 took 2.70 seconds
Iter 1672/1831 took 2.68 seconds
Iter 1673/1831 took 2.68 seconds
Iter 1674/1831 took 2.77 seconds
Iter 1675/1831 took 2.83 seconds
Iter 1676/1831 took 2.68 seconds
Iter 1677/1831 took 2.73 seconds
Iter 1678/1831 took 2.68 seconds
Iter 1679/1831 took 2.66 seconds
checkpoint saved to /home/aojili/lsy_drone_racing/lsy_drone_racing/control/checkpoints/level3_loop_026_v5_loop020_completion_backloaded_maturation_60m/level3_loop_026_v5_loop020_completion_backloaded_maturation_60m_step_055000000.ckpt at global_step=55017472wandb: updating run metadata
wandb: uploading history steps 58428-58584, summary, console lines 1841-1847
wandb: 
wandb: Run history:
wandb:                charts/SPS ▁▁▁▂▂▂▂▃▃▃▃▃▃▃▃▄▄▄▄▄▄▅▅▅▅▆▆▆▆▇▇▇▇▇▇█████
wandb:      charts/learning_rate ███▇▇▇▇▇▇▇▇▆▆▆▆▆▅▅▅▅▄▄▄▄▄▄▃▃▃▃▃▃▂▂▂▂▂▁▁▁
wandb:               global_step ▁▁▂▂▂▂▂▂▃▃▃▃▃▄▄▄▄▄▄▄▅▅▅▅▅▅▅▆▆▆▇▇▇▇▇▇████
wandb:          losses/approx_kl ▇▇▅██▇█▆▇█▆▆▅▆▆▄▅▄▄▂▂▁▂▁▁▁▁▁▁▁▁▁▁▁▁▁▁▁▁▁
wandb:           losses/clipfrac ▅▅▅▄█▄▆▃▅▅▇▂▄▃▂▃▃▂▁▁▁▁▁▁▁▁▁▁▁▁▁▁▁▁▁▁▁▁▁▁
wandb:            losses/entropy ▁▁▁▂▂▂▂▂▂▃▃▃▄▄▄▅▅▅▅▆▆▆▆▆▆▇▇▇▇▇██████████
wandb: losses/explained_variance ▄▄▁▄▅▄▄▄▅▅▅▅▅▆▅▅▆▅▆▆▅▆▅▆▆▆▇▇▅▅▆█▆▇▆▇▆▇▆▇
wandb:      losses/old_approx_kl ▄█▄▅▇▄▆▇▆▄▅▃▁▃▁▂▁▁▁▁▁▁▁▁▁▁▁▁▁▁▁▁▁▁▁▁▁▁▁▁
wandb:        losses/policy_loss ▃▁▃▃▅▅▅▄▄▆▃▃▇▄▇▄▆▅▆▇▆▅█▇▇▇▇▇▇▇▇▇▇▇▇▇▇▇▇▇
wandb:         losses/value_loss ▃▃▃▃▃▂▃▂▃▁▁▂▁▂▁▁▂▂▃▃▄▅▄▃▄▅▅▇▆▅▆▆▆▆▅▇▆▆█▇
wandb:                       +45 ...
wandb: 
wandb: Run summary:
wandb:                charts/SPS 21491540
wandb:      charts/learning_rate 0.0
wandb:               global_step 59998208
wandb:          losses/approx_kl -0.0
wandb:           losses/clipfrac 0
wandb:            losses/entropy 21.16755
wandb: losses/explained_variance 0.82116
wandb:      losses/old_approx_kl -0.0
wandb:        losses/policy_loss 0.0
wandb:         losses/value_loss 1143.9502
wandb:                       +45 ...
wandb: 
wandb: 🚀 View run level3_loop_026_v5_loop020_completion_backloaded_maturation_60m at: https://wandb.ai/aojili77-technical-university-of-munich/ADR-PPO-Racing-Level3/runs/level3_loop_026_v5_loop020_completion_backloaded_maturation_60m
wandb: ⭐️ View project at: https://wandb.ai/aojili77-technical-university-of-munich/ADR-PPO-Racing-Level3
wandb: Synced 5 W&B file(s), 0 media file(s), 0 artifact file(s) and 0 other file(s)
wandb: Find logs at: ./wandb/run-20260620_062538-level3_loop_026_v5_loop020_completion_backloaded_maturation_60m/logs

Iter 1680/1831 took 2.73 seconds
Iter 1681/1831 took 2.70 seconds
Iter 1682/1831 took 2.69 seconds
Iter 1683/1831 took 2.62 seconds
Iter 1684/1831 took 2.68 seconds
Iter 1685/1831 took 2.67 seconds
Iter 1686/1831 took 2.68 seconds
Iter 1687/1831 took 2.79 seconds
Iter 1688/1831 took 2.71 seconds
Iter 1689/1831 took 2.75 seconds
Iter 1690/1831 took 2.70 seconds
Iter 1691/1831 took 2.70 seconds
Iter 1692/1831 took 2.72 seconds
Iter 1693/1831 took 2.72 seconds
Iter 1694/1831 took 2.81 seconds
Iter 1695/1831 took 2.94 seconds
Iter 1696/1831 took 2.77 seconds
Iter 1697/1831 took 2.96 seconds
Iter 1698/1831 took 2.74 seconds
Iter 1699/1831 took 2.69 seconds
Iter 1700/1831 took 2.69 seconds
Iter 1701/1831 took 2.78 seconds
Iter 1702/1831 took 2.79 seconds
Iter 1703/1831 took 2.79 seconds
Iter 1704/1831 took 2.67 seconds
Iter 1705/1831 took 2.60 seconds
Iter 1706/1831 took 2.74 seconds
Iter 1707/1831 took 2.83 seconds
Iter 1708/1831 took 2.73 seconds
Iter 1709/1831 took 2.63 seconds
Iter 1710/1831 took 2.72 seconds
Iter 1711/1831 took 2.74 seconds
Iter 1712/1831 took 2.71 seconds
Iter 1713/1831 took 2.68 seconds
Iter 1714/1831 took 2.66 seconds
Iter 1715/1831 took 2.71 seconds
Iter 1716/1831 took 2.84 seconds
Iter 1717/1831 took 2.74 seconds
Iter 1718/1831 took 2.79 seconds
Iter 1719/1831 took 2.69 seconds
Iter 1720/1831 took 2.74 seconds
Iter 1721/1831 took 2.65 seconds
Iter 1722/1831 took 2.98 seconds
Iter 1723/1831 took 2.79 seconds
Iter 1724/1831 took 2.83 seconds
Iter 1725/1831 took 2.78 seconds
Iter 1726/1831 took 2.82 seconds
Iter 1727/1831 took 2.84 seconds
Iter 1728/1831 took 2.79 seconds
Iter 1729/1831 took 2.68 seconds
Iter 1730/1831 took 2.66 seconds
Iter 1731/1831 took 2.66 seconds
Iter 1732/1831 took 2.70 seconds
Iter 1733/1831 took 2.75 seconds
Iter 1734/1831 took 2.76 seconds
Iter 1735/1831 took 2.83 seconds
Iter 1736/1831 took 2.76 seconds
Iter 1737/1831 took 2.75 seconds
Iter 1738/1831 took 2.70 seconds
Iter 1739/1831 took 2.73 seconds
Iter 1740/1831 took 2.70 seconds
Iter 1741/1831 took 2.78 seconds
Iter 1742/1831 took 2.72 seconds
Iter 1743/1831 took 2.71 seconds
Iter 1744/1831 took 2.73 seconds
Iter 1745/1831 took 2.71 seconds
Iter 1746/1831 took 2.80 seconds
Iter 1747/1831 took 2.71 seconds
Iter 1748/1831 took 2.70 seconds
Iter 1749/1831 took 2.76 seconds
Iter 1750/1831 took 2.75 seconds
Iter 1751/1831 took 2.77 seconds
Iter 1752/1831 took 2.82 seconds
Iter 1753/1831 took 2.65 seconds
Iter 1754/1831 took 2.66 seconds
Iter 1755/1831 took 2.66 seconds
Iter 1756/1831 took 2.70 seconds
Iter 1757/1831 took 2.61 seconds
Iter 1758/1831 took 2.68 seconds
Iter 1759/1831 took 2.70 seconds
Iter 1760/1831 took 2.68 seconds
Iter 1761/1831 took 2.70 seconds
Iter 1762/1831 took 2.73 seconds
Iter 1763/1831 took 2.69 seconds
Iter 1764/1831 took 2.69 seconds
Iter 1765/1831 took 2.69 seconds
Iter 1766/1831 took 2.70 seconds
Iter 1767/1831 took 2.74 seconds
Iter 1768/1831 took 2.82 seconds
Iter 1769/1831 took 2.65 seconds
Iter 1770/1831 took 2.78 seconds
Iter 1771/1831 took 2.89 seconds
Iter 1772/1831 took 2.87 seconds
Iter 1773/1831 took 2.86 seconds
Iter 1774/1831 took 2.77 seconds
Iter 1775/1831 took 2.78 seconds
Iter 1776/1831 took 2.66 seconds
Iter 1777/1831 took 2.67 seconds
Iter 1778/1831 took 2.73 seconds
Iter 1779/1831 took 2.70 seconds
Iter 1780/1831 took 2.76 seconds
Iter 1781/1831 took 2.73 seconds
Iter 1782/1831 took 2.89 seconds
Iter 1783/1831 took 2.69 seconds
Iter 1784/1831 took 2.72 seconds
Iter 1785/1831 took 2.79 seconds
Iter 1786/1831 took 2.69 seconds
Iter 1787/1831 took 2.78 seconds
Iter 1788/1831 took 2.74 seconds
Iter 1789/1831 took 2.73 seconds
Iter 1790/1831 took 2.68 seconds
Iter 1791/1831 took 2.73 seconds
Iter 1792/1831 took 2.81 seconds
Iter 1793/1831 took 2.78 seconds
Iter 1794/1831 took 2.90 seconds
Iter 1795/1831 took 2.87 seconds
Iter 1796/1831 took 2.83 seconds
Iter 1797/1831 took 2.74 seconds
Iter 1798/1831 took 2.78 seconds
Iter 1799/1831 took 2.67 seconds
Iter 1800/1831 took 2.81 seconds
Iter 1801/1831 took 2.85 seconds
Iter 1802/1831 took 2.81 seconds
Iter 1803/1831 took 2.68 seconds
Iter 1804/1831 took 2.73 seconds
Iter 1805/1831 took 2.86 seconds
Iter 1806/1831 took 2.73 seconds
Iter 1807/1831 took 2.68 seconds
Iter 1808/1831 took 2.75 seconds
Iter 1809/1831 took 2.71 seconds
Iter 1810/1831 took 2.69 seconds
Iter 1811/1831 took 2.75 seconds
Iter 1812/1831 took 2.75 seconds
Iter 1813/1831 took 2.83 seconds
Iter 1814/1831 took 2.93 seconds
Iter 1815/1831 took 2.78 seconds
Iter 1816/1831 took 2.80 seconds
Iter 1817/1831 took 2.87 seconds
Iter 1818/1831 took 2.94 seconds
Iter 1819/1831 took 2.65 seconds
Iter 1820/1831 took 2.62 seconds
Iter 1821/1831 took 2.72 seconds
Iter 1822/1831 took 2.76 seconds
Iter 1823/1831 took 2.76 seconds
Iter 1824/1831 took 2.73 seconds
Iter 1825/1831 took 2.68 seconds
Iter 1826/1831 took 2.70 seconds
Iter 1827/1831 took 2.72 seconds
Iter 1828/1831 took 2.62 seconds
Iter 1829/1831 took 2.62 seconds
Iter 1830/1831 took 2.74 seconds
Iter 1831/1831 took 2.79 seconds
Training for 59998208 steps took 5008.15 seconds.
model saved to /home/aojili/lsy_drone_racing/lsy_drone_racing/control/checkpoints/level3_loop_026_v5_loop020_completion_backloaded_maturation_60m/level3_loop_026_v5_loop020_completion_backloaded_maturation_60m_final.ckpt
