$ /home/aojili/lsy_drone_racing/.pixi/envs/gpu/bin/python /home/aojili/lsy_drone_racing/lsy_drone_racing/control/train_CleanRL_ppo_level3.py --config=level3_dr.toml --wandb_enabled=True --wandb_project_name=ADR-PPO-Racing-Level3 --wandb_mode=online --train=True --eval=0 --total_timesteps=80000000 --num_envs=1024 --num_steps=32 --cuda=True --jax_device=gpu --model_name=checkpoints/level3_loop_004_gate_acquisition_safety/level3_loop_004_gate_acquisition_safety_final.ckpt --checkpoint_dir=/home/aojili/lsy_drone_racing/lsy_drone_racing/control/checkpoints/level3_loop_004_gate_acquisition_safety --checkpoint_interval=5000000 --wandb_entity=aojili77-technical-university-of-munich --wandb_run_name=level3_loop_004_gate_acquisition_safety --wandb_run_id=level3_loop_004_gate_acquisition_safety --initial_model_name=/home/aojili/lsy_drone_racing/lsy_drone_racing/control/checkpoints/level3_loop_003_gate_acquisition_safety/level3_loop_003_gate_acquisition_safety_step_005000000.ckpt --learning_rate=0.0003 --gamma=0.99 --gae_lambda=0.95 --update_epochs=5 --num_minibatches=8 --ent_coef=0.02 --target_kl=0.03 --hidden_dim=256 --n_obs=2 --progress_coef=0.0 --gate_stage_coef=14.0 --gate_axis_coef=28.0 --near_gate_coef=0.0 --gate_bonus=220.0 --gate_front_bonus=10.0 --gate_plane_bonus=0.0 --gate_back_bonus=45.0 --finish_bonus=190.0 --missed_gate_penalty=0.0 --wrong_side_penalty=8.0 --crash_penalty=55.0 --obstacle_coef=5.25 --obstacle_margin=0.2 --obstacle_clearance_coef=0.0 --timeout_penalty=80.0 --time_penalty=0.015 --act_coef=0.015 --d_act_th_coef=0.075 --d_act_xy_coef=0.08 --cmd_tilt_coef=0.9 --rpy_coef=0.75 --tilt_limit_deg=38.0 --tilt_excess_coef=14.0

W0618 01:47:20.579574  410109 cuda_executor.cc:1802] GPU interconnect information not available: INTERNAL: NVML doesn't support extracting fabric info or NVLink is not used by the device.
W0618 01:47:20.582023  410032 cuda_executor.cc:1802] GPU interconnect information not available: INTERNAL: NVML doesn't support extracting fabric info or NVLink is not used by the device.
wandb: [wandb.login()] Loaded credentials for https://api.wandb.ai from /home/aojili/.netrc.
wandb: Currently logged in as: aojili77 (aojili77-technical-university-of-munich) to https://api.wandb.ai. Use `wandb login --relogin` to force relogin
wandb: setting up run level3_loop_004_gate_acquisition_safety
wandb: Tracking run with wandb version 0.25.1
wandb: Run data is saved locally in /home/aojili/lsy_drone_racing/wandb/run-20260618_014724-level3_loop_004_gate_acquisition_safety
wandb: Run `wandb offline` to turn off syncing.
wandb: Syncing run level3_loop_004_gate_acquisition_safety
wandb: ⭐️ View project at https://wandb.ai/aojili77-technical-university-of-munich/ADR-PPO-Racing-Level3
wandb: 🚀 View run at https://wandb.ai/aojili77-technical-university-of-munich/ADR-PPO-Racing-Level3/runs/level3_loop_004_gate_acquisition_safety
/home/aojili/lsy_drone_racing/.pixi/envs/gpu/lib/python3.13/site-packages/jax/_src/abstract_arrays.py:135: RuntimeWarning: overflow encountered in cast
  return literals.TypedNdArray(np.asarray(x, dtype), weak_type=False)
Training on device: cuda | Environment device: gpu
initialized agent weights from /home/aojili/lsy_drone_racing/lsy_drone_racing/control/checkpoints/level3_loop_003_gate_acquisition_safety/level3_loop_003_gate_acquisition_safety_step_005000000.ckpt; optimizer starts fresh
Iter 1/2441 took 15.31 seconds
Iter 2/2441 took 2.35 seconds
Iter 3/2441 took 2.31 seconds
Iter 4/2441 took 2.30 seconds
Iter 5/2441 took 2.39 seconds
Iter 6/2441 took 2.33 seconds
Iter 7/2441 took 2.34 seconds
Iter 8/2441 took 2.36 seconds
Iter 9/2441 took 2.50 seconds
Iter 10/2441 took 2.58 seconds
Iter 11/2441 took 2.55 seconds
Iter 12/2441 took 2.48 seconds
Iter 13/2441 took 2.42 seconds
Iter 14/2441 took 2.53 seconds
Iter 15/2441 took 2.37 seconds
Iter 16/2441 took 2.35 seconds
Iter 17/2441 took 2.36 seconds
Iter 18/2441 took 2.36 seconds
Iter 19/2441 took 2.39 seconds
Iter 20/2441 took 2.35 seconds
Iter 21/2441 took 2.33 seconds
Iter 22/2441 took 2.35 seconds
Iter 23/2441 took 2.40 seconds
Iter 24/2441 took 2.44 seconds
Iter 25/2441 took 2.39 seconds
Iter 26/2441 took 2.38 seconds
Iter 27/2441 took 2.34 seconds
Iter 28/2441 took 2.41 seconds
Iter 29/2441 took 2.49 seconds
Iter 30/2441 took 2.36 seconds
Iter 31/2441 took 2.40 seconds
Iter 32/2441 took 2.44 seconds
Iter 33/2441 took 2.39 seconds
Iter 34/2441 took 2.56 seconds
Iter 35/2441 took 2.34 seconds
Iter 36/2441 took 2.42 seconds
Iter 37/2441 took 2.35 seconds
Iter 38/2441 took 2.34 seconds
Iter 39/2441 took 2.37 seconds
Iter 40/2441 took 2.36 seconds
Iter 41/2441 took 2.34 seconds
Iter 42/2441 took 2.30 seconds
Iter 43/2441 took 2.46 seconds
Iter 44/2441 took 2.44 seconds
Iter 45/2441 took 2.37 seconds
Iter 46/2441 took 2.42 seconds
Iter 47/2441 took 2.35 seconds
Iter 48/2441 took 2.34 seconds
Iter 49/2441 took 2.32 seconds
Iter 50/2441 took 2.37 seconds
Iter 51/2441 took 2.34 seconds
Iter 52/2441 took 2.31 seconds
Iter 53/2441 took 2.39 seconds
Iter 54/2441 took 2.37 seconds
Iter 55/2441 took 2.47 seconds
Iter 56/2441 took 2.38 seconds
Iter 57/2441 took 2.40 seconds
Iter 58/2441 took 2.43 seconds
Iter 59/2441 took 2.40 seconds
Iter 60/2441 took 2.35 seconds
Iter 61/2441 took 2.35 seconds
Iter 62/2441 took 2.38 seconds
Iter 63/2441 took 2.38 seconds
Iter 64/2441 took 2.32 seconds
Iter 65/2441 took 2.43 seconds
Iter 66/2441 took 2.40 seconds
Iter 67/2441 took 2.39 seconds
Iter 68/2441 took 2.44 seconds
Iter 69/2441 took 2.59 seconds
Iter 70/2441 took 2.41 seconds
Iter 71/2441 took 2.48 seconds
Iter 72/2441 took 2.39 seconds
Iter 73/2441 took 2.40 seconds
Iter 74/2441 took 2.39 seconds
Iter 75/2441 took 2.32 seconds
Iter 76/2441 took 2.30 seconds
Iter 77/2441 took 2.38 seconds
Iter 78/2441 took 2.46 seconds
Iter 79/2441 took 2.40 seconds
Iter 80/2441 took 2.50 seconds
Iter 81/2441 took 2.39 seconds
Iter 82/2441 took 2.36 seconds
Iter 83/2441 took 2.32 seconds
Iter 84/2441 took 2.39 seconds
Iter 85/2441 took 2.42 seconds
Iter 86/2441 took 2.53 seconds
Iter 87/2441 took 2.44 seconds
Iter 88/2441 took 2.52 seconds
Iter 89/2441 took 2.43 seconds
Iter 90/2441 took 2.42 seconds
Iter 91/2441 took 2.42 seconds
Iter 92/2441 took 2.39 seconds
Iter 93/2441 took 2.46 seconds
Iter 94/2441 took 2.36 seconds
Iter 95/2441 took 2.41 seconds
Iter 96/2441 took 2.35 seconds
Iter 97/2441 took 2.33 seconds
Iter 98/2441 took 2.37 seconds
Iter 99/2441 took 2.41 seconds
Iter 100/2441 took 2.39 seconds
Iter 101/2441 took 2.37 seconds
Iter 102/2441 took 2.48 seconds
Iter 103/2441 took 2.39 seconds
Iter 104/2441 took 2.43 seconds
Iter 105/2441 took 2.40 seconds
Iter 106/2441 took 2.40 seconds
Iter 107/2441 took 2.37 seconds
Iter 108/2441 took 2.33 seconds
Iter 109/2441 took 2.33 seconds
Iter 110/2441 took 2.31 seconds
Iter 111/2441 took 2.45 seconds
Iter 112/2441 took 2.41 seconds
Iter 113/2441 took 2.40 seconds
Iter 114/2441 took 2.45 seconds
Iter 115/2441 took 2.30 seconds
Iter 116/2441 took 2.34 seconds
Iter 117/2441 took 2.31 seconds
Iter 118/2441 took 2.32 seconds
Iter 119/2441 took 2.32 seconds
Iter 120/2441 took 2.38 seconds
Iter 121/2441 took 2.42 seconds
Iter 122/2441 took 2.39 seconds
Iter 123/2441 took 2.36 seconds
Iter 124/2441 took 2.36 seconds
Iter 125/2441 took 2.34 seconds
Iter 126/2441 took 2.47 seconds
Iter 127/2441 took 2.35 seconds
Iter 128/2441 took 2.34 seconds
Iter 129/2441 took 2.36 seconds
Iter 130/2441 took 2.35 seconds
Iter 131/2441 took 2.41 seconds
Iter 132/2441 took 2.33 seconds
Iter 133/2441 took 2.37 seconds
Iter 134/2441 took 2.37 seconds
Iter 135/2441 took 2.39 seconds
Iter 136/2441 took 2.38 seconds
Iter 137/2441 took 2.46 seconds
Iter 138/2441 took 2.43 seconds
Iter 139/2441 took 2.34 seconds
Iter 140/2441 took 2.34 seconds
Iter 141/2441 took 2.40 seconds
Iter 142/2441 took 2.38 seconds
Iter 143/2441 took 2.37 seconds
Iter 144/2441 took 2.40 seconds
Iter 145/2441 took 2.29 seconds
Iter 146/2441 took 2.32 seconds
Iter 147/2441 took 2.34 seconds
Iter 148/2441 took 2.35 seconds
Iter 149/2441 took 2.36 seconds
Iter 150/2441 took 2.34 seconds
Iter 151/2441 took 2.32 seconds
Iter 152/2441 took 2.44 seconds
Iter 153/2441 took 2.36 seconds
checkpoint saved to /home/aojili/lsy_drone_racing/lsy_drone_racing/control/checkpoints/level3_loop_004_gate_acquisition_safety/level3_loop_004_gate_acquisition_safety_step_005000000.ckpt at global_step=5013504
Iter 154/2441 took 2.39 seconds
Iter 155/2441 took 2.33 seconds
Iter 156/2441 took 2.34 seconds
Iter 157/2441 took 2.45 seconds
Iter 158/2441 took 2.35 seconds
Iter 159/2441 took 2.34 seconds
Iter 160/2441 took 2.38 seconds
Iter 161/2441 took 2.36 seconds
Iter 162/2441 took 2.51 seconds
Iter 163/2441 took 2.36 seconds
Iter 164/2441 took 2.33 seconds
Iter 165/2441 took 2.41 seconds
Iter 166/2441 took 2.36 seconds
Iter 167/2441 took 2.40 seconds
Iter 168/2441 took 2.36 seconds
Iter 169/2441 took 2.36 seconds
Iter 170/2441 took 2.37 seconds
Iter 171/2441 took 2.41 seconds
Iter 172/2441 took 2.33 seconds
Iter 173/2441 took 2.34 seconds
Iter 174/2441 took 2.38 seconds
Iter 175/2441 took 2.37 seconds
Iter 176/2441 took 2.36 seconds
Iter 177/2441 took 2.37 seconds
Iter 178/2441 took 2.32 seconds
Iter 179/2441 took 2.37 seconds
Iter 180/2441 took 2.41 seconds
Iter 181/2441 took 2.37 seconds
Iter 182/2441 took 2.42 seconds
Iter 183/2441 took 2.37 seconds
Iter 184/2441 took 2.42 seconds
Iter 185/2441 took 2.39 seconds
Iter 186/2441 took 2.38 seconds
Iter 187/2441 took 2.31 seconds
Iter 188/2441 took 2.34 seconds
Iter 189/2441 took 2.34 seconds
Iter 190/2441 took 2.35 seconds
Iter 191/2441 took 2.38 seconds
Iter 192/2441 took 2.37 seconds
Iter 193/2441 took 2.45 seconds
Iter 194/2441 took 2.40 seconds
Iter 195/2441 took 2.34 seconds
Iter 196/2441 took 2.34 seconds
Iter 197/2441 took 2.42 seconds
Iter 198/2441 took 2.35 seconds
Iter 199/2441 took 2.39 seconds
Iter 200/2441 took 2.42 seconds
Iter 201/2441 took 2.38 seconds
Iter 202/2441 took 2.36 seconds
Iter 203/2441 took 2.32 seconds
Iter 204/2441 took 2.29 seconds
Iter 205/2441 took 2.31 seconds
Iter 206/2441 took 2.35 seconds
Iter 207/2441 took 2.36 seconds
Iter 208/2441 took 2.34 seconds
Iter 209/2441 took 2.40 seconds
Iter 210/2441 took 2.43 seconds
Iter 211/2441 took 2.37 seconds
Iter 212/2441 took 2.34 seconds
Iter 213/2441 took 2.36 seconds
Iter 214/2441 took 2.43 seconds
Iter 215/2441 took 2.36 seconds
Iter 216/2441 took 2.40 seconds
Iter 217/2441 took 2.36 seconds
Iter 218/2441 took 2.37 seconds
Iter 219/2441 took 2.33 seconds
Iter 220/2441 took 2.39 seconds
Iter 221/2441 took 2.40 seconds
Iter 222/2441 took 2.44 seconds
Iter 223/2441 took 2.28 seconds
Iter 224/2441 took 2.39 seconds
Iter 225/2441 took 2.42 seconds
Iter 226/2441 took 2.45 seconds
Iter 227/2441 took 2.39 seconds
Iter 228/2441 took 2.32 seconds
Iter 229/2441 took 2.32 seconds
Iter 230/2441 took 2.33 seconds
Iter 231/2441 took 2.35 seconds
Iter 232/2441 took 2.37 seconds
Iter 233/2441 took 2.37 seconds
Iter 234/2441 took 2.40 seconds
Iter 235/2441 took 2.37 seconds
Iter 236/2441 took 2.30 seconds
Iter 237/2441 took 2.37 seconds
Iter 238/2441 took 2.37 seconds
Iter 239/2441 took 2.41 seconds
Iter 240/2441 took 2.47 seconds
Iter 241/2441 took 2.47 seconds
Iter 242/2441 took 2.42 seconds
Iter 243/2441 took 2.33 seconds
Iter 244/2441 took 2.37 seconds
Iter 245/2441 took 2.39 seconds
Iter 246/2441 took 2.38 seconds
Iter 247/2441 took 2.39 seconds
Iter 248/2441 took 2.39 seconds
Iter 249/2441 took 2.36 seconds
Iter 250/2441 took 2.36 seconds
Iter 251/2441 took 2.37 seconds
Iter 252/2441 took 2.44 seconds
Iter 253/2441 took 2.39 seconds
Iter 254/2441 took 2.38 seconds
Iter 255/2441 took 2.36 seconds
Iter 256/2441 took 2.38 seconds
Iter 257/2441 took 2.43 seconds
Iter 258/2441 took 2.44 seconds
Iter 259/2441 took 2.39 seconds
Iter 260/2441 took 2.34 seconds
Iter 261/2441 took 2.34 seconds
Iter 262/2441 took 2.37 seconds
Iter 263/2441 took 2.35 seconds
Iter 264/2441 took 2.46 seconds
Iter 265/2441 took 2.39 seconds
Iter 266/2441 took 2.40 seconds
Iter 267/2441 took 2.46 seconds
Iter 268/2441 took 2.31 seconds
Iter 269/2441 took 2.34 seconds
Iter 270/2441 took 2.35 seconds
Iter 271/2441 took 2.36 seconds
Iter 272/2441 took 2.33 seconds
Iter 273/2441 took 2.34 seconds
Iter 274/2441 took 2.37 seconds
Iter 275/2441 took 2.35 seconds
Iter 276/2441 took 2.34 seconds
Iter 277/2441 took 2.34 seconds
Iter 278/2441 took 2.35 seconds
Iter 279/2441 took 2.42 seconds
Iter 280/2441 took 2.58 seconds
Iter 281/2441 took 2.40 seconds
Iter 282/2441 took 2.38 seconds
Iter 283/2441 took 2.37 seconds
Iter 284/2441 took 2.34 seconds
Iter 285/2441 took 2.32 seconds
Iter 286/2441 took 2.39 seconds
Iter 287/2441 took 2.38 seconds
Iter 288/2441 took 2.39 seconds
Iter 289/2441 took 2.41 seconds
Iter 290/2441 took 2.43 seconds
Iter 291/2441 took 2.34 seconds
Iter 292/2441 took 2.39 seconds
Iter 293/2441 took 2.53 seconds
Iter 294/2441 took 2.32 seconds
Iter 295/2441 took 2.33 seconds
Iter 296/2441 took 2.38 seconds
Iter 297/2441 took 2.36 seconds
Iter 298/2441 took 2.33 seconds
Iter 299/2441 took 2.28 seconds
Iter 300/2441 took 2.35 seconds
Iter 301/2441 took 2.36 seconds
Iter 302/2441 took 2.36 seconds
Iter 303/2441 took 2.31 seconds
Iter 304/2441 took 2.34 seconds
Iter 305/2441 took 2.38 seconds
Iter 306/2441 took 2.33 seconds
checkpoint saved to /home/aojili/lsy_drone_racing/lsy_drone_racing/control/checkpoints/level3_loop_004_gate_acquisition_safety/level3_loop_004_gate_acquisition_safety_step_010000000.ckpt at global_step=10027008
Iter 307/2441 took 2.34 seconds
Iter 308/2441 took 2.35 seconds
Iter 309/2441 took 2.37 seconds
Iter 310/2441 took 2.40 seconds
Iter 311/2441 took 2.42 seconds
Iter 312/2441 took 2.45 seconds
Iter 313/2441 took 2.46 seconds
Iter 314/2441 took 2.41 seconds
Iter 315/2441 took 2.40 seconds
Iter 316/2441 took 2.30 seconds
Iter 317/2441 took 2.38 seconds
Iter 318/2441 took 2.33 seconds
Iter 319/2441 took 2.33 seconds
Iter 320/2441 took 2.42 seconds
Iter 321/2441 took 2.36 seconds
Iter 322/2441 took 2.42 seconds
Iter 323/2441 took 2.43 seconds
Iter 324/2441 took 2.33 seconds
Iter 325/2441 took 2.35 seconds
Iter 326/2441 took 2.32 seconds
Iter 327/2441 took 2.33 seconds
Iter 328/2441 took 2.35 seconds
Iter 329/2441 took 2.37 seconds
Iter 330/2441 took 2.38 seconds
Iter 331/2441 took 2.34 seconds
Iter 332/2441 took 2.33 seconds
Iter 333/2441 took 2.43 seconds
Iter 334/2441 took 2.35 seconds
Iter 335/2441 took 2.40 seconds
Iter 336/2441 took 2.40 seconds
Iter 337/2441 took 2.30 seconds
Iter 338/2441 took 2.32 seconds
Iter 339/2441 took 2.37 seconds
Iter 340/2441 took 2.33 seconds
Iter 341/2441 took 2.37 seconds
Iter 342/2441 took 2.32 seconds
Iter 343/2441 took 2.40 seconds
Iter 344/2441 took 2.30 seconds
Iter 345/2441 took 2.35 seconds
Iter 346/2441 took 2.40 seconds
Iter 347/2441 took 2.44 seconds
Iter 348/2441 took 2.35 seconds
Iter 349/2441 took 2.41 seconds
Iter 350/2441 took 2.42 seconds
Iter 351/2441 took 2.40 seconds
Iter 352/2441 took 2.32 seconds
Iter 353/2441 took 2.35 seconds
Iter 354/2441 took 2.37 seconds
Iter 355/2441 took 2.41 seconds
Iter 356/2441 took 2.44 seconds
Iter 357/2441 took 2.30 seconds
Iter 358/2441 took 2.38 seconds
Iter 359/2441 took 2.33 seconds
Iter 360/2441 took 2.46 seconds
Iter 361/2441 took 2.40 seconds
Iter 362/2441 took 2.37 seconds
Iter 363/2441 took 2.36 seconds
Iter 364/2441 took 2.32 seconds
Iter 365/2441 took 2.32 seconds
Iter 366/2441 took 2.37 seconds
Iter 367/2441 took 2.41 seconds
Iter 368/2441 took 2.41 seconds
Iter 369/2441 took 2.43 seconds
Iter 370/2441 took 2.49 seconds
Iter 371/2441 took 2.38 seconds
Iter 372/2441 took 2.39 seconds
Iter 373/2441 took 2.40 seconds
Iter 374/2441 took 2.37 seconds
Iter 375/2441 took 2.36 seconds
Iter 376/2441 took 2.35 seconds
Iter 377/2441 took 2.36 seconds
Iter 378/2441 took 2.35 seconds
Iter 379/2441 took 2.38 seconds
Iter 380/2441 took 2.31 seconds
Iter 381/2441 took 2.35 seconds
Iter 382/2441 took 2.41 seconds
Iter 383/2441 took 2.38 seconds
Iter 384/2441 took 2.28 seconds
Iter 385/2441 took 2.32 seconds
Iter 386/2441 took 2.36 seconds
Iter 387/2441 took 2.37 seconds
Iter 388/2441 took 2.41 seconds
Iter 389/2441 took 2.36 seconds
Iter 390/2441 took 2.39 seconds
Iter 391/2441 took 2.46 seconds
Iter 392/2441 took 2.31 seconds
Iter 393/2441 took 2.33 seconds
Iter 394/2441 took 2.36 seconds
Iter 395/2441 took 2.30 seconds
Iter 396/2441 took 2.32 seconds
Iter 397/2441 took 2.39 seconds
Iter 398/2441 took 2.39 seconds
Iter 399/2441 took 2.35 seconds
Iter 400/2441 took 2.32 seconds
Iter 401/2441 took 2.35 seconds
Iter 402/2441 took 2.34 seconds
Iter 403/2441 took 2.39 seconds
Iter 404/2441 took 2.32 seconds
Iter 405/2441 took 2.39 seconds
Iter 406/2441 took 2.33 seconds
Iter 407/2441 took 2.42 seconds
Iter 408/2441 took 2.29 seconds
Iter 409/2441 took 2.37 seconds
Iter 410/2441 took 2.34 seconds
Iter 411/2441 took 2.34 seconds
Iter 412/2441 took 2.35 seconds
Iter 413/2441 took 2.40 seconds
Iter 414/2441 took 2.34 seconds
Iter 415/2441 took 2.34 seconds
Iter 416/2441 took 2.33 seconds
Iter 417/2441 took 2.35 seconds
Iter 418/2441 took 2.38 seconds
Iter 419/2441 took 2.39 seconds
Iter 420/2441 took 2.41 seconds
Iter 421/2441 took 2.34 seconds
Iter 422/2441 took 2.38 seconds
Iter 423/2441 took 2.34 seconds
Iter 424/2441 took 2.35 seconds
Iter 425/2441 took 2.33 seconds
Iter 426/2441 took 2.34 seconds
Iter 427/2441 took 2.46 seconds
Iter 428/2441 took 2.35 seconds
Iter 429/2441 took 2.33 seconds
Iter 430/2441 took 2.43 seconds
Iter 431/2441 took 2.33 seconds
Iter 432/2441 took 2.35 seconds
Iter 433/2441 took 2.36 seconds
Iter 434/2441 took 2.32 seconds
Iter 435/2441 took 2.45 seconds
Iter 436/2441 took 2.37 seconds
Iter 437/2441 took 2.34 seconds
Iter 438/2441 took 2.33 seconds
Iter 439/2441 took 2.33 seconds
Iter 440/2441 took 2.33 seconds
Iter 441/2441 took 2.46 seconds
Iter 442/2441 took 2.36 seconds
Iter 443/2441 took 2.34 seconds
Iter 444/2441 took 2.29 seconds
Iter 445/2441 took 2.36 seconds
Iter 446/2441 took 2.40 seconds
Iter 447/2441 took 2.36 seconds
Iter 448/2441 took 2.39 seconds
Iter 449/2441 took 2.32 seconds
Iter 450/2441 took 2.35 seconds
Iter 451/2441 took 2.47 seconds
Iter 452/2441 took 2.47 seconds
Iter 453/2441 took 2.33 seconds
Iter 454/2441 took 2.32 seconds
Iter 455/2441 took 2.31 seconds
Iter 456/2441 took 2.51 seconds
Iter 457/2441 took 2.42 seconds
Iter 458/2441 took 2.37 seconds
checkpoint saved to /home/aojili/lsy_drone_racing/lsy_drone_racing/control/checkpoints/level3_loop_004_gate_acquisition_safety/level3_loop_004_gate_acquisition_safety_step_015000000.ckpt at global_step=15007744
Iter 459/2441 took 2.32 seconds
Iter 460/2441 took 2.36 seconds
Iter 461/2441 took 2.34 seconds
Iter 462/2441 took 2.38 seconds
Iter 463/2441 took 2.33 seconds
Iter 464/2441 took 2.36 seconds
Iter 465/2441 took 2.40 seconds
Iter 466/2441 took 2.42 seconds
Iter 467/2441 took 2.44 seconds
Iter 468/2441 took 2.39 seconds
Iter 469/2441 took 2.37 seconds
Iter 470/2441 took 2.40 seconds
Iter 471/2441 took 2.44 seconds
Iter 472/2441 took 2.42 seconds
Iter 473/2441 took 2.35 seconds
Iter 474/2441 took 2.36 seconds
Iter 475/2441 took 2.36 seconds
Iter 476/2441 took 2.41 seconds
Iter 477/2441 took 2.37 seconds
Iter 478/2441 took 2.30 seconds
Iter 479/2441 took 2.36 seconds
Iter 480/2441 took 2.35 seconds
Iter 481/2441 took 2.34 seconds
Iter 482/2441 took 2.39 seconds
Iter 483/2441 took 2.39 seconds
Iter 484/2441 took 2.35 seconds
Iter 485/2441 took 2.31 seconds
Iter 486/2441 took 2.37 seconds
Iter 487/2441 took 2.34 seconds
Iter 488/2441 took 2.44 seconds
Iter 489/2441 took 2.38 seconds
Iter 490/2441 took 2.32 seconds
Iter 491/2441 took 2.38 seconds
Iter 492/2441 took 2.40 seconds
Iter 493/2441 took 2.39 seconds
Iter 494/2441 took 2.39 seconds
Iter 495/2441 took 2.33 seconds
Iter 496/2441 took 2.35 seconds
Iter 497/2441 took 2.31 seconds
Iter 498/2441 took 2.37 seconds
Iter 499/2441 took 2.34 seconds
Iter 500/2441 took 2.38 seconds
Iter 501/2441 took 2.46 seconds
Iter 502/2441 took 2.41 seconds
Iter 503/2441 took 2.41 seconds
Iter 504/2441 took 2.34 seconds
Iter 505/2441 took 2.37 seconds
Iter 506/2441 took 2.32 seconds
Iter 507/2441 took 2.40 seconds
Iter 508/2441 took 2.42 seconds
Iter 509/2441 took 2.37 seconds
Iter 510/2441 took 2.38 seconds
Iter 511/2441 took 2.42 seconds
Iter 512/2441 took 2.31 seconds
Iter 513/2441 took 2.35 seconds
Iter 514/2441 took 2.35 seconds
Iter 515/2441 took 2.50 seconds
Iter 516/2441 took 2.32 seconds
Iter 517/2441 took 2.33 seconds
Iter 518/2441 took 2.33 seconds
Iter 519/2441 took 2.32 seconds
Iter 520/2441 took 2.35 seconds
Iter 521/2441 took 2.44 seconds
Iter 522/2441 took 2.43 seconds
Iter 523/2441 took 2.36 seconds
Iter 524/2441 took 2.37 seconds
Iter 525/2441 took 2.38 seconds
Iter 526/2441 took 2.34 seconds
Iter 527/2441 took 2.32 seconds
Iter 528/2441 took 2.36 seconds
Iter 529/2441 took 2.34 seconds
Iter 530/2441 took 2.35 seconds
Iter 531/2441 took 2.37 seconds
Iter 532/2441 took 2.41 seconds
Iter 533/2441 took 2.39 seconds
Iter 534/2441 took 2.38 seconds
Iter 535/2441 took 2.40 seconds
Iter 536/2441 took 2.33 seconds
Iter 537/2441 took 2.34 seconds
Iter 538/2441 took 2.34 seconds
Iter 539/2441 took 2.33 seconds
Iter 540/2441 took 2.36 seconds
Iter 541/2441 took 2.38 seconds
Iter 542/2441 took 2.48 seconds
Iter 543/2441 took 2.54 seconds
Iter 544/2441 took 2.31 seconds
Iter 545/2441 took 2.36 seconds
Iter 546/2441 took 2.37 seconds
Iter 547/2441 took 2.36 seconds
Iter 548/2441 took 2.26 seconds
Iter 549/2441 took 2.42 seconds
Iter 550/2441 took 2.38 seconds
Iter 551/2441 took 2.39 seconds
Iter 552/2441 took 2.36 seconds
Iter 553/2441 took 2.39 seconds
Iter 554/2441 took 2.41 seconds
Iter 555/2441 took 2.36 seconds
Iter 556/2441 took 2.39 seconds
Iter 557/2441 took 2.33 seconds
Iter 558/2441 took 2.42 seconds
Iter 559/2441 took 2.32 seconds
Iter 560/2441 took 2.36 seconds
Iter 561/2441 took 2.32 seconds
Iter 562/2441 took 2.38 seconds
Iter 563/2441 took 2.27 seconds
Iter 564/2441 took 2.33 seconds
Iter 565/2441 took 2.44 seconds
Iter 566/2441 took 2.30 seconds
Iter 567/2441 took 2.37 seconds
Iter 568/2441 took 2.33 seconds
Iter 569/2441 took 2.35 seconds
Iter 570/2441 took 2.31 seconds
Iter 571/2441 took 2.41 seconds
Iter 572/2441 took 2.43 seconds
Iter 573/2441 took 2.41 seconds
Iter 574/2441 took 2.35 seconds
Iter 575/2441 took 2.31 seconds
Iter 576/2441 took 2.30 seconds
Iter 577/2441 took 2.31 seconds
Iter 578/2441 took 2.41 seconds
Iter 579/2441 took 2.35 seconds
Iter 580/2441 took 2.31 seconds
Iter 581/2441 took 2.42 seconds
Iter 582/2441 took 2.33 seconds
Iter 583/2441 took 2.33 seconds
Iter 584/2441 took 2.47 seconds
Iter 585/2441 took 2.41 seconds
Iter 586/2441 took 2.50 seconds
Iter 587/2441 took 2.35 seconds
Iter 588/2441 took 2.43 seconds
Iter 589/2441 took 2.38 seconds
Iter 590/2441 took 2.36 seconds
Iter 591/2441 took 2.40 seconds
Iter 592/2441 took 2.51 seconds
Iter 593/2441 took 2.39 seconds
Iter 594/2441 took 2.34 seconds
Iter 595/2441 took 2.34 seconds
Iter 596/2441 took 2.40 seconds
Iter 597/2441 took 2.38 seconds
Iter 598/2441 took 2.36 seconds
Iter 599/2441 took 2.39 seconds
Iter 600/2441 took 2.42 seconds
Iter 601/2441 took 2.33 seconds
Iter 602/2441 took 2.36 seconds
Iter 603/2441 took 2.34 seconds
Iter 604/2441 took 2.40 seconds
Iter 605/2441 took 2.36 seconds
Iter 606/2441 took 2.36 seconds
Iter 607/2441 took 2.39 seconds
Iter 608/2441 took 2.33 seconds
Iter 609/2441 took 2.36 seconds
Iter 610/2441 took 2.34 seconds
Iter 611/2441 took 2.41 seconds
checkpoint saved to /home/aojili/lsy_drone_racing/lsy_drone_racing/control/checkpoints/level3_loop_004_gate_acquisition_safety/level3_loop_004_gate_acquisition_safety_step_020000000.ckpt at global_step=20021248
Iter 612/2441 took 2.41 seconds
Iter 613/2441 took 2.46 seconds
Iter 614/2441 took 2.44 seconds
Iter 615/2441 took 2.38 seconds
Iter 616/2441 took 2.39 seconds
Iter 617/2441 took 2.42 seconds
Iter 618/2441 took 2.34 seconds
Iter 619/2441 took 2.29 seconds
Iter 620/2441 took 2.43 seconds
Iter 621/2441 took 2.42 seconds
Iter 622/2441 took 2.42 seconds
Iter 623/2441 took 2.43 seconds
Iter 624/2441 took 2.46 seconds
Iter 625/2441 took 2.38 seconds
Iter 626/2441 took 2.39 seconds
Iter 627/2441 took 2.37 seconds
Iter 628/2441 took 2.38 seconds
Iter 629/2441 took 2.39 seconds
Iter 630/2441 took 2.38 seconds
Iter 631/2441 took 2.35 seconds
Iter 632/2441 took 2.29 seconds
Iter 633/2441 took 2.43 seconds
Iter 634/2441 took 2.43 seconds
Iter 635/2441 took 2.37 seconds
Iter 636/2441 took 2.33 seconds
Iter 637/2441 took 2.36 seconds
Iter 638/2441 took 2.35 seconds
Iter 639/2441 took 2.44 seconds
Iter 640/2441 took 2.37 seconds
Iter 641/2441 took 2.37 seconds
Iter 642/2441 took 2.34 seconds
Iter 643/2441 took 2.35 seconds
Iter 644/2441 took 2.29 seconds
Iter 645/2441 took 2.30 seconds
Iter 646/2441 took 2.43 seconds
Iter 647/2441 took 2.38 seconds
Iter 648/2441 took 2.30 seconds
Iter 649/2441 took 2.33 seconds
Iter 650/2441 took 2.38 seconds
Iter 651/2441 took 2.38 seconds
Iter 652/2441 took 2.40 seconds
Iter 653/2441 took 2.42 seconds
Iter 654/2441 took 2.51 seconds
Iter 655/2441 took 2.39 seconds
Iter 656/2441 took 2.35 seconds
Iter 657/2441 took 2.33 seconds
Iter 658/2441 took 2.38 seconds
Iter 659/2441 took 2.35 seconds
Iter 660/2441 took 2.37 seconds
Iter 661/2441 took 2.34 seconds
Iter 662/2441 took 2.42 seconds
Iter 663/2441 took 2.37 seconds
Iter 664/2441 took 2.46 seconds
Iter 665/2441 took 2.42 seconds
Iter 666/2441 took 2.37 seconds
Iter 667/2441 took 2.36 seconds
Iter 668/2441 took 2.38 seconds
Iter 669/2441 took 2.33 seconds
Iter 670/2441 took 2.41 seconds
Iter 671/2441 took 2.45 seconds
Iter 672/2441 took 2.29 seconds
Iter 673/2441 took 2.33 seconds
Iter 674/2441 took 2.34 seconds
Iter 675/2441 took 2.38 seconds
Iter 676/2441 took 2.44 seconds
Iter 677/2441 took 2.33 seconds
Iter 678/2441 took 2.32 seconds
Iter 679/2441 took 2.39 seconds
Iter 680/2441 took 2.43 seconds
Iter 681/2441 took 2.30 seconds
Iter 682/2441 took 2.33 seconds
Iter 683/2441 took 2.35 seconds
Iter 684/2441 took 2.42 seconds
Iter 685/2441 took 2.37 seconds
Iter 686/2441 took 2.39 seconds
Iter 687/2441 took 2.38 seconds
Iter 688/2441 took 2.45 seconds
Iter 689/2441 took 2.71 seconds
Iter 690/2441 took 2.78 seconds
Iter 691/2441 took 2.39 seconds
Iter 692/2441 took 2.37 seconds
Iter 693/2441 took 2.36 seconds
Iter 694/2441 took 2.42 seconds
Iter 695/2441 took 2.39 seconds
Iter 696/2441 took 2.40 seconds
Iter 697/2441 took 2.42 seconds
Iter 698/2441 took 2.46 seconds
Iter 699/2441 took 2.37 seconds
Iter 700/2441 took 2.36 seconds
Iter 701/2441 took 2.45 seconds
Iter 702/2441 took 2.36 seconds
Iter 703/2441 took 2.29 seconds
Iter 704/2441 took 2.47 seconds
Iter 705/2441 took 2.38 seconds
Iter 706/2441 took 2.41 seconds
Iter 707/2441 took 2.30 seconds
Iter 708/2441 took 2.33 seconds
Iter 709/2441 took 2.35 seconds
Iter 710/2441 took 2.40 seconds
Iter 711/2441 took 2.42 seconds
Iter 712/2441 took 2.31 seconds
Iter 713/2441 took 2.38 seconds
Iter 714/2441 took 2.31 seconds
Iter 715/2441 took 2.38 seconds
Iter 716/2441 took 2.34 seconds
Iter 717/2441 took 2.41 seconds
Iter 718/2441 took 2.30 seconds
Iter 719/2441 took 2.34 seconds
Iter 720/2441 took 2.35 seconds
Iter 721/2441 took 2.40 seconds
Iter 722/2441 took 2.38 seconds
Iter 723/2441 took 2.42 seconds
Iter 724/2441 took 2.33 seconds
Iter 725/2441 took 2.30 seconds
Iter 726/2441 took 2.37 seconds
Iter 727/2441 took 2.40 seconds
Iter 728/2441 took 2.38 seconds
Iter 729/2441 took 2.35 seconds
Iter 730/2441 took 2.44 seconds
Iter 731/2441 took 2.43 seconds
Iter 732/2441 took 2.39 seconds
Iter 733/2441 took 2.32 seconds
Iter 734/2441 took 2.40 seconds
Iter 735/2441 took 2.36 seconds
Iter 736/2441 took 2.41 seconds
Iter 737/2441 took 2.34 seconds
Iter 738/2441 took 2.36 seconds
Iter 739/2441 took 2.36 seconds
Iter 740/2441 took 2.33 seconds
Iter 741/2441 took 2.39 seconds
Iter 742/2441 took 2.51 seconds
Iter 743/2441 took 2.38 seconds
Iter 744/2441 took 2.37 seconds
Iter 745/2441 took 2.36 seconds
Iter 746/2441 took 2.35 seconds
Iter 747/2441 took 2.42 seconds
Iter 748/2441 took 2.38 seconds
Iter 749/2441 took 2.35 seconds
Iter 750/2441 took 2.30 seconds
Iter 751/2441 took 2.34 seconds
Iter 752/2441 took 2.36 seconds
Iter 753/2441 took 2.37 seconds
Iter 754/2441 took 2.33 seconds
Iter 755/2441 took 2.35 seconds
Iter 756/2441 took 2.32 seconds
Iter 757/2441 took 2.31 seconds
Iter 758/2441 took 2.30 seconds
Iter 759/2441 took 2.34 seconds
Iter 760/2441 took 2.32 seconds
Iter 761/2441 took 2.35 seconds
Iter 762/2441 took 2.40 seconds
Iter 763/2441 took 2.39 seconds
checkpoint saved to /home/aojili/lsy_drone_racing/lsy_drone_racing/control/checkpoints/level3_loop_004_gate_acquisition_safety/level3_loop_004_gate_acquisition_safety_step_025000000.ckpt at global_step=25001984
Iter 764/2441 took 2.42 seconds
Iter 765/2441 took 2.38 seconds
Iter 766/2441 took 2.39 seconds
Iter 767/2441 took 2.39 seconds
Iter 768/2441 took 2.44 seconds
Iter 769/2441 took 2.34 seconds
Iter 770/2441 took 2.36 seconds
Iter 771/2441 took 2.34 seconds
Iter 772/2441 took 2.42 seconds
Iter 773/2441 took 2.33 seconds
Iter 774/2441 took 2.34 seconds
Iter 775/2441 took 2.35 seconds
Iter 776/2441 took 2.29 seconds
Iter 777/2441 took 2.35 seconds
Iter 778/2441 took 2.36 seconds
Iter 779/2441 took 2.36 seconds
Iter 780/2441 took 2.41 seconds
Iter 781/2441 took 2.37 seconds
Iter 782/2441 took 2.37 seconds
Iter 783/2441 took 2.34 seconds
Iter 784/2441 took 2.35 seconds
Iter 785/2441 took 2.37 seconds
Iter 786/2441 took 2.46 seconds
Iter 787/2441 took 2.35 seconds
Iter 788/2441 took 2.39 seconds
Iter 789/2441 took 2.38 seconds
Iter 790/2441 took 2.34 seconds
Iter 791/2441 took 2.35 seconds
Iter 792/2441 took 2.35 seconds
Iter 793/2441 took 2.29 seconds
Iter 794/2441 took 2.34 seconds
Iter 795/2441 took 2.33 seconds
Iter 796/2441 took 2.35 seconds
Iter 797/2441 took 2.36 seconds
Iter 798/2441 took 2.43 seconds
Iter 799/2441 took 2.34 seconds
Iter 800/2441 took 2.30 seconds
Iter 801/2441 took 2.36 seconds
Iter 802/2441 took 2.41 seconds
Iter 803/2441 took 2.39 seconds
Iter 804/2441 took 2.34 seconds
Iter 805/2441 took 2.34 seconds
Iter 806/2441 took 2.40 seconds
Iter 807/2441 took 2.35 seconds
Iter 808/2441 took 2.35 seconds
Iter 809/2441 took 2.34 seconds
Iter 810/2441 took 2.37 seconds
Iter 811/2441 took 2.43 seconds
Iter 812/2441 took 2.39 seconds
Iter 813/2441 took 2.32 seconds
Iter 814/2441 took 2.37 seconds
Iter 815/2441 took 2.41 seconds
Iter 816/2441 took 2.31 seconds
Iter 817/2441 took 2.36 seconds
Iter 818/2441 took 2.32 seconds
Iter 819/2441 took 2.33 seconds
Iter 820/2441 took 2.35 seconds
Iter 821/2441 took 2.40 seconds
Iter 822/2441 took 2.36 seconds
Iter 823/2441 took 2.32 seconds
Iter 824/2441 took 2.37 seconds
Iter 825/2441 took 2.34 seconds
Iter 826/2441 took 2.38 seconds
Iter 827/2441 took 2.36 seconds
Iter 828/2441 took 2.36 seconds
Iter 829/2441 took 2.33 seconds
Iter 830/2441 took 2.32 seconds
Iter 831/2441 took 2.29 seconds
Iter 832/2441 took 2.35 seconds
Iter 833/2441 took 2.44 seconds
Iter 834/2441 took 2.35 seconds
Iter 835/2441 took 2.37 seconds
Iter 836/2441 took 2.34 seconds
Iter 837/2441 took 2.36 seconds
Iter 838/2441 took 2.36 seconds
Iter 839/2441 took 2.38 seconds
Iter 840/2441 took 2.34 seconds
Iter 841/2441 took 2.35 seconds
Iter 842/2441 took 2.39 seconds
Iter 843/2441 took 2.39 seconds
Iter 844/2441 took 2.39 seconds
Iter 845/2441 took 2.39 seconds
Iter 846/2441 took 2.49 seconds
Iter 847/2441 took 2.34 seconds
Iter 848/2441 took 2.35 seconds
Iter 849/2441 took 2.32 seconds
Iter 850/2441 took 2.33 seconds
Iter 851/2441 took 2.36 seconds
Iter 852/2441 took 2.31 seconds
Iter 853/2441 took 2.36 seconds
Iter 854/2441 took 2.46 seconds
Iter 855/2441 took 2.38 seconds
Iter 856/2441 took 2.34 seconds
Iter 857/2441 took 2.25 seconds
Iter 858/2441 took 2.34 seconds
Iter 859/2441 took 2.35 seconds
Iter 860/2441 took 2.36 seconds
Iter 861/2441 took 2.34 seconds
Iter 862/2441 took 2.34 seconds
Iter 863/2441 took 2.30 seconds
Iter 864/2441 took 2.30 seconds
Iter 865/2441 took 2.39 seconds
Iter 866/2441 took 2.42 seconds
Iter 867/2441 took 2.51 seconds
Iter 868/2441 took 2.40 seconds
Iter 869/2441 took 2.35 seconds
Iter 870/2441 took 2.33 seconds
Iter 871/2441 took 2.40 seconds
Iter 872/2441 took 2.41 seconds
Iter 873/2441 took 2.48 seconds
Iter 874/2441 took 2.36 seconds
Iter 875/2441 took 2.30 seconds
Iter 876/2441 took 2.34 seconds
Iter 877/2441 took 2.33 seconds
Iter 878/2441 took 2.34 seconds
Iter 879/2441 took 2.33 seconds
Iter 880/2441 took 2.31 seconds
Iter 881/2441 took 2.32 seconds
Iter 882/2441 took 2.37 seconds
Iter 883/2441 took 2.32 seconds
Iter 884/2441 took 2.34 seconds
Iter 885/2441 took 2.36 seconds
Iter 886/2441 took 2.37 seconds
Iter 887/2441 took 2.36 seconds
Iter 888/2441 took 2.41 seconds
Iter 889/2441 took 2.41 seconds
Iter 890/2441 took 2.44 seconds
Iter 891/2441 took 2.38 seconds
Iter 892/2441 took 2.42 seconds
Iter 893/2441 took 2.33 seconds
Iter 894/2441 took 2.43 seconds
Iter 895/2441 took 2.35 seconds
Iter 896/2441 took 2.32 seconds
Iter 897/2441 took 2.39 seconds
Iter 898/2441 took 2.36 seconds
Iter 899/2441 took 2.38 seconds
Iter 900/2441 took 2.39 seconds
Iter 901/2441 took 2.37 seconds
Iter 902/2441 took 2.32 seconds
Iter 903/2441 took 2.37 seconds
Iter 904/2441 took 2.40 seconds
Iter 905/2441 took 2.39 seconds
Iter 906/2441 took 2.35 seconds
Iter 907/2441 took 2.43 seconds
Iter 908/2441 took 2.42 seconds
Iter 909/2441 took 2.35 seconds
Iter 910/2441 took 2.37 seconds
Iter 911/2441 took 2.36 seconds
Iter 912/2441 took 2.31 seconds
Iter 913/2441 took 2.30 seconds
Iter 914/2441 took 2.26 seconds
Iter 915/2441 took 2.23 seconds
Iter 916/2441 took 2.36 seconds
checkpoint saved to /home/aojili/lsy_drone_racing/lsy_drone_racing/control/checkpoints/level3_loop_004_gate_acquisition_safety/level3_loop_004_gate_acquisition_safety_step_030000000.ckpt at global_step=30015488
Iter 917/2441 took 2.35 seconds
Iter 918/2441 took 2.42 seconds
Iter 919/2441 took 2.38 seconds
Iter 920/2441 took 2.42 seconds
Iter 921/2441 took 2.39 seconds
Iter 922/2441 took 2.35 seconds
Iter 923/2441 took 2.37 seconds
Iter 924/2441 took 2.36 seconds
Iter 925/2441 took 2.38 seconds
Iter 926/2441 took 2.45 seconds
Iter 927/2441 took 2.31 seconds
Iter 928/2441 took 2.37 seconds
Iter 929/2441 took 2.42 seconds
Iter 930/2441 took 2.48 seconds
Iter 931/2441 took 2.48 seconds
Iter 932/2441 took 2.48 seconds
Iter 933/2441 took 2.41 seconds
Iter 934/2441 took 2.36 seconds
Iter 935/2441 took 2.37 seconds
Iter 936/2441 took 2.44 seconds
Iter 937/2441 took 2.38 seconds
Iter 938/2441 took 2.45 seconds
Iter 939/2441 took 2.36 seconds
Iter 940/2441 took 2.33 seconds
Iter 941/2441 took 2.33 seconds
Iter 942/2441 took 2.26 seconds
Iter 943/2441 took 2.32 seconds
Iter 944/2441 took 2.37 seconds
Iter 945/2441 took 2.34 seconds
Iter 946/2441 took 2.34 seconds
Iter 947/2441 took 2.41 seconds
Iter 948/2441 took 2.38 seconds
Iter 949/2441 took 2.37 seconds
Iter 950/2441 took 2.38 seconds
Iter 951/2441 took 2.40 seconds
Iter 952/2441 took 2.39 seconds
Iter 953/2441 took 2.34 seconds
Iter 954/2441 took 2.38 seconds
Iter 955/2441 took 2.35 seconds
Iter 956/2441 took 2.31 seconds
Iter 957/2441 took 2.30 seconds
Iter 958/2441 took 2.30 seconds
Iter 959/2441 took 2.34 seconds
Iter 960/2441 took 2.33 seconds
Iter 961/2441 took 2.34 seconds
Iter 962/2441 took 2.35 seconds
Iter 963/2441 took 2.33 seconds
Iter 964/2441 took 2.37 seconds
Iter 965/2441 took 2.37 seconds
Iter 966/2441 took 2.28 seconds
Iter 967/2441 took 2.40 seconds
Iter 968/2441 took 2.38 seconds
Iter 969/2441 took 2.35 seconds
Iter 970/2441 took 2.38 seconds
Iter 971/2441 took 2.37 seconds
Iter 972/2441 took 2.37 seconds
Iter 973/2441 took 2.31 seconds
Iter 974/2441 took 2.31 seconds
Iter 975/2441 took 2.31 seconds
Iter 976/2441 took 2.36 seconds
Iter 977/2441 took 2.44 seconds
Iter 978/2441 took 2.47 seconds
Iter 979/2441 took 2.46 seconds
Iter 980/2441 took 2.40 seconds
Iter 981/2441 took 2.34 seconds
Iter 982/2441 took 2.34 seconds
Iter 983/2441 took 2.36 seconds
Iter 984/2441 took 2.34 seconds
Iter 985/2441 took 2.36 seconds
Iter 986/2441 took 2.34 seconds
Iter 987/2441 took 2.34 seconds
Iter 988/2441 took 2.37 seconds
Iter 989/2441 took 2.35 seconds
Iter 990/2441 took 2.35 seconds
Iter 991/2441 took 2.37 seconds
Iter 992/2441 took 2.35 seconds
Iter 993/2441 took 2.39 seconds
Iter 994/2441 took 2.39 seconds
Iter 995/2441 took 2.37 seconds
Iter 996/2441 took 2.40 seconds
Iter 997/2441 took 2.38 seconds
Iter 998/2441 took 2.40 seconds
Iter 999/2441 took 2.41 seconds
Iter 1000/2441 took 2.42 seconds
Iter 1001/2441 took 2.38 seconds
Iter 1002/2441 took 2.32 seconds
Iter 1003/2441 took 2.46 seconds
Iter 1004/2441 took 2.37 seconds
Iter 1005/2441 took 2.34 seconds
Iter 1006/2441 took 2.39 seconds
Iter 1007/2441 took 2.34 seconds
Iter 1008/2441 took 2.34 seconds
Iter 1009/2441 took 2.42 seconds
Iter 1010/2441 took 2.36 seconds
Iter 1011/2441 took 2.39 seconds
Iter 1012/2441 took 2.34 seconds
Iter 1013/2441 took 2.35 seconds
Iter 1014/2441 took 2.37 seconds
Iter 1015/2441 took 2.36 seconds
Iter 1016/2441 took 2.34 seconds
Iter 1017/2441 took 2.33 seconds
Iter 1018/2441 took 2.34 seconds
Iter 1019/2441 took 2.32 seconds
Iter 1020/2441 took 2.39 seconds
Iter 1021/2441 took 2.33 seconds
Iter 1022/2441 took 2.48 seconds
Iter 1023/2441 took 2.47 seconds
Iter 1024/2441 took 2.38 seconds
Iter 1025/2441 took 2.33 seconds
Iter 1026/2441 took 2.27 seconds
Iter 1027/2441 took 2.31 seconds
Iter 1028/2441 took 2.32 seconds
Iter 1029/2441 took 2.36 seconds
Iter 1030/2441 took 2.31 seconds
Iter 1031/2441 took 2.35 seconds
Iter 1032/2441 took 2.33 seconds
Iter 1033/2441 took 2.36 seconds
Iter 1034/2441 took 2.38 seconds
Iter 1035/2441 took 2.32 seconds
Iter 1036/2441 took 2.36 seconds
Iter 1037/2441 took 2.40 seconds
Iter 1038/2441 took 2.34 seconds
Iter 1039/2441 took 2.36 seconds
Iter 1040/2441 took 2.34 seconds
Iter 1041/2441 took 2.38 seconds
Iter 1042/2441 took 2.36 seconds
Iter 1043/2441 took 2.38 seconds
Iter 1044/2441 took 2.38 seconds
Iter 1045/2441 took 2.37 seconds
Iter 1046/2441 took 2.41 seconds
Iter 1047/2441 took 2.38 seconds
Iter 1048/2441 took 2.38 seconds
Iter 1049/2441 took 2.42 seconds
Iter 1050/2441 took 2.47 seconds
Iter 1051/2441 took 2.49 seconds
Iter 1052/2441 took 2.49 seconds
Iter 1053/2441 took 2.43 seconds
Iter 1054/2441 took 2.51 seconds
Iter 1055/2441 took 2.39 seconds
Iter 1056/2441 took 2.46 seconds
Iter 1057/2441 took 2.47 seconds
Iter 1058/2441 took 2.52 seconds
Iter 1059/2441 took 2.54 seconds
Iter 1060/2441 took 2.43 seconds
Iter 1061/2441 took 2.40 seconds
Iter 1062/2441 took 2.40 seconds
Iter 1063/2441 took 2.37 seconds
Iter 1064/2441 took 2.43 seconds
Iter 1065/2441 took 2.47 seconds
Iter 1066/2441 took 2.40 seconds
Iter 1067/2441 took 2.36 seconds
Iter 1068/2441 took 2.34 seconds
Iter 1069/2441 took 2.34 seconds
checkpoint saved to /home/aojili/lsy_drone_racing/lsy_drone_racing/control/checkpoints/level3_loop_004_gate_acquisition_safety/level3_loop_004_gate_acquisition_safety_step_035000000.ckpt at global_step=35028992
Iter 1070/2441 took 2.37 seconds
Iter 1071/2441 took 2.37 seconds
Iter 1072/2441 took 2.37 seconds
Iter 1073/2441 took 2.33 seconds
Iter 1074/2441 took 2.34 seconds
Iter 1075/2441 took 2.37 seconds
Iter 1076/2441 took 2.31 seconds
Iter 1077/2441 took 2.35 seconds
Iter 1078/2441 took 2.37 seconds
Iter 1079/2441 took 2.37 seconds
Iter 1080/2441 took 2.35 seconds
Iter 1081/2441 took 2.32 seconds
Iter 1082/2441 took 2.31 seconds
Iter 1083/2441 took 2.35 seconds
Iter 1084/2441 took 2.37 seconds
Iter 1085/2441 took 2.40 seconds
Iter 1086/2441 took 2.36 seconds
Iter 1087/2441 took 2.35 seconds
Iter 1088/2441 took 2.35 seconds
Iter 1089/2441 took 2.38 seconds
Iter 1090/2441 took 2.37 seconds
Iter 1091/2441 took 2.42 seconds
Iter 1092/2441 took 2.43 seconds
Iter 1093/2441 took 2.41 seconds
Iter 1094/2441 took 2.42 seconds
Iter 1095/2441 took 2.40 seconds
Iter 1096/2441 took 2.38 seconds
Iter 1097/2441 took 2.37 seconds
Iter 1098/2441 took 2.33 seconds
Iter 1099/2441 took 2.33 seconds
Iter 1100/2441 took 2.30 seconds
Iter 1101/2441 took 2.35 seconds
Iter 1102/2441 took 2.32 seconds
Iter 1103/2441 took 2.36 seconds
Iter 1104/2441 took 2.39 seconds
Iter 1105/2441 took 2.35 seconds
Iter 1106/2441 took 2.33 seconds
Iter 1107/2441 took 2.33 seconds
Iter 1108/2441 took 2.30 seconds
Iter 1109/2441 took 2.33 seconds
Iter 1110/2441 took 2.32 seconds
Iter 1111/2441 took 2.33 seconds
Iter 1112/2441 took 2.36 seconds
Iter 1113/2441 took 2.35 seconds
Iter 1114/2441 took 2.35 seconds
Iter 1115/2441 took 2.35 seconds
Iter 1116/2441 took 2.34 seconds
Iter 1117/2441 took 2.38 seconds
Iter 1118/2441 took 2.42 seconds
Iter 1119/2441 took 2.38 seconds
Iter 1120/2441 took 2.43 seconds
Iter 1121/2441 took 2.33 seconds
Iter 1122/2441 took 2.38 seconds
Iter 1123/2441 took 2.41 seconds
Iter 1124/2441 took 2.42 seconds
Iter 1125/2441 took 2.41 seconds
Iter 1126/2441 took 2.38 seconds
Iter 1127/2441 took 2.47 seconds
Iter 1128/2441 took 2.41 seconds
Iter 1129/2441 took 2.30 seconds
Iter 1130/2441 took 2.36 seconds
Iter 1131/2441 took 2.44 seconds
Iter 1132/2441 took 2.39 seconds
Iter 1133/2441 took 2.37 seconds
Iter 1134/2441 took 2.37 seconds
Iter 1135/2441 took 2.33 seconds
Iter 1136/2441 took 2.34 seconds
Iter 1137/2441 took 2.38 seconds
Iter 1138/2441 took 2.40 seconds
Iter 1139/2441 took 2.39 seconds
Iter 1140/2441 took 2.37 seconds
Iter 1141/2441 took 2.29 seconds
Iter 1142/2441 took 2.29 seconds
Iter 1143/2441 took 2.35 seconds
Iter 1144/2441 took 2.36 seconds
Iter 1145/2441 took 2.36 seconds
Iter 1146/2441 took 2.39 seconds
Iter 1147/2441 took 2.38 seconds
Iter 1148/2441 took 2.38 seconds
Iter 1149/2441 took 2.42 seconds
Iter 1150/2441 took 2.36 seconds
Iter 1151/2441 took 2.40 seconds
Iter 1152/2441 took 2.38 seconds
Iter 1153/2441 took 2.38 seconds
Iter 1154/2441 took 2.41 seconds
Iter 1155/2441 took 2.44 seconds
Iter 1156/2441 took 2.48 seconds
Iter 1157/2441 took 2.41 seconds
Iter 1158/2441 took 2.44 seconds
Iter 1159/2441 took 2.40 seconds
Iter 1160/2441 took 2.41 seconds
Iter 1161/2441 took 2.41 seconds
Iter 1162/2441 took 2.38 seconds
Iter 1163/2441 took 2.37 seconds
Iter 1164/2441 took 2.38 seconds
Iter 1165/2441 took 2.37 seconds
Iter 1166/2441 took 2.44 seconds
Iter 1167/2441 took 2.35 seconds
Iter 1168/2441 took 2.35 seconds
Iter 1169/2441 took 2.40 seconds
Iter 1170/2441 took 2.38 seconds
Iter 1171/2441 took 2.38 seconds
Iter 1172/2441 took 2.38 seconds
Iter 1173/2441 took 2.49 seconds
Iter 1174/2441 took 2.43 seconds
Iter 1175/2441 took 2.39 seconds
Iter 1176/2441 took 2.40 seconds
Iter 1177/2441 took 2.45 seconds
Iter 1178/2441 took 2.39 seconds
Iter 1179/2441 took 2.34 seconds
Iter 1180/2441 took 2.31 seconds
Iter 1181/2441 took 2.35 seconds
Iter 1182/2441 took 2.34 seconds
Iter 1183/2441 took 2.42 seconds
Iter 1184/2441 took 2.35 seconds
Iter 1185/2441 took 2.42 seconds
Iter 1186/2441 took 2.53 seconds
Iter 1187/2441 took 2.57 seconds
Iter 1188/2441 took 2.46 seconds
Iter 1189/2441 took 2.45 seconds
Iter 1190/2441 took 2.46 seconds
Iter 1191/2441 took 2.47 seconds
Iter 1192/2441 took 2.49 seconds
Iter 1193/2441 took 2.42 seconds
Iter 1194/2441 took 2.32 seconds
Iter 1195/2441 took 2.35 seconds
Iter 1196/2441 took 2.34 seconds
Iter 1197/2441 took 2.36 seconds
Iter 1198/2441 took 2.39 seconds
Iter 1199/2441 took 2.37 seconds
Iter 1200/2441 took 2.35 seconds
Iter 1201/2441 took 2.34 seconds
Iter 1202/2441 took 2.44 seconds
Iter 1203/2441 took 2.42 seconds
Iter 1204/2441 took 2.43 seconds
Iter 1205/2441 took 2.41 seconds
Iter 1206/2441 took 2.37 seconds
Iter 1207/2441 took 2.41 seconds
Iter 1208/2441 took 2.42 seconds
Iter 1209/2441 took 2.40 seconds
Iter 1210/2441 took 2.43 seconds
Iter 1211/2441 took 2.36 seconds
Iter 1212/2441 took 2.35 seconds
Iter 1213/2441 took 2.36 seconds
Iter 1214/2441 took 2.36 seconds
Iter 1215/2441 took 2.34 seconds
Iter 1216/2441 took 2.36 seconds
Iter 1217/2441 took 2.37 seconds
Iter 1218/2441 took 2.38 seconds
Iter 1219/2441 took 2.30 seconds
Iter 1220/2441 took 2.31 seconds
Iter 1221/2441 took 2.36 seconds
checkpoint saved to /home/aojili/lsy_drone_racing/lsy_drone_racing/control/checkpoints/level3_loop_004_gate_acquisition_safety/level3_loop_004_gate_acquisition_safety_step_040000000.ckpt at global_step=40009728
Iter 1222/2441 took 2.33 seconds
Iter 1223/2441 took 2.38 seconds
Iter 1224/2441 took 2.39 seconds
Iter 1225/2441 took 2.38 seconds
Iter 1226/2441 took 2.36 seconds
Iter 1227/2441 took 2.33 seconds
Iter 1228/2441 took 2.38 seconds
Iter 1229/2441 took 2.40 seconds
Iter 1230/2441 took 2.28 seconds
Iter 1231/2441 took 2.38 seconds
Iter 1232/2441 took 2.38 seconds
Iter 1233/2441 took 2.37 seconds
Iter 1234/2441 took 2.36 seconds
Iter 1235/2441 took 2.35 seconds
Iter 1236/2441 took 2.33 seconds
Iter 1237/2441 took 2.34 seconds
Iter 1238/2441 took 2.34 seconds
Iter 1239/2441 took 2.31 seconds
Iter 1240/2441 took 2.40 seconds
Iter 1241/2441 took 2.39 seconds
Iter 1242/2441 took 2.44 seconds
Iter 1243/2441 took 2.40 seconds
Iter 1244/2441 took 2.38 seconds
Iter 1245/2441 took 2.31 seconds
Iter 1246/2441 took 2.34 seconds
Iter 1247/2441 took 2.38 seconds
Iter 1248/2441 took 2.38 seconds
Iter 1249/2441 took 2.32 seconds
Iter 1250/2441 took 2.36 seconds
Iter 1251/2441 took 2.44 seconds
Iter 1252/2441 took 2.46 seconds
Iter 1253/2441 took 2.45 seconds
Iter 1254/2441 took 2.43 seconds
Iter 1255/2441 took 2.38 seconds
Iter 1256/2441 took 2.32 seconds
Iter 1257/2441 took 2.41 seconds
Iter 1258/2441 took 2.38 seconds
Iter 1259/2441 took 2.41 seconds
Iter 1260/2441 took 2.32 seconds
Iter 1261/2441 took 2.37 seconds
Iter 1262/2441 took 2.46 seconds
Iter 1263/2441 took 2.44 seconds
Iter 1264/2441 took 2.38 seconds
Iter 1265/2441 took 2.45 seconds
Iter 1266/2441 took 2.39 seconds
Iter 1267/2441 took 2.42 seconds
Iter 1268/2441 took 2.39 seconds
Iter 1269/2441 took 2.37 seconds
Iter 1270/2441 took 2.38 seconds
Iter 1271/2441 took 2.51 seconds
Iter 1272/2441 took 2.51 seconds
Iter 1273/2441 took 2.53 seconds
Iter 1274/2441 took 2.40 seconds
Iter 1275/2441 took 2.37 seconds
Iter 1276/2441 took 2.41 seconds
Iter 1277/2441 took 2.48 seconds
Iter 1278/2441 took 2.40 seconds
Iter 1279/2441 took 2.38 seconds
Iter 1280/2441 took 2.45 seconds
Iter 1281/2441 took 2.32 seconds
Iter 1282/2441 took 2.44 seconds
Iter 1283/2441 took 2.41 seconds
Iter 1284/2441 took 2.38 seconds
Iter 1285/2441 took 2.40 seconds
Iter 1286/2441 took 2.39 seconds
Iter 1287/2441 took 2.39 seconds
Iter 1288/2441 took 2.38 seconds
Iter 1289/2441 took 2.36 seconds
Iter 1290/2441 took 2.36 seconds
Iter 1291/2441 took 2.38 seconds
Iter 1292/2441 took 2.36 seconds
Iter 1293/2441 took 2.28 seconds
Iter 1294/2441 took 2.30 seconds
Iter 1295/2441 took 2.26 seconds
Iter 1296/2441 took 2.28 seconds
Iter 1297/2441 took 2.33 seconds
Iter 1298/2441 took 2.34 seconds
Iter 1299/2441 took 2.35 seconds
Iter 1300/2441 took 2.35 seconds
Iter 1301/2441 took 2.36 seconds
Iter 1302/2441 took 2.28 seconds
Iter 1303/2441 took 2.30 seconds
Iter 1304/2441 took 2.29 seconds
Iter 1305/2441 took 2.36 seconds
Iter 1306/2441 took 2.40 seconds
Iter 1307/2441 took 2.46 seconds
Iter 1308/2441 took 2.48 seconds
Iter 1309/2441 took 2.47 seconds
Iter 1310/2441 took 2.42 seconds
Iter 1311/2441 took 2.39 seconds
Iter 1312/2441 took 2.43 seconds
Iter 1313/2441 took 2.39 seconds
Iter 1314/2441 took 2.41 seconds
Iter 1315/2441 took 2.41 seconds
Iter 1316/2441 took 2.41 seconds
Iter 1317/2441 took 2.44 seconds
Iter 1318/2441 took 2.47 seconds
Iter 1319/2441 took 2.46 seconds
Iter 1320/2441 took 2.43 seconds
Iter 1321/2441 took 2.43 seconds
Iter 1322/2441 took 2.40 seconds
Iter 1323/2441 took 2.49 seconds
Iter 1324/2441 took 2.49 seconds
Iter 1325/2441 took 2.40 seconds
Iter 1326/2441 took 2.38 seconds
Iter 1327/2441 took 2.38 seconds
Iter 1328/2441 took 2.41 seconds
Iter 1329/2441 took 2.43 seconds
Iter 1330/2441 took 2.47 seconds
Iter 1331/2441 took 2.39 seconds
Iter 1332/2441 took 2.45 seconds
Iter 1333/2441 took 2.43 seconds
Iter 1334/2441 took 2.44 seconds
Iter 1335/2441 took 2.37 seconds
Iter 1336/2441 took 2.38 seconds
Iter 1337/2441 took 2.42 seconds
Iter 1338/2441 took 2.42 seconds
Iter 1339/2441 took 2.41 seconds
Iter 1340/2441 took 2.47 seconds
Iter 1341/2441 took 2.43 seconds
Iter 1342/2441 took 2.32 seconds
Iter 1343/2441 took 2.32 seconds
Iter 1344/2441 took 2.35 seconds
Iter 1345/2441 took 2.41 seconds
Iter 1346/2441 took 2.38 seconds
Iter 1347/2441 took 2.34 seconds
Iter 1348/2441 took 2.37 seconds
Iter 1349/2441 took 2.36 seconds
Iter 1350/2441 took 2.40 seconds
Iter 1351/2441 took 2.40 seconds
Iter 1352/2441 took 2.44 seconds
Iter 1353/2441 took 2.43 seconds
Iter 1354/2441 took 2.41 seconds
Iter 1355/2441 took 2.38 seconds
Iter 1356/2441 took 2.33 seconds
Iter 1357/2441 took 2.33 seconds
Iter 1358/2441 took 2.37 seconds
Iter 1359/2441 took 2.34 seconds
Iter 1360/2441 took 2.48 seconds
Iter 1361/2441 took 2.40 seconds
Iter 1362/2441 took 2.42 seconds
Iter 1363/2441 took 2.35 seconds
Iter 1364/2441 took 2.35 seconds
Iter 1365/2441 took 2.35 seconds
Iter 1366/2441 took 2.36 seconds
Iter 1367/2441 took 2.39 seconds
Iter 1368/2441 took 2.37 seconds
Iter 1369/2441 took 2.31 seconds
Iter 1370/2441 took 2.31 seconds
Iter 1371/2441 took 2.36 seconds
Iter 1372/2441 took 2.38 seconds
Iter 1373/2441 took 2.43 seconds
Iter 1374/2441 took 2.46 seconds
checkpoint saved to /home/aojili/lsy_drone_racing/lsy_drone_racing/control/checkpoints/level3_loop_004_gate_acquisition_safety/level3_loop_004_gate_acquisition_safety_step_045000000.ckpt at global_step=45023232
Iter 1375/2441 took 2.38 seconds
Iter 1376/2441 took 2.40 seconds
Iter 1377/2441 took 2.44 seconds
Iter 1378/2441 took 2.47 seconds
Iter 1379/2441 took 2.42 seconds
Iter 1380/2441 took 2.47 seconds
Iter 1381/2441 took 2.46 seconds
Iter 1382/2441 took 2.49 seconds
Iter 1383/2441 took 2.42 seconds
Iter 1384/2441 took 2.45 seconds
Iter 1385/2441 took 2.52 seconds
Iter 1386/2441 took 2.49 seconds
Iter 1387/2441 took 2.43 seconds
Iter 1388/2441 took 2.37 seconds
Iter 1389/2441 took 2.41 seconds
Iter 1390/2441 took 2.34 seconds
Iter 1391/2441 took 2.34 seconds
Iter 1392/2441 took 2.33 seconds
Iter 1393/2441 took 2.29 seconds
Iter 1394/2441 took 2.31 seconds
Iter 1395/2441 took 2.38 seconds
Iter 1396/2441 took 2.45 seconds
Iter 1397/2441 took 2.53 seconds
Iter 1398/2441 took 2.43 seconds
Iter 1399/2441 took 2.38 seconds
Iter 1400/2441 took 2.47 seconds
Iter 1401/2441 took 2.50 seconds
Iter 1402/2441 took 2.51 seconds
Iter 1403/2441 took 2.43 seconds
Iter 1404/2441 took 2.40 seconds
Iter 1405/2441 took 2.30 seconds
Iter 1406/2441 took 2.32 seconds
Iter 1407/2441 took 2.32 seconds
Iter 1408/2441 took 2.35 seconds
Iter 1409/2441 took 2.33 seconds
Iter 1410/2441 took 2.36 seconds
Iter 1411/2441 took 2.31 seconds
Iter 1412/2441 took 2.31 seconds
Iter 1413/2441 took 2.38 seconds
Iter 1414/2441 took 2.36 seconds
Iter 1415/2441 took 2.34 seconds
Iter 1416/2441 took 2.27 seconds
Iter 1417/2441 took 2.42 seconds
Iter 1418/2441 took 2.42 seconds
Iter 1419/2441 took 2.39 seconds
Iter 1420/2441 took 2.34 seconds
Iter 1421/2441 took 2.38 seconds
Iter 1422/2441 took 2.33 seconds
Iter 1423/2441 took 2.36 seconds
Iter 1424/2441 took 2.34 seconds
Iter 1425/2441 took 2.40 seconds
Iter 1426/2441 took 2.36 seconds
Iter 1427/2441 took 2.33 seconds
Iter 1428/2441 took 2.35 seconds
Iter 1429/2441 took 2.40 seconds
Iter 1430/2441 took 2.45 seconds
Iter 1431/2441 took 2.42 seconds
Iter 1432/2441 took 2.43 seconds
Iter 1433/2441 took 2.37 seconds
Iter 1434/2441 took 2.40 seconds
Iter 1435/2441 took 2.37 seconds
Iter 1436/2441 took 2.46 seconds
Iter 1437/2441 took 2.40 seconds
Iter 1438/2441 took 2.42 seconds
Iter 1439/2441 took 2.33 seconds
Iter 1440/2441 took 2.40 seconds
Iter 1441/2441 took 2.35 seconds
Iter 1442/2441 took 2.39 seconds
Iter 1443/2441 took 2.39 seconds
Iter 1444/2441 took 2.37 seconds
Iter 1445/2441 took 2.37 seconds
Iter 1446/2441 took 2.44 seconds
Iter 1447/2441 took 2.34 seconds
Iter 1448/2441 took 2.37 seconds
Iter 1449/2441 took 2.36 seconds
Iter 1450/2441 took 2.39 seconds
Iter 1451/2441 took 2.45 seconds
Iter 1452/2441 took 2.46 seconds
Iter 1453/2441 took 2.47 seconds
Iter 1454/2441 took 2.40 seconds
Iter 1455/2441 took 2.47 seconds
Iter 1456/2441 took 2.36 seconds
Iter 1457/2441 took 2.40 seconds
Iter 1458/2441 took 2.38 seconds
Iter 1459/2441 took 2.34 seconds
Iter 1460/2441 took 2.29 seconds
Iter 1461/2441 took 2.39 seconds
Iter 1462/2441 took 2.43 seconds
Iter 1463/2441 took 2.31 seconds
Iter 1464/2441 took 2.33 seconds
Iter 1465/2441 took 2.34 seconds
Iter 1466/2441 took 2.36 seconds
Iter 1467/2441 took 2.35 seconds
Iter 1468/2441 took 2.34 seconds
Iter 1469/2441 took 2.33 seconds
Iter 1470/2441 took 2.36 seconds
Iter 1471/2441 took 2.33 seconds
Iter 1472/2441 took 2.34 seconds
Iter 1473/2441 took 2.35 seconds
Iter 1474/2441 took 2.32 seconds
Iter 1475/2441 took 2.34 seconds
Iter 1476/2441 took 2.34 seconds
Iter 1477/2441 took 2.37 seconds
Iter 1478/2441 took 2.36 seconds
Iter 1479/2441 took 2.28 seconds
Iter 1480/2441 took 2.30 seconds
Iter 1481/2441 took 2.30 seconds
Iter 1482/2441 took 2.29 seconds
Iter 1483/2441 took 2.38 seconds
Iter 1484/2441 took 2.31 seconds
Iter 1485/2441 took 2.36 seconds
Iter 1486/2441 took 2.33 seconds
Iter 1487/2441 took 2.31 seconds
Iter 1488/2441 took 2.32 seconds
Iter 1489/2441 took 2.38 seconds
Iter 1490/2441 took 2.38 seconds
Iter 1491/2441 took 2.39 seconds
Iter 1492/2441 took 2.33 seconds
Iter 1493/2441 took 2.37 seconds
Iter 1494/2441 took 2.41 seconds
Iter 1495/2441 took 2.45 seconds
Iter 1496/2441 took 2.32 seconds
Iter 1497/2441 took 2.40 seconds
Iter 1498/2441 took 2.45 seconds
Iter 1499/2441 took 2.39 seconds
Iter 1500/2441 took 2.41 seconds
Iter 1501/2441 took 2.38 seconds
Iter 1502/2441 took 2.44 seconds
Iter 1503/2441 took 2.40 seconds
Iter 1504/2441 took 2.40 seconds
Iter 1505/2441 took 2.34 seconds
Iter 1506/2441 took 2.35 seconds
Iter 1507/2441 took 2.35 seconds
Iter 1508/2441 took 2.42 seconds
Iter 1509/2441 took 2.36 seconds
Iter 1510/2441 took 2.42 seconds
Iter 1511/2441 took 2.34 seconds
Iter 1512/2441 took 2.40 seconds
Iter 1513/2441 took 2.37 seconds
Iter 1514/2441 took 2.41 seconds
Iter 1515/2441 took 2.42 seconds
Iter 1516/2441 took 2.37 seconds
Iter 1517/2441 took 2.41 seconds
Iter 1518/2441 took 2.39 seconds
Iter 1519/2441 took 2.45 seconds
Iter 1520/2441 took 2.42 seconds
Iter 1521/2441 took 2.50 seconds
Iter 1522/2441 took 2.48 seconds
Iter 1523/2441 took 2.46 seconds
Iter 1524/2441 took 2.41 seconds
Iter 1525/2441 took 2.49 seconds
Iter 1526/2441 took 2.43 seconds
checkpoint saved to /home/aojili/lsy_drone_racing/lsy_drone_racing/control/checkpoints/level3_loop_004_gate_acquisition_safety/level3_loop_004_gate_acquisition_safety_step_050000000.ckpt at global_step=50003968
Iter 1527/2441 took 2.42 seconds
Iter 1528/2441 took 2.33 seconds
Iter 1529/2441 took 2.28 seconds
Iter 1530/2441 took 2.36 seconds
Iter 1531/2441 took 2.37 seconds
Iter 1532/2441 took 2.31 seconds
Iter 1533/2441 took 2.38 seconds
Iter 1534/2441 took 2.36 seconds
Iter 1535/2441 took 2.44 seconds
Iter 1536/2441 took 2.35 seconds
Iter 1537/2441 took 2.34 seconds
Iter 1538/2441 took 2.33 seconds
Iter 1539/2441 took 2.30 seconds
Iter 1540/2441 took 2.34 seconds
Iter 1541/2441 took 2.34 seconds
Iter 1542/2441 took 2.35 seconds
Iter 1543/2441 took 2.32 seconds
Iter 1544/2441 took 2.33 seconds
Iter 1545/2441 took 2.33 seconds
Iter 1546/2441 took 2.50 seconds
Iter 1547/2441 took 2.41 seconds
Iter 1548/2441 took 2.36 seconds
Iter 1549/2441 took 2.35 seconds
Iter 1550/2441 took 2.38 seconds
Iter 1551/2441 took 2.39 seconds
Iter 1552/2441 took 2.35 seconds
Iter 1553/2441 took 2.47 seconds
Iter 1554/2441 took 2.52 seconds
Iter 1555/2441 took 2.40 seconds
Iter 1556/2441 took 2.40 seconds
Iter 1557/2441 took 2.43 seconds
Iter 1558/2441 took 2.35 seconds
Iter 1559/2441 took 2.34 seconds
Iter 1560/2441 took 2.30 seconds
Iter 1561/2441 took 2.34 seconds
Iter 1562/2441 took 2.43 seconds
Iter 1563/2441 took 2.40 seconds
Iter 1564/2441 took 2.42 seconds
Iter 1565/2441 took 2.46 seconds
Iter 1566/2441 took 2.40 seconds
Iter 1567/2441 took 2.34 seconds
Iter 1568/2441 took 2.44 seconds
Iter 1569/2441 took 2.44 seconds
Iter 1570/2441 took 2.35 seconds
Iter 1571/2441 took 2.36 seconds
Iter 1572/2441 took 2.42 seconds
Iter 1573/2441 took 2.42 seconds
Iter 1574/2441 took 2.40 seconds
Iter 1575/2441 took 2.32 seconds
Iter 1576/2441 took 2.34 seconds
Iter 1577/2441 took 2.36 seconds
Iter 1578/2441 took 2.34 seconds
Iter 1579/2441 took 2.31 seconds
Iter 1580/2441 took 2.34 seconds
Iter 1581/2441 took 2.36 seconds
Iter 1582/2441 took 2.33 seconds
Iter 1583/2441 took 2.31 seconds
Iter 1584/2441 took 2.39 seconds
Iter 1585/2441 took 2.35 seconds
Iter 1586/2441 took 2.35 seconds
Iter 1587/2441 took 2.43 seconds
Iter 1588/2441 took 2.36 seconds
Iter 1589/2441 took 2.37 seconds
Iter 1590/2441 took 2.40 seconds
Iter 1591/2441 took 2.47 seconds
Iter 1592/2441 took 2.36 seconds
Iter 1593/2441 took 2.41 seconds
Iter 1594/2441 took 2.34 seconds
Iter 1595/2441 took 2.35 seconds
Iter 1596/2441 took 2.32 seconds
Iter 1597/2441 took 2.37 seconds
Iter 1598/2441 took 2.28 seconds
Iter 1599/2441 took 2.31 seconds
Iter 1600/2441 took 2.29 seconds
Iter 1601/2441 took 2.32 seconds
Iter 1602/2441 took 2.32 seconds
Iter 1603/2441 took 2.40 seconds
Iter 1604/2441 took 2.34 seconds
Iter 1605/2441 took 2.25 seconds
Iter 1606/2441 took 2.32 seconds
Iter 1607/2441 took 2.36 seconds
Iter 1608/2441 took 2.37 seconds
Iter 1609/2441 took 2.37 seconds
Iter 1610/2441 took 2.35 seconds
Iter 1611/2441 took 2.26 seconds
Iter 1612/2441 took 2.31 seconds
Iter 1613/2441 took 2.30 seconds
Iter 1614/2441 took 2.34 seconds
Iter 1615/2441 took 2.35 seconds
Iter 1616/2441 took 2.37 seconds
Iter 1617/2441 took 2.45 seconds
Iter 1618/2441 took 2.36 seconds
Iter 1619/2441 took 2.35 seconds
Iter 1620/2441 took 2.39 seconds
Iter 1621/2441 took 2.40 seconds
Iter 1622/2441 took 2.40 seconds
Iter 1623/2441 took 2.34 seconds
Iter 1624/2441 took 2.30 seconds
Iter 1625/2441 took 2.37 seconds
Iter 1626/2441 took 2.48 seconds
Iter 1627/2441 took 2.44 seconds
Iter 1628/2441 took 2.54 seconds
Iter 1629/2441 took 2.44 seconds
Iter 1630/2441 took 2.47 seconds
Iter 1631/2441 took 2.37 seconds
Iter 1632/2441 took 2.34 seconds
Iter 1633/2441 took 2.36 seconds
Iter 1634/2441 took 2.36 seconds
Iter 1635/2441 took 2.33 seconds
Iter 1636/2441 took 2.35 seconds
Iter 1637/2441 took 2.38 seconds
Iter 1638/2441 took 2.37 seconds
Iter 1639/2441 took 2.40 seconds
Iter 1640/2441 took 2.37 seconds
Iter 1641/2441 took 2.40 seconds
Iter 1642/2441 took 2.41 seconds
Iter 1643/2441 took 2.34 seconds
Iter 1644/2441 took 2.35 seconds
Iter 1645/2441 took 2.38 seconds
Iter 1646/2441 took 2.38 seconds
Iter 1647/2441 took 2.34 seconds
Iter 1648/2441 took 2.34 seconds
Iter 1649/2441 took 2.32 seconds
Iter 1650/2441 took 2.31 seconds
Iter 1651/2441 took 2.37 seconds
Iter 1652/2441 took 2.39 seconds
Iter 1653/2441 took 2.38 seconds
Iter 1654/2441 took 2.34 seconds
Iter 1655/2441 took 2.31 seconds
Iter 1656/2441 took 2.28 seconds
Iter 1657/2441 took 2.33 seconds
Iter 1658/2441 took 2.29 seconds
Iter 1659/2441 took 2.29 seconds
Iter 1660/2441 took 2.32 seconds
Iter 1661/2441 took 2.32 seconds
Iter 1662/2441 took 2.34 seconds
Iter 1663/2441 took 2.33 seconds
Iter 1664/2441 took 2.39 seconds
Iter 1665/2441 took 2.38 seconds
Iter 1666/2441 took 2.41 seconds
Iter 1667/2441 took 2.51 seconds
Iter 1668/2441 took 2.46 seconds
Iter 1669/2441 took 2.42 seconds
Iter 1670/2441 took 2.40 seconds
Iter 1671/2441 took 2.40 seconds
Iter 1672/2441 took 2.43 seconds
Iter 1673/2441 took 2.41 seconds
Iter 1674/2441 took 2.48 seconds
Iter 1675/2441 took 2.41 seconds
Iter 1676/2441 took 2.39 seconds
Iter 1677/2441 took 2.40 seconds
Iter 1678/2441 took 2.43 seconds
Iter 1679/2441 took 2.44 seconds
checkpoint saved to /home/aojili/lsy_drone_racing/lsy_drone_racing/control/checkpoints/level3_loop_004_gate_acquisition_safety/level3_loop_004_gate_acquisition_safety_step_055000000.ckpt at global_step=55017472
Iter 1680/2441 took 2.50 seconds
Iter 1681/2441 took 2.46 seconds
Iter 1682/2441 took 2.36 seconds
Iter 1683/2441 took 2.40 seconds
Iter 1684/2441 took 2.41 seconds
Iter 1685/2441 took 2.41 seconds
Iter 1686/2441 took 2.44 seconds
Iter 1687/2441 took 2.44 seconds
Iter 1688/2441 took 2.45 seconds
Iter 1689/2441 took 2.46 seconds
Iter 1690/2441 took 2.44 seconds
Iter 1691/2441 took 2.37 seconds
Iter 1692/2441 took 2.31 seconds
Iter 1693/2441 took 2.39 seconds
Iter 1694/2441 took 2.36 seconds
Iter 1695/2441 took 2.36 seconds
Iter 1696/2441 took 2.33 seconds
Iter 1697/2441 took 2.35 seconds
Iter 1698/2441 took 2.34 seconds
Iter 1699/2441 took 2.34 seconds
Iter 1700/2441 took 2.34 seconds
Iter 1701/2441 took 2.32 seconds
Iter 1702/2441 took 2.37 seconds
Iter 1703/2441 took 2.43 seconds
Iter 1704/2441 took 2.50 seconds
Iter 1705/2441 took 2.40 seconds
Iter 1706/2441 took 2.39 seconds
Iter 1707/2441 took 2.35 seconds
Iter 1708/2441 took 2.38 seconds
Iter 1709/2441 took 2.32 seconds
Iter 1710/2441 took 2.39 seconds
Iter 1711/2441 took 2.38 seconds
Iter 1712/2441 took 2.44 seconds
Iter 1713/2441 took 2.47 seconds
Iter 1714/2441 took 2.38 seconds
Iter 1715/2441 took 2.32 seconds
Iter 1716/2441 took 2.36 seconds
Iter 1717/2441 took 2.41 seconds
Iter 1718/2441 took 2.40 seconds
Iter 1719/2441 took 2.35 seconds
Iter 1720/2441 took 2.35 seconds
Iter 1721/2441 took 2.33 seconds
Iter 1722/2441 took 2.29 seconds
Iter 1723/2441 took 2.33 seconds
Iter 1724/2441 took 2.27 seconds
Iter 1725/2441 took 2.30 seconds
Iter 1726/2441 took 2.33 seconds
Iter 1727/2441 took 2.38 seconds
Iter 1728/2441 took 2.42 seconds
Iter 1729/2441 took 2.52 seconds
Iter 1730/2441 took 2.57 seconds
Iter 1731/2441 took 2.44 seconds
Iter 1732/2441 took 2.36 seconds
Iter 1733/2441 took 2.37 seconds
Iter 1734/2441 took 2.30 seconds
Iter 1735/2441 took 2.36 seconds
Iter 1736/2441 took 2.35 seconds
Iter 1737/2441 took 2.36 seconds
Iter 1738/2441 took 2.39 seconds
Iter 1739/2441 took 2.36 seconds
Iter 1740/2441 took 2.40 seconds
Iter 1741/2441 took 2.39 seconds
Iter 1742/2441 took 2.39 seconds
Iter 1743/2441 took 2.40 seconds
Iter 1744/2441 took 2.34 seconds
Iter 1745/2441 took 2.30 seconds
Iter 1746/2441 took 2.34 seconds
Iter 1747/2441 took 2.29 seconds
Iter 1748/2441 took 2.37 seconds
Iter 1749/2441 took 2.33 seconds
Iter 1750/2441 took 2.38 seconds
Iter 1751/2441 took 2.48 seconds
Iter 1752/2441 took 2.52 seconds
Iter 1753/2441 took 2.45 seconds
Iter 1754/2441 took 2.44 seconds
Iter 1755/2441 took 2.51 seconds
Iter 1756/2441 took 2.41 seconds
Iter 1757/2441 took 2.35 seconds
Iter 1758/2441 took 2.28 seconds
Iter 1759/2441 took 2.30 seconds
Iter 1760/2441 took 2.34 seconds
Iter 1761/2441 took 2.33 seconds
Iter 1762/2441 took 2.27 seconds
Iter 1763/2441 took 2.32 seconds
Iter 1764/2441 took 2.35 seconds
Iter 1765/2441 took 2.36 seconds
Iter 1766/2441 took 2.34 seconds
Iter 1767/2441 took 2.37 seconds
Iter 1768/2441 took 2.39 seconds
Iter 1769/2441 took 2.39 seconds
Iter 1770/2441 took 2.34 seconds
Iter 1771/2441 took 2.36 seconds
Iter 1772/2441 took 2.37 seconds
Iter 1773/2441 took 2.37 seconds
Iter 1774/2441 took 2.42 seconds
Iter 1775/2441 took 2.41 seconds
Iter 1776/2441 took 2.40 seconds
Iter 1777/2441 took 2.40 seconds
Iter 1778/2441 took 2.36 seconds
Iter 1779/2441 took 2.34 seconds
Iter 1780/2441 took 2.36 seconds
Iter 1781/2441 took 2.32 seconds
Iter 1782/2441 took 2.35 seconds
Iter 1783/2441 took 2.32 seconds
Iter 1784/2441 took 2.41 seconds
Iter 1785/2441 took 2.44 seconds
Iter 1786/2441 took 2.47 seconds
Iter 1787/2441 took 2.35 seconds
Iter 1788/2441 took 2.35 seconds
Iter 1789/2441 took 2.36 seconds
Iter 1790/2441 took 2.35 seconds
Iter 1791/2441 took 2.32 seconds
Iter 1792/2441 took 2.33 seconds
Iter 1793/2441 took 2.41 seconds
Iter 1794/2441 took 2.33 seconds
Iter 1795/2441 took 2.36 seconds
Iter 1796/2441 took 2.37 seconds
Iter 1797/2441 took 2.41 seconds
Iter 1798/2441 took 2.38 seconds
Iter 1799/2441 took 2.41 seconds
Iter 1800/2441 took 2.37 seconds
Iter 1801/2441 took 2.43 seconds
Iter 1802/2441 took 2.43 seconds
Iter 1803/2441 took 2.44 seconds
Iter 1804/2441 took 2.38 seconds
Iter 1805/2441 took 2.40 seconds
Iter 1806/2441 took 2.37 seconds
Iter 1807/2441 took 2.36 seconds
Iter 1808/2441 took 2.36 seconds
Iter 1809/2441 took 2.33 seconds
Iter 1810/2441 took 2.39 seconds
Iter 1811/2441 took 2.32 seconds
Iter 1812/2441 took 2.31 seconds
Iter 1813/2441 took 2.28 seconds
Iter 1814/2441 took 2.34 seconds
Iter 1815/2441 took 2.34 seconds
Iter 1816/2441 took 2.28 seconds
Iter 1817/2441 took 2.35 seconds
Iter 1818/2441 took 2.33 seconds
Iter 1819/2441 took 2.30 seconds
Iter 1820/2441 took 2.29 seconds
Iter 1821/2441 took 2.29 seconds
Iter 1822/2441 took 2.34 seconds
Iter 1823/2441 took 2.38 seconds
Iter 1824/2441 took 2.43 seconds
Iter 1825/2441 took 2.39 seconds
Iter 1826/2441 took 2.33 seconds
Iter 1827/2441 took 2.36 seconds
Iter 1828/2441 took 2.35 seconds
Iter 1829/2441 took 2.32 seconds
Iter 1830/2441 took 2.43 seconds
Iter 1831/2441 took 2.44 seconds
Iter 1832/2441 took 2.37 seconds
checkpoint saved to /home/aojili/lsy_drone_racing/lsy_drone_racing/control/checkpoints/level3_loop_004_gate_acquisition_safety/level3_loop_004_gate_acquisition_safety_step_060000000.ckpt at global_step=60030976
Iter 1833/2441 took 2.35 seconds
Iter 1834/2441 took 2.32 seconds
Iter 1835/2441 took 2.28 seconds
Iter 1836/2441 took 2.31 seconds
Iter 1837/2441 took 2.33 seconds
Iter 1838/2441 took 2.31 seconds
Iter 1839/2441 took 2.26 seconds
Iter 1840/2441 took 2.29 seconds
Iter 1841/2441 took 2.30 seconds
Iter 1842/2441 took 2.28 seconds
Iter 1843/2441 took 2.40 seconds
Iter 1844/2441 took 2.42 seconds
Iter 1845/2441 took 2.39 seconds
Iter 1846/2441 took 2.39 seconds
Iter 1847/2441 took 2.42 seconds
Iter 1848/2441 took 2.36 seconds
Iter 1849/2441 took 2.42 seconds
Iter 1850/2441 took 2.36 seconds
Iter 1851/2441 took 2.35 seconds
Iter 1852/2441 took 2.32 seconds
Iter 1853/2441 took 2.33 seconds
Iter 1854/2441 took 2.36 seconds
Iter 1855/2441 took 2.45 seconds
Iter 1856/2441 took 2.59 seconds
Iter 1857/2441 took 2.46 seconds
Iter 1858/2441 took 2.34 seconds
Iter 1859/2441 took 2.31 seconds
Iter 1860/2441 took 2.30 seconds
Iter 1861/2441 took 2.35 seconds
Iter 1862/2441 took 2.36 seconds
Iter 1863/2441 took 2.35 seconds
Iter 1864/2441 took 2.33 seconds
Iter 1865/2441 took 2.33 seconds
Iter 1866/2441 took 2.33 seconds
Iter 1867/2441 took 2.32 seconds
Iter 1868/2441 took 2.34 seconds
Iter 1869/2441 took 2.31 seconds
Iter 1870/2441 took 2.34 seconds
Iter 1871/2441 took 2.41 seconds
Iter 1872/2441 took 2.36 seconds
Iter 1873/2441 took 2.35 seconds
Iter 1874/2441 took 2.39 seconds
Iter 1875/2441 took 2.38 seconds
Iter 1876/2441 took 2.33 seconds
Iter 1877/2441 took 2.41 seconds
Iter 1878/2441 took 2.45 seconds
Iter 1879/2441 took 2.44 seconds
Iter 1880/2441 took 2.45 seconds
Iter 1881/2441 took 2.46 seconds
Iter 1882/2441 took 2.49 seconds
Iter 1883/2441 took 2.39 seconds
Iter 1884/2441 took 2.46 seconds
Iter 1885/2441 took 2.39 seconds
Iter 1886/2441 took 2.34 seconds
Iter 1887/2441 took 2.36 seconds
Iter 1888/2441 took 2.34 seconds
Iter 1889/2441 took 2.44 seconds
Iter 1890/2441 took 2.39 seconds
Iter 1891/2441 took 2.44 seconds
Iter 1892/2441 took 2.46 seconds
Iter 1893/2441 took 2.50 seconds
Iter 1894/2441 took 2.41 seconds
Iter 1895/2441 took 2.40 seconds
Iter 1896/2441 took 2.41 seconds
Iter 1897/2441 took 2.36 seconds
Iter 1898/2441 took 2.35 seconds
Iter 1899/2441 took 2.41 seconds
Iter 1900/2441 took 2.37 seconds
Iter 1901/2441 took 2.36 seconds
Iter 1902/2441 took 2.36 seconds
Iter 1903/2441 took 2.42 seconds
Iter 1904/2441 took 2.42 seconds
Iter 1905/2441 took 2.48 seconds
Iter 1906/2441 took 2.45 seconds
Iter 1907/2441 took 2.38 seconds
Iter 1908/2441 took 2.37 seconds
Iter 1909/2441 took 2.31 seconds
Iter 1910/2441 took 2.40 seconds
Iter 1911/2441 took 2.35 seconds
Iter 1912/2441 took 2.40 seconds
Iter 1913/2441 took 2.37 seconds
Iter 1914/2441 took 2.32 seconds
Iter 1915/2441 took 2.37 seconds
Iter 1916/2441 took 2.47 seconds
Iter 1917/2441 took 2.39 seconds
Iter 1918/2441 took 2.45 seconds
Iter 1919/2441 took 2.34 seconds
Iter 1920/2441 took 2.27 seconds
Iter 1921/2441 took 2.26 seconds
Iter 1922/2441 took 2.29 seconds
Iter 1923/2441 took 2.28 seconds
Iter 1924/2441 took 2.30 seconds
Iter 1925/2441 took 2.40 seconds
Iter 1926/2441 took 2.42 seconds
Iter 1927/2441 took 2.39 seconds
Iter 1928/2441 took 2.34 seconds
Iter 1929/2441 took 2.35 seconds
Iter 1930/2441 took 2.38 seconds
Iter 1931/2441 took 2.44 seconds
Iter 1932/2441 took 2.41 seconds
Iter 1933/2441 took 2.35 seconds
Iter 1934/2441 took 2.42 seconds
Iter 1935/2441 took 2.43 seconds
Iter 1936/2441 took 2.42 seconds
Iter 1937/2441 took 2.38 seconds
Iter 1938/2441 took 2.44 seconds
Iter 1939/2441 took 2.47 seconds
Iter 1940/2441 took 2.44 seconds
Iter 1941/2441 took 2.44 seconds
Iter 1942/2441 took 2.34 seconds
Iter 1943/2441 took 2.38 seconds
Iter 1944/2441 took 2.32 seconds
Iter 1945/2441 took 2.31 seconds
Iter 1946/2441 took 2.34 seconds
Iter 1947/2441 took 2.34 seconds
Iter 1948/2441 took 2.36 seconds
Iter 1949/2441 took 2.35 seconds
Iter 1950/2441 took 2.36 seconds
Iter 1951/2441 took 2.37 seconds
Iter 1952/2441 took 2.40 seconds
Iter 1953/2441 took 2.36 seconds
Iter 1954/2441 took 2.37 seconds
Iter 1955/2441 took 2.33 seconds
Iter 1956/2441 took 2.36 seconds
Iter 1957/2441 took 2.41 seconds
Iter 1958/2441 took 2.37 seconds
Iter 1959/2441 took 2.34 seconds
Iter 1960/2441 took 2.33 seconds
Iter 1961/2441 took 2.33 seconds
Iter 1962/2441 took 2.33 seconds
Iter 1963/2441 took 2.33 seconds
Iter 1964/2441 took 2.30 seconds
Iter 1965/2441 took 2.29 seconds
Iter 1966/2441 took 2.29 seconds
Iter 1967/2441 took 2.31 seconds
Iter 1968/2441 took 2.25 seconds
Iter 1969/2441 took 2.28 seconds
Iter 1970/2441 took 2.38 seconds
Iter 1971/2441 took 2.36 seconds
Iter 1972/2441 took 2.37 seconds
Iter 1973/2441 took 2.32 seconds
Iter 1974/2441 took 2.35 seconds
Iter 1975/2441 took 2.29 seconds
Iter 1976/2441 took 2.37 seconds
Iter 1977/2441 took 2.35 seconds
Iter 1978/2441 took 2.35 seconds
Iter 1979/2441 took 2.35 seconds
Iter 1980/2441 took 2.45 seconds
Iter 1981/2441 took 2.46 seconds
Iter 1982/2441 took 2.43 seconds
Iter 1983/2441 took 2.37 seconds
Iter 1984/2441 took 2.37 seconds
checkpoint saved to /home/aojili/lsy_drone_racing/lsy_drone_racing/control/checkpoints/level3_loop_004_gate_acquisition_safety/level3_loop_004_gate_acquisition_safety_step_065000000.ckpt at global_step=65011712
Iter 1985/2441 took 2.39 seconds
Iter 1986/2441 took 2.34 seconds
Iter 1987/2441 took 2.39 seconds
Iter 1988/2441 took 2.43 seconds
Iter 1989/2441 took 2.32 seconds
Iter 1990/2441 took 2.33 seconds
Iter 1991/2441 took 2.39 seconds
Iter 1992/2441 took 2.38 seconds
Iter 1993/2441 took 2.37 seconds
Iter 1994/2441 took 2.37 seconds
Iter 1995/2441 took 2.44 seconds
Iter 1996/2441 took 2.42 seconds
Iter 1997/2441 took 2.33 seconds
Iter 1998/2441 took 2.37 seconds
Iter 1999/2441 took 2.35 seconds
Iter 2000/2441 took 2.37 seconds
Iter 2001/2441 took 2.37 seconds
Iter 2002/2441 took 2.33 seconds
Iter 2003/2441 took 2.37 seconds
Iter 2004/2441 took 2.34 seconds
Iter 2005/2441 took 2.33 seconds
Iter 2006/2441 took 2.32 seconds
Iter 2007/2441 took 2.37 seconds
Iter 2008/2441 took 2.42 seconds
Iter 2009/2441 took 2.37 seconds
Iter 2010/2441 took 2.36 seconds
Iter 2011/2441 took 2.40 seconds
Iter 2012/2441 took 2.44 seconds
Iter 2013/2441 took 2.42 seconds
Iter 2014/2441 took 2.42 seconds
Iter 2015/2441 took 2.47 seconds
Iter 2016/2441 took 2.38 seconds
Iter 2017/2441 took 2.34 seconds
Iter 2018/2441 took 2.29 seconds
Iter 2019/2441 took 2.30 seconds
Iter 2020/2441 took 2.35 seconds
Iter 2021/2441 took 2.37 seconds
Iter 2022/2441 took 2.43 seconds
Iter 2023/2441 took 2.41 seconds
Iter 2024/2441 took 2.41 seconds
Iter 2025/2441 took 2.40 seconds
Iter 2026/2441 took 2.39 seconds
Iter 2027/2441 took 2.34 seconds
Iter 2028/2441 took 2.35 seconds
Iter 2029/2441 took 2.35 seconds
Iter 2030/2441 took 2.37 seconds
Iter 2031/2441 took 2.40 seconds
Iter 2032/2441 took 2.33 seconds
Iter 2033/2441 took 2.46 seconds
Iter 2034/2441 took 2.39 seconds
Iter 2035/2441 took 2.37 seconds
Iter 2036/2441 took 2.27 seconds
Iter 2037/2441 took 2.27 seconds
Iter 2038/2441 took 2.36 seconds
Iter 2039/2441 took 2.37 seconds
Iter 2040/2441 took 2.35 seconds
Iter 2041/2441 took 2.33 seconds
Iter 2042/2441 took 2.34 seconds
Iter 2043/2441 took 2.37 seconds
Iter 2044/2441 took 2.41 seconds
Iter 2045/2441 took 2.42 seconds
Iter 2046/2441 took 2.40 seconds
Iter 2047/2441 took 2.36 seconds
Iter 2048/2441 took 2.34 seconds
Iter 2049/2441 took 2.39 seconds
Iter 2050/2441 took 2.40 seconds
Iter 2051/2441 took 2.33 seconds
Iter 2052/2441 took 2.36 seconds
Iter 2053/2441 took 2.33 seconds
Iter 2054/2441 took 2.38 seconds
Iter 2055/2441 took 2.31 seconds
Iter 2056/2441 took 2.40 seconds
Iter 2057/2441 took 2.45 seconds
Iter 2058/2441 took 2.43 seconds
Iter 2059/2441 took 2.44 seconds
Iter 2060/2441 took 2.45 seconds
Iter 2061/2441 took 2.45 seconds
Iter 2062/2441 took 2.35 seconds
Iter 2063/2441 took 2.32 seconds
Iter 2064/2441 took 2.38 seconds
Iter 2065/2441 took 2.38 seconds
Iter 2066/2441 took 2.34 seconds
Iter 2067/2441 took 2.32 seconds
Iter 2068/2441 took 2.33 seconds
Iter 2069/2441 took 2.38 seconds
Iter 2070/2441 took 2.37 seconds
Iter 2071/2441 took 2.41 seconds
Iter 2072/2441 took 2.36 seconds
Iter 2073/2441 took 2.34 seconds
Iter 2074/2441 took 2.43 seconds
Iter 2075/2441 took 2.43 seconds
Iter 2076/2441 took 2.42 seconds
Iter 2077/2441 took 2.29 seconds
Iter 2078/2441 took 2.38 seconds
Iter 2079/2441 took 2.41 seconds
Iter 2080/2441 took 2.44 seconds
Iter 2081/2441 took 2.37 seconds
Iter 2082/2441 took 2.34 seconds
Iter 2083/2441 took 2.37 seconds
Iter 2084/2441 took 2.39 seconds
Iter 2085/2441 took 2.39 seconds
Iter 2086/2441 took 2.32 seconds
Iter 2087/2441 took 2.30 seconds
Iter 2088/2441 took 2.39 seconds
Iter 2089/2441 took 2.34 seconds
Iter 2090/2441 took 2.34 seconds
Iter 2091/2441 took 2.36 seconds
Iter 2092/2441 took 2.37 seconds
Iter 2093/2441 took 2.37 seconds
Iter 2094/2441 took 2.43 seconds
Iter 2095/2441 took 2.38 seconds
Iter 2096/2441 took 2.41 seconds
Iter 2097/2441 took 2.32 seconds
Iter 2098/2441 took 2.32 seconds
Iter 2099/2441 took 2.36 seconds
Iter 2100/2441 took 2.35 seconds
Iter 2101/2441 took 2.39 seconds
Iter 2102/2441 took 2.36 seconds
Iter 2103/2441 took 2.32 seconds
Iter 2104/2441 took 2.42 seconds
Iter 2105/2441 took 2.39 seconds
Iter 2106/2441 took 2.34 seconds
Iter 2107/2441 took 2.34 seconds
Iter 2108/2441 took 2.35 seconds
Iter 2109/2441 took 2.36 seconds
Iter 2110/2441 took 2.35 seconds
Iter 2111/2441 took 2.31 seconds
Iter 2112/2441 took 2.37 seconds
Iter 2113/2441 took 2.31 seconds
Iter 2114/2441 took 2.33 seconds
Iter 2115/2441 took 2.33 seconds
Iter 2116/2441 took 2.34 seconds
Iter 2117/2441 took 2.33 seconds
Iter 2118/2441 took 2.33 seconds
Iter 2119/2441 took 2.33 seconds
Iter 2120/2441 took 2.29 seconds
Iter 2121/2441 took 2.38 seconds
Iter 2122/2441 took 2.36 seconds
Iter 2123/2441 took 2.47 seconds
Iter 2124/2441 took 2.41 seconds
Iter 2125/2441 took 2.42 seconds
Iter 2126/2441 took 2.42 seconds
Iter 2127/2441 took 2.43 seconds
Iter 2128/2441 took 2.40 seconds
Iter 2129/2441 took 2.39 seconds
Iter 2130/2441 took 2.41 seconds
Iter 2131/2441 took 2.41 seconds
Iter 2132/2441 took 2.38 seconds
Iter 2133/2441 took 2.33 seconds
Iter 2134/2441 took 2.40 seconds
Iter 2135/2441 took 2.36 seconds
Iter 2136/2441 took 2.35 seconds
Iter 2137/2441 took 2.42 seconds
checkpoint saved to /home/aojili/lsy_drone_racing/lsy_drone_racing/control/checkpoints/level3_loop_004_gate_acquisition_safety/level3_loop_004_gate_acquisition_safety_step_070000000.ckpt at global_step=70025216
Iter 2138/2441 took 2.33 seconds
Iter 2139/2441 took 2.30 seconds
Iter 2140/2441 took 2.38 seconds
Iter 2141/2441 took 2.28 seconds
Iter 2142/2441 took 2.31 seconds
Iter 2143/2441 took 2.33 seconds
Iter 2144/2441 took 2.35 seconds
Iter 2145/2441 took 2.35 seconds
Iter 2146/2441 took 2.32 seconds
Iter 2147/2441 took 2.31 seconds
Iter 2148/2441 took 2.38 seconds
Iter 2149/2441 took 2.32 seconds
Iter 2150/2441 took 2.31 seconds
Iter 2151/2441 took 2.36 seconds
Iter 2152/2441 took 2.33 seconds
Iter 2153/2441 took 2.46 seconds
Iter 2154/2441 took 2.38 seconds
Iter 2155/2441 took 2.42 seconds
Iter 2156/2441 took 2.40 seconds
Iter 2157/2441 took 2.46 seconds
Iter 2158/2441 took 2.37 seconds
Iter 2159/2441 took 2.36 seconds
Iter 2160/2441 took 2.32 seconds
Iter 2161/2441 took 2.31 seconds
Iter 2162/2441 took 2.31 seconds
Iter 2163/2441 took 2.31 seconds
Iter 2164/2441 took 2.39 seconds
Iter 2165/2441 took 2.34 seconds
Iter 2166/2441 took 2.45 seconds
Iter 2167/2441 took 2.40 seconds
Iter 2168/2441 took 2.37 seconds
Iter 2169/2441 took 2.32 seconds
Iter 2170/2441 took 2.39 seconds
Iter 2171/2441 took 2.39 seconds
Iter 2172/2441 took 2.42 seconds
Iter 2173/2441 took 2.41 seconds
Iter 2174/2441 took 2.36 seconds
Iter 2175/2441 took 2.32 seconds
Iter 2176/2441 took 2.34 seconds
Iter 2177/2441 took 2.43 seconds
Iter 2178/2441 took 2.38 seconds
Iter 2179/2441 took 2.35 seconds
Iter 2180/2441 took 2.40 seconds
Iter 2181/2441 took 2.47 seconds
Iter 2182/2441 took 2.39 seconds
Iter 2183/2441 took 2.40 seconds
Iter 2184/2441 took 2.45 seconds
Iter 2185/2441 took 2.47 seconds
Iter 2186/2441 took 2.51 seconds
Iter 2187/2441 took 2.52 seconds
Iter 2188/2441 took 2.56 seconds
Iter 2189/2441 took 2.47 seconds
Iter 2190/2441 took 2.44 seconds
Iter 2191/2441 took 2.40 seconds
Iter 2192/2441 took 2.38 seconds
Iter 2193/2441 took 2.34 seconds
Iter 2194/2441 took 2.31 seconds
Iter 2195/2441 took 2.32 seconds
Iter 2196/2441 took 2.31 seconds
Iter 2197/2441 took 2.34 seconds
Iter 2198/2441 took 2.38 seconds
Iter 2199/2441 took 2.42 seconds
Iter 2200/2441 took 2.47 seconds
Iter 2201/2441 took 2.40 seconds
Iter 2202/2441 took 2.39 seconds
Iter 2203/2441 took 2.44 seconds
Iter 2204/2441 took 2.39 seconds
Iter 2205/2441 took 2.44 seconds
Iter 2206/2441 took 2.42 seconds
Iter 2207/2441 took 2.41 seconds
Iter 2208/2441 took 2.39 seconds
Iter 2209/2441 took 2.46 seconds
Iter 2210/2441 took 2.42 seconds
Iter 2211/2441 took 2.44 seconds
Iter 2212/2441 took 2.42 seconds
Iter 2213/2441 took 2.43 seconds
Iter 2214/2441 took 2.43 seconds
Iter 2215/2441 took 2.41 seconds
Iter 2216/2441 took 2.38 seconds
Iter 2217/2441 took 2.35 seconds
Iter 2218/2441 took 2.47 seconds
Iter 2219/2441 took 2.48 seconds
Iter 2220/2441 took 2.43 seconds
Iter 2221/2441 took 2.39 seconds
Iter 2222/2441 took 2.45 seconds
Iter 2223/2441 took 2.44 seconds
Iter 2224/2441 took 2.40 seconds
Iter 2225/2441 took 2.42 seconds
Iter 2226/2441 took 2.40 seconds
Iter 2227/2441 took 2.38 seconds
Iter 2228/2441 took 2.43 seconds
Iter 2229/2441 took 2.46 seconds
Iter 2230/2441 took 2.47 seconds
Iter 2231/2441 took 2.45 seconds
Iter 2232/2441 took 2.43 seconds
Iter 2233/2441 took 2.39 seconds
Iter 2234/2441 took 2.40 seconds
Iter 2235/2441 took 2.40 seconds
Iter 2236/2441 took 2.41 seconds
Iter 2237/2441 took 2.40 seconds
Iter 2238/2441 took 2.36 seconds
Iter 2239/2441 took 2.41 seconds
Iter 2240/2441 took 2.39 seconds
Iter 2241/2441 took 2.38 seconds
Iter 2242/2441 took 2.39 seconds
Iter 2243/2441 took 2.37 seconds
Iter 2244/2441 took 2.41 seconds
Iter 2245/2441 took 2.42 seconds
Iter 2246/2441 took 2.39 seconds
Iter 2247/2441 took 2.45 seconds
Iter 2248/2441 took 2.41 seconds
Iter 2249/2441 took 2.36 seconds
Iter 2250/2441 took 2.43 seconds
Iter 2251/2441 took 2.45 seconds
Iter 2252/2441 took 2.40 seconds
Iter 2253/2441 took 2.36 seconds
Iter 2254/2441 took 2.37 seconds
Iter 2255/2441 took 2.40 seconds
Iter 2256/2441 took 2.44 seconds
Iter 2257/2441 took 2.45 seconds
Iter 2258/2441 took 2.38 seconds
Iter 2259/2441 took 2.38 seconds
Iter 2260/2441 took 2.40 seconds
Iter 2261/2441 took 2.38 seconds
Iter 2262/2441 took 2.40 seconds
Iter 2263/2441 took 2.38 seconds
Iter 2264/2441 took 2.41 seconds
Iter 2265/2441 took 2.40 seconds
Iter 2266/2441 took 2.35 seconds
Iter 2267/2441 took 2.29 seconds
Iter 2268/2441 took 2.37 seconds
Iter 2269/2441 took 2.37 seconds
Iter 2270/2441 took 2.38 seconds
Iter 2271/2441 took 2.44 seconds
Iter 2272/2441 took 2.42 seconds
Iter 2273/2441 took 2.42 seconds
Iter 2274/2441 took 2.36 seconds
Iter 2275/2441 took 2.36 seconds
Iter 2276/2441 took 2.34 seconds
Iter 2277/2441 took 2.30 seconds
Iter 2278/2441 took 2.36 seconds
Iter 2279/2441 took 2.46 seconds
Iter 2280/2441 took 2.48 seconds
Iter 2281/2441 took 2.41 seconds
Iter 2282/2441 took 2.33 seconds
Iter 2283/2441 took 2.39 seconds
Iter 2284/2441 took 2.41 seconds
Iter 2285/2441 took 2.45 seconds
Iter 2286/2441 took 2.39 seconds
Iter 2287/2441 took 2.43 seconds
Iter 2288/2441 took 2.42 seconds
Iter 2289/2441 took 2.46 seconds
checkpoint saved to /home/aojili/lsy_drone_racing/lsy_drone_racing/control/checkpoints/level3_loop_004_gate_acquisition_safety/level3_loop_004_gate_acquisition_safety_step_075000000.ckpt at global_step=75005952
Iter 2290/2441 took 2.43 seconds
Iter 2291/2441 took 2.36 seconds
Iter 2292/2441 took 2.42 seconds
Iter 2293/2441 took 2.37 seconds
Iter 2294/2441 took 2.45 seconds
Iter 2295/2441 took 2.48 seconds
Iter 2296/2441 took 2.48 seconds
Iter 2297/2441 took 2.42 seconds
Iter 2298/2441 took 2.39 seconds
Iter 2299/2441 took 2.35 seconds
Iter 2300/2441 took 2.44 seconds
Iter 2301/2441 took 2.45 seconds
Iter 2302/2441 took 2.37 seconds
Iter 2303/2441 took 2.33 seconds
Iter 2304/2441 took 2.42 seconds
Iter 2305/2441 took 2.46 seconds
Iter 2306/2441 took 2.42 seconds
Iter 2307/2441 took 2.37 seconds
Iter 2308/2441 took 2.34 seconds
Iter 2309/2441 took 2.40 seconds
Iter 2310/2441 took 2.38 seconds
Iter 2311/2441 took 2.38 seconds
Iter 2312/2441 took 2.41 seconds
Iter 2313/2441 took 2.45 seconds
Iter 2314/2441 took 2.43 seconds
Iter 2315/2441 took 2.44 seconds
Iter 2316/2441 took 2.40 seconds
Iter 2317/2441 took 2.36 seconds
Iter 2318/2441 took 2.36 seconds
Iter 2319/2441 took 2.41 seconds
Iter 2320/2441 took 2.37 seconds
Iter 2321/2441 took 2.34 seconds
Iter 2322/2441 took 2.36 seconds
Iter 2323/2441 took 2.40 seconds
Iter 2324/2441 took 2.36 seconds
Iter 2325/2441 took 2.34 seconds
Iter 2326/2441 took 2.36 seconds
Iter 2327/2441 took 2.41 seconds
Iter 2328/2441 took 2.43 seconds
Iter 2329/2441 took 2.38 seconds
Iter 2330/2441 took 2.41 seconds
Iter 2331/2441 took 2.43 seconds
Iter 2332/2441 took 2.40 seconds
Iter 2333/2441 took 2.37 seconds
Iter 2334/2441 took 2.40 seconds
Iter 2335/2441 took 2.44 seconds
Iter 2336/2441 took 2.35 seconds
Iter 2337/2441 took 2.35 seconds
Iter 2338/2441 took 2.38 seconds
Iter 2339/2441 took 2.33 seconds
Iter 2340/2441 took 2.44 seconds
Iter 2341/2441 took 2.45 seconds
Iter 2342/2441 took 2.41 seconds
Iter 2343/2441 took 2.38 seconds
Iter 2344/2441 took 2.38 seconds
Iter 2345/2441 took 2.40 seconds
Iter 2346/2441 took 2.36 seconds
Iter 2347/2441 took 2.40 seconds
Iter 2348/2441 took 2.49 seconds
Iter 2349/2441 took 2.43 seconds
Iter 2350/2441 took 2.41 seconds
Iter 2351/2441 took 2.35 seconds
Iter 2352/2441 took 2.38 seconds
Iter 2353/2441 took 2.52 seconds
Iter 2354/2441 took 2.42 seconds
Iter 2355/2441 took 2.50 seconds
Iter 2356/2441 took 2.43 seconds
Iter 2357/2441 took 2.47 seconds
Iter 2358/2441 took 2.48 seconds
Iter 2359/2441 took 2.46 seconds
Iter 2360/2441 took 2.47 seconds
Iter 2361/2441 took 2.41 seconds
Iter 2362/2441 took 2.37 seconds
Iter 2363/2441 took 2.36 seconds
Iter 2364/2441 took 2.39 seconds
Iter 2365/2441 took 2.42 seconds
Iter 2366/2441 took 2.41 seconds
Iter 2367/2441 took 2.35 seconds
Iter 2368/2441 took 2.35 seconds
Iter 2369/2441 took 2.40 seconds
Iter 2370/2441 took 2.29 seconds
Iter 2371/2441 took 2.29 seconds
Iter 2372/2441 took 2.36 seconds
Iter 2373/2441 took 2.37 seconds
Iter 2374/2441 took 2.30 seconds
Iter 2375/2441 took 2.38 seconds
Iter 2376/2441 took 2.41 seconds
Iter 2377/2441 took 2.39 seconds
Iter 2378/2441 took 2.40 seconds
Iter 2379/2441 took 2.38 seconds
Iter 2380/2441 took 2.36 seconds
Iter 2381/2441 took 2.46 seconds
Iter 2382/2441 took 2.46 seconds
Iter 2383/2441 took 2.41 seconds
Iter 2384/2441 took 2.36 seconds
Iter 2385/2441 took 2.36 seconds
Iter 2386/2441 took 2.41 seconds
Iter 2387/2441 took 2.41 seconds
Iter 2388/2441 took 2.41 seconds
Iter 2389/2441 took 2.38 seconds
Iter 2390/2441 took 2.46 seconds
Iter 2391/2441 took 2.40 seconds
Iter 2392/2441 took 2.41 seconds
Iter 2393/2441 took 2.45 seconds
Iter 2394/2441 took 2.45 seconds
Iter 2395/2441 took 2.39 seconds
Iter 2396/2441 took 2.37 seconds
Iter 2397/2441 took 2.35 seconds
Iter 2398/2441 took 2.41 seconds
Iter 2399/2441 took 2.33 seconds
Iter 2400/2441 took 2.35 seconds
Iter 2401/2441 took 2.37 seconds
Iter 2402/2441 took 2.30 seconds
Iter 2403/2441 took 2.31 seconds
Iter 2404/2441 took 2.32 seconds
Iter 2405/2441 took 2.34 seconds
Iter 2406/2441 took 2.36 seconds
Iter 2407/2441 took 2.35 seconds
Iter 2408/2441 took 2.33 seconds
Iter 2409/2441 took 2.34 seconds
Iter 2410/2441 took 2.34 seconds
Iter 2411/2441 took 2.35 seconds
Iter 2412/2441 took 2.32 seconds
Iter 2413/2441 took 2.35 seconds
Iter 2414/2441 took 2.41 seconds
Iter 2415/2441 took 2.37 seconds
Iter 2416/2441 took 2.35 seconds
Iter 2417/2441 took 2.36 seconds
Iter 2418/2441 took 2.42 seconds
Iter 2419/2441 took 2.42 secondswandb: updating run metadata
wandb: uploading history steps 78088-78103, summary, console lines 2459-2461
wandb: 
wandb: Run history:
wandb:                charts/SPS ▁▁▁▁▁▁▂▂▂▂▂▃▃▃▃▄▄▄▄▄▄▄▅▅▄▅▅▅▅▅▆▆▆▇▇▇████
wandb:      charts/learning_rate █████▇▆▆▆▆▆▆▆▆▆▅▅▅▅▅▄▄▄▄▄▄▄▄▄▄▃▃▃▃▃▂▂▂▁▁
wandb:               global_step ▁▁▁▁▁▂▂▂▂▂▂▃▃▃▃▃▃▃▃▄▄▄▅▅▅▅▅▅▅▅▆▆▆▇▇▇▇▇▇█
wandb:          losses/approx_kl ▆▇█▆▇▅▇▇▇█▆█▅▆▇▇▆▆▅▆▅▆▅▅▅▄▆▅▄▅▇▆▅▃▃▃▂▂▂▁
wandb:           losses/clipfrac ▇█▇██▆█▆▆▅██▄▄▃▅▃▄▄▅▄▃▄▃▃▃▃▃▃▃▃▄▂▂▂▁▁▁▁▁
wandb:            losses/entropy ▁▁▁▁▁▂▂▃▃▃▃▃▄▄▄▅▅▅▅▅▆▆▇▇▇▇▇▇▇▇▇▇████████
wandb: losses/explained_variance ▅▄▃▄▆▁▁▁▃▅▅▃▄▆▅▃█▄▄▇▂▄▃▄▇▅▇▄▆▆▅▆▃▆▇▄▅▅▇█
wandb:      losses/old_approx_kl ▄▇█▇▆▆▆█▇▆▄▄▆▆▃▄▃▄▅▅▃▄▄▄▄▄▃▃▄▃▄▄▃▂▁▂▁▁▁▁
wandb:        losses/policy_loss ▃▃▃▂▆▄▇▆▆▂▄▁▅▄▄▅▄▄▆▃▅▄▄▅▅▅▅▇▆▆▆▆▇▆▇▆▇▆▇█
wandb:         losses/value_loss ▂▃▄▃▃▃▂▄▃▃▄▃▄▄▃▁▄▅▅▅▆▄▃▃▄▅▄▃▅▄▃▂▄▃▇▆▃▅▅█
wandb:                       +45 ...
wandb: 
wandb: Run summary:
wandb:                charts/SPS 32752775
wandb:      charts/learning_rate 0.0
wandb:               global_step 79986688
wandb:          losses/approx_kl 0.0
wandb:           losses/clipfrac 0
wandb:            losses/entropy 5.45215
wandb: losses/explained_variance 0.77749
wandb:      losses/old_approx_kl -0.0
wandb:        losses/policy_loss -1e-05
wandb:         losses/value_loss 502.18069
wandb:                       +45 ...
wandb: 
wandb: 🚀 View run level3_loop_004_gate_acquisition_safety at: https://wandb.ai/aojili77-technical-university-of-munich/ADR-PPO-Racing-Level3/runs/level3_loop_004_gate_acquisition_safety
wandb: ⭐️ View project at: https://wandb.ai/aojili77-technical-university-of-munich/ADR-PPO-Racing-Level3
wandb: Synced 5 W&B file(s), 0 media file(s), 0 artifact file(s) and 0 other file(s)
wandb: Find logs at: ./wandb/run-20260618_014724-level3_loop_004_gate_acquisition_safety/logs

Iter 2420/2441 took 2.41 seconds
Iter 2421/2441 took 2.39 seconds
Iter 2422/2441 took 2.52 seconds
Iter 2423/2441 took 2.39 seconds
Iter 2424/2441 took 2.36 seconds
Iter 2425/2441 took 2.27 seconds
Iter 2426/2441 took 2.33 seconds
Iter 2427/2441 took 2.35 seconds
Iter 2428/2441 took 2.40 seconds
Iter 2429/2441 took 2.31 seconds
Iter 2430/2441 took 2.30 seconds
Iter 2431/2441 took 2.32 seconds
Iter 2432/2441 took 2.32 seconds
Iter 2433/2441 took 2.40 seconds
Iter 2434/2441 took 2.41 seconds
Iter 2435/2441 took 2.49 seconds
Iter 2436/2441 took 2.37 seconds
Iter 2437/2441 took 2.33 seconds
Iter 2438/2441 took 2.33 seconds
Iter 2439/2441 took 2.39 seconds
Iter 2440/2441 took 2.38 seconds
Iter 2441/2441 took 2.44 seconds
Training for 79986688 steps took 5821.16 seconds.
model saved to /home/aojili/lsy_drone_racing/lsy_drone_racing/control/checkpoints/level3_loop_004_gate_acquisition_safety/level3_loop_004_gate_acquisition_safety_final.ckpt
