$ /home/aojili/lsy_drone_racing/.pixi/envs/gpu/bin/python /home/aojili/lsy_drone_racing/lsy_drone_racing/control/train_CleanRL_ppo_level3.py --config=level3_dr_stage2_gate0_sensor15.toml --wandb_enabled=True --wandb_project_name=ADR-PPO-Racing-Level3 --wandb_mode=online --train=True --eval=0 --total_timesteps=50000000 --num_envs=1024 --num_steps=32 --cuda=True --jax_device=gpu --model_name=checkpoints/level3_loop_068_structural_v15_sensor15_curriculum_maturation_from_loop067_10m_to_60m/level3_loop_068_structural_v15_sensor15_curriculum_maturation_from_loop067_10m_to_60m_final.ckpt --checkpoint_dir=/home/aojili/lsy_drone_racing/lsy_drone_racing/control/checkpoints/level3_loop_068_structural_v15_sensor15_curriculum_maturation_from_loop067_10m_to_60m --checkpoint_interval=5000000 --observation_layout=level3_target_gate_nearest_gate_2obs_local_history_v5 --wandb_entity=aojili77-technical-university-of-munich --wandb_run_name=level3_loop_068_structural_v15_sensor15_curriculum_maturation_from_loop067_10m_to_60m --wandb_run_id=level3_loop_068_structural_v15_sensor15_curriculum_maturation_from_loop067_10m_to_60m --initial_model_name=/home/aojili/lsy_drone_racing/lsy_drone_racing/control/checkpoints/level3_loop_067_structural_v15_loop052_sensor15_curriculum_nominal_reward_20m/level3_loop_067_structural_v15_loop052_sensor15_curriculum_nominal_reward_20m_step_010000000.ckpt --learning_rate=5e-05 --anneal_lr=False --gamma=0.99 --gae_lambda=0.95 --update_epochs=5 --num_minibatches=8 --clip_coef=0.26 --clip_vloss=True --ent_coef=0.02 --vf_coef=0.7 --max_grad_norm=1.5 --target_kl=0.03 --hidden_dim=256 --policy_arch=mlp_2x_tanh --recurrent_hidden_dim=256 --recurrent_sequence_len=32 --n_obs=2 --action_rp_limit_deg=90.0 --action_lowpass_alpha=1.0 --reward_structure=legacy_staged --progress_coef=0.0 --gate_stage_coef=10.0 --gate_axis_coef=12.0 --near_gate_coef=0.0 --gate_bonus=90.0 --gate_front_bonus=0.0 --gate_plane_bonus=0.0 --gate_back_bonus=12.0 --finish_bonus=160.0 --missed_gate_penalty=0.0 --gate_frame_pressure_coef=0.0 --wrong_side_penalty=8.0 --crash_penalty=100.0 --obstacle_coef=8.0 --obstacle_margin=0.4 --obstacle_clearance_coef=6.0 --timeout_penalty=80.0 --time_penalty=0.03 --act_coef=0.03 --d_act_th_coef=0.1 --d_act_xy_coef=0.1 --cmd_tilt_coef=1.0 --rpy_coef=1.0 --tilt_limit_deg=40.0 --tilt_excess_coef=15.0

W0621 18:32:01.650682  588497 cuda_executor.cc:1802] GPU interconnect information not available: INTERNAL: NVML doesn't support extracting fabric info or NVLink is not used by the device.
W0621 18:32:01.653009  588420 cuda_executor.cc:1802] GPU interconnect information not available: INTERNAL: NVML doesn't support extracting fabric info or NVLink is not used by the device.
wandb: [wandb.login()] Loaded credentials for https://api.wandb.ai from /home/aojili/.netrc.
wandb: Currently logged in as: aojili77 (aojili77-technical-university-of-munich) to https://api.wandb.ai. Use `wandb login --relogin` to force relogin
wandb: setting up run level3_loop_068_structural_v15_sensor15_curriculum_maturation_from_loop067_10m_to_60m
wandb: Tracking run with wandb version 0.25.1
wandb: Run data is saved locally in /home/aojili/lsy_drone_racing/wandb/run-20260621_183205-level3_loop_068_structural_v15_sensor15_curriculum_maturation_from_loop067_10m_to_60m
wandb: Run `wandb offline` to turn off syncing.
wandb: Syncing run level3_loop_068_structural_v15_sensor15_curriculum_maturation_from_loop067_10m_to_60m
wandb: ⭐️ View project at https://wandb.ai/aojili77-technical-university-of-munich/ADR-PPO-Racing-Level3
wandb: 🚀 View run at https://wandb.ai/aojili77-technical-university-of-munich/ADR-PPO-Racing-Level3/runs/level3_loop_068_structural_v15_sensor15_curriculum_maturation_from_loop067_10m_to_60m
/home/aojili/lsy_drone_racing/.pixi/envs/gpu/lib/python3.13/site-packages/jax/_src/abstract_arrays.py:135: RuntimeWarning: overflow encountered in cast
  return literals.TypedNdArray(np.asarray(x, dtype), weak_type=False)
Training on device: cuda | Environment device: gpu
initialized agent weights from /home/aojili/lsy_drone_racing/lsy_drone_racing/control/checkpoints/level3_loop_067_structural_v15_loop052_sensor15_curriculum_nominal_reward_20m/level3_loop_067_structural_v15_loop052_sensor15_curriculum_nominal_reward_20m_step_010000000.ckpt; optimizer starts fresh
Iter 1/1525 took 15.33 seconds
Iter 2/1525 took 3.00 seconds
Iter 3/1525 took 2.84 seconds
Iter 4/1525 took 2.86 seconds
Iter 5/1525 took 2.95 seconds
Iter 6/1525 took 3.03 seconds
Iter 7/1525 took 2.96 seconds
Iter 8/1525 took 2.82 seconds
Iter 9/1525 took 2.69 seconds
Iter 10/1525 took 2.72 seconds
Iter 11/1525 took 2.91 seconds
Iter 12/1525 took 2.78 seconds
Iter 13/1525 took 2.72 seconds
Iter 14/1525 took 2.78 seconds
Iter 15/1525 took 2.77 seconds
Iter 16/1525 took 2.91 seconds
Iter 17/1525 took 2.87 seconds
Iter 18/1525 took 2.86 seconds
Iter 19/1525 took 2.90 seconds
Iter 20/1525 took 2.84 seconds
Iter 21/1525 took 2.78 seconds
Iter 22/1525 took 2.70 seconds
Iter 23/1525 took 2.76 seconds
Iter 24/1525 took 2.73 seconds
Iter 25/1525 took 2.71 seconds
Iter 26/1525 took 2.70 seconds
Iter 27/1525 took 2.68 seconds
Iter 28/1525 took 2.70 seconds
Iter 29/1525 took 2.70 seconds
Iter 30/1525 took 2.73 seconds
Iter 31/1525 took 2.77 seconds
Iter 32/1525 took 2.73 seconds
Iter 33/1525 took 2.66 seconds
Iter 34/1525 took 2.71 seconds
Iter 35/1525 took 2.69 seconds
Iter 36/1525 took 2.67 seconds
Iter 37/1525 took 2.68 seconds
Iter 38/1525 took 2.72 seconds
Iter 39/1525 took 2.78 seconds
Iter 40/1525 took 2.78 seconds
Iter 41/1525 took 2.78 seconds
Iter 42/1525 took 2.80 seconds
Iter 43/1525 took 2.86 seconds
Iter 44/1525 took 2.79 seconds
Iter 45/1525 took 2.79 seconds
Iter 46/1525 took 2.81 seconds
Iter 47/1525 took 2.77 seconds
Iter 48/1525 took 2.83 seconds
Iter 49/1525 took 2.87 seconds
Iter 50/1525 took 2.84 seconds
Iter 51/1525 took 2.80 seconds
Iter 52/1525 took 2.87 seconds
Iter 53/1525 took 2.84 seconds
Iter 54/1525 took 2.93 seconds
Iter 55/1525 took 2.98 seconds
Iter 56/1525 took 2.94 seconds
Iter 57/1525 took 2.92 seconds
Iter 58/1525 took 2.81 seconds
Iter 59/1525 took 2.80 seconds
Iter 60/1525 took 2.84 seconds
Iter 61/1525 took 2.84 seconds
Iter 62/1525 took 2.85 seconds
Iter 63/1525 took 2.93 seconds
Iter 64/1525 took 2.85 seconds
Iter 65/1525 took 2.76 seconds
Iter 66/1525 took 2.78 seconds
Iter 67/1525 took 2.86 seconds
Iter 68/1525 took 2.87 seconds
Iter 69/1525 took 2.78 seconds
Iter 70/1525 took 2.98 seconds
Iter 71/1525 took 2.84 seconds
Iter 72/1525 took 2.85 seconds
Iter 73/1525 took 2.73 seconds
Iter 74/1525 took 3.00 seconds
Iter 75/1525 took 2.78 seconds
Iter 76/1525 took 2.78 seconds
Iter 77/1525 took 2.82 seconds
Iter 78/1525 took 2.78 seconds
Iter 79/1525 took 2.79 seconds
Iter 80/1525 took 2.93 seconds
Iter 81/1525 took 2.99 seconds
Iter 82/1525 took 2.93 seconds
Iter 83/1525 took 2.91 seconds
Iter 84/1525 took 2.77 seconds
Iter 85/1525 took 2.76 seconds
Iter 86/1525 took 2.78 seconds
Iter 87/1525 took 2.90 seconds
Iter 88/1525 took 2.85 seconds
Iter 89/1525 took 2.89 seconds
Iter 90/1525 took 2.86 seconds
Iter 91/1525 took 2.81 seconds
Iter 92/1525 took 2.81 seconds
Iter 93/1525 took 2.71 seconds
Iter 94/1525 took 2.74 seconds
Iter 95/1525 took 2.80 seconds
Iter 96/1525 took 2.82 seconds
Iter 97/1525 took 2.90 seconds
Iter 98/1525 took 2.92 seconds
Iter 99/1525 took 2.85 seconds
Iter 100/1525 took 3.00 seconds
Iter 101/1525 took 2.97 seconds
Iter 102/1525 took 2.91 seconds
Iter 103/1525 took 2.83 seconds
Iter 104/1525 took 2.80 seconds
Iter 105/1525 took 2.84 seconds
Iter 106/1525 took 2.92 seconds
Iter 107/1525 took 2.96 seconds
Iter 108/1525 took 2.99 seconds
Iter 109/1525 took 3.00 seconds
Iter 110/1525 took 2.88 seconds
Iter 111/1525 took 2.94 seconds
Iter 112/1525 took 2.85 seconds
Iter 113/1525 took 2.89 seconds
Iter 114/1525 took 2.82 seconds
Iter 115/1525 took 2.84 seconds
Iter 116/1525 took 2.82 seconds
Iter 117/1525 took 2.82 seconds
Iter 118/1525 took 2.77 seconds
Iter 119/1525 took 2.82 seconds
Iter 120/1525 took 2.86 seconds
Iter 121/1525 took 2.89 seconds
Iter 122/1525 took 2.83 seconds
Iter 123/1525 took 2.76 seconds
Iter 124/1525 took 2.78 seconds
Iter 125/1525 took 2.84 seconds
Iter 126/1525 took 2.84 seconds
Iter 127/1525 took 2.86 seconds
Iter 128/1525 took 2.87 seconds
Iter 129/1525 took 2.97 seconds
Iter 130/1525 took 3.00 seconds
Iter 131/1525 took 3.14 seconds
Iter 132/1525 took 2.82 seconds
Iter 133/1525 took 2.93 seconds
Iter 134/1525 took 3.12 seconds
Iter 135/1525 took 2.97 seconds
Iter 136/1525 took 3.08 seconds
Iter 137/1525 took 2.95 seconds
Iter 138/1525 took 2.85 seconds
Iter 139/1525 took 2.80 seconds
Iter 140/1525 took 2.84 seconds
Iter 141/1525 took 2.78 seconds
Iter 142/1525 took 2.88 seconds
Iter 143/1525 took 2.82 seconds
Iter 144/1525 took 2.91 seconds
Iter 145/1525 took 3.05 seconds
Iter 146/1525 took 2.91 seconds
Iter 147/1525 took 2.93 seconds
Iter 148/1525 took 2.88 seconds
Iter 149/1525 took 2.82 seconds
Iter 150/1525 took 2.74 seconds
Iter 151/1525 took 2.82 seconds
Iter 152/1525 took 2.90 seconds
Iter 153/1525 took 2.84 seconds
checkpoint saved to /home/aojili/lsy_drone_racing/lsy_drone_racing/control/checkpoints/level3_loop_068_structural_v15_sensor15_curriculum_maturation_from_loop067_10m_to_60m/level3_loop_068_structural_v15_sensor15_curriculum_maturation_from_loop067_10m_to_60m_step_005000000.ckpt at global_step=5013504
Iter 154/1525 took 2.81 seconds
Iter 155/1525 took 2.88 seconds
Iter 156/1525 took 2.98 seconds
Iter 157/1525 took 3.00 seconds
Iter 158/1525 took 2.80 seconds
Iter 159/1525 took 2.75 seconds
Iter 160/1525 took 2.73 seconds
Iter 161/1525 took 2.80 seconds
Iter 162/1525 took 2.85 seconds
Iter 163/1525 took 2.81 seconds
Iter 164/1525 took 2.76 seconds
Iter 165/1525 took 2.70 seconds
Iter 166/1525 took 2.73 seconds
Iter 167/1525 took 2.75 seconds
Iter 168/1525 took 2.85 seconds
Iter 169/1525 took 2.79 seconds
Iter 170/1525 took 2.84 seconds
Iter 171/1525 took 2.83 seconds
Iter 172/1525 took 2.80 seconds
Iter 173/1525 took 2.83 seconds
Iter 174/1525 took 2.84 seconds
Iter 175/1525 took 2.82 seconds
Iter 176/1525 took 2.78 seconds
Iter 177/1525 took 2.87 seconds
Iter 178/1525 took 2.91 seconds
Iter 179/1525 took 2.73 seconds
Iter 180/1525 took 2.73 seconds
Iter 181/1525 took 2.71 seconds
Iter 182/1525 took 2.76 seconds
Iter 183/1525 took 2.78 seconds
Iter 184/1525 took 2.75 seconds
Iter 185/1525 took 2.73 seconds
Iter 186/1525 took 2.72 seconds
Iter 187/1525 took 2.74 seconds
Iter 188/1525 took 2.79 seconds
Iter 189/1525 took 2.77 seconds
Iter 190/1525 took 2.82 seconds
Iter 191/1525 took 2.85 seconds
Iter 192/1525 took 2.83 seconds
Iter 193/1525 took 2.83 seconds
Iter 194/1525 took 2.81 seconds
Iter 195/1525 took 2.76 seconds
Iter 196/1525 took 2.87 seconds
Iter 197/1525 took 2.79 seconds
Iter 198/1525 took 2.73 seconds
Iter 199/1525 took 2.74 seconds
Iter 200/1525 took 2.74 seconds
Iter 201/1525 took 2.79 seconds
Iter 202/1525 took 2.78 seconds
Iter 203/1525 took 2.78 seconds
Iter 204/1525 took 2.84 seconds
Iter 205/1525 took 2.94 seconds
Iter 206/1525 took 2.89 seconds
Iter 207/1525 took 2.84 seconds
Iter 208/1525 took 2.85 seconds
Iter 209/1525 took 2.80 seconds
Iter 210/1525 took 2.83 seconds
Iter 211/1525 took 2.80 seconds
Iter 212/1525 took 2.79 seconds
Iter 213/1525 took 2.73 seconds
Iter 214/1525 took 2.70 seconds
Iter 215/1525 took 2.68 seconds
Iter 216/1525 took 2.73 seconds
Iter 217/1525 took 2.70 seconds
Iter 218/1525 took 2.64 seconds
Iter 219/1525 took 2.81 seconds
Iter 220/1525 took 2.72 seconds
Iter 221/1525 took 2.69 seconds
Iter 222/1525 took 2.85 seconds
Iter 223/1525 took 2.75 seconds
Iter 224/1525 took 2.74 seconds
Iter 225/1525 took 2.75 seconds
Iter 226/1525 took 2.77 seconds
Iter 227/1525 took 2.70 seconds
Iter 228/1525 took 2.70 seconds
Iter 229/1525 took 2.79 seconds
Iter 230/1525 took 2.77 seconds
Iter 231/1525 took 2.77 seconds
Iter 232/1525 took 2.75 seconds
Iter 233/1525 took 2.74 seconds
Iter 234/1525 took 2.73 seconds
Iter 235/1525 took 2.73 seconds
Iter 236/1525 took 2.76 seconds
Iter 237/1525 took 2.78 seconds
Iter 238/1525 took 2.78 seconds
Iter 239/1525 took 2.83 seconds
Iter 240/1525 took 2.84 seconds
Iter 241/1525 took 2.86 seconds
Iter 242/1525 took 2.82 seconds
Iter 243/1525 took 2.86 seconds
Iter 244/1525 took 2.78 seconds
Iter 245/1525 took 2.78 seconds
Iter 246/1525 took 2.92 seconds
Iter 247/1525 took 2.89 seconds
Iter 248/1525 took 2.83 seconds
Iter 249/1525 took 2.88 seconds
Iter 250/1525 took 2.84 seconds
Iter 251/1525 took 2.85 seconds
Iter 252/1525 took 3.00 seconds
Iter 253/1525 took 3.02 seconds
Iter 254/1525 took 2.98 seconds
Iter 255/1525 took 2.86 seconds
Iter 256/1525 took 2.97 seconds
Iter 257/1525 took 2.84 seconds
Iter 258/1525 took 2.76 seconds
Iter 259/1525 took 2.87 seconds
Iter 260/1525 took 2.85 seconds
Iter 261/1525 took 2.84 seconds
Iter 262/1525 took 2.79 seconds
Iter 263/1525 took 2.82 seconds
Iter 264/1525 took 2.79 seconds
Iter 265/1525 took 2.87 seconds
Iter 266/1525 took 2.81 seconds
Iter 267/1525 took 2.92 seconds
Iter 268/1525 took 2.92 seconds
Iter 269/1525 took 2.98 seconds
Iter 270/1525 took 2.96 seconds
Iter 271/1525 took 2.93 seconds
Iter 272/1525 took 2.83 seconds
Iter 273/1525 took 2.80 seconds
Iter 274/1525 took 2.77 seconds
Iter 275/1525 took 2.78 seconds
Iter 276/1525 took 2.84 seconds
Iter 277/1525 took 2.85 seconds
Iter 278/1525 took 2.85 seconds
Iter 279/1525 took 2.87 seconds
Iter 280/1525 took 2.88 seconds
Iter 281/1525 took 2.93 seconds
Iter 282/1525 took 2.97 seconds
Iter 283/1525 took 3.03 seconds
Iter 284/1525 took 2.96 seconds
Iter 285/1525 took 2.92 seconds
Iter 286/1525 took 2.97 seconds
Iter 287/1525 took 2.95 seconds
Iter 288/1525 took 2.85 seconds
Iter 289/1525 took 2.87 seconds
Iter 290/1525 took 2.73 seconds
Iter 291/1525 took 2.83 seconds
Iter 292/1525 took 2.81 seconds
Iter 293/1525 took 2.78 seconds
Iter 294/1525 took 2.80 seconds
Iter 295/1525 took 2.77 seconds
Iter 296/1525 took 2.76 seconds
Iter 297/1525 took 2.77 seconds
Iter 298/1525 took 2.77 seconds
Iter 299/1525 took 2.72 seconds
Iter 300/1525 took 2.72 seconds
Iter 301/1525 took 2.72 seconds
Iter 302/1525 took 2.72 seconds
Iter 303/1525 took 2.79 seconds
Iter 304/1525 took 2.72 seconds
Iter 305/1525 took 2.73 seconds
Iter 306/1525 took 2.72 seconds
checkpoint saved to /home/aojili/lsy_drone_racing/lsy_drone_racing/control/checkpoints/level3_loop_068_structural_v15_sensor15_curriculum_maturation_from_loop067_10m_to_60m/level3_loop_068_structural_v15_sensor15_curriculum_maturation_from_loop067_10m_to_60m_step_010000000.ckpt at global_step=10027008
Iter 307/1525 took 2.84 seconds
Iter 308/1525 took 2.82 seconds
Iter 309/1525 took 2.81 seconds
Iter 310/1525 took 2.80 seconds
Iter 311/1525 took 2.76 seconds
Iter 312/1525 took 2.73 seconds
Iter 313/1525 took 2.76 seconds
Iter 314/1525 took 2.80 seconds
Iter 315/1525 took 2.74 seconds
Iter 316/1525 took 2.73 seconds
Iter 317/1525 took 2.85 seconds
Iter 318/1525 took 2.89 seconds
Iter 319/1525 took 2.95 seconds
Iter 320/1525 took 2.79 seconds
Iter 321/1525 took 2.81 seconds
Iter 322/1525 took 2.87 seconds
Iter 323/1525 took 2.80 seconds
Iter 324/1525 took 2.83 seconds
Iter 325/1525 took 2.89 seconds
Iter 326/1525 took 2.97 seconds
Iter 327/1525 took 2.78 seconds
Iter 328/1525 took 2.85 seconds
Iter 329/1525 took 2.91 seconds
Iter 330/1525 took 2.92 seconds
Iter 331/1525 took 2.96 seconds
Iter 332/1525 took 2.82 seconds
Iter 333/1525 took 2.78 seconds
Iter 334/1525 took 2.78 seconds
Iter 335/1525 took 2.76 seconds
Iter 336/1525 took 2.70 seconds
Iter 337/1525 took 2.73 seconds
Iter 338/1525 took 2.75 seconds
Iter 339/1525 took 2.82 seconds
Iter 340/1525 took 2.71 seconds
Iter 341/1525 took 2.82 seconds
Iter 342/1525 took 2.77 seconds
Iter 343/1525 took 2.76 seconds
Iter 344/1525 took 2.77 seconds
Iter 345/1525 took 2.76 seconds
Iter 346/1525 took 2.78 seconds
Iter 347/1525 took 2.75 seconds
Iter 348/1525 took 2.69 seconds
Iter 349/1525 took 2.74 seconds
Iter 350/1525 took 2.82 seconds
Iter 351/1525 took 2.79 seconds
Iter 352/1525 took 2.83 seconds
Iter 353/1525 took 2.90 seconds
Iter 354/1525 took 2.89 seconds
Iter 355/1525 took 2.82 seconds
Iter 356/1525 took 2.78 seconds
Iter 357/1525 took 2.85 seconds
Iter 358/1525 took 2.89 seconds
Iter 359/1525 took 2.82 seconds
Iter 360/1525 took 2.80 seconds
Iter 361/1525 took 2.89 seconds
Iter 362/1525 took 2.89 seconds
Iter 363/1525 took 2.90 seconds
Iter 364/1525 took 2.81 seconds
Iter 365/1525 took 2.72 seconds
Iter 366/1525 took 2.80 seconds
Iter 367/1525 took 2.73 seconds
Iter 368/1525 took 2.75 seconds
Iter 369/1525 took 2.78 seconds
Iter 370/1525 took 2.85 seconds
Iter 371/1525 took 2.81 seconds
Iter 372/1525 took 2.79 seconds
Iter 373/1525 took 2.85 seconds
Iter 374/1525 took 2.78 seconds
Iter 375/1525 took 2.82 seconds
Iter 376/1525 took 2.74 seconds
Iter 377/1525 took 2.74 seconds
Iter 378/1525 took 2.76 seconds
Iter 379/1525 took 2.75 seconds
Iter 380/1525 took 2.77 seconds
Iter 381/1525 took 2.68 seconds
Iter 382/1525 took 2.75 seconds
Iter 383/1525 took 2.77 seconds
Iter 384/1525 took 2.77 seconds
Iter 385/1525 took 2.81 seconds
Iter 386/1525 took 2.81 seconds
Iter 387/1525 took 2.71 seconds
Iter 388/1525 took 2.71 seconds
Iter 389/1525 took 2.73 seconds
Iter 390/1525 took 2.73 seconds
Iter 391/1525 took 2.73 seconds
Iter 392/1525 took 2.70 seconds
Iter 393/1525 took 2.72 seconds
Iter 394/1525 took 2.77 seconds
Iter 395/1525 took 2.73 seconds
Iter 396/1525 took 2.90 seconds
Iter 397/1525 took 2.96 seconds
Iter 398/1525 took 2.96 seconds
Iter 399/1525 took 2.99 seconds
Iter 400/1525 took 2.90 seconds
Iter 401/1525 took 2.76 seconds
Iter 402/1525 took 2.84 seconds
Iter 403/1525 took 2.91 seconds
Iter 404/1525 took 2.90 seconds
Iter 405/1525 took 2.84 seconds
Iter 406/1525 took 2.88 seconds
Iter 407/1525 took 2.98 seconds
Iter 408/1525 took 3.05 seconds
Iter 409/1525 took 2.96 seconds
Iter 410/1525 took 2.99 seconds
Iter 411/1525 took 2.96 seconds
Iter 412/1525 took 2.96 seconds
Iter 413/1525 took 2.92 seconds
Iter 414/1525 took 2.93 seconds
Iter 415/1525 took 2.72 seconds
Iter 416/1525 took 2.78 seconds
Iter 417/1525 took 2.73 seconds
Iter 418/1525 took 2.76 seconds
Iter 419/1525 took 2.78 seconds
Iter 420/1525 took 2.76 seconds
Iter 421/1525 took 2.82 seconds
Iter 422/1525 took 2.82 seconds
Iter 423/1525 took 2.82 seconds
Iter 424/1525 took 2.85 seconds
Iter 425/1525 took 2.83 seconds
Iter 426/1525 took 2.80 seconds
Iter 427/1525 took 2.77 seconds
Iter 428/1525 took 2.91 seconds
Iter 429/1525 took 2.74 seconds
Iter 430/1525 took 2.78 seconds
Iter 431/1525 took 2.83 seconds
Iter 432/1525 took 2.79 seconds
Iter 433/1525 took 2.84 seconds
Iter 434/1525 took 2.78 seconds
Iter 435/1525 took 2.81 seconds
Iter 436/1525 took 2.89 seconds
Iter 437/1525 took 2.78 seconds
Iter 438/1525 took 2.77 seconds
Iter 439/1525 took 2.86 seconds
Iter 440/1525 took 2.88 seconds
Iter 441/1525 took 2.82 seconds
Iter 442/1525 took 2.73 seconds
Iter 443/1525 took 2.66 seconds
Iter 444/1525 took 2.81 seconds
Iter 445/1525 took 2.77 seconds
Iter 446/1525 took 2.76 seconds
Iter 447/1525 took 2.85 seconds
Iter 448/1525 took 2.83 seconds
Iter 449/1525 took 2.77 seconds
Iter 450/1525 took 2.81 seconds
Iter 451/1525 took 2.79 seconds
Iter 452/1525 took 2.87 seconds
Iter 453/1525 took 2.71 seconds
Iter 454/1525 took 2.71 seconds
Iter 455/1525 took 2.86 seconds
Iter 456/1525 took 2.93 seconds
Iter 457/1525 took 2.96 seconds
Iter 458/1525 took 2.93 seconds
checkpoint saved to /home/aojili/lsy_drone_racing/lsy_drone_racing/control/checkpoints/level3_loop_068_structural_v15_sensor15_curriculum_maturation_from_loop067_10m_to_60m/level3_loop_068_structural_v15_sensor15_curriculum_maturation_from_loop067_10m_to_60m_step_015000000.ckpt at global_step=15007744
Iter 459/1525 took 2.97 seconds
Iter 460/1525 took 2.89 seconds
Iter 461/1525 took 2.97 seconds
Iter 462/1525 took 2.88 seconds
Iter 463/1525 took 2.83 seconds
Iter 464/1525 took 2.78 seconds
Iter 465/1525 took 2.80 seconds
Iter 466/1525 took 2.93 seconds
Iter 467/1525 took 2.84 seconds
Iter 468/1525 took 2.93 seconds
Iter 469/1525 took 2.92 seconds
Iter 470/1525 took 2.87 seconds
Iter 471/1525 took 2.93 seconds
Iter 472/1525 took 2.83 seconds
Iter 473/1525 took 2.78 seconds
Iter 474/1525 took 2.75 seconds
Iter 475/1525 took 2.88 seconds
Iter 476/1525 took 2.83 seconds
Iter 477/1525 took 2.75 seconds
Iter 478/1525 took 2.74 seconds
Iter 479/1525 took 2.85 seconds
Iter 480/1525 took 2.84 seconds
Iter 481/1525 took 2.81 seconds
Iter 482/1525 took 2.76 seconds
Iter 483/1525 took 2.73 seconds
Iter 484/1525 took 2.77 seconds
Iter 485/1525 took 2.75 seconds
Iter 486/1525 took 2.82 seconds
Iter 487/1525 took 2.91 seconds
Iter 488/1525 took 3.08 seconds
Iter 489/1525 took 3.02 seconds
Iter 490/1525 took 3.02 seconds
Iter 491/1525 took 2.95 seconds
Iter 492/1525 took 2.93 seconds
Iter 493/1525 took 2.88 seconds
Iter 494/1525 took 2.83 seconds
Iter 495/1525 took 2.79 seconds
Iter 496/1525 took 2.80 seconds
Iter 497/1525 took 2.79 seconds
Iter 498/1525 took 2.82 seconds
Iter 499/1525 took 2.90 seconds
Iter 500/1525 took 2.81 seconds
Iter 501/1525 took 2.72 seconds
Iter 502/1525 took 2.93 seconds
Iter 503/1525 took 2.93 seconds
Iter 504/1525 took 2.85 seconds
Iter 505/1525 took 2.89 seconds
Iter 506/1525 took 2.92 seconds
Iter 507/1525 took 2.85 seconds
Iter 508/1525 took 2.81 seconds
Iter 509/1525 took 2.93 seconds
Iter 510/1525 took 2.87 seconds
Iter 511/1525 took 2.89 seconds
Iter 512/1525 took 2.87 seconds
Iter 513/1525 took 2.86 seconds
Iter 514/1525 took 2.78 seconds
Iter 515/1525 took 2.76 seconds
Iter 516/1525 took 2.78 seconds
Iter 517/1525 took 2.71 seconds
Iter 518/1525 took 2.71 seconds
Iter 519/1525 took 2.70 seconds
Iter 520/1525 took 2.71 seconds
Iter 521/1525 took 2.78 seconds
Iter 522/1525 took 2.75 seconds
Iter 523/1525 took 2.74 seconds
Iter 524/1525 took 2.71 seconds
Iter 525/1525 took 2.72 seconds
Iter 526/1525 took 2.74 seconds
Iter 527/1525 took 2.75 seconds
Iter 528/1525 took 2.72 seconds
Iter 529/1525 took 2.79 seconds
Iter 530/1525 took 2.82 seconds
Iter 531/1525 took 2.78 seconds
Iter 532/1525 took 2.77 seconds
Iter 533/1525 took 2.73 seconds
Iter 534/1525 took 2.76 seconds
Iter 535/1525 took 2.77 seconds
Iter 536/1525 took 2.76 seconds
Iter 537/1525 took 2.80 seconds
Iter 538/1525 took 2.91 seconds
Iter 539/1525 took 2.87 seconds
Iter 540/1525 took 2.94 seconds
Iter 541/1525 took 3.01 seconds
Iter 542/1525 took 2.93 seconds
Iter 543/1525 took 2.81 seconds
Iter 544/1525 took 2.81 seconds
Iter 545/1525 took 2.78 seconds
Iter 546/1525 took 3.05 seconds
Iter 547/1525 took 3.05 seconds
Iter 548/1525 took 3.07 seconds
Iter 549/1525 took 2.95 seconds
Iter 550/1525 took 2.94 seconds
Iter 551/1525 took 2.99 seconds
Iter 552/1525 took 2.95 seconds
Iter 553/1525 took 2.95 seconds
Iter 554/1525 took 2.84 seconds
Iter 555/1525 took 2.79 seconds
Iter 556/1525 took 2.84 seconds
Iter 557/1525 took 2.82 seconds
Iter 558/1525 took 2.90 seconds
Iter 559/1525 took 2.85 seconds
Iter 560/1525 took 2.76 seconds
Iter 561/1525 took 2.75 seconds
Iter 562/1525 took 2.75 seconds
Iter 563/1525 took 2.72 seconds
Iter 564/1525 took 2.74 seconds
Iter 565/1525 took 2.71 seconds
Iter 566/1525 took 2.72 seconds
Iter 567/1525 took 2.72 seconds
Iter 568/1525 took 2.75 seconds
Iter 569/1525 took 2.72 seconds
Iter 570/1525 took 2.71 seconds
Iter 571/1525 took 2.74 seconds
Iter 572/1525 took 2.74 seconds
Iter 573/1525 took 2.75 seconds
Iter 574/1525 took 2.71 seconds
Iter 575/1525 took 2.71 seconds
Iter 576/1525 took 2.73 seconds
Iter 577/1525 took 2.81 seconds
Iter 578/1525 took 2.78 seconds
Iter 579/1525 took 2.87 seconds
Iter 580/1525 took 2.82 seconds
Iter 581/1525 took 2.90 seconds
Iter 582/1525 took 2.85 seconds
Iter 583/1525 took 2.86 seconds
Iter 584/1525 took 2.76 seconds
Iter 585/1525 took 2.74 seconds
Iter 586/1525 took 2.77 seconds
Iter 587/1525 took 2.80 seconds
Iter 588/1525 took 2.75 seconds
Iter 589/1525 took 2.89 seconds
Iter 590/1525 took 2.83 seconds
Iter 591/1525 took 2.85 seconds
Iter 592/1525 took 2.77 seconds
Iter 593/1525 took 2.76 seconds
Iter 594/1525 took 2.86 seconds
Iter 595/1525 took 2.79 seconds
Iter 596/1525 took 2.92 seconds
Iter 597/1525 took 3.00 seconds
Iter 598/1525 took 2.83 seconds
Iter 599/1525 took 2.79 seconds
Iter 600/1525 took 2.85 seconds
Iter 601/1525 took 2.76 seconds
Iter 602/1525 took 2.73 seconds
Iter 603/1525 took 2.74 seconds
Iter 604/1525 took 2.79 seconds
Iter 605/1525 took 2.81 seconds
Iter 606/1525 took 2.89 seconds
Iter 607/1525 took 2.73 seconds
Iter 608/1525 took 2.81 seconds
Iter 609/1525 took 2.78 seconds
Iter 610/1525 took 2.90 seconds
Iter 611/1525 took 2.91 seconds
checkpoint saved to /home/aojili/lsy_drone_racing/lsy_drone_racing/control/checkpoints/level3_loop_068_structural_v15_sensor15_curriculum_maturation_from_loop067_10m_to_60m/level3_loop_068_structural_v15_sensor15_curriculum_maturation_from_loop067_10m_to_60m_step_020000000.ckpt at global_step=20021248
Iter 612/1525 took 2.86 seconds
Iter 613/1525 took 2.81 seconds
Iter 614/1525 took 2.82 seconds
Iter 615/1525 took 2.84 seconds
Iter 616/1525 took 2.95 seconds
Iter 617/1525 took 2.95 seconds
Iter 618/1525 took 2.89 seconds
Iter 619/1525 took 2.78 seconds
Iter 620/1525 took 2.80 seconds
Iter 621/1525 took 2.74 seconds
Iter 622/1525 took 2.83 seconds
Iter 623/1525 took 2.77 seconds
Iter 624/1525 took 2.77 seconds
Iter 625/1525 took 2.76 seconds
Iter 626/1525 took 2.71 seconds
Iter 627/1525 took 2.75 seconds
Iter 628/1525 took 2.73 seconds
Iter 629/1525 took 2.74 seconds
Iter 630/1525 took 2.73 seconds
Iter 631/1525 took 2.76 seconds
Iter 632/1525 took 2.75 seconds
Iter 633/1525 took 2.77 seconds
Iter 634/1525 took 2.75 seconds
Iter 635/1525 took 2.73 seconds
Iter 636/1525 took 2.68 seconds
Iter 637/1525 took 2.77 seconds
Iter 638/1525 took 2.76 seconds
Iter 639/1525 took 2.81 seconds
Iter 640/1525 took 2.81 seconds
Iter 641/1525 took 2.77 seconds
Iter 642/1525 took 2.75 seconds
Iter 643/1525 took 2.75 seconds
Iter 644/1525 took 2.77 seconds
Iter 645/1525 took 2.78 seconds
Iter 646/1525 took 2.78 seconds
Iter 647/1525 took 2.82 seconds
Iter 648/1525 took 2.83 seconds
Iter 649/1525 took 2.83 seconds
Iter 650/1525 took 2.77 seconds
Iter 651/1525 took 2.77 seconds
Iter 652/1525 took 2.75 seconds
Iter 653/1525 took 2.76 seconds
Iter 654/1525 took 2.77 seconds
Iter 655/1525 took 2.76 seconds
Iter 656/1525 took 2.75 seconds
Iter 657/1525 took 2.82 seconds
Iter 658/1525 took 2.73 seconds
Iter 659/1525 took 2.83 seconds
Iter 660/1525 took 2.83 seconds
Iter 661/1525 took 2.84 seconds
Iter 662/1525 took 2.77 seconds
Iter 663/1525 took 2.77 seconds
Iter 664/1525 took 2.73 seconds
Iter 665/1525 took 2.76 seconds
Iter 666/1525 took 2.83 seconds
Iter 667/1525 took 2.80 seconds
Iter 668/1525 took 2.78 seconds
Iter 669/1525 took 2.81 seconds
Iter 670/1525 took 2.79 seconds
Iter 671/1525 took 2.80 seconds
Iter 672/1525 took 2.79 seconds
Iter 673/1525 took 2.79 seconds
Iter 674/1525 took 2.77 seconds
Iter 675/1525 took 2.74 seconds
Iter 676/1525 took 2.74 seconds
Iter 677/1525 took 2.76 seconds
Iter 678/1525 took 2.86 seconds
Iter 679/1525 took 2.87 seconds
Iter 680/1525 took 2.97 seconds
Iter 681/1525 took 2.91 seconds
Iter 682/1525 took 2.92 seconds
Iter 683/1525 took 2.98 seconds
Iter 684/1525 took 2.93 seconds
Iter 685/1525 took 2.82 seconds
Iter 686/1525 took 2.78 seconds
Iter 687/1525 took 2.86 seconds
Iter 688/1525 took 2.90 seconds
Iter 689/1525 took 2.93 seconds
Iter 690/1525 took 3.03 seconds
Iter 691/1525 took 2.95 seconds
Iter 692/1525 took 2.95 seconds
Iter 693/1525 took 2.85 seconds
Iter 694/1525 took 2.85 seconds
Iter 695/1525 took 2.96 seconds
Iter 696/1525 took 3.00 seconds
Iter 697/1525 took 2.95 seconds
Iter 698/1525 took 2.97 seconds
Iter 699/1525 took 2.97 seconds
Iter 700/1525 took 2.77 seconds
Iter 701/1525 took 2.81 seconds
Iter 702/1525 took 2.78 seconds
Iter 703/1525 took 2.76 seconds
Iter 704/1525 took 2.80 seconds
Iter 705/1525 took 2.86 seconds
Iter 706/1525 took 2.86 seconds
Iter 707/1525 took 2.83 seconds
Iter 708/1525 took 2.80 seconds
Iter 709/1525 took 2.83 seconds
Iter 710/1525 took 2.83 seconds
Iter 711/1525 took 2.89 seconds
Iter 712/1525 took 2.83 seconds
Iter 713/1525 took 2.79 seconds
Iter 714/1525 took 2.78 seconds
Iter 715/1525 took 2.85 seconds
Iter 716/1525 took 2.80 seconds
Iter 717/1525 took 2.80 seconds
Iter 718/1525 took 2.84 seconds
Iter 719/1525 took 2.82 seconds
Iter 720/1525 took 2.87 seconds
Iter 721/1525 took 2.82 seconds
Iter 722/1525 took 2.84 seconds
Iter 723/1525 took 2.88 seconds
Iter 724/1525 took 2.74 seconds
Iter 725/1525 took 2.70 seconds
Iter 726/1525 took 2.69 seconds
Iter 727/1525 took 2.74 seconds
Iter 728/1525 took 3.02 seconds
Iter 729/1525 took 2.91 seconds
Iter 730/1525 took 2.77 seconds
Iter 731/1525 took 2.93 seconds
Iter 732/1525 took 2.91 seconds
Iter 733/1525 took 2.96 seconds
Iter 734/1525 took 2.76 seconds
Iter 735/1525 took 2.79 seconds
Iter 736/1525 took 2.74 seconds
Iter 737/1525 took 2.74 seconds
Iter 738/1525 took 2.79 seconds
Iter 739/1525 took 2.76 seconds
Iter 740/1525 took 2.79 seconds
Iter 741/1525 took 2.81 seconds
Iter 742/1525 took 2.76 seconds
Iter 743/1525 took 2.85 seconds
Iter 744/1525 took 2.80 seconds
Iter 745/1525 took 2.84 seconds
Iter 746/1525 took 2.82 seconds
Iter 747/1525 took 2.86 seconds
Iter 748/1525 took 2.83 seconds
Iter 749/1525 took 2.76 seconds
Iter 750/1525 took 2.78 seconds
Iter 751/1525 took 2.73 seconds
Iter 752/1525 took 2.76 seconds
Iter 753/1525 took 2.82 seconds
Iter 754/1525 took 2.79 seconds
Iter 755/1525 took 2.79 seconds
Iter 756/1525 took 2.75 seconds
Iter 757/1525 took 2.75 seconds
Iter 758/1525 took 2.76 seconds
Iter 759/1525 took 2.80 seconds
Iter 760/1525 took 2.78 seconds
Iter 761/1525 took 2.75 seconds
Iter 762/1525 took 2.78 seconds
Iter 763/1525 took 2.74 seconds
checkpoint saved to /home/aojili/lsy_drone_racing/lsy_drone_racing/control/checkpoints/level3_loop_068_structural_v15_sensor15_curriculum_maturation_from_loop067_10m_to_60m/level3_loop_068_structural_v15_sensor15_curriculum_maturation_from_loop067_10m_to_60m_step_025000000.ckpt at global_step=25001984
Iter 764/1525 took 2.74 seconds
Iter 765/1525 took 2.74 seconds
Iter 766/1525 took 2.75 seconds
Iter 767/1525 took 2.76 seconds
Iter 768/1525 took 2.76 seconds
Iter 769/1525 took 2.72 seconds
Iter 770/1525 took 2.73 seconds
Iter 771/1525 took 2.71 seconds
Iter 772/1525 took 2.70 seconds
Iter 773/1525 took 2.66 seconds
Iter 774/1525 took 2.77 seconds
Iter 775/1525 took 2.81 seconds
Iter 776/1525 took 2.79 seconds
Iter 777/1525 took 2.81 seconds
Iter 778/1525 took 2.78 seconds
Iter 779/1525 took 2.78 seconds
Iter 780/1525 took 2.86 seconds
Iter 781/1525 took 2.85 seconds
Iter 782/1525 took 2.80 seconds
Iter 783/1525 took 2.84 seconds
Iter 784/1525 took 2.79 seconds
Iter 785/1525 took 2.77 seconds
Iter 786/1525 took 2.70 seconds
Iter 787/1525 took 2.66 seconds
Iter 788/1525 took 2.73 seconds
Iter 789/1525 took 2.68 seconds
Iter 790/1525 took 2.72 seconds
Iter 791/1525 took 2.69 seconds
Iter 792/1525 took 2.69 seconds
Iter 793/1525 took 2.70 seconds
Iter 794/1525 took 2.73 seconds
Iter 795/1525 took 2.76 seconds
Iter 796/1525 took 2.72 seconds
Iter 797/1525 took 2.78 seconds
Iter 798/1525 took 2.78 seconds
Iter 799/1525 took 2.90 seconds
Iter 800/1525 took 2.81 seconds
Iter 801/1525 took 2.79 seconds
Iter 802/1525 took 2.81 seconds
Iter 803/1525 took 2.81 seconds
Iter 804/1525 took 2.84 seconds
Iter 805/1525 took 2.85 seconds
Iter 806/1525 took 2.86 seconds
Iter 807/1525 took 2.86 seconds
Iter 808/1525 took 2.87 seconds
Iter 809/1525 took 2.80 seconds
Iter 810/1525 took 2.79 seconds
Iter 811/1525 took 2.82 seconds
Iter 812/1525 took 2.81 seconds
Iter 813/1525 took 2.86 seconds
Iter 814/1525 took 2.85 seconds
Iter 815/1525 took 2.73 seconds
Iter 816/1525 took 2.75 seconds
Iter 817/1525 took 2.86 seconds
Iter 818/1525 took 2.77 seconds
Iter 819/1525 took 2.79 seconds
Iter 820/1525 took 2.77 seconds
Iter 821/1525 took 2.79 seconds
Iter 822/1525 took 2.87 seconds
Iter 823/1525 took 2.85 seconds
Iter 824/1525 took 2.87 seconds
Iter 825/1525 took 2.80 seconds
Iter 826/1525 took 2.87 seconds
Iter 827/1525 took 2.76 seconds
Iter 828/1525 took 2.77 seconds
Iter 829/1525 took 2.86 seconds
Iter 830/1525 took 2.75 seconds
Iter 831/1525 took 2.75 seconds
Iter 832/1525 took 2.92 seconds
Iter 833/1525 took 2.85 seconds
Iter 834/1525 took 2.90 seconds
Iter 835/1525 took 2.93 seconds
Iter 836/1525 took 2.83 seconds
Iter 837/1525 took 2.71 seconds
Iter 838/1525 took 2.75 seconds
Iter 839/1525 took 2.77 seconds
Iter 840/1525 took 2.81 seconds
Iter 841/1525 took 2.86 seconds
Iter 842/1525 took 2.88 seconds
Iter 843/1525 took 2.85 seconds
Iter 844/1525 took 2.80 seconds
Iter 845/1525 took 2.81 seconds
Iter 846/1525 took 2.78 seconds
Iter 847/1525 took 2.72 seconds
Iter 848/1525 took 2.79 seconds
Iter 849/1525 took 2.81 seconds
Iter 850/1525 took 2.80 seconds
Iter 851/1525 took 2.75 seconds
Iter 852/1525 took 2.78 seconds
Iter 853/1525 took 2.76 seconds
Iter 854/1525 took 2.80 seconds
Iter 855/1525 took 2.79 seconds
Iter 856/1525 took 2.74 seconds
Iter 857/1525 took 2.78 seconds
Iter 858/1525 took 2.76 seconds
Iter 859/1525 took 2.76 seconds
Iter 860/1525 took 2.80 seconds
Iter 861/1525 took 2.80 seconds
Iter 862/1525 took 2.81 seconds
Iter 863/1525 took 2.83 seconds
Iter 864/1525 took 2.95 seconds
Iter 865/1525 took 3.00 seconds
Iter 866/1525 took 2.87 seconds
Iter 867/1525 took 2.86 seconds
Iter 868/1525 took 2.70 seconds
Iter 869/1525 took 2.84 seconds
Iter 870/1525 took 2.87 seconds
Iter 871/1525 took 2.86 seconds
Iter 872/1525 took 2.96 seconds
Iter 873/1525 took 2.95 seconds
Iter 874/1525 took 2.95 seconds
Iter 875/1525 took 2.86 seconds
Iter 876/1525 took 2.91 seconds
Iter 877/1525 took 2.83 seconds
Iter 878/1525 took 2.80 seconds
Iter 879/1525 took 2.84 seconds
Iter 880/1525 took 2.79 seconds
Iter 881/1525 took 2.74 seconds
Iter 882/1525 took 2.76 seconds
Iter 883/1525 took 2.89 seconds
Iter 884/1525 took 2.86 seconds
Iter 885/1525 took 2.83 seconds
Iter 886/1525 took 2.94 seconds
Iter 887/1525 took 2.98 seconds
Iter 888/1525 took 3.06 seconds
Iter 889/1525 took 2.89 seconds
Iter 890/1525 took 2.87 seconds
Iter 891/1525 took 2.88 seconds
Iter 892/1525 took 2.80 seconds
Iter 893/1525 took 2.81 seconds
Iter 894/1525 took 2.87 seconds
Iter 895/1525 took 2.91 seconds
Iter 896/1525 took 2.84 seconds
Iter 897/1525 took 2.76 seconds
Iter 898/1525 took 2.79 seconds
Iter 899/1525 took 2.83 seconds
Iter 900/1525 took 2.95 seconds
Iter 901/1525 took 2.98 seconds
Iter 902/1525 took 2.93 seconds
Iter 903/1525 took 2.90 seconds
Iter 904/1525 took 2.90 seconds
Iter 905/1525 took 2.87 seconds
Iter 906/1525 took 2.91 seconds
Iter 907/1525 took 2.80 seconds
Iter 908/1525 took 2.81 seconds
Iter 909/1525 took 2.78 seconds
Iter 910/1525 took 2.84 seconds
Iter 911/1525 took 2.75 seconds
Iter 912/1525 took 2.83 seconds
Iter 913/1525 took 2.72 seconds
Iter 914/1525 took 2.75 seconds
Iter 915/1525 took 2.82 seconds
Iter 916/1525 took 2.82 seconds
checkpoint saved to /home/aojili/lsy_drone_racing/lsy_drone_racing/control/checkpoints/level3_loop_068_structural_v15_sensor15_curriculum_maturation_from_loop067_10m_to_60m/level3_loop_068_structural_v15_sensor15_curriculum_maturation_from_loop067_10m_to_60m_step_030000000.ckpt at global_step=30015488
Iter 917/1525 took 2.78 seconds
Iter 918/1525 took 2.74 seconds
Iter 919/1525 took 2.74 seconds
Iter 920/1525 took 2.76 seconds
Iter 921/1525 took 2.85 seconds
Iter 922/1525 took 2.84 seconds
Iter 923/1525 took 2.86 seconds
Iter 924/1525 took 2.84 seconds
Iter 925/1525 took 2.80 seconds
Iter 926/1525 took 2.85 seconds
Iter 927/1525 took 2.87 seconds
Iter 928/1525 took 2.79 seconds
Iter 929/1525 took 2.81 seconds
Iter 930/1525 took 2.82 seconds
Iter 931/1525 took 2.76 seconds
Iter 932/1525 took 2.83 seconds
Iter 933/1525 took 2.83 seconds
Iter 934/1525 took 2.86 seconds
Iter 935/1525 took 2.86 seconds
Iter 936/1525 took 2.90 seconds
Iter 937/1525 took 2.84 seconds
Iter 938/1525 took 2.80 seconds
Iter 939/1525 took 2.79 seconds
Iter 940/1525 took 2.91 seconds
Iter 941/1525 took 2.93 seconds
Iter 942/1525 took 2.89 seconds
Iter 943/1525 took 2.83 seconds
Iter 944/1525 took 2.87 seconds
Iter 945/1525 took 2.77 seconds
Iter 946/1525 took 2.83 seconds
Iter 947/1525 took 2.85 seconds
Iter 948/1525 took 2.80 seconds
Iter 949/1525 took 2.73 seconds
Iter 950/1525 took 2.76 seconds
Iter 951/1525 took 2.74 seconds
Iter 952/1525 took 2.76 seconds
Iter 953/1525 took 2.75 seconds
Iter 954/1525 took 2.79 seconds
Iter 955/1525 took 2.73 seconds
Iter 956/1525 took 2.73 seconds
Iter 957/1525 took 2.77 seconds
Iter 958/1525 took 2.79 seconds
Iter 959/1525 took 2.73 seconds
Iter 960/1525 took 2.72 seconds
Iter 961/1525 took 2.78 seconds
Iter 962/1525 took 2.89 seconds
Iter 963/1525 took 2.78 seconds
Iter 964/1525 took 2.72 seconds
Iter 965/1525 took 2.76 seconds
Iter 966/1525 took 2.96 seconds
Iter 967/1525 took 2.82 seconds
Iter 968/1525 took 2.83 seconds
Iter 969/1525 took 2.80 seconds
Iter 970/1525 took 2.75 seconds
Iter 971/1525 took 2.72 seconds
Iter 972/1525 took 2.72 seconds
Iter 973/1525 took 2.72 seconds
Iter 974/1525 took 2.68 seconds
Iter 975/1525 took 2.82 seconds
Iter 976/1525 took 3.10 seconds
Iter 977/1525 took 2.99 seconds
Iter 978/1525 took 2.98 seconds
Iter 979/1525 took 2.98 seconds
Iter 980/1525 took 3.04 seconds
Iter 981/1525 took 2.92 seconds
Iter 982/1525 took 2.84 seconds
Iter 983/1525 took 3.00 seconds
Iter 984/1525 took 3.07 seconds
Iter 985/1525 took 2.97 seconds
Iter 986/1525 took 2.84 seconds
Iter 987/1525 took 2.82 seconds
Iter 988/1525 took 3.00 seconds
Iter 989/1525 took 2.83 seconds
Iter 990/1525 took 2.77 seconds
Iter 991/1525 took 2.75 seconds
Iter 992/1525 took 2.70 seconds
Iter 993/1525 took 2.83 seconds
Iter 994/1525 took 2.84 seconds
Iter 995/1525 took 2.82 seconds
Iter 996/1525 took 2.74 seconds
Iter 997/1525 took 2.84 seconds
Iter 998/1525 took 2.67 seconds
Iter 999/1525 took 2.68 seconds
Iter 1000/1525 took 2.68 seconds
Iter 1001/1525 took 2.66 seconds
Iter 1002/1525 took 2.77 seconds
Iter 1003/1525 took 2.73 seconds
Iter 1004/1525 took 2.68 seconds
Iter 1005/1525 took 2.72 seconds
Iter 1006/1525 took 2.78 seconds
Iter 1007/1525 took 2.78 seconds
Iter 1008/1525 took 2.77 seconds
Iter 1009/1525 took 2.73 seconds
Iter 1010/1525 took 2.70 seconds
Iter 1011/1525 took 2.79 seconds
Iter 1012/1525 took 2.77 seconds
Iter 1013/1525 took 2.78 seconds
Iter 1014/1525 took 2.77 seconds
Iter 1015/1525 took 2.72 seconds
Iter 1016/1525 took 2.76 seconds
Iter 1017/1525 took 2.76 seconds
Iter 1018/1525 took 2.77 seconds
Iter 1019/1525 took 2.74 seconds
Iter 1020/1525 took 2.73 seconds
Iter 1021/1525 took 2.74 seconds
Iter 1022/1525 took 2.86 seconds
Iter 1023/1525 took 2.77 seconds
Iter 1024/1525 took 2.73 seconds
Iter 1025/1525 took 2.75 seconds
Iter 1026/1525 took 2.78 seconds
Iter 1027/1525 took 2.86 seconds
Iter 1028/1525 took 2.85 seconds
Iter 1029/1525 took 2.76 seconds
Iter 1030/1525 took 2.77 seconds
Iter 1031/1525 took 2.75 seconds
Iter 1032/1525 took 2.81 seconds
Iter 1033/1525 took 2.78 seconds
Iter 1034/1525 took 2.89 seconds
Iter 1035/1525 took 3.02 seconds
Iter 1036/1525 took 3.00 seconds
Iter 1037/1525 took 2.88 seconds
Iter 1038/1525 took 2.84 seconds
Iter 1039/1525 took 3.02 seconds
Iter 1040/1525 took 3.02 seconds
Iter 1041/1525 took 2.90 seconds
Iter 1042/1525 took 3.05 seconds
Iter 1043/1525 took 3.03 seconds
Iter 1044/1525 took 2.92 seconds
Iter 1045/1525 took 2.99 seconds
Iter 1046/1525 took 3.13 seconds
Iter 1047/1525 took 2.97 seconds
Iter 1048/1525 took 3.11 seconds
Iter 1049/1525 took 3.05 seconds
Iter 1050/1525 took 2.93 seconds
Iter 1051/1525 took 2.87 seconds
Iter 1052/1525 took 2.75 seconds
Iter 1053/1525 took 2.81 seconds
Iter 1054/1525 took 2.77 seconds
Iter 1055/1525 took 2.84 seconds
Iter 1056/1525 took 2.81 seconds
Iter 1057/1525 took 2.75 seconds
Iter 1058/1525 took 2.91 seconds
Iter 1059/1525 took 2.74 seconds
Iter 1060/1525 took 2.85 seconds
Iter 1061/1525 took 2.97 seconds
Iter 1062/1525 took 2.96 seconds
Iter 1063/1525 took 2.93 seconds
Iter 1064/1525 took 2.86 seconds
Iter 1065/1525 took 2.75 seconds
Iter 1066/1525 took 2.75 seconds
Iter 1067/1525 took 2.76 seconds
Iter 1068/1525 took 2.80 seconds
Iter 1069/1525 took 2.77 seconds
checkpoint saved to /home/aojili/lsy_drone_racing/lsy_drone_racing/control/checkpoints/level3_loop_068_structural_v15_sensor15_curriculum_maturation_from_loop067_10m_to_60m/level3_loop_068_structural_v15_sensor15_curriculum_maturation_from_loop067_10m_to_60m_step_035000000.ckpt at global_step=35028992
Iter 1070/1525 took 2.80 seconds
Iter 1071/1525 took 2.74 seconds
Iter 1072/1525 took 2.76 seconds
Iter 1073/1525 took 2.91 seconds
Iter 1074/1525 took 2.88 seconds
Iter 1075/1525 took 2.89 seconds
Iter 1076/1525 took 2.84 seconds
Iter 1077/1525 took 2.82 seconds
Iter 1078/1525 took 2.76 seconds
Iter 1079/1525 took 2.80 seconds
Iter 1080/1525 took 2.82 seconds
Iter 1081/1525 took 2.78 seconds
Iter 1082/1525 took 2.75 seconds
Iter 1083/1525 took 2.83 seconds
Iter 1084/1525 took 2.89 seconds
Iter 1085/1525 took 2.86 seconds
Iter 1086/1525 took 2.71 seconds
Iter 1087/1525 took 2.72 seconds
Iter 1088/1525 took 2.75 seconds
Iter 1089/1525 took 2.73 seconds
Iter 1090/1525 took 2.80 seconds
Iter 1091/1525 took 2.71 seconds
Iter 1092/1525 took 2.82 seconds
Iter 1093/1525 took 2.82 seconds
Iter 1094/1525 took 2.83 seconds
Iter 1095/1525 took 2.80 seconds
Iter 1096/1525 took 2.81 seconds
Iter 1097/1525 took 2.74 seconds
Iter 1098/1525 took 2.73 seconds
Iter 1099/1525 took 2.75 seconds
Iter 1100/1525 took 2.81 seconds
Iter 1101/1525 took 2.76 seconds
Iter 1102/1525 took 2.75 seconds
Iter 1103/1525 took 2.80 seconds
Iter 1104/1525 took 2.86 seconds
Iter 1105/1525 took 2.80 seconds
Iter 1106/1525 took 2.75 seconds
Iter 1107/1525 took 2.73 seconds
Iter 1108/1525 took 2.75 seconds
Iter 1109/1525 took 2.75 seconds
Iter 1110/1525 took 2.76 seconds
Iter 1111/1525 took 2.82 seconds
Iter 1112/1525 took 2.82 seconds
Iter 1113/1525 took 2.76 seconds
Iter 1114/1525 took 2.84 seconds
Iter 1115/1525 took 2.74 seconds
Iter 1116/1525 took 2.73 seconds
Iter 1117/1525 took 2.72 seconds
Iter 1118/1525 took 2.79 seconds
Iter 1119/1525 took 2.81 seconds
Iter 1120/1525 took 2.99 seconds
Iter 1121/1525 took 2.95 seconds
Iter 1122/1525 took 2.79 seconds
Iter 1123/1525 took 2.92 seconds
Iter 1124/1525 took 2.96 seconds
Iter 1125/1525 took 2.89 seconds
Iter 1126/1525 took 2.85 seconds
Iter 1127/1525 took 2.95 seconds
Iter 1128/1525 took 2.91 seconds
Iter 1129/1525 took 2.96 seconds
Iter 1130/1525 took 2.97 seconds
Iter 1131/1525 took 2.80 seconds
Iter 1132/1525 took 2.84 seconds
Iter 1133/1525 took 2.90 seconds
Iter 1134/1525 took 2.96 seconds
Iter 1135/1525 took 3.03 seconds
Iter 1136/1525 took 2.92 seconds
Iter 1137/1525 took 3.00 seconds
Iter 1138/1525 took 2.92 seconds
Iter 1139/1525 took 2.96 seconds
Iter 1140/1525 took 2.91 seconds
Iter 1141/1525 took 2.86 seconds
Iter 1142/1525 took 2.79 seconds
Iter 1143/1525 took 2.70 seconds
Iter 1144/1525 took 2.68 seconds
Iter 1145/1525 took 2.73 seconds
Iter 1146/1525 took 2.71 seconds
Iter 1147/1525 took 2.71 seconds
Iter 1148/1525 took 2.71 seconds
Iter 1149/1525 took 2.73 seconds
Iter 1150/1525 took 2.74 seconds
Iter 1151/1525 took 2.69 seconds
Iter 1152/1525 took 2.69 seconds
Iter 1153/1525 took 2.69 seconds
Iter 1154/1525 took 2.77 seconds
Iter 1155/1525 took 2.76 seconds
Iter 1156/1525 took 2.77 seconds
Iter 1157/1525 took 2.73 seconds
Iter 1158/1525 took 2.72 seconds
Iter 1159/1525 took 2.72 seconds
Iter 1160/1525 took 2.73 seconds
Iter 1161/1525 took 2.69 seconds
Iter 1162/1525 took 2.72 seconds
Iter 1163/1525 took 2.67 seconds
Iter 1164/1525 took 2.68 seconds
Iter 1165/1525 took 2.73 seconds
Iter 1166/1525 took 2.76 seconds
Iter 1167/1525 took 2.76 seconds
Iter 1168/1525 took 2.71 seconds
Iter 1169/1525 took 2.74 seconds
Iter 1170/1525 took 2.77 seconds
Iter 1171/1525 took 2.70 seconds
Iter 1172/1525 took 2.73 seconds
Iter 1173/1525 took 2.72 seconds
Iter 1174/1525 took 2.74 seconds
Iter 1175/1525 took 2.76 seconds
Iter 1176/1525 took 2.73 seconds
Iter 1177/1525 took 2.74 seconds
Iter 1178/1525 took 2.80 seconds
Iter 1179/1525 took 2.83 seconds
Iter 1180/1525 took 2.80 seconds
Iter 1181/1525 took 2.82 seconds
Iter 1182/1525 took 2.81 seconds
Iter 1183/1525 took 2.80 seconds
Iter 1184/1525 took 2.77 seconds
Iter 1185/1525 took 2.78 seconds
Iter 1186/1525 took 2.81 seconds
Iter 1187/1525 took 2.74 seconds
Iter 1188/1525 took 2.78 seconds
Iter 1189/1525 took 2.80 seconds
Iter 1190/1525 took 2.75 seconds
Iter 1191/1525 took 2.72 seconds
Iter 1192/1525 took 2.79 seconds
Iter 1193/1525 took 2.74 seconds
Iter 1194/1525 took 2.76 seconds
Iter 1195/1525 took 2.72 seconds
Iter 1196/1525 took 2.74 seconds
Iter 1197/1525 took 2.75 seconds
Iter 1198/1525 took 2.74 seconds
Iter 1199/1525 took 2.75 seconds
Iter 1200/1525 took 2.76 seconds
Iter 1201/1525 took 2.75 seconds
Iter 1202/1525 took 2.85 seconds
Iter 1203/1525 took 2.84 seconds
Iter 1204/1525 took 2.81 seconds
Iter 1205/1525 took 2.82 seconds
Iter 1206/1525 took 2.81 seconds
Iter 1207/1525 took 2.80 seconds
Iter 1208/1525 took 2.98 seconds
Iter 1209/1525 took 2.97 seconds
Iter 1210/1525 took 2.93 seconds
Iter 1211/1525 took 3.03 seconds
Iter 1212/1525 took 2.98 seconds
Iter 1213/1525 took 2.81 seconds
Iter 1214/1525 took 2.84 seconds
Iter 1215/1525 took 2.76 seconds
Iter 1216/1525 took 2.75 seconds
Iter 1217/1525 took 2.70 seconds
Iter 1218/1525 took 2.82 seconds
Iter 1219/1525 took 2.85 seconds
Iter 1220/1525 took 2.75 seconds
Iter 1221/1525 took 2.75 seconds
checkpoint saved to /home/aojili/lsy_drone_racing/lsy_drone_racing/control/checkpoints/level3_loop_068_structural_v15_sensor15_curriculum_maturation_from_loop067_10m_to_60m/level3_loop_068_structural_v15_sensor15_curriculum_maturation_from_loop067_10m_to_60m_step_040000000.ckpt at global_step=40009728
Iter 1222/1525 took 2.73 seconds
Iter 1223/1525 took 2.67 seconds
Iter 1224/1525 took 2.74 seconds
Iter 1225/1525 took 2.93 seconds
Iter 1226/1525 took 2.93 seconds
Iter 1227/1525 took 2.78 seconds
Iter 1228/1525 took 2.85 seconds
Iter 1229/1525 took 2.83 seconds
Iter 1230/1525 took 2.85 seconds
Iter 1231/1525 took 2.81 seconds
Iter 1232/1525 took 2.91 seconds
Iter 1233/1525 took 3.01 seconds
Iter 1234/1525 took 2.95 seconds
Iter 1235/1525 took 2.77 seconds
Iter 1236/1525 took 2.78 seconds
Iter 1237/1525 took 2.77 seconds
Iter 1238/1525 took 2.77 seconds
Iter 1239/1525 took 2.82 seconds
Iter 1240/1525 took 2.77 seconds
Iter 1241/1525 took 2.84 seconds
Iter 1242/1525 took 2.95 seconds
Iter 1243/1525 took 2.90 seconds
Iter 1244/1525 took 2.86 seconds
Iter 1245/1525 took 2.92 seconds
Iter 1246/1525 took 2.88 seconds
Iter 1247/1525 took 2.76 seconds
Iter 1248/1525 took 2.78 seconds
Iter 1249/1525 took 2.71 seconds
Iter 1250/1525 took 2.74 seconds
Iter 1251/1525 took 2.82 seconds
Iter 1252/1525 took 3.01 seconds
Iter 1253/1525 took 2.69 seconds
Iter 1254/1525 took 2.72 seconds
Iter 1255/1525 took 2.72 seconds
Iter 1256/1525 took 2.79 seconds
Iter 1257/1525 took 2.79 seconds
Iter 1258/1525 took 2.75 seconds
Iter 1259/1525 took 2.69 seconds
Iter 1260/1525 took 2.73 seconds
Iter 1261/1525 took 2.69 seconds
Iter 1262/1525 took 2.76 seconds
Iter 1263/1525 took 2.76 seconds
Iter 1264/1525 took 2.74 seconds
Iter 1265/1525 took 2.74 seconds
Iter 1266/1525 took 2.80 seconds
Iter 1267/1525 took 2.79 seconds
Iter 1268/1525 took 2.79 seconds
Iter 1269/1525 took 2.77 seconds
Iter 1270/1525 took 2.81 seconds
Iter 1271/1525 took 2.80 seconds
Iter 1272/1525 took 2.77 seconds
Iter 1273/1525 took 2.80 seconds
Iter 1274/1525 took 2.78 seconds
Iter 1275/1525 took 2.77 seconds
Iter 1276/1525 took 2.75 seconds
Iter 1277/1525 took 2.75 seconds
Iter 1278/1525 took 2.72 seconds
Iter 1279/1525 took 2.72 seconds
Iter 1280/1525 took 2.73 seconds
Iter 1281/1525 took 2.71 seconds
Iter 1282/1525 took 2.80 seconds
Iter 1283/1525 took 2.76 seconds
Iter 1284/1525 took 2.73 seconds
Iter 1285/1525 took 2.69 seconds
Iter 1286/1525 took 2.73 seconds
Iter 1287/1525 took 2.76 seconds
Iter 1288/1525 took 2.76 seconds
Iter 1289/1525 took 2.84 seconds
Iter 1290/1525 took 2.84 seconds
Iter 1291/1525 took 2.75 seconds
Iter 1292/1525 took 2.76 seconds
Iter 1293/1525 took 2.76 seconds
Iter 1294/1525 took 2.84 seconds
Iter 1295/1525 took 2.80 seconds
Iter 1296/1525 took 2.88 seconds
Iter 1297/1525 took 2.80 seconds
Iter 1298/1525 took 2.85 seconds
Iter 1299/1525 took 2.80 seconds
Iter 1300/1525 took 2.92 seconds
Iter 1301/1525 took 2.88 seconds
Iter 1302/1525 took 2.86 seconds
Iter 1303/1525 took 2.72 seconds
Iter 1304/1525 took 2.74 seconds
Iter 1305/1525 took 2.73 seconds
Iter 1306/1525 took 2.76 seconds
Iter 1307/1525 took 2.81 seconds
Iter 1308/1525 took 2.76 seconds
Iter 1309/1525 took 2.80 seconds
Iter 1310/1525 took 2.73 seconds
Iter 1311/1525 took 2.72 seconds
Iter 1312/1525 took 2.73 seconds
Iter 1313/1525 took 2.71 seconds
Iter 1314/1525 took 2.71 seconds
Iter 1315/1525 took 2.69 seconds
Iter 1316/1525 took 2.67 seconds
Iter 1317/1525 took 2.67 seconds
Iter 1318/1525 took 2.75 seconds
Iter 1319/1525 took 2.80 seconds
Iter 1320/1525 took 2.75 seconds
Iter 1321/1525 took 2.74 seconds
Iter 1322/1525 took 2.72 seconds
Iter 1323/1525 took 2.74 seconds
Iter 1324/1525 took 2.72 seconds
Iter 1325/1525 took 2.77 seconds
Iter 1326/1525 took 2.77 seconds
Iter 1327/1525 took 2.78 seconds
Iter 1328/1525 took 2.79 seconds
Iter 1329/1525 took 2.75 seconds
Iter 1330/1525 took 2.79 seconds
Iter 1331/1525 took 2.83 seconds
Iter 1332/1525 took 2.78 seconds
Iter 1333/1525 took 2.75 seconds
Iter 1334/1525 took 2.74 seconds
Iter 1335/1525 took 2.73 seconds
Iter 1336/1525 took 2.82 seconds
Iter 1337/1525 took 2.80 seconds
Iter 1338/1525 took 2.77 seconds
Iter 1339/1525 took 2.77 seconds
Iter 1340/1525 took 2.73 seconds
Iter 1341/1525 took 2.79 seconds
Iter 1342/1525 took 2.74 seconds
Iter 1343/1525 took 2.70 seconds
Iter 1344/1525 took 2.68 seconds
Iter 1345/1525 took 2.76 seconds
Iter 1346/1525 took 2.71 seconds
Iter 1347/1525 took 2.77 seconds
Iter 1348/1525 took 2.74 seconds
Iter 1349/1525 took 2.77 seconds
Iter 1350/1525 took 2.77 seconds
Iter 1351/1525 took 2.77 seconds
Iter 1352/1525 took 2.75 seconds
Iter 1353/1525 took 2.69 seconds
Iter 1354/1525 took 2.73 seconds
Iter 1355/1525 took 2.74 seconds
Iter 1356/1525 took 2.70 seconds
Iter 1357/1525 took 2.71 seconds
Iter 1358/1525 took 2.71 seconds
Iter 1359/1525 took 2.74 seconds
Iter 1360/1525 took 2.70 seconds
Iter 1361/1525 took 2.75 seconds
Iter 1362/1525 took 2.76 seconds
Iter 1363/1525 took 2.70 seconds
Iter 1364/1525 took 2.73 seconds
Iter 1365/1525 took 2.79 seconds
Iter 1366/1525 took 2.72 seconds
Iter 1367/1525 took 2.69 seconds
Iter 1368/1525 took 2.70 seconds
Iter 1369/1525 took 2.69 seconds
Iter 1370/1525 took 2.83 seconds
Iter 1371/1525 took 2.78 seconds
Iter 1372/1525 took 2.85 seconds
Iter 1373/1525 took 2.84 seconds
Iter 1374/1525 took 2.84 seconds
checkpoint saved to /home/aojili/lsy_drone_racing/lsy_drone_racing/control/checkpoints/level3_loop_068_structural_v15_sensor15_curriculum_maturation_from_loop067_10m_to_60m/level3_loop_068_structural_v15_sensor15_curriculum_maturation_from_loop067_10m_to_60m_step_045000000.ckpt at global_step=45023232
Iter 1375/1525 took 2.97 seconds
Iter 1376/1525 took 2.90 seconds
Iter 1377/1525 took 2.85 seconds
Iter 1378/1525 took 2.75 seconds
Iter 1379/1525 took 2.76 seconds
Iter 1380/1525 took 2.78 seconds
Iter 1381/1525 took 2.83 seconds
Iter 1382/1525 took 2.79 seconds
Iter 1383/1525 took 2.71 seconds
Iter 1384/1525 took 2.67 seconds
Iter 1385/1525 took 2.71 seconds
Iter 1386/1525 took 2.73 seconds
Iter 1387/1525 took 2.73 seconds
Iter 1388/1525 took 2.77 seconds
Iter 1389/1525 took 2.75 seconds
Iter 1390/1525 took 2.75 seconds
Iter 1391/1525 took 2.68 seconds
Iter 1392/1525 took 2.72 seconds
Iter 1393/1525 took 2.73 seconds
Iter 1394/1525 took 2.75 seconds
Iter 1395/1525 took 2.66 seconds
Iter 1396/1525 took 2.95 seconds
Iter 1397/1525 took 2.94 seconds
Iter 1398/1525 took 2.91 seconds
Iter 1399/1525 took 2.92 seconds
Iter 1400/1525 took 2.96 seconds
Iter 1401/1525 took 3.03 seconds
Iter 1402/1525 took 3.03 seconds
Iter 1403/1525 took 3.10 seconds
Iter 1404/1525 took 2.94 seconds
Iter 1405/1525 took 2.93 seconds
Iter 1406/1525 took 2.82 seconds
Iter 1407/1525 took 2.93 seconds
Iter 1408/1525 took 2.92 seconds
Iter 1409/1525 took 2.96 seconds
Iter 1410/1525 took 2.91 seconds
Iter 1411/1525 took 2.91 seconds
Iter 1412/1525 took 2.83 seconds
Iter 1413/1525 took 2.95 seconds
Iter 1414/1525 took 2.92 seconds
Iter 1415/1525 took 3.01 seconds
Iter 1416/1525 took 2.86 seconds
Iter 1417/1525 took 2.80 seconds
Iter 1418/1525 took 2.77 seconds
Iter 1419/1525 took 2.86 seconds
Iter 1420/1525 took 2.89 seconds
Iter 1421/1525 took 2.96 seconds
Iter 1422/1525 took 2.99 seconds
Iter 1423/1525 took 2.76 seconds
Iter 1424/1525 took 2.75 seconds
Iter 1425/1525 took 2.91 seconds
Iter 1426/1525 took 2.85 seconds
Iter 1427/1525 took 2.79 seconds
Iter 1428/1525 took 2.81 seconds
Iter 1429/1525 took 2.77 seconds
Iter 1430/1525 took 2.74 seconds
Iter 1431/1525 took 2.83 seconds
Iter 1432/1525 took 2.68 seconds
Iter 1433/1525 took 2.64 secondswandb: updating run metadata
wandb: uploading history steps 48721-48774, summary, console lines 1536-1539
wandb: 
wandb: Run history:
wandb:                charts/SPS ▁▁▁▂▂▂▂▂▂▃▃▃▃▃▃▄▄▄▄▄▄▄▅▅▅▅▆▆▆▆▆▆▆▆▇▇▇▇▇█
wandb:      charts/learning_rate ▁▁▁▁▁▁▁▁▁▁▁▁▁▁▁▁▁▁▁▁▁▁▁▁▁▁▁▁▁▁▁▁▁▁▁▁▁▁▁▁
wandb:               global_step ▁▁▁▂▂▂▂▂▂▃▃▃▃▃▃▄▄▄▄▄▄▅▅▅▅▆▆▆▆▆▇▇▇▇▇▇▇███
wandb:          losses/approx_kl ▆▅▅▄▅▄▅▄▄▄▂▅▄▂▅▆▃▅▄▇▇▆▄▅▇▄▃▁▅▄▆▅▇▆█▇▄▄▄▂
wandb:           losses/clipfrac ▂▃▅▂▂▃▂▃▃▆▅▅▁▃▂▁▂▆█▅▄▃▅▂▃▇▂▄▁▅▅▂▄▅▃▄▃▃▅▃
wandb:            losses/entropy ▁▁▁▁▂▂▂▂▂▂▃▃▃▃▃▄▄▄▄▄▄▅▅▅▅▅▆▆▆▆▆▆▇▇▇▇████
wandb: losses/explained_variance ▇▄▃▆▄▆▅▆▃▁▅▅▆█▆▄▅▅▆▆▇▆█▃▅▇▅▇▇▇▅▇▇▇▆█▇█▇▇
wandb:      losses/old_approx_kl ▆▅▃▅▄▃▆▅▆▅▃▅▄▄▃▃▅▆▅▆▃▄▅▃▅▂▃▃▇▄▂▅▄█▃▅▇▁▄▆
wandb:        losses/policy_loss ▄▄▅▆▃▂▄▃▆▅▂▅▅▆▅▅▆█▃▅▁▃▃▃▆▆▅▄▄▄▆▄▃▄▆▄▂▆█▄
wandb:         losses/value_loss ▅▆▇▅▆█▃█▃▄▃▂▃▄▃▄▂▄▅▅▃▄▁▅▂▃▃▃▃▄▅▃▂▇▂▂▂▁▂▄
wandb:                       +48 ...
wandb: 
wandb: Run summary:
wandb:                charts/SPS 18349955
wandb:      charts/learning_rate 5e-05
wandb:               global_step 49971200
wandb:          losses/approx_kl 0.00663
wandb:           losses/clipfrac 0.01789
wandb:            losses/entropy 6.19953
wandb: losses/explained_variance 0.78415
wandb:      losses/old_approx_kl 0.00773
wandb:        losses/policy_loss -0.00489
wandb:         losses/value_loss 197.96581
wandb:                       +48 ...
wandb: 
wandb: 🚀 View run level3_loop_068_structural_v15_sensor15_curriculum_maturation_from_loop067_10m_to_60m at: https://wandb.ai/aojili77-technical-university-of-munich/ADR-PPO-Racing-Level3/runs/level3_loop_068_structural_v15_sensor15_curriculum_maturation_from_loop067_10m_to_60m
wandb: ⭐️ View project at: https://wandb.ai/aojili77-technical-university-of-munich/ADR-PPO-Racing-Level3
wandb: Synced 5 W&B file(s), 0 media file(s), 0 artifact file(s) and 0 other file(s)
wandb: Find logs at: ./wandb/run-20260621_183205-level3_loop_068_structural_v15_sensor15_curriculum_maturation_from_loop067_10m_to_60m/logs

Iter 1434/1525 took 2.65 seconds
Iter 1435/1525 took 2.69 seconds
Iter 1436/1525 took 2.67 seconds
Iter 1437/1525 took 2.68 seconds
Iter 1438/1525 took 2.73 seconds
Iter 1439/1525 took 2.72 seconds
Iter 1440/1525 took 2.69 seconds
Iter 1441/1525 took 2.79 seconds
Iter 1442/1525 took 2.87 seconds
Iter 1443/1525 took 3.02 seconds
Iter 1444/1525 took 2.95 seconds
Iter 1445/1525 took 2.99 seconds
Iter 1446/1525 took 2.80 seconds
Iter 1447/1525 took 2.86 seconds
Iter 1448/1525 took 2.93 seconds
Iter 1449/1525 took 2.91 seconds
Iter 1450/1525 took 2.81 seconds
Iter 1451/1525 took 2.80 seconds
Iter 1452/1525 took 2.88 seconds
Iter 1453/1525 took 2.91 seconds
Iter 1454/1525 took 2.95 seconds
Iter 1455/1525 took 3.05 seconds
Iter 1456/1525 took 2.93 seconds
Iter 1457/1525 took 2.98 seconds
Iter 1458/1525 took 2.88 seconds
Iter 1459/1525 took 2.86 seconds
Iter 1460/1525 took 2.79 seconds
Iter 1461/1525 took 2.80 seconds
Iter 1462/1525 took 2.76 seconds
Iter 1463/1525 took 2.91 seconds
Iter 1464/1525 took 2.78 seconds
Iter 1465/1525 took 2.82 seconds
Iter 1466/1525 took 3.06 seconds
Iter 1467/1525 took 2.96 seconds
Iter 1468/1525 took 2.87 seconds
Iter 1469/1525 took 2.87 seconds
Iter 1470/1525 took 2.75 seconds
Iter 1471/1525 took 2.73 seconds
Iter 1472/1525 took 2.93 seconds
Iter 1473/1525 took 2.96 seconds
Iter 1474/1525 took 2.86 seconds
Iter 1475/1525 took 2.90 seconds
Iter 1476/1525 took 3.02 seconds
Iter 1477/1525 took 2.93 seconds
Iter 1478/1525 took 2.89 seconds
Iter 1479/1525 took 2.93 seconds
Iter 1480/1525 took 3.06 seconds
Iter 1481/1525 took 2.84 seconds
Iter 1482/1525 took 2.81 seconds
Iter 1483/1525 took 2.87 seconds
Iter 1484/1525 took 2.80 seconds
Iter 1485/1525 took 2.85 seconds
Iter 1486/1525 took 2.77 seconds
Iter 1487/1525 took 2.84 seconds
Iter 1488/1525 took 2.83 seconds
Iter 1489/1525 took 2.93 seconds
Iter 1490/1525 took 2.82 seconds
Iter 1491/1525 took 2.83 seconds
Iter 1492/1525 took 2.80 seconds
Iter 1493/1525 took 2.76 seconds
Iter 1494/1525 took 2.75 seconds
Iter 1495/1525 took 2.82 seconds
Iter 1496/1525 took 2.81 seconds
Iter 1497/1525 took 2.81 seconds
Iter 1498/1525 took 2.72 seconds
Iter 1499/1525 took 2.74 seconds
Iter 1500/1525 took 2.82 seconds
Iter 1501/1525 took 2.73 seconds
Iter 1502/1525 took 2.82 seconds
Iter 1503/1525 took 2.77 seconds
Iter 1504/1525 took 2.87 seconds
Iter 1505/1525 took 2.75 seconds
Iter 1506/1525 took 2.79 seconds
Iter 1507/1525 took 2.93 seconds
Iter 1508/1525 took 2.79 seconds
Iter 1509/1525 took 2.81 seconds
Iter 1510/1525 took 2.72 seconds
Iter 1511/1525 took 2.74 seconds
Iter 1512/1525 took 2.76 seconds
Iter 1513/1525 took 2.76 seconds
Iter 1514/1525 took 2.74 seconds
Iter 1515/1525 took 2.72 seconds
Iter 1516/1525 took 2.70 seconds
Iter 1517/1525 took 2.72 seconds
Iter 1518/1525 took 2.71 seconds
Iter 1519/1525 took 2.68 seconds
Iter 1520/1525 took 2.70 seconds
Iter 1521/1525 took 2.69 seconds
Iter 1522/1525 took 2.70 seconds
Iter 1523/1525 took 2.71 seconds
Iter 1524/1525 took 2.71 seconds
Iter 1525/1525 took 2.72 seconds
Training for 49971200 steps took 4309.46 seconds.
model saved to /home/aojili/lsy_drone_racing/lsy_drone_racing/control/checkpoints/level3_loop_068_structural_v15_sensor15_curriculum_maturation_from_loop067_10m_to_60m/level3_loop_068_structural_v15_sensor15_curriculum_maturation_from_loop067_10m_to_60m_final.ckpt
