$ /home/aojili/lsy_drone_racing/.pixi/envs/gpu/bin/python /home/aojili/lsy_drone_racing/lsy_drone_racing/control/train_CleanRL_ppo_level3.py --config=level3_dr.toml --wandb_enabled=True --wandb_project_name=ADR-PPO-Racing-Level3 --wandb_mode=online --train=True --eval=0 --total_timesteps=30000000 --num_envs=1024 --num_steps=32 --cuda=True --jax_device=gpu --model_name=checkpoints/level3_loop_024_v5_action_envelope_75deg_from_loop020_25m/level3_loop_024_v5_action_envelope_75deg_from_loop020_25m_final.ckpt --checkpoint_dir=/home/aojili/lsy_drone_racing/lsy_drone_racing/control/checkpoints/level3_loop_024_v5_action_envelope_75deg_from_loop020_25m --checkpoint_interval=5000000 --observation_layout=level3_target_gate_nearest_gate_2obs_local_history_v5 --wandb_entity=aojili77-technical-university-of-munich --wandb_run_name=level3_loop_024_v5_action_envelope_75deg_from_loop020_25m --wandb_run_id=level3_loop_024_v5_action_envelope_75deg_from_loop020_25m --initial_model_name=/home/aojili/lsy_drone_racing/lsy_drone_racing/control/checkpoints/level3_loop_020_v5_completion_backloaded_from_loop019_15m/level3_loop_020_v5_completion_backloaded_from_loop019_15m_step_025000000.ckpt --learning_rate=0.0003 --gamma=0.99 --gae_lambda=0.95 --update_epochs=5 --num_minibatches=8 --ent_coef=0.02 --target_kl=0.03 --hidden_dim=256 --n_obs=2 --action_rp_limit_deg=75.0 --progress_coef=0.0 --gate_stage_coef=9.0 --gate_axis_coef=22.0 --near_gate_coef=0.0 --gate_bonus=180.0 --gate_front_bonus=22.0 --gate_plane_bonus=0.0 --gate_back_bonus=95.0 --finish_bonus=300.0 --missed_gate_penalty=0.0 --wrong_side_penalty=14.0 --crash_penalty=50.0 --obstacle_coef=4.5 --obstacle_margin=0.3 --obstacle_clearance_coef=0.0 --timeout_penalty=80.0 --time_penalty=0.005 --act_coef=0.012 --d_act_th_coef=0.055 --d_act_xy_coef=0.055 --cmd_tilt_coef=0.75 --rpy_coef=0.65 --tilt_limit_deg=42.0 --tilt_excess_coef=10.0

W0620 04:42:18.609235 1665675 cuda_executor.cc:1802] GPU interconnect information not available: INTERNAL: NVML doesn't support extracting fabric info or NVLink is not used by the device.
W0620 04:42:18.611504 1665582 cuda_executor.cc:1802] GPU interconnect information not available: INTERNAL: NVML doesn't support extracting fabric info or NVLink is not used by the device.
wandb: [wandb.login()] Loaded credentials for https://api.wandb.ai from /home/aojili/.netrc.
wandb: Currently logged in as: aojili77 (aojili77-technical-university-of-munich) to https://api.wandb.ai. Use `wandb login --relogin` to force relogin
wandb: setting up run level3_loop_024_v5_action_envelope_75deg_from_loop020_25m
wandb: Tracking run with wandb version 0.25.1
wandb: Run data is saved locally in /home/aojili/lsy_drone_racing/wandb/run-20260620_044222-level3_loop_024_v5_action_envelope_75deg_from_loop020_25m
wandb: Run `wandb offline` to turn off syncing.
wandb: Syncing run level3_loop_024_v5_action_envelope_75deg_from_loop020_25m
wandb: ⭐️ View project at https://wandb.ai/aojili77-technical-university-of-munich/ADR-PPO-Racing-Level3
wandb: 🚀 View run at https://wandb.ai/aojili77-technical-university-of-munich/ADR-PPO-Racing-Level3/runs/level3_loop_024_v5_action_envelope_75deg_from_loop020_25m
/home/aojili/lsy_drone_racing/.pixi/envs/gpu/lib/python3.13/site-packages/jax/_src/abstract_arrays.py:135: RuntimeWarning: overflow encountered in cast
  return literals.TypedNdArray(np.asarray(x, dtype), weak_type=False)
Training on device: cuda | Environment device: gpu
initialized checkpoint action_rp_limit_deg=90.0; training with action_rp_limit_deg=75.0
initialized agent weights from /home/aojili/lsy_drone_racing/lsy_drone_racing/control/checkpoints/level3_loop_020_v5_completion_backloaded_from_loop019_15m/level3_loop_020_v5_completion_backloaded_from_loop019_15m_step_025000000.ckpt; optimizer starts fresh
Iter 1/915 took 15.24 seconds
Iter 2/915 took 2.94 seconds
Iter 3/915 took 2.87 seconds
Iter 4/915 took 2.94 seconds
Iter 5/915 took 2.89 seconds
Iter 6/915 took 2.99 seconds
Iter 7/915 took 2.94 seconds
Iter 8/915 took 2.94 seconds
Iter 9/915 took 2.82 seconds
Iter 10/915 took 2.74 seconds
Iter 11/915 took 2.65 seconds
Iter 12/915 took 2.61 seconds
Iter 13/915 took 2.66 seconds
Iter 14/915 took 2.66 seconds
Iter 15/915 took 2.67 seconds
Iter 16/915 took 2.72 seconds
Iter 17/915 took 2.71 seconds
Iter 18/915 took 2.65 seconds
Iter 19/915 took 2.79 seconds
Iter 20/915 took 2.72 seconds
Iter 21/915 took 2.77 seconds
Iter 22/915 took 2.84 seconds
Iter 23/915 took 2.92 seconds
Iter 24/915 took 2.89 seconds
Iter 25/915 took 2.75 seconds
Iter 26/915 took 2.68 seconds
Iter 27/915 took 2.62 seconds
Iter 28/915 took 2.57 seconds
Iter 29/915 took 2.61 seconds
Iter 30/915 took 2.67 seconds
Iter 31/915 took 2.59 seconds
Iter 32/915 took 2.65 seconds
Iter 33/915 took 2.70 seconds
Iter 34/915 took 2.62 seconds
Iter 35/915 took 2.57 seconds
Iter 36/915 took 2.66 seconds
Iter 37/915 took 2.68 seconds
Iter 38/915 took 2.60 seconds
Iter 39/915 took 2.58 seconds
Iter 40/915 took 2.68 seconds
Iter 41/915 took 2.66 seconds
Iter 42/915 took 2.65 seconds
Iter 43/915 took 2.63 seconds
Iter 44/915 took 2.65 seconds
Iter 45/915 took 2.64 seconds
Iter 46/915 took 2.64 seconds
Iter 47/915 took 2.62 seconds
Iter 48/915 took 2.65 seconds
Iter 49/915 took 2.65 seconds
Iter 50/915 took 2.65 seconds
Iter 51/915 took 2.64 seconds
Iter 52/915 took 2.65 seconds
Iter 53/915 took 2.67 seconds
Iter 54/915 took 2.66 seconds
Iter 55/915 took 2.63 seconds
Iter 56/915 took 2.63 seconds
Iter 57/915 took 2.64 seconds
Iter 58/915 took 2.66 seconds
Iter 59/915 took 2.65 seconds
Iter 60/915 took 2.62 seconds
Iter 61/915 took 2.65 seconds
Iter 62/915 took 2.66 seconds
Iter 63/915 took 2.66 seconds
Iter 64/915 took 2.65 seconds
Iter 65/915 took 2.62 seconds
Iter 66/915 took 2.68 seconds
Iter 67/915 took 2.68 seconds
Iter 68/915 took 2.69 seconds
Iter 69/915 took 2.64 seconds
Iter 70/915 took 2.63 seconds
Iter 71/915 took 2.64 seconds
Iter 72/915 took 2.64 seconds
Iter 73/915 took 2.77 seconds
Iter 74/915 took 2.74 seconds
Iter 75/915 took 2.70 seconds
Iter 76/915 took 2.60 seconds
Iter 77/915 took 2.75 seconds
Iter 78/915 took 2.76 seconds
Iter 79/915 took 2.82 seconds
Iter 80/915 took 2.94 seconds
Iter 81/915 took 2.87 seconds
Iter 82/915 took 2.75 seconds
Iter 83/915 took 2.74 seconds
Iter 84/915 took 2.78 seconds
Iter 85/915 took 2.69 seconds
Iter 86/915 took 2.72 seconds
Iter 87/915 took 2.71 seconds
Iter 88/915 took 2.73 seconds
Iter 89/915 took 2.72 seconds
Iter 90/915 took 2.72 seconds
Iter 91/915 took 2.77 seconds
Iter 92/915 took 2.65 seconds
Iter 93/915 took 2.66 seconds
Iter 94/915 took 2.61 seconds
Iter 95/915 took 2.66 seconds
Iter 96/915 took 2.63 seconds
Iter 97/915 took 2.60 seconds
Iter 98/915 took 2.66 seconds
Iter 99/915 took 2.70 seconds
Iter 100/915 took 2.70 seconds
Iter 101/915 took 2.67 seconds
Iter 102/915 took 2.66 seconds
Iter 103/915 took 2.63 seconds
Iter 104/915 took 2.70 seconds
Iter 105/915 took 2.65 seconds
Iter 106/915 took 2.72 seconds
Iter 107/915 took 2.87 seconds
Iter 108/915 took 2.83 seconds
Iter 109/915 took 2.75 seconds
Iter 110/915 took 2.71 seconds
Iter 111/915 took 2.80 seconds
Iter 112/915 took 2.78 seconds
Iter 113/915 took 2.74 seconds
Iter 114/915 took 2.67 seconds
Iter 115/915 took 2.76 seconds
Iter 116/915 took 2.73 seconds
Iter 117/915 took 2.71 seconds
Iter 118/915 took 2.79 seconds
Iter 119/915 took 2.64 seconds
Iter 120/915 took 2.71 seconds
Iter 121/915 took 2.70 seconds
Iter 122/915 took 2.77 seconds
Iter 123/915 took 2.73 seconds
Iter 124/915 took 2.74 seconds
Iter 125/915 took 2.76 seconds
Iter 126/915 took 2.71 seconds
Iter 127/915 took 2.78 seconds
Iter 128/915 took 2.74 seconds
Iter 129/915 took 2.73 seconds
Iter 130/915 took 2.68 seconds
Iter 131/915 took 2.74 seconds
Iter 132/915 took 2.72 seconds
Iter 133/915 took 2.71 seconds
Iter 134/915 took 2.68 seconds
Iter 135/915 took 2.70 seconds
Iter 136/915 took 2.70 seconds
Iter 137/915 took 2.66 seconds
Iter 138/915 took 2.66 seconds
Iter 139/915 took 2.73 seconds
Iter 140/915 took 2.73 seconds
Iter 141/915 took 2.74 seconds
Iter 142/915 took 2.80 seconds
Iter 143/915 took 2.75 seconds
Iter 144/915 took 2.63 seconds
Iter 145/915 took 2.71 seconds
Iter 146/915 took 2.85 seconds
Iter 147/915 took 2.76 seconds
Iter 148/915 took 2.67 seconds
Iter 149/915 took 2.78 seconds
Iter 150/915 took 2.74 seconds
Iter 151/915 took 2.70 seconds
Iter 152/915 took 2.83 seconds
Iter 153/915 took 2.76 seconds
checkpoint saved to /home/aojili/lsy_drone_racing/lsy_drone_racing/control/checkpoints/level3_loop_024_v5_action_envelope_75deg_from_loop020_25m/level3_loop_024_v5_action_envelope_75deg_from_loop020_25m_step_005000000.ckpt at global_step=5013504
Iter 154/915 took 2.78 seconds
Iter 155/915 took 2.82 seconds
Iter 156/915 took 2.75 seconds
Iter 157/915 took 2.76 seconds
Iter 158/915 took 2.78 seconds
Iter 159/915 took 2.71 seconds
Iter 160/915 took 2.66 seconds
Iter 161/915 took 2.65 seconds
Iter 162/915 took 2.62 seconds
Iter 163/915 took 2.82 seconds
Iter 164/915 took 2.84 seconds
Iter 165/915 took 2.87 seconds
Iter 166/915 took 2.78 seconds
Iter 167/915 took 2.81 seconds
Iter 168/915 took 2.80 seconds
Iter 169/915 took 2.78 seconds
Iter 170/915 took 2.89 seconds
Iter 171/915 took 2.85 seconds
Iter 172/915 took 2.79 seconds
Iter 173/915 took 2.80 seconds
Iter 174/915 took 2.73 seconds
Iter 175/915 took 2.78 seconds
Iter 176/915 took 2.74 seconds
Iter 177/915 took 2.73 seconds
Iter 178/915 took 2.72 seconds
Iter 179/915 took 2.67 seconds
Iter 180/915 took 2.70 seconds
Iter 181/915 took 2.68 seconds
Iter 182/915 took 2.64 seconds
Iter 183/915 took 2.64 seconds
Iter 184/915 took 2.65 seconds
Iter 185/915 took 2.65 seconds
Iter 186/915 took 2.63 seconds
Iter 187/915 took 2.64 seconds
Iter 188/915 took 2.62 seconds
Iter 189/915 took 2.61 seconds
Iter 190/915 took 2.63 seconds
Iter 191/915 took 2.66 seconds
Iter 192/915 took 2.63 seconds
Iter 193/915 took 2.65 seconds
Iter 194/915 took 2.64 seconds
Iter 195/915 took 2.60 seconds
Iter 196/915 took 2.61 seconds
Iter 197/915 took 2.66 seconds
Iter 198/915 took 2.71 seconds
Iter 199/915 took 2.65 seconds
Iter 200/915 took 2.69 seconds
Iter 201/915 took 2.64 seconds
Iter 202/915 took 2.67 seconds
Iter 203/915 took 2.73 seconds
Iter 204/915 took 2.69 seconds
Iter 205/915 took 2.67 seconds
Iter 206/915 took 2.71 seconds
Iter 207/915 took 2.69 seconds
Iter 208/915 took 2.73 seconds
Iter 209/915 took 2.68 seconds
Iter 210/915 took 2.65 seconds
Iter 211/915 took 2.68 seconds
Iter 212/915 took 2.64 seconds
Iter 213/915 took 2.58 seconds
Iter 214/915 took 2.63 seconds
Iter 215/915 took 2.60 seconds
Iter 216/915 took 2.62 seconds
Iter 217/915 took 2.63 seconds
Iter 218/915 took 2.63 seconds
Iter 219/915 took 2.59 seconds
Iter 220/915 took 2.59 seconds
Iter 221/915 took 2.65 seconds
Iter 222/915 took 2.59 seconds
Iter 223/915 took 2.71 seconds
Iter 224/915 took 2.66 seconds
Iter 225/915 took 2.67 seconds
Iter 226/915 took 2.81 seconds
Iter 227/915 took 2.79 seconds
Iter 228/915 took 2.82 seconds
Iter 229/915 took 2.76 seconds
Iter 230/915 took 2.73 seconds
Iter 231/915 took 2.64 seconds
Iter 232/915 took 2.74 seconds
Iter 233/915 took 2.76 seconds
Iter 234/915 took 2.78 seconds
Iter 235/915 took 2.72 seconds
Iter 236/915 took 2.66 seconds
Iter 237/915 took 2.62 seconds
Iter 238/915 took 2.62 seconds
Iter 239/915 took 2.63 seconds
Iter 240/915 took 2.63 seconds
Iter 241/915 took 2.69 seconds
Iter 242/915 took 2.74 seconds
Iter 243/915 took 2.76 seconds
Iter 244/915 took 2.73 seconds
Iter 245/915 took 2.68 seconds
Iter 246/915 took 2.66 seconds
Iter 247/915 took 2.76 seconds
Iter 248/915 took 2.68 seconds
Iter 249/915 took 2.77 seconds
Iter 250/915 took 2.75 seconds
Iter 251/915 took 2.62 seconds
Iter 252/915 took 2.65 seconds
Iter 253/915 took 2.71 seconds
Iter 254/915 took 2.73 seconds
Iter 255/915 took 2.79 seconds
Iter 256/915 took 2.73 seconds
Iter 257/915 took 2.72 seconds
Iter 258/915 took 2.64 seconds
Iter 259/915 took 2.60 seconds
Iter 260/915 took 2.65 seconds
Iter 261/915 took 2.66 seconds
Iter 262/915 took 2.65 seconds
Iter 263/915 took 2.66 seconds
Iter 264/915 took 2.67 seconds
Iter 265/915 took 2.69 seconds
Iter 266/915 took 2.70 seconds
Iter 267/915 took 2.77 seconds
Iter 268/915 took 2.73 seconds
Iter 269/915 took 2.78 seconds
Iter 270/915 took 2.82 seconds
Iter 271/915 took 2.65 seconds
Iter 272/915 took 2.65 seconds
Iter 273/915 took 2.75 seconds
Iter 274/915 took 2.70 seconds
Iter 275/915 took 2.76 seconds
Iter 276/915 took 2.83 seconds
Iter 277/915 took 2.81 seconds
Iter 278/915 took 2.81 seconds
Iter 279/915 took 2.76 seconds
Iter 280/915 took 2.77 seconds
Iter 281/915 took 2.80 seconds
Iter 282/915 took 2.76 seconds
Iter 283/915 took 2.82 seconds
Iter 284/915 took 2.76 seconds
Iter 285/915 took 2.79 seconds
Iter 286/915 took 2.84 seconds
Iter 287/915 took 2.73 seconds
Iter 288/915 took 2.70 seconds
Iter 289/915 took 2.79 seconds
Iter 290/915 took 2.77 seconds
Iter 291/915 took 2.80 seconds
Iter 292/915 took 2.74 seconds
Iter 293/915 took 2.74 seconds
Iter 294/915 took 2.82 seconds
Iter 295/915 took 2.76 seconds
Iter 296/915 took 2.78 seconds
Iter 297/915 took 2.84 seconds
Iter 298/915 took 2.80 seconds
Iter 299/915 took 2.74 seconds
Iter 300/915 took 2.74 seconds
Iter 301/915 took 2.70 seconds
Iter 302/915 took 2.76 seconds
Iter 303/915 took 2.72 seconds
Iter 304/915 took 2.74 seconds
Iter 305/915 took 2.74 seconds
Iter 306/915 took 2.70 seconds
checkpoint saved to /home/aojili/lsy_drone_racing/lsy_drone_racing/control/checkpoints/level3_loop_024_v5_action_envelope_75deg_from_loop020_25m/level3_loop_024_v5_action_envelope_75deg_from_loop020_25m_step_010000000.ckpt at global_step=10027008
Iter 307/915 took 2.74 seconds
Iter 308/915 took 2.63 seconds
Iter 309/915 took 2.67 seconds
Iter 310/915 took 2.64 seconds
Iter 311/915 took 2.62 seconds
Iter 312/915 took 2.63 seconds
Iter 313/915 took 2.67 seconds
Iter 314/915 took 2.68 seconds
Iter 315/915 took 2.69 seconds
Iter 316/915 took 2.61 seconds
Iter 317/915 took 2.65 seconds
Iter 318/915 took 2.65 seconds
Iter 319/915 took 2.63 seconds
Iter 320/915 took 2.63 seconds
Iter 321/915 took 2.62 seconds
Iter 322/915 took 2.66 seconds
Iter 323/915 took 2.67 seconds
Iter 324/915 took 2.67 seconds
Iter 325/915 took 2.69 seconds
Iter 326/915 took 2.70 seconds
Iter 327/915 took 2.63 seconds
Iter 328/915 took 2.64 seconds
Iter 329/915 took 2.71 seconds
Iter 330/915 took 2.68 seconds
Iter 331/915 took 2.71 seconds
Iter 332/915 took 2.71 seconds
Iter 333/915 took 2.70 seconds
Iter 334/915 took 2.63 seconds
Iter 335/915 took 2.66 seconds
Iter 336/915 took 2.64 seconds
Iter 337/915 took 2.65 seconds
Iter 338/915 took 2.66 seconds
Iter 339/915 took 2.67 seconds
Iter 340/915 took 2.65 seconds
Iter 341/915 took 2.69 seconds
Iter 342/915 took 2.67 seconds
Iter 343/915 took 2.68 seconds
Iter 344/915 took 2.66 seconds
Iter 345/915 took 2.67 seconds
Iter 346/915 took 2.71 seconds
Iter 347/915 took 2.66 seconds
Iter 348/915 took 2.63 seconds
Iter 349/915 took 2.64 seconds
Iter 350/915 took 2.61 seconds
Iter 351/915 took 2.62 seconds
Iter 352/915 took 2.65 seconds
Iter 353/915 took 2.79 seconds
Iter 354/915 took 2.74 seconds
Iter 355/915 took 2.65 seconds
Iter 356/915 took 2.75 seconds
Iter 357/915 took 2.77 seconds
Iter 358/915 took 2.74 seconds
Iter 359/915 took 2.68 seconds
Iter 360/915 took 2.73 seconds
Iter 361/915 took 2.82 seconds
Iter 362/915 took 2.69 seconds
Iter 363/915 took 2.68 seconds
Iter 364/915 took 2.65 seconds
Iter 365/915 took 2.91 seconds
Iter 366/915 took 2.79 seconds
Iter 367/915 took 2.82 seconds
Iter 368/915 took 2.74 seconds
Iter 369/915 took 2.72 seconds
Iter 370/915 took 2.69 seconds
Iter 371/915 took 2.77 seconds
Iter 372/915 took 2.71 seconds
Iter 373/915 took 2.67 seconds
Iter 374/915 took 2.67 seconds
Iter 375/915 took 2.69 seconds
Iter 376/915 took 2.74 seconds
Iter 377/915 took 2.69 seconds
Iter 378/915 took 2.66 seconds
Iter 379/915 took 2.73 seconds
Iter 380/915 took 2.77 seconds
Iter 381/915 took 2.64 seconds
Iter 382/915 took 2.60 seconds
Iter 383/915 took 2.68 seconds
Iter 384/915 took 2.72 seconds
Iter 385/915 took 2.55 seconds
Iter 386/915 took 2.63 seconds
Iter 387/915 took 2.67 seconds
Iter 388/915 took 2.68 seconds
Iter 389/915 took 2.60 seconds
Iter 390/915 took 2.60 seconds
Iter 391/915 took 2.70 seconds
Iter 392/915 took 2.68 seconds
Iter 393/915 took 2.70 seconds
Iter 394/915 took 2.70 seconds
Iter 395/915 took 2.65 seconds
Iter 396/915 took 2.71 seconds
Iter 397/915 took 2.71 seconds
Iter 398/915 took 2.73 seconds
Iter 399/915 took 2.76 seconds
Iter 400/915 took 2.87 seconds
Iter 401/915 took 2.81 seconds
Iter 402/915 took 2.73 seconds
Iter 403/915 took 2.76 seconds
Iter 404/915 took 3.01 seconds
Iter 405/915 took 2.75 seconds
Iter 406/915 took 2.82 seconds
Iter 407/915 took 2.80 seconds
Iter 408/915 took 2.71 seconds
Iter 409/915 took 2.66 seconds
Iter 410/915 took 2.62 seconds
Iter 411/915 took 2.62 seconds
Iter 412/915 took 2.62 seconds
Iter 413/915 took 2.68 seconds
Iter 414/915 took 2.67 seconds
Iter 415/915 took 2.68 seconds
Iter 416/915 took 2.60 seconds
Iter 417/915 took 2.59 seconds
Iter 418/915 took 2.63 seconds
Iter 419/915 took 2.56 seconds
Iter 420/915 took 2.59 seconds
Iter 421/915 took 2.65 seconds
Iter 422/915 took 2.62 seconds
Iter 423/915 took 2.63 seconds
Iter 424/915 took 2.66 seconds
Iter 425/915 took 2.79 seconds
Iter 426/915 took 2.67 seconds
Iter 427/915 took 2.82 seconds
Iter 428/915 took 2.72 seconds
Iter 429/915 took 2.70 seconds
Iter 430/915 took 2.83 seconds
Iter 431/915 took 2.85 seconds
Iter 432/915 took 2.83 seconds
Iter 433/915 took 2.71 seconds
Iter 434/915 took 2.80 seconds
Iter 435/915 took 2.78 seconds
Iter 436/915 took 2.71 seconds
Iter 437/915 took 2.67 seconds
Iter 438/915 took 2.73 seconds
Iter 439/915 took 2.68 seconds
Iter 440/915 took 2.72 seconds
Iter 441/915 took 2.66 seconds
Iter 442/915 took 2.80 seconds
Iter 443/915 took 2.92 seconds
Iter 444/915 took 2.78 seconds
Iter 445/915 took 2.84 seconds
Iter 446/915 took 2.86 seconds
Iter 447/915 took 2.80 seconds
Iter 448/915 took 2.76 seconds
Iter 449/915 took 2.70 seconds
Iter 450/915 took 2.76 seconds
Iter 451/915 took 2.71 seconds
Iter 452/915 took 2.62 seconds
Iter 453/915 took 2.67 seconds
Iter 454/915 took 2.67 seconds
Iter 455/915 took 2.65 seconds
Iter 456/915 took 2.60 seconds
Iter 457/915 took 2.59 seconds
Iter 458/915 took 2.63 seconds
checkpoint saved to /home/aojili/lsy_drone_racing/lsy_drone_racing/control/checkpoints/level3_loop_024_v5_action_envelope_75deg_from_loop020_25m/level3_loop_024_v5_action_envelope_75deg_from_loop020_25m_step_015000000.ckpt at global_step=15007744
Iter 459/915 took 2.65 seconds
Iter 460/915 took 2.61 seconds
Iter 461/915 took 2.61 seconds
Iter 462/915 took 2.58 seconds
Iter 463/915 took 2.65 seconds
Iter 464/915 took 2.67 seconds
Iter 465/915 took 2.72 seconds
Iter 466/915 took 2.68 seconds
Iter 467/915 took 2.69 seconds
Iter 468/915 took 2.68 seconds
Iter 469/915 took 2.69 seconds
Iter 470/915 took 2.80 seconds
Iter 471/915 took 2.77 seconds
Iter 472/915 took 2.81 seconds
Iter 473/915 took 2.68 seconds
Iter 474/915 took 2.73 seconds
Iter 475/915 took 2.75 seconds
Iter 476/915 took 2.74 seconds
Iter 477/915 took 2.88 seconds
Iter 478/915 took 2.72 seconds
Iter 479/915 took 2.77 seconds
Iter 480/915 took 2.70 seconds
Iter 481/915 took 2.79 seconds
Iter 482/915 took 2.79 seconds
Iter 483/915 took 2.76 seconds
Iter 484/915 took 2.75 seconds
Iter 485/915 took 2.68 seconds
Iter 486/915 took 2.63 seconds
Iter 487/915 took 2.64 seconds
Iter 488/915 took 2.88 seconds
Iter 489/915 took 2.88 seconds
Iter 490/915 took 2.90 seconds
Iter 491/915 took 2.98 seconds
Iter 492/915 took 2.86 seconds
Iter 493/915 took 2.89 seconds
Iter 494/915 took 2.88 seconds
Iter 495/915 took 2.82 seconds
Iter 496/915 took 3.00 seconds
Iter 497/915 took 2.89 seconds
Iter 498/915 took 2.98 seconds
Iter 499/915 took 2.92 seconds
Iter 500/915 took 2.93 seconds
Iter 501/915 took 2.84 seconds
Iter 502/915 took 2.90 seconds
Iter 503/915 took 2.80 seconds
Iter 504/915 took 2.70 seconds
Iter 505/915 took 2.77 seconds
Iter 506/915 took 2.75 seconds
Iter 507/915 took 2.72 seconds
Iter 508/915 took 2.69 seconds
Iter 509/915 took 2.83 seconds
Iter 510/915 took 2.67 seconds
Iter 511/915 took 2.77 seconds
Iter 512/915 took 2.74 seconds
Iter 513/915 took 2.75 seconds
Iter 514/915 took 2.73 seconds
Iter 515/915 took 2.72 seconds
Iter 516/915 took 2.93 seconds
Iter 517/915 took 2.92 seconds
Iter 518/915 took 2.87 seconds
Iter 519/915 took 2.81 seconds
Iter 520/915 took 2.78 seconds
Iter 521/915 took 2.85 seconds
Iter 522/915 took 2.88 seconds
Iter 523/915 took 2.82 seconds
Iter 524/915 took 2.80 seconds
Iter 525/915 took 2.84 seconds
Iter 526/915 took 2.67 seconds
Iter 527/915 took 2.73 seconds
Iter 528/915 took 2.70 seconds
Iter 529/915 took 2.67 seconds
Iter 530/915 took 2.60 seconds
Iter 531/915 took 2.64 seconds
Iter 532/915 took 2.70 seconds
Iter 533/915 took 2.65 seconds
Iter 534/915 took 2.66 seconds
Iter 535/915 took 2.60 seconds
Iter 536/915 took 2.69 seconds
Iter 537/915 took 2.60 seconds
Iter 538/915 took 2.71 seconds
Iter 539/915 took 2.63 seconds
Iter 540/915 took 2.69 seconds
Iter 541/915 took 2.73 seconds
Iter 542/915 took 2.74 seconds
Iter 543/915 took 2.63 seconds
Iter 544/915 took 2.63 seconds
Iter 545/915 took 2.64 seconds
Iter 546/915 took 2.67 seconds
Iter 547/915 took 2.74 seconds
Iter 548/915 took 2.70 seconds
Iter 549/915 took 2.75 seconds
Iter 550/915 took 2.72 seconds
Iter 551/915 took 2.68 seconds
Iter 552/915 took 2.81 seconds
Iter 553/915 took 2.68 seconds
Iter 554/915 took 2.71 seconds
Iter 555/915 took 2.67 seconds
Iter 556/915 took 2.77 seconds
Iter 557/915 took 2.83 seconds
Iter 558/915 took 2.84 seconds
Iter 559/915 took 2.75 seconds
Iter 560/915 took 2.77 seconds
Iter 561/915 took 2.74 seconds
Iter 562/915 took 2.71 seconds
Iter 563/915 took 2.76 seconds
Iter 564/915 took 2.74 seconds
Iter 565/915 took 2.84 seconds
Iter 566/915 took 2.73 seconds
Iter 567/915 took 2.69 seconds
Iter 568/915 took 2.85 seconds
Iter 569/915 took 2.76 seconds
Iter 570/915 took 2.78 seconds
Iter 571/915 took 2.75 seconds
Iter 572/915 took 2.79 seconds
Iter 573/915 took 2.75 seconds
Iter 574/915 took 2.83 seconds
Iter 575/915 took 2.70 seconds
Iter 576/915 took 2.73 seconds
Iter 577/915 took 2.74 seconds
Iter 578/915 took 2.71 seconds
Iter 579/915 took 2.67 seconds
Iter 580/915 took 2.62 seconds
Iter 581/915 took 2.72 seconds
Iter 582/915 took 2.62 seconds
Iter 583/915 took 2.64 seconds
Iter 584/915 took 2.63 seconds
Iter 585/915 took 2.64 seconds
Iter 586/915 took 2.67 seconds
Iter 587/915 took 2.70 seconds
Iter 588/915 took 2.71 seconds
Iter 589/915 took 2.74 seconds
Iter 590/915 took 2.73 seconds
Iter 591/915 took 2.77 seconds
Iter 592/915 took 2.83 seconds
Iter 593/915 took 2.90 seconds
Iter 594/915 took 2.66 seconds
Iter 595/915 took 2.82 seconds
Iter 596/915 took 2.75 seconds
Iter 597/915 took 2.88 seconds
Iter 598/915 took 2.92 seconds
Iter 599/915 took 2.89 seconds
Iter 600/915 took 3.05 seconds
Iter 601/915 took 2.89 seconds
Iter 602/915 took 2.71 seconds
Iter 603/915 took 2.70 seconds
Iter 604/915 took 2.81 seconds
Iter 605/915 took 2.76 seconds
Iter 606/915 took 2.65 seconds
Iter 607/915 took 2.71 seconds
Iter 608/915 took 2.64 seconds
Iter 609/915 took 2.68 seconds
Iter 610/915 took 2.74 seconds
Iter 611/915 took 2.72 seconds
checkpoint saved to /home/aojili/lsy_drone_racing/lsy_drone_racing/control/checkpoints/level3_loop_024_v5_action_envelope_75deg_from_loop020_25m/level3_loop_024_v5_action_envelope_75deg_from_loop020_25m_step_020000000.ckpt at global_step=20021248
Iter 612/915 took 2.71 seconds
Iter 613/915 took 2.74 seconds
Iter 614/915 took 2.63 seconds
Iter 615/915 took 2.68 seconds
Iter 616/915 took 2.65 seconds
Iter 617/915 took 2.68 seconds
Iter 618/915 took 2.69 seconds
Iter 619/915 took 2.63 seconds
Iter 620/915 took 2.73 seconds
Iter 621/915 took 2.67 seconds
Iter 622/915 took 2.70 seconds
Iter 623/915 took 2.64 seconds
Iter 624/915 took 2.67 seconds
Iter 625/915 took 2.65 seconds
Iter 626/915 took 2.65 seconds
Iter 627/915 took 2.67 seconds
Iter 628/915 took 2.67 seconds
Iter 629/915 took 2.65 seconds
Iter 630/915 took 2.71 seconds
Iter 631/915 took 2.67 seconds
Iter 632/915 took 2.66 seconds
Iter 633/915 took 2.62 seconds
Iter 634/915 took 2.61 seconds
Iter 635/915 took 2.64 seconds
Iter 636/915 took 2.69 seconds
Iter 637/915 took 2.67 seconds
Iter 638/915 took 2.71 seconds
Iter 639/915 took 2.78 seconds
Iter 640/915 took 2.68 seconds
Iter 641/915 took 2.67 seconds
Iter 642/915 took 2.72 seconds
Iter 643/915 took 2.71 seconds
Iter 644/915 took 2.67 seconds
Iter 645/915 took 2.79 seconds
Iter 646/915 took 2.72 seconds
Iter 647/915 took 2.68 seconds
Iter 648/915 took 2.72 seconds
Iter 649/915 took 2.66 seconds
Iter 650/915 took 2.86 seconds
Iter 651/915 took 2.78 seconds
Iter 652/915 took 2.78 seconds
Iter 653/915 took 2.74 seconds
Iter 654/915 took 2.78 seconds
Iter 655/915 took 2.80 seconds
Iter 656/915 took 2.77 seconds
Iter 657/915 took 2.72 seconds
Iter 658/915 took 2.75 seconds
Iter 659/915 took 2.77 seconds
Iter 660/915 took 2.79 seconds
Iter 661/915 took 2.74 seconds
Iter 662/915 took 2.75 seconds
Iter 663/915 took 2.77 seconds
Iter 664/915 took 2.69 seconds
Iter 665/915 took 2.68 seconds
Iter 666/915 took 2.85 seconds
Iter 667/915 took 2.62 seconds
Iter 668/915 took 2.66 seconds
Iter 669/915 took 2.66 seconds
Iter 670/915 took 2.65 seconds
Iter 671/915 took 2.65 seconds
Iter 672/915 took 2.69 seconds
Iter 673/915 took 2.55 seconds
Iter 674/915 took 2.62 seconds
Iter 675/915 took 2.63 seconds
Iter 676/915 took 2.62 seconds
Iter 677/915 took 2.65 seconds
Iter 678/915 took 2.64 seconds
Iter 679/915 took 2.66 seconds
Iter 680/915 took 2.64 seconds
Iter 681/915 took 2.65 seconds
Iter 682/915 took 2.67 seconds
Iter 683/915 took 2.66 seconds
Iter 684/915 took 2.70 seconds
Iter 685/915 took 2.68 seconds
Iter 686/915 took 2.66 seconds
Iter 687/915 took 2.65 seconds
Iter 688/915 took 2.64 seconds
Iter 689/915 took 2.64 seconds
Iter 690/915 took 2.66 seconds
Iter 691/915 took 2.76 seconds
Iter 692/915 took 2.72 seconds
Iter 693/915 took 2.74 seconds
Iter 694/915 took 2.72 seconds
Iter 695/915 took 2.66 seconds
Iter 696/915 took 2.69 seconds
Iter 697/915 took 2.70 seconds
Iter 698/915 took 2.71 seconds
Iter 699/915 took 2.67 seconds
Iter 700/915 took 2.67 seconds
Iter 701/915 took 2.63 seconds
Iter 702/915 took 2.61 seconds
Iter 703/915 took 2.64 seconds
Iter 704/915 took 2.70 seconds
Iter 705/915 took 2.70 seconds
Iter 706/915 took 2.66 seconds
Iter 707/915 took 2.75 seconds
Iter 708/915 took 2.76 seconds
Iter 709/915 took 2.78 seconds
Iter 710/915 took 2.83 seconds
Iter 711/915 took 2.76 seconds
Iter 712/915 took 2.85 seconds
Iter 713/915 took 2.84 seconds
Iter 714/915 took 2.81 seconds
Iter 715/915 took 2.70 seconds
Iter 716/915 took 2.82 seconds
Iter 717/915 took 2.95 seconds
Iter 718/915 took 2.73 seconds
Iter 719/915 took 2.63 seconds
Iter 720/915 took 2.64 seconds
Iter 721/915 took 2.62 seconds
Iter 722/915 took 2.65 seconds
Iter 723/915 took 2.68 seconds
Iter 724/915 took 2.77 seconds
Iter 725/915 took 2.88 seconds
Iter 726/915 took 2.71 seconds
Iter 727/915 took 2.71 seconds
Iter 728/915 took 2.86 seconds
Iter 729/915 took 2.83 seconds
Iter 730/915 took 2.83 seconds
Iter 731/915 took 2.88 seconds
Iter 732/915 took 2.81 seconds
Iter 733/915 took 2.74 seconds
Iter 734/915 took 2.76 seconds
Iter 735/915 took 2.81 seconds
Iter 736/915 took 2.78 seconds
Iter 737/915 took 2.78 seconds
Iter 738/915 took 2.72 seconds
Iter 739/915 took 2.79 seconds
Iter 740/915 took 2.73 seconds
Iter 741/915 took 2.71 seconds
Iter 742/915 took 2.76 seconds
Iter 743/915 took 2.70 seconds
Iter 744/915 took 2.71 seconds
Iter 745/915 took 2.75 seconds
Iter 746/915 took 2.73 seconds
Iter 747/915 took 2.72 seconds
Iter 748/915 took 2.70 seconds
Iter 749/915 took 2.82 seconds
Iter 750/915 took 2.85 seconds
Iter 751/915 took 2.74 seconds
Iter 752/915 took 2.78 seconds
Iter 753/915 took 2.74 secondswandb: updating run metadata
wandb: uploading history steps 29152-29271, summary, console lines 921-926
wandb: 
wandb: Run history:
wandb:                charts/SPS ▁▁▁▁▂▂▂▂▃▃▃▃▃▃▃▄▄▄▄▄▄▄▄▄▄▅▅▆▆▆▆▆▇▇▇▇▇█▇█
wandb:      charts/learning_rate ████▇▇▇▆▆▆▆▆▆▆▅▅▅▅▅▅▄▄▄▄▄▄▃▃▃▃▃▃▂▂▂▂▂▂▁▁
wandb:               global_step ▁▁▁▂▂▂▂▂▂▂▂▃▃▃▃▃▄▄▄▄▄▅▅▅▅▅▅▅▆▆▆▆▇▇▇▇████
wandb:          losses/approx_kl ▇█▇█▆▇▇▆▆▄▄▇▆▆▅▆▇▆▆▅▅▆▅▄▅▅▃▅▃▆▅▄▄▃▄▃▂▂▂▁
wandb:           losses/clipfrac ▅▇█▅▆▆▇▃▅▄▄▆▃▄▃▅▄▄▅▄▂▃▄▂▂▃▂▂▃▄▃▁▂▁▂▁▁▁▁▁
wandb:            losses/entropy ▁▁▁▂▃▄▄▄▅▅▅▅▆▆▆▆▆▆▆▆▇▇▇▇▇▇▇▇▇▇██████████
wandb: losses/explained_variance ▅▄▆▅▁▇▆█▄▇▄▃▆▃▇▆▅▄▄▅▅▅▆▄▅▇▅▆▆▄▅██▇█▆▅█▅▆
wandb:      losses/old_approx_kl ▆▅▆▆▃▅▅█▃▅▄▃▆▆▄▃▄▂▃▆▄▄▃▅▅▅▄▅▄▄▄▃▁▂▆▄▁▄▁▁
wandb:        losses/policy_loss ▆▄▁▅▅▃▇▃▃▆▂▄▅▄▄▆▄▄▇▆▅▅▂▄▆▅▇▅▅▇▆▄▆▆█▇▆▇██
wandb:         losses/value_loss ▅█▄▄▆▅▅▄▄▆█▅▇▄▄█▅▃▃▄▆▄▄▄▂▄▆▃▅▄▁▇▄▄▂▂▅▄▁▅
wandb:                       +45 ...
wandb: 
wandb: Run summary:
wandb:                charts/SPS 10913565
wandb:      charts/learning_rate 0.0
wandb:               global_step 29982720
wandb:          losses/approx_kl 0.0
wandb:           losses/clipfrac 0
wandb:            losses/entropy 5.78859
wandb: losses/explained_variance 0.79366
wandb:      losses/old_approx_kl 0.0
wandb:        losses/policy_loss -4e-05
wandb:         losses/value_loss 628.77368
wandb:                       +45 ...
wandb: 
wandb: 🚀 View run level3_loop_024_v5_action_envelope_75deg_from_loop020_25m at: https://wandb.ai/aojili77-technical-university-of-munich/ADR-PPO-Racing-Level3/runs/level3_loop_024_v5_action_envelope_75deg_from_loop020_25m
wandb: ⭐️ View project at: https://wandb.ai/aojili77-technical-university-of-munich/ADR-PPO-Racing-Level3
wandb: Synced 5 W&B file(s), 0 media file(s), 0 artifact file(s) and 0 other file(s)
wandb: Find logs at: ./wandb/run-20260620_044222-level3_loop_024_v5_action_envelope_75deg_from_loop020_25m/logs

Iter 754/915 took 2.70 seconds
Iter 755/915 took 2.63 seconds
Iter 756/915 took 2.66 seconds
Iter 757/915 took 2.58 seconds
Iter 758/915 took 2.65 seconds
Iter 759/915 took 2.57 seconds
Iter 760/915 took 2.59 seconds
Iter 761/915 took 2.59 seconds
Iter 762/915 took 2.62 seconds
Iter 763/915 took 2.68 seconds
checkpoint saved to /home/aojili/lsy_drone_racing/lsy_drone_racing/control/checkpoints/level3_loop_024_v5_action_envelope_75deg_from_loop020_25m/level3_loop_024_v5_action_envelope_75deg_from_loop020_25m_step_025000000.ckpt at global_step=25001984
Iter 764/915 took 2.64 seconds
Iter 765/915 took 2.62 seconds
Iter 766/915 took 2.65 seconds
Iter 767/915 took 2.62 seconds
Iter 768/915 took 2.68 seconds
Iter 769/915 took 2.67 seconds
Iter 770/915 took 2.59 seconds
Iter 771/915 took 2.65 seconds
Iter 772/915 took 2.68 seconds
Iter 773/915 took 2.62 seconds
Iter 774/915 took 2.58 seconds
Iter 775/915 took 2.62 seconds
Iter 776/915 took 2.60 seconds
Iter 777/915 took 2.64 seconds
Iter 778/915 took 2.70 seconds
Iter 779/915 took 2.67 seconds
Iter 780/915 took 2.67 seconds
Iter 781/915 took 2.66 seconds
Iter 782/915 took 2.71 seconds
Iter 783/915 took 2.68 seconds
Iter 784/915 took 2.69 seconds
Iter 785/915 took 2.71 seconds
Iter 786/915 took 2.68 seconds
Iter 787/915 took 2.73 seconds
Iter 788/915 took 2.69 seconds
Iter 789/915 took 2.70 seconds
Iter 790/915 took 2.70 seconds
Iter 791/915 took 2.69 seconds
Iter 792/915 took 2.74 seconds
Iter 793/915 took 2.73 seconds
Iter 794/915 took 2.75 seconds
Iter 795/915 took 2.68 seconds
Iter 796/915 took 2.73 seconds
Iter 797/915 took 2.72 seconds
Iter 798/915 took 2.69 seconds
Iter 799/915 took 2.66 seconds
Iter 800/915 took 2.78 seconds
Iter 801/915 took 2.79 seconds
Iter 802/915 took 2.92 seconds
Iter 803/915 took 2.79 seconds
Iter 804/915 took 2.80 seconds
Iter 805/915 took 2.76 seconds
Iter 806/915 took 2.75 seconds
Iter 807/915 took 2.69 seconds
Iter 808/915 took 2.70 seconds
Iter 809/915 took 2.69 seconds
Iter 810/915 took 2.80 seconds
Iter 811/915 took 2.77 seconds
Iter 812/915 took 2.66 seconds
Iter 813/915 took 2.66 seconds
Iter 814/915 took 2.68 seconds
Iter 815/915 took 2.65 seconds
Iter 816/915 took 2.66 seconds
Iter 817/915 took 2.65 seconds
Iter 818/915 took 2.65 seconds
Iter 819/915 took 2.65 seconds
Iter 820/915 took 2.65 seconds
Iter 821/915 took 2.66 seconds
Iter 822/915 took 2.66 seconds
Iter 823/915 took 2.66 seconds
Iter 824/915 took 2.78 seconds
Iter 825/915 took 2.75 seconds
Iter 826/915 took 2.68 seconds
Iter 827/915 took 2.71 seconds
Iter 828/915 took 2.68 seconds
Iter 829/915 took 2.77 seconds
Iter 830/915 took 2.71 seconds
Iter 831/915 took 2.83 seconds
Iter 832/915 took 2.94 seconds
Iter 833/915 took 2.87 seconds
Iter 834/915 took 2.80 seconds
Iter 835/915 took 2.82 seconds
Iter 836/915 took 2.80 seconds
Iter 837/915 took 2.75 seconds
Iter 838/915 took 2.67 seconds
Iter 839/915 took 2.67 seconds
Iter 840/915 took 2.70 seconds
Iter 841/915 took 2.76 seconds
Iter 842/915 took 2.70 seconds
Iter 843/915 took 2.69 seconds
Iter 844/915 took 2.79 seconds
Iter 845/915 took 2.73 seconds
Iter 846/915 took 2.67 seconds
Iter 847/915 took 2.73 seconds
Iter 848/915 took 2.66 seconds
Iter 849/915 took 2.60 seconds
Iter 850/915 took 2.60 seconds
Iter 851/915 took 2.65 seconds
Iter 852/915 took 2.73 seconds
Iter 853/915 took 2.66 seconds
Iter 854/915 took 2.57 seconds
Iter 855/915 took 2.58 seconds
Iter 856/915 took 2.64 seconds
Iter 857/915 took 2.75 seconds
Iter 858/915 took 2.64 seconds
Iter 859/915 took 2.61 seconds
Iter 860/915 took 2.66 seconds
Iter 861/915 took 2.62 seconds
Iter 862/915 took 2.67 seconds
Iter 863/915 took 2.70 seconds
Iter 864/915 took 2.74 seconds
Iter 865/915 took 2.61 seconds
Iter 866/915 took 2.60 seconds
Iter 867/915 took 2.66 seconds
Iter 868/915 took 2.70 seconds
Iter 869/915 took 2.72 seconds
Iter 870/915 took 2.69 seconds
Iter 871/915 took 2.69 seconds
Iter 872/915 took 2.74 seconds
Iter 873/915 took 2.72 seconds
Iter 874/915 took 2.69 seconds
Iter 875/915 took 2.89 seconds
Iter 876/915 took 2.73 seconds
Iter 877/915 took 2.74 seconds
Iter 878/915 took 2.75 seconds
Iter 879/915 took 2.88 seconds
Iter 880/915 took 2.82 seconds
Iter 881/915 took 2.83 seconds
Iter 882/915 took 2.85 seconds
Iter 883/915 took 2.75 seconds
Iter 884/915 took 2.69 seconds
Iter 885/915 took 2.86 seconds
Iter 886/915 took 2.66 seconds
Iter 887/915 took 2.65 seconds
Iter 888/915 took 2.71 seconds
Iter 889/915 took 2.90 seconds
Iter 890/915 took 2.91 seconds
Iter 891/915 took 2.88 seconds
Iter 892/915 took 2.78 seconds
Iter 893/915 took 2.66 seconds
Iter 894/915 took 2.64 seconds
Iter 895/915 took 2.63 seconds
Iter 896/915 took 2.64 seconds
Iter 897/915 took 2.61 seconds
Iter 898/915 took 2.67 seconds
Iter 899/915 took 2.69 seconds
Iter 900/915 took 2.65 seconds
Iter 901/915 took 2.62 seconds
Iter 902/915 took 2.63 seconds
Iter 903/915 took 2.66 seconds
Iter 904/915 took 2.64 seconds
Iter 905/915 took 2.61 seconds
Iter 906/915 took 2.72 seconds
Iter 907/915 took 2.76 seconds
Iter 908/915 took 2.71 seconds
Iter 909/915 took 2.62 seconds
Iter 910/915 took 2.75 seconds
Iter 911/915 took 2.72 seconds
Iter 912/915 took 2.72 seconds
Iter 913/915 took 2.79 seconds
Iter 914/915 took 2.74 seconds
Iter 915/915 took 2.75 seconds
Training for 29982720 steps took 2500.20 seconds.
model saved to /home/aojili/lsy_drone_racing/lsy_drone_racing/control/checkpoints/level3_loop_024_v5_action_envelope_75deg_from_loop020_25m/level3_loop_024_v5_action_envelope_75deg_from_loop020_25m_final.ckpt
