$ /home/aojili/lsy_drone_racing/.pixi/envs/gpu/bin/python /home/aojili/lsy_drone_racing/lsy_drone_racing/control/train_CleanRL_ppo_level3.py --config=level3_dr.toml --wandb_enabled=True --wandb_project_name=ADR-PPO-Racing-Level3 --wandb_mode=online --train=True --eval=0 --total_timesteps=30000000 --num_envs=1024 --num_steps=32 --cuda=True --jax_device=gpu --model_name=checkpoints/level3_loop_044_structural_v7_explicit_phase_progress_localobs_from_loop020_30m/level3_loop_044_structural_v7_explicit_phase_progress_localobs_from_loop020_30m_final.ckpt --checkpoint_dir=/home/aojili/lsy_drone_racing/lsy_drone_racing/control/checkpoints/level3_loop_044_structural_v7_explicit_phase_progress_localobs_from_loop020_30m --checkpoint_interval=5000000 --observation_layout=level3_target_gate_phase_progress_2obs_local_history_v7 --wandb_entity=aojili77-technical-university-of-munich --wandb_run_name=level3_loop_044_structural_v7_explicit_phase_progress_localobs_from_loop020_30m --wandb_run_id=level3_loop_044_structural_v7_explicit_phase_progress_localobs_from_loop020_30m --initial_model_name=/home/aojili/lsy_drone_racing/lsy_drone_racing/control/checkpoints/level3_loop_020_v5_completion_backloaded_from_loop019_15m/level3_loop_020_v5_completion_backloaded_from_loop019_15m_step_025000000.ckpt --learning_rate=0.0003 --gamma=0.99 --gae_lambda=0.95 --update_epochs=5 --num_minibatches=8 --clip_coef=0.26 --clip_vloss=True --ent_coef=0.02 --vf_coef=0.7 --max_grad_norm=1.5 --target_kl=0.03 --hidden_dim=256 --n_obs=2 --action_rp_limit_deg=90.0 --action_lowpass_alpha=1.0 --reward_structure=legacy_staged --progress_coef=0.0 --gate_stage_coef=9.0 --gate_axis_coef=22.0 --near_gate_coef=0.0 --gate_bonus=180.0 --gate_front_bonus=22.0 --gate_plane_bonus=0.0 --gate_back_bonus=95.0 --finish_bonus=300.0 --missed_gate_penalty=0.0 --gate_frame_pressure_coef=0.0 --wrong_side_penalty=14.0 --crash_penalty=50.0 --obstacle_coef=4.5 --obstacle_margin=0.3 --obstacle_clearance_coef=0.0 --timeout_penalty=80.0 --time_penalty=0.005 --act_coef=0.012 --d_act_th_coef=0.055 --d_act_xy_coef=0.055 --cmd_tilt_coef=0.75 --rpy_coef=0.65 --tilt_limit_deg=42.0 --tilt_excess_coef=10.0

W0620 21:47:40.063800  888373 cuda_executor.cc:1802] GPU interconnect information not available: INTERNAL: NVML doesn't support extracting fabric info or NVLink is not used by the device.
W0620 21:47:40.066259  888296 cuda_executor.cc:1802] GPU interconnect information not available: INTERNAL: NVML doesn't support extracting fabric info or NVLink is not used by the device.
wandb: [wandb.login()] Loaded credentials for https://api.wandb.ai from /home/aojili/.netrc.
wandb: Currently logged in as: aojili77 (aojili77-technical-university-of-munich) to https://api.wandb.ai. Use `wandb login --relogin` to force relogin
wandb: setting up run level3_loop_044_structural_v7_explicit_phase_progress_localobs_from_loop020_30m
wandb: Tracking run with wandb version 0.25.1
wandb: Run data is saved locally in /home/aojili/lsy_drone_racing/wandb/run-20260620_214743-level3_loop_044_structural_v7_explicit_phase_progress_localobs_from_loop020_30m
wandb: Run `wandb offline` to turn off syncing.
wandb: Syncing run level3_loop_044_structural_v7_explicit_phase_progress_localobs_from_loop020_30m
wandb: ⭐️ View project at https://wandb.ai/aojili77-technical-university-of-munich/ADR-PPO-Racing-Level3
wandb: 🚀 View run at https://wandb.ai/aojili77-technical-university-of-munich/ADR-PPO-Racing-Level3/runs/level3_loop_044_structural_v7_explicit_phase_progress_localobs_from_loop020_30m
/home/aojili/lsy_drone_racing/.pixi/envs/gpu/lib/python3.13/site-packages/jax/_src/abstract_arrays.py:135: RuntimeWarning: overflow encountered in cast
  return literals.TypedNdArray(np.asarray(x, dtype), weak_type=False)
Training on device: cuda | Environment device: gpu
initialized phase/progress observation from local-obstacle weights; appended input weights are zero-padded and optimizer starts fresh
initialized agent weights from /home/aojili/lsy_drone_racing/lsy_drone_racing/control/checkpoints/level3_loop_020_v5_completion_backloaded_from_loop019_15m/level3_loop_020_v5_completion_backloaded_from_loop019_15m_step_025000000.ckpt; optimizer starts fresh
Traceback (most recent call last):
  File "/home/aojili/lsy_drone_racing/lsy_drone_racing/control/train_CleanRL_ppo_level3.py", line 2493, in <module>
    fire.Fire(main)
    ~~~~~~~~~^^^^^^
  File "/home/aojili/lsy_drone_racing/.pixi/envs/gpu/lib/python3.13/site-packages/fire/core.py", line 135, in Fire
    component_trace = _Fire(component, args, parsed_flag_args, context, name)
  File "/home/aojili/lsy_drone_racing/.pixi/envs/gpu/lib/python3.13/site-packages/fire/core.py", line 468, in _Fire
    component, remaining_args = _CallAndUpdateTrace(
                                ~~~~~~~~~~~~~~~~~~~^
        component,
        ^^^^^^^^^^
    ...<2 lines>...
        treatment='class' if is_class else 'routine',
        ^^^^^^^^^^^^^^^^^^^^^^^^^^^^^^^^^^^^^^^^^^^^^
        target=component.__name__)
        ^^^^^^^^^^^^^^^^^^^^^^^^^^
  File "/home/aojili/lsy_drone_racing/.pixi/envs/gpu/lib/python3.13/site-packages/fire/core.py", line 684, in _CallAndUpdateTrace
    component = fn(*varargs, **kwargs)
  File "/home/aojili/lsy_drone_racing/lsy_drone_racing/control/train_CleanRL_ppo_level3.py", line 2467, in main
    train_ppo(
    ~~~~~~~~~^
        args,
        ^^^^^
    ...<6 lines>...
        initial_model_path=initial_model_path,
        ^^^^^^^^^^^^^^^^^^^^^^^^^^^^^^^^^^^^^^
    )
    ^
  File "/home/aojili/lsy_drone_racing/lsy_drone_racing/control/train_CleanRL_ppo_level3.py", line 1968, in train_ppo
    next_obs, _ = envs.reset(seed=args.seed)
                  ~~~~~~~~~~^^^^^^^^^^^^^^^^
  File "/home/aojili/lsy_drone_racing/.pixi/envs/gpu/lib/python3.13/site-packages/gymnasium/wrappers/vector/array_conversion.py", line 107, in reset
    self.env.reset(seed=seed, options=options),
    ~~~~~~~~~~~~~~^^^^^^^^^^^^^^^^^^^^^^^^^^^^
  File "/home/aojili/lsy_drone_racing/lsy_drone_racing/control/train_CleanRL_ppo_level3.py", line 1253, in reset
    return self.observations(observations), infos
           ~~~~~~~~~~~~~~~~~^^^^^^^^^^^^^^
  File "/home/aojili/lsy_drone_racing/lsy_drone_racing/control/train_CleanRL_ppo_level3.py", line 1271, in observations
    flat = self._flatten_observations(observations, self._history, self._last_action)
  File "/home/aojili/lsy_drone_racing/lsy_drone_racing/control/train_CleanRL_ppo_level3.py", line 1371, in _flatten_observations
    self._gate_frame_pos_for_gate(observations, active_target_gate),
    ^^^^^^^^^^^^^^^^^^^^^^^^^^^^^
AttributeError: 'RaceObservation' object has no attribute '_gate_frame_pos_for_gate'
[1;34mwandb[0m: 
[1;34mwandb[0m: 🚀 View run [33mlevel3_loop_044_structural_v7_explicit_phase_progress_localobs_from_loop020_30m[0m at: [34mhttps://wandb.ai/aojili77-technical-university-of-munich/ADR-PPO-Racing-Level3/runs/level3_loop_044_structural_v7_explicit_phase_progress_localobs_from_loop020_30m[0m
[1;34mwandb[0m: Find logs at: [1;35mwandb/run-20260620_214743-level3_loop_044_structural_v7_explicit_phase_progress_localobs_from_loop020_30m/logs[0m
