$ /home/aojili/lsy_drone_racing/.pixi/envs/gpu/bin/python /home/aojili/lsy_drone_racing/lsy_drone_racing/control/train_CleanRL_ppo_level3.py --config=level3_dr.toml --wandb_enabled=True --wandb_project_name=ADR-PPO-Racing-Level3 --wandb_mode=online --train=True --eval=0 --total_timesteps=90000000 --num_envs=1024 --num_steps=32 --cuda=True --jax_device=gpu --model_name=checkpoints/level3_loop_018_v5_gate_acquisition_repair_mature_90m/level3_loop_018_v5_gate_acquisition_repair_mature_90m_final.ckpt --checkpoint_dir=/home/aojili/lsy_drone_racing/lsy_drone_racing/control/checkpoints/level3_loop_018_v5_gate_acquisition_repair_mature_90m --checkpoint_interval=5000000 --observation_layout=level3_target_gate_nearest_gate_2obs_local_history_v5 --wandb_entity=aojili77-technical-university-of-munich --wandb_run_name=level3_loop_018_v5_gate_acquisition_repair_mature_90m --wandb_run_id=level3_loop_018_v5_gate_acquisition_repair_mature_90m --initial_model_name=/home/aojili/lsy_drone_racing/lsy_drone_racing/control/checkpoints/level3_loop_017_v5_gate_acquisition_repair_mature_60m/level3_loop_017_v5_gate_acquisition_repair_mature_60m_final.ckpt --learning_rate=0.0003 --gamma=0.99 --gae_lambda=0.95 --update_epochs=5 --num_minibatches=8 --ent_coef=0.02 --target_kl=0.03 --hidden_dim=256 --n_obs=2 --progress_coef=0.0 --gate_stage_coef=13.0 --gate_axis_coef=24.0 --near_gate_coef=0.0 --gate_bonus=200.0 --gate_front_bonus=5.0 --gate_plane_bonus=0.0 --gate_back_bonus=35.0 --finish_bonus=175.0 --missed_gate_penalty=0.0 --wrong_side_penalty=6.0 --crash_penalty=62.5 --obstacle_coef=5.75 --obstacle_margin=0.3 --obstacle_clearance_coef=0.0 --timeout_penalty=80.0 --time_penalty=0.02 --act_coef=0.0345 --d_act_th_coef=0.112 --d_act_xy_coef=0.112 --cmd_tilt_coef=1.12 --rpy_coef=1.1 --tilt_limit_deg=38.0 --tilt_excess_coef=15.0

W0619 22:22:52.630315 3713958 cuda_executor.cc:1802] GPU interconnect information not available: INTERNAL: NVML doesn't support extracting fabric info or NVLink is not used by the device.
W0619 22:22:52.632573 3713881 cuda_executor.cc:1802] GPU interconnect information not available: INTERNAL: NVML doesn't support extracting fabric info or NVLink is not used by the device.
wandb: [wandb.login()] Loaded credentials for https://api.wandb.ai from /home/aojili/.netrc.
wandb: Currently logged in as: aojili77 (aojili77-technical-university-of-munich) to https://api.wandb.ai. Use `wandb login --relogin` to force relogin
wandb: setting up run level3_loop_018_v5_gate_acquisition_repair_mature_90m
wandb: Tracking run with wandb version 0.25.1
wandb: Run data is saved locally in /home/aojili/lsy_drone_racing/wandb/run-20260619_222256-level3_loop_018_v5_gate_acquisition_repair_mature_90m
wandb: Run `wandb offline` to turn off syncing.
wandb: Syncing run level3_loop_018_v5_gate_acquisition_repair_mature_90m
wandb: ⭐️ View project at https://wandb.ai/aojili77-technical-university-of-munich/ADR-PPO-Racing-Level3
wandb: 🚀 View run at https://wandb.ai/aojili77-technical-university-of-munich/ADR-PPO-Racing-Level3/runs/level3_loop_018_v5_gate_acquisition_repair_mature_90m
/home/aojili/lsy_drone_racing/.pixi/envs/gpu/lib/python3.13/site-packages/jax/_src/abstract_arrays.py:135: RuntimeWarning: overflow encountered in cast
  return literals.TypedNdArray(np.asarray(x, dtype), weak_type=False)
Training on device: cuda | Environment device: gpu
initialized agent weights from /home/aojili/lsy_drone_racing/lsy_drone_racing/control/checkpoints/level3_loop_017_v5_gate_acquisition_repair_mature_60m/level3_loop_017_v5_gate_acquisition_repair_mature_60m_final.ckpt; optimizer starts fresh
Iter 1/2746 took 15.08 seconds
Iter 2/2746 took 2.73 seconds
Iter 3/2746 took 2.78 seconds
Iter 4/2746 took 2.81 seconds
Iter 5/2746 took 2.87 seconds
Iter 6/2746 took 2.81 seconds
Iter 7/2746 took 2.63 seconds
Iter 8/2746 took 2.70 seconds
Iter 9/2746 took 2.74 seconds
Iter 10/2746 took 2.74 seconds
Iter 11/2746 took 2.73 seconds
Iter 12/2746 took 2.76 seconds
Iter 13/2746 took 2.75 seconds
Iter 14/2746 took 2.84 seconds
Iter 15/2746 took 2.86 seconds
Iter 16/2746 took 2.93 seconds
Iter 17/2746 took 2.73 seconds
Iter 18/2746 took 2.64 seconds
Iter 19/2746 took 2.67 seconds
Iter 20/2746 took 2.60 seconds
Iter 21/2746 took 2.60 seconds
Iter 22/2746 took 2.69 seconds
Iter 23/2746 took 2.65 seconds
Iter 24/2746 took 2.60 seconds
Iter 25/2746 took 2.64 seconds
Iter 26/2746 took 2.66 seconds
Iter 27/2746 took 2.64 seconds
Iter 28/2746 took 2.68 seconds
Iter 29/2746 took 2.68 seconds
Iter 30/2746 took 2.64 seconds
Iter 31/2746 took 2.61 seconds
Iter 32/2746 took 2.63 seconds
Iter 33/2746 took 2.67 seconds
Iter 34/2746 took 2.62 seconds
Iter 35/2746 took 2.62 seconds
Iter 36/2746 took 2.59 seconds
Iter 37/2746 took 2.61 seconds
Iter 38/2746 took 2.76 seconds
Iter 39/2746 took 2.81 seconds
Iter 40/2746 took 2.63 seconds
Iter 41/2746 took 2.62 seconds
Iter 42/2746 took 2.60 seconds
Iter 43/2746 took 2.59 seconds
Iter 44/2746 took 2.60 seconds
Iter 45/2746 took 2.65 seconds
Iter 46/2746 took 2.67 seconds
Iter 47/2746 took 2.67 seconds
Iter 48/2746 took 2.96 seconds
Iter 49/2746 took 2.77 seconds
Iter 50/2746 took 2.74 seconds
Iter 51/2746 took 2.78 seconds
Iter 52/2746 took 2.76 seconds
Iter 53/2746 took 2.75 seconds
Iter 54/2746 took 2.74 seconds
Iter 55/2746 took 2.64 seconds
Iter 56/2746 took 2.67 seconds
Iter 57/2746 took 2.70 seconds
Iter 58/2746 took 2.65 seconds
Iter 59/2746 took 2.67 seconds
Iter 60/2746 took 2.74 seconds
Iter 61/2746 took 2.81 seconds
Iter 62/2746 took 2.70 seconds
Iter 63/2746 took 2.67 seconds
Iter 64/2746 took 2.65 seconds
Iter 65/2746 took 2.64 seconds
Iter 66/2746 took 2.64 seconds
Iter 67/2746 took 2.68 seconds
Iter 68/2746 took 2.64 seconds
Iter 69/2746 took 2.62 seconds
Iter 70/2746 took 2.64 seconds
Iter 71/2746 took 2.65 seconds
Iter 72/2746 took 2.60 seconds
Iter 73/2746 took 2.64 seconds
Iter 74/2746 took 2.66 seconds
Iter 75/2746 took 2.72 seconds
Iter 76/2746 took 2.67 seconds
Iter 77/2746 took 2.63 seconds
Iter 78/2746 took 2.63 seconds
Iter 79/2746 took 2.62 seconds
Iter 80/2746 took 2.65 seconds
Iter 81/2746 took 2.65 seconds
Iter 82/2746 took 2.64 seconds
Iter 83/2746 took 2.63 seconds
Iter 84/2746 took 2.62 seconds
Iter 85/2746 took 2.68 seconds
Iter 86/2746 took 2.58 seconds
Iter 87/2746 took 2.61 seconds
Iter 88/2746 took 2.60 seconds
Iter 89/2746 took 2.57 seconds
Iter 90/2746 took 2.69 seconds
Iter 91/2746 took 2.64 seconds
Iter 92/2746 took 2.66 seconds
Iter 93/2746 took 2.66 seconds
Iter 94/2746 took 2.65 seconds
Iter 95/2746 took 2.66 seconds
Iter 96/2746 took 2.63 seconds
Iter 97/2746 took 2.76 seconds
Iter 98/2746 took 2.73 seconds
Iter 99/2746 took 2.72 seconds
Iter 100/2746 took 2.71 seconds
Iter 101/2746 took 2.73 seconds
Iter 102/2746 took 2.74 seconds
Iter 103/2746 took 2.68 seconds
Iter 104/2746 took 2.73 seconds
Iter 105/2746 took 2.77 seconds
Iter 106/2746 took 2.70 seconds
Iter 107/2746 took 2.65 seconds
Iter 108/2746 took 2.66 seconds
Iter 109/2746 took 2.67 seconds
Iter 110/2746 took 2.67 seconds
Iter 111/2746 took 2.66 seconds
Iter 112/2746 took 2.62 seconds
Iter 113/2746 took 2.62 seconds
Iter 114/2746 took 2.61 seconds
Iter 115/2746 took 2.69 seconds
Iter 116/2746 took 2.66 seconds
Iter 117/2746 took 2.67 seconds
Iter 118/2746 took 2.69 seconds
Iter 119/2746 took 2.70 seconds
Iter 120/2746 took 2.73 seconds
Iter 121/2746 took 2.75 seconds
Iter 122/2746 took 2.73 seconds
Iter 123/2746 took 2.75 seconds
Iter 124/2746 took 2.77 seconds
Iter 125/2746 took 2.69 seconds
Iter 126/2746 took 2.73 seconds
Iter 127/2746 took 2.76 seconds
Iter 128/2746 took 2.74 seconds
Iter 129/2746 took 2.81 seconds
Iter 130/2746 took 2.88 seconds
Iter 131/2746 took 2.76 seconds
Iter 132/2746 took 2.78 seconds
Iter 133/2746 took 2.76 seconds
Iter 134/2746 took 2.75 seconds
Iter 135/2746 took 2.69 seconds
Iter 136/2746 took 2.70 seconds
Iter 137/2746 took 2.67 seconds
Iter 138/2746 took 2.66 seconds
Iter 139/2746 took 2.67 seconds
Iter 140/2746 took 2.58 seconds
Iter 141/2746 took 2.58 seconds
Iter 142/2746 took 2.60 seconds
Iter 143/2746 took 2.58 seconds
Iter 144/2746 took 2.63 seconds
Iter 145/2746 took 2.63 seconds
Iter 146/2746 took 2.68 seconds
Iter 147/2746 took 2.67 seconds
Iter 148/2746 took 2.59 seconds
Iter 149/2746 took 2.60 seconds
Iter 150/2746 took 2.64 seconds
Iter 151/2746 took 2.66 seconds
Iter 152/2746 took 2.66 seconds
Iter 153/2746 took 2.73 seconds
checkpoint saved to /home/aojili/lsy_drone_racing/lsy_drone_racing/control/checkpoints/level3_loop_018_v5_gate_acquisition_repair_mature_90m/level3_loop_018_v5_gate_acquisition_repair_mature_90m_step_005000000.ckpt at global_step=5013504
Iter 154/2746 took 2.63 seconds
Iter 155/2746 took 2.64 seconds
Iter 156/2746 took 2.65 seconds
Iter 157/2746 took 2.68 seconds
Iter 158/2746 took 2.77 seconds
Iter 159/2746 took 2.72 seconds
Iter 160/2746 took 2.74 seconds
Iter 161/2746 took 2.61 seconds
Iter 162/2746 took 2.60 seconds
Iter 163/2746 took 2.65 seconds
Iter 164/2746 took 2.65 seconds
Iter 165/2746 took 2.68 seconds
Iter 166/2746 took 2.59 seconds
Iter 167/2746 took 2.63 seconds
Iter 168/2746 took 2.70 seconds
Iter 169/2746 took 2.73 seconds
Iter 170/2746 took 2.78 seconds
Iter 171/2746 took 2.73 seconds
Iter 172/2746 took 2.73 seconds
Iter 173/2746 took 2.69 seconds
Iter 174/2746 took 2.62 seconds
Iter 175/2746 took 2.66 seconds
Iter 176/2746 took 2.68 seconds
Iter 177/2746 took 2.73 seconds
Iter 178/2746 took 2.59 seconds
Iter 179/2746 took 2.68 seconds
Iter 180/2746 took 2.70 seconds
Iter 181/2746 took 2.71 seconds
Iter 182/2746 took 2.72 seconds
Iter 183/2746 took 2.80 seconds
Iter 184/2746 took 2.70 seconds
Iter 185/2746 took 2.72 seconds
Iter 186/2746 took 2.85 seconds
Iter 187/2746 took 2.80 seconds
Iter 188/2746 took 2.70 seconds
Iter 189/2746 took 2.76 seconds
Iter 190/2746 took 2.69 seconds
Iter 191/2746 took 2.79 seconds
Iter 192/2746 took 2.80 seconds
Iter 193/2746 took 2.74 seconds
Iter 194/2746 took 2.84 seconds
Iter 195/2746 took 2.85 seconds
Iter 196/2746 took 2.80 seconds
Iter 197/2746 took 2.63 seconds
Iter 198/2746 took 2.83 seconds
Iter 199/2746 took 2.76 seconds
Iter 200/2746 took 2.78 seconds
Iter 201/2746 took 2.74 seconds
Iter 202/2746 took 2.86 seconds
Iter 203/2746 took 2.67 seconds
Iter 204/2746 took 2.75 seconds
Iter 205/2746 took 2.68 seconds
Iter 206/2746 took 2.71 seconds
Iter 207/2746 took 2.75 seconds
Iter 208/2746 took 2.79 seconds
Iter 209/2746 took 2.71 seconds
Iter 210/2746 took 2.72 seconds
Iter 211/2746 took 2.69 seconds
Iter 212/2746 took 2.72 seconds
Iter 213/2746 took 2.73 seconds
Iter 214/2746 took 2.65 seconds
Iter 215/2746 took 2.66 seconds
Iter 216/2746 took 2.63 seconds
Iter 217/2746 took 2.64 seconds
Iter 218/2746 took 2.61 seconds
Iter 219/2746 took 2.70 seconds
Iter 220/2746 took 2.65 seconds
Iter 221/2746 took 2.84 seconds
Iter 222/2746 took 2.75 seconds
Iter 223/2746 took 2.79 seconds
Iter 224/2746 took 2.80 seconds
Iter 225/2746 took 2.88 seconds
Iter 226/2746 took 2.91 seconds
Iter 227/2746 took 2.92 seconds
Iter 228/2746 took 2.95 seconds
Iter 229/2746 took 2.81 seconds
Iter 230/2746 took 2.88 seconds
Iter 231/2746 took 2.78 seconds
Iter 232/2746 took 2.70 seconds
Iter 233/2746 took 2.69 seconds
Iter 234/2746 took 2.75 seconds
Iter 235/2746 took 2.67 seconds
Iter 236/2746 took 2.63 seconds
Iter 237/2746 took 2.69 seconds
Iter 238/2746 took 2.77 seconds
Iter 239/2746 took 2.82 seconds
Iter 240/2746 took 2.85 seconds
Iter 241/2746 took 2.76 seconds
Iter 242/2746 took 2.69 seconds
Iter 243/2746 took 2.66 seconds
Iter 244/2746 took 2.69 seconds
Iter 245/2746 took 2.77 seconds
Iter 246/2746 took 2.70 seconds
Iter 247/2746 took 2.73 seconds
Iter 248/2746 took 2.72 seconds
Iter 249/2746 took 2.73 seconds
Iter 250/2746 took 2.70 seconds
Iter 251/2746 took 2.68 seconds
Iter 252/2746 took 2.73 seconds
Iter 253/2746 took 2.66 seconds
Iter 254/2746 took 2.63 seconds
Iter 255/2746 took 2.69 seconds
Iter 256/2746 took 2.70 seconds
Iter 257/2746 took 2.78 seconds
Iter 258/2746 took 2.70 seconds
Iter 259/2746 took 2.66 seconds
Iter 260/2746 took 2.75 seconds
Iter 261/2746 took 2.71 seconds
Iter 262/2746 took 2.64 seconds
Iter 263/2746 took 2.69 seconds
Iter 264/2746 took 2.72 seconds
Iter 265/2746 took 2.74 seconds
Iter 266/2746 took 2.71 seconds
Iter 267/2746 took 2.65 seconds
Iter 268/2746 took 2.70 seconds
Iter 269/2746 took 2.63 seconds
Iter 270/2746 took 2.62 seconds
Iter 271/2746 took 2.68 seconds
Iter 272/2746 took 2.66 seconds
Iter 273/2746 took 2.61 seconds
Iter 274/2746 took 2.67 seconds
Iter 275/2746 took 2.58 seconds
Iter 276/2746 took 2.59 seconds
Iter 277/2746 took 2.62 seconds
Iter 278/2746 took 2.64 seconds
Iter 279/2746 took 2.65 seconds
Iter 280/2746 took 2.63 seconds
Iter 281/2746 took 2.65 seconds
Iter 282/2746 took 2.69 seconds
Iter 283/2746 took 2.80 seconds
Iter 284/2746 took 2.74 seconds
Iter 285/2746 took 2.74 seconds
Iter 286/2746 took 2.72 seconds
Iter 287/2746 took 2.68 seconds
Iter 288/2746 took 2.71 seconds
Iter 289/2746 took 2.73 seconds
Iter 290/2746 took 2.81 seconds
Iter 291/2746 took 2.85 seconds
Iter 292/2746 took 2.75 seconds
Iter 293/2746 took 2.73 seconds
Iter 294/2746 took 2.69 seconds
Iter 295/2746 took 2.70 seconds
Iter 296/2746 took 2.78 seconds
Iter 297/2746 took 2.63 seconds
Iter 298/2746 took 2.65 seconds
Iter 299/2746 took 2.68 seconds
Iter 300/2746 took 2.68 seconds
Iter 301/2746 took 2.69 seconds
Iter 302/2746 took 2.72 seconds
Iter 303/2746 took 2.67 seconds
Iter 304/2746 took 2.83 seconds
Iter 305/2746 took 2.90 seconds
Iter 306/2746 took 2.85 seconds
checkpoint saved to /home/aojili/lsy_drone_racing/lsy_drone_racing/control/checkpoints/level3_loop_018_v5_gate_acquisition_repair_mature_90m/level3_loop_018_v5_gate_acquisition_repair_mature_90m_step_010000000.ckpt at global_step=10027008
Iter 307/2746 took 2.68 seconds
Iter 308/2746 took 2.61 seconds
Iter 309/2746 took 2.66 seconds
Iter 310/2746 took 2.68 seconds
Iter 311/2746 took 2.70 seconds
Iter 312/2746 took 2.70 seconds
Iter 313/2746 took 2.68 seconds
Iter 314/2746 took 2.70 seconds
Iter 315/2746 took 2.73 seconds
Iter 316/2746 took 2.71 seconds
Iter 317/2746 took 2.76 seconds
Iter 318/2746 took 2.66 seconds
Iter 319/2746 took 2.67 seconds
Iter 320/2746 took 2.66 seconds
Iter 321/2746 took 2.69 seconds
Iter 322/2746 took 2.71 seconds
Iter 323/2746 took 2.71 seconds
Iter 324/2746 took 2.75 seconds
Iter 325/2746 took 2.81 seconds
Iter 326/2746 took 2.78 seconds
Iter 327/2746 took 2.75 seconds
Iter 328/2746 took 2.86 seconds
Iter 329/2746 took 2.86 seconds
Iter 330/2746 took 2.81 seconds
Iter 331/2746 took 2.71 seconds
Iter 332/2746 took 2.80 seconds
Iter 333/2746 took 2.84 seconds
Iter 334/2746 took 2.87 seconds
Iter 335/2746 took 2.85 seconds
Iter 336/2746 took 2.88 seconds
Iter 337/2746 took 2.78 seconds
Iter 338/2746 took 2.66 seconds
Iter 339/2746 took 2.68 seconds
Iter 340/2746 took 2.68 seconds
Iter 341/2746 took 2.63 seconds
Iter 342/2746 took 2.67 seconds
Iter 343/2746 took 2.66 seconds
Iter 344/2746 took 2.70 seconds
Iter 345/2746 took 2.63 seconds
Iter 346/2746 took 2.61 seconds
Iter 347/2746 took 2.66 seconds
Iter 348/2746 took 2.59 seconds
Iter 349/2746 took 2.59 seconds
Iter 350/2746 took 2.62 seconds
Iter 351/2746 took 2.64 seconds
Iter 352/2746 took 2.67 seconds
Iter 353/2746 took 2.65 seconds
Iter 354/2746 took 2.68 seconds
Iter 355/2746 took 2.75 seconds
Iter 356/2746 took 2.81 seconds
Iter 357/2746 took 2.79 seconds
Iter 358/2746 took 2.77 seconds
Iter 359/2746 took 2.75 seconds
Iter 360/2746 took 3.08 seconds
Iter 361/2746 took 2.97 seconds
Iter 362/2746 took 2.84 seconds
Iter 363/2746 took 2.90 seconds
Iter 364/2746 took 2.92 seconds
Iter 365/2746 took 2.81 seconds
Iter 366/2746 took 2.74 seconds
Iter 367/2746 took 2.79 seconds
Iter 368/2746 took 2.64 seconds
Iter 369/2746 took 2.65 seconds
Iter 370/2746 took 2.68 seconds
Iter 371/2746 took 2.70 seconds
Iter 372/2746 took 2.66 seconds
Iter 373/2746 took 2.65 seconds
Iter 374/2746 took 2.69 seconds
Iter 375/2746 took 2.78 seconds
Iter 376/2746 took 2.72 seconds
Iter 377/2746 took 2.68 seconds
Iter 378/2746 took 2.70 seconds
Iter 379/2746 took 2.70 seconds
Iter 380/2746 took 2.73 seconds
Iter 381/2746 took 2.68 seconds
Iter 382/2746 took 2.76 seconds
Iter 383/2746 took 2.71 seconds
Iter 384/2746 took 2.58 seconds
Iter 385/2746 took 2.67 seconds
Iter 386/2746 took 2.68 seconds
Iter 387/2746 took 2.59 seconds
Iter 388/2746 took 2.67 seconds
Iter 389/2746 took 2.70 seconds
Iter 390/2746 took 2.69 seconds
Iter 391/2746 took 2.66 seconds
Iter 392/2746 took 2.62 seconds
Iter 393/2746 took 2.64 seconds
Iter 394/2746 took 2.68 seconds
Iter 395/2746 took 2.71 seconds
Iter 396/2746 took 2.70 seconds
Iter 397/2746 took 2.63 seconds
Iter 398/2746 took 2.62 seconds
Iter 399/2746 took 2.73 seconds
Iter 400/2746 took 2.68 seconds
Iter 401/2746 took 2.71 seconds
Iter 402/2746 took 2.65 seconds
Iter 403/2746 took 2.65 seconds
Iter 404/2746 took 2.62 seconds
Iter 405/2746 took 2.65 seconds
Iter 406/2746 took 2.63 seconds
Iter 407/2746 took 2.61 seconds
Iter 408/2746 took 2.62 seconds
Iter 409/2746 took 2.67 seconds
Iter 410/2746 took 2.66 seconds
Iter 411/2746 took 2.67 seconds
Iter 412/2746 took 2.67 seconds
Iter 413/2746 took 2.78 seconds
Iter 414/2746 took 2.72 seconds
Iter 415/2746 took 2.65 seconds
Iter 416/2746 took 2.68 seconds
Iter 417/2746 took 2.67 seconds
Iter 418/2746 took 2.62 seconds
Iter 419/2746 took 2.65 seconds
Iter 420/2746 took 2.66 seconds
Iter 421/2746 took 2.64 seconds
Iter 422/2746 took 2.67 seconds
Iter 423/2746 took 2.64 seconds
Iter 424/2746 took 2.68 seconds
Iter 425/2746 took 2.81 seconds
Iter 426/2746 took 2.75 seconds
Iter 427/2746 took 2.77 seconds
Iter 428/2746 took 2.76 seconds
Iter 429/2746 took 2.67 seconds
Iter 430/2746 took 2.75 seconds
Iter 431/2746 took 2.76 seconds
Iter 432/2746 took 2.70 seconds
Iter 433/2746 took 2.72 seconds
Iter 434/2746 took 2.65 seconds
Iter 435/2746 took 2.65 seconds
Iter 436/2746 took 2.65 seconds
Iter 437/2746 took 2.64 seconds
Iter 438/2746 took 2.64 seconds
Iter 439/2746 took 2.65 seconds
Iter 440/2746 took 2.68 seconds
Iter 441/2746 took 2.66 seconds
Iter 442/2746 took 2.70 seconds
Iter 443/2746 took 2.69 seconds
Iter 444/2746 took 2.70 seconds
Iter 445/2746 took 2.64 seconds
Iter 446/2746 took 2.56 seconds
Iter 447/2746 took 2.65 seconds
Iter 448/2746 took 2.70 seconds
Iter 449/2746 took 2.69 seconds
Iter 450/2746 took 2.69 seconds
Iter 451/2746 took 2.67 seconds
Iter 452/2746 took 2.69 seconds
Iter 453/2746 took 2.67 seconds
Iter 454/2746 took 2.64 seconds
Iter 455/2746 took 2.66 seconds
Iter 456/2746 took 2.68 seconds
Iter 457/2746 took 2.71 seconds
Iter 458/2746 took 2.68 seconds
checkpoint saved to /home/aojili/lsy_drone_racing/lsy_drone_racing/control/checkpoints/level3_loop_018_v5_gate_acquisition_repair_mature_90m/level3_loop_018_v5_gate_acquisition_repair_mature_90m_step_015000000.ckpt at global_step=15007744
Iter 459/2746 took 2.69 seconds
Iter 460/2746 took 2.71 seconds
Iter 461/2746 took 2.64 seconds
Iter 462/2746 took 2.63 seconds
Iter 463/2746 took 2.68 seconds
Iter 464/2746 took 2.63 seconds
Iter 465/2746 took 2.65 seconds
Iter 466/2746 took 2.67 seconds
Iter 467/2746 took 2.73 seconds
Iter 468/2746 took 2.76 seconds
Iter 469/2746 took 2.70 seconds
Iter 470/2746 took 2.73 seconds
Iter 471/2746 took 2.81 seconds
Iter 472/2746 took 2.86 seconds
Iter 473/2746 took 2.77 seconds
Iter 474/2746 took 2.89 seconds
Iter 475/2746 took 2.79 seconds
Iter 476/2746 took 2.76 seconds
Iter 477/2746 took 2.72 seconds
Iter 478/2746 took 2.72 seconds
Iter 479/2746 took 2.72 seconds
Iter 480/2746 took 2.72 seconds
Iter 481/2746 took 2.79 seconds
Iter 482/2746 took 2.70 seconds
Iter 483/2746 took 2.72 seconds
Iter 484/2746 took 2.75 seconds
Iter 485/2746 took 2.70 seconds
Iter 486/2746 took 2.69 seconds
Iter 487/2746 took 2.66 seconds
Iter 488/2746 took 2.59 seconds
Iter 489/2746 took 2.66 seconds
Iter 490/2746 took 2.64 seconds
Iter 491/2746 took 2.71 seconds
Iter 492/2746 took 2.73 seconds
Iter 493/2746 took 2.68 seconds
Iter 494/2746 took 2.70 seconds
Iter 495/2746 took 2.73 seconds
Iter 496/2746 took 2.66 seconds
Iter 497/2746 took 2.66 seconds
Iter 498/2746 took 2.65 seconds
Iter 499/2746 took 2.70 seconds
Iter 500/2746 took 2.67 seconds
Iter 501/2746 took 2.76 seconds
Iter 502/2746 took 2.71 seconds
Iter 503/2746 took 2.73 seconds
Iter 504/2746 took 2.62 seconds
Iter 505/2746 took 2.62 seconds
Iter 506/2746 took 2.70 seconds
Iter 507/2746 took 2.78 seconds
Iter 508/2746 took 2.84 seconds
Iter 509/2746 took 2.70 seconds
Iter 510/2746 took 2.68 seconds
Iter 511/2746 took 2.65 seconds
Iter 512/2746 took 2.61 seconds
Iter 513/2746 took 2.69 seconds
Iter 514/2746 took 2.60 seconds
Iter 515/2746 took 2.61 seconds
Iter 516/2746 took 2.66 seconds
Iter 517/2746 took 2.66 seconds
Iter 518/2746 took 2.72 seconds
Iter 519/2746 took 2.70 seconds
Iter 520/2746 took 2.65 seconds
Iter 521/2746 took 2.69 seconds
Iter 522/2746 took 2.66 seconds
Iter 523/2746 took 2.61 seconds
Iter 524/2746 took 2.61 seconds
Iter 525/2746 took 2.63 seconds
Iter 526/2746 took 2.63 seconds
Iter 527/2746 took 2.64 seconds
Iter 528/2746 took 2.65 seconds
Iter 529/2746 took 2.66 seconds
Iter 530/2746 took 2.60 seconds
Iter 531/2746 took 2.64 seconds
Iter 532/2746 took 2.67 seconds
Iter 533/2746 took 2.71 seconds
Iter 534/2746 took 2.67 seconds
Iter 535/2746 took 2.71 seconds
Iter 536/2746 took 2.65 seconds
Iter 537/2746 took 2.65 seconds
Iter 538/2746 took 2.63 seconds
Iter 539/2746 took 2.65 seconds
Iter 540/2746 took 2.66 seconds
Iter 541/2746 took 2.62 seconds
Iter 542/2746 took 2.65 seconds
Iter 543/2746 took 2.65 seconds
Iter 544/2746 took 2.63 seconds
Iter 545/2746 took 2.65 seconds
Iter 546/2746 took 2.62 seconds
Iter 547/2746 took 2.68 seconds
Iter 548/2746 took 2.70 seconds
Iter 549/2746 took 2.69 seconds
Iter 550/2746 took 2.62 seconds
Iter 551/2746 took 2.63 seconds
Iter 552/2746 took 2.62 seconds
Iter 553/2746 took 2.62 seconds
Iter 554/2746 took 2.64 seconds
Iter 555/2746 took 2.63 seconds
Iter 556/2746 took 2.60 seconds
Iter 557/2746 took 2.65 seconds
Iter 558/2746 took 2.64 seconds
Iter 559/2746 took 2.61 seconds
Iter 560/2746 took 2.61 seconds
Iter 561/2746 took 2.62 seconds
Iter 562/2746 took 2.65 seconds
Iter 563/2746 took 2.66 seconds
Iter 564/2746 took 2.67 seconds
Iter 565/2746 took 2.69 seconds
Iter 566/2746 took 2.72 seconds
Iter 567/2746 took 2.66 seconds
Iter 568/2746 took 2.65 seconds
Iter 569/2746 took 2.63 seconds
Iter 570/2746 took 2.61 seconds
Iter 571/2746 took 2.59 seconds
Iter 572/2746 took 2.62 seconds
Iter 573/2746 took 2.66 seconds
Iter 574/2746 took 2.66 seconds
Iter 575/2746 took 2.72 seconds
Iter 576/2746 took 2.70 seconds
Iter 577/2746 took 2.66 seconds
Iter 578/2746 took 2.62 seconds
Iter 579/2746 took 2.67 seconds
Iter 580/2746 took 2.65 seconds
Iter 581/2746 took 2.63 seconds
Iter 582/2746 took 2.64 seconds
Iter 583/2746 took 2.62 seconds
Iter 584/2746 took 2.65 seconds
Iter 585/2746 took 2.64 seconds
Iter 586/2746 took 2.65 seconds
Iter 587/2746 took 2.65 seconds
Iter 588/2746 took 2.66 seconds
Iter 589/2746 took 2.65 seconds
Iter 590/2746 took 2.63 seconds
Iter 591/2746 took 2.63 seconds
Iter 592/2746 took 2.63 seconds
Iter 593/2746 took 2.62 seconds
Iter 594/2746 took 2.62 seconds
Iter 595/2746 took 2.68 seconds
Iter 596/2746 took 2.75 seconds
Iter 597/2746 took 2.76 seconds
Iter 598/2746 took 2.87 seconds
Iter 599/2746 took 2.66 seconds
Iter 600/2746 took 2.63 seconds
Iter 601/2746 took 2.78 seconds
Iter 602/2746 took 2.83 seconds
Iter 603/2746 took 2.78 seconds
Iter 604/2746 took 2.76 seconds
Iter 605/2746 took 2.82 seconds
Iter 606/2746 took 2.83 seconds
Iter 607/2746 took 2.87 seconds
Iter 608/2746 took 2.82 seconds
Iter 609/2746 took 2.87 seconds
Iter 610/2746 took 2.89 seconds
Iter 611/2746 took 2.86 seconds
checkpoint saved to /home/aojili/lsy_drone_racing/lsy_drone_racing/control/checkpoints/level3_loop_018_v5_gate_acquisition_repair_mature_90m/level3_loop_018_v5_gate_acquisition_repair_mature_90m_step_020000000.ckpt at global_step=20021248
Iter 612/2746 took 2.84 seconds
Iter 613/2746 took 2.73 seconds
Iter 614/2746 took 2.70 seconds
Iter 615/2746 took 2.68 seconds
Iter 616/2746 took 2.71 seconds
Iter 617/2746 took 2.71 seconds
Iter 618/2746 took 2.69 seconds
Iter 619/2746 took 2.64 seconds
Iter 620/2746 took 2.63 seconds
Iter 621/2746 took 2.63 seconds
Iter 622/2746 took 2.56 seconds
Iter 623/2746 took 2.57 seconds
Iter 624/2746 took 2.58 seconds
Iter 625/2746 took 2.61 seconds
Iter 626/2746 took 2.63 seconds
Iter 627/2746 took 2.58 seconds
Iter 628/2746 took 2.62 seconds
Iter 629/2746 took 2.64 seconds
Iter 630/2746 took 2.63 seconds
Iter 631/2746 took 2.63 seconds
Iter 632/2746 took 2.68 seconds
Iter 633/2746 took 2.68 seconds
Iter 634/2746 took 2.69 seconds
Iter 635/2746 took 2.64 seconds
Iter 636/2746 took 2.66 seconds
Iter 637/2746 took 2.66 seconds
Iter 638/2746 took 2.66 seconds
Iter 639/2746 took 2.64 seconds
Iter 640/2746 took 2.68 seconds
Iter 641/2746 took 2.75 seconds
Iter 642/2746 took 2.69 seconds
Iter 643/2746 took 2.70 seconds
Iter 644/2746 took 2.68 seconds
Iter 645/2746 took 2.71 seconds
Iter 646/2746 took 2.87 seconds
Iter 647/2746 took 2.80 seconds
Iter 648/2746 took 2.81 seconds
Iter 649/2746 took 2.82 seconds
Iter 650/2746 took 2.60 seconds
Iter 651/2746 took 2.59 seconds
Iter 652/2746 took 2.73 seconds
Iter 653/2746 took 2.69 seconds
Iter 654/2746 took 2.70 seconds
Iter 655/2746 took 2.67 seconds
Iter 656/2746 took 2.65 seconds
Iter 657/2746 took 2.71 seconds
Iter 658/2746 took 2.66 seconds
Iter 659/2746 took 2.64 seconds
Iter 660/2746 took 2.63 seconds
Iter 661/2746 took 2.61 seconds
Iter 662/2746 took 2.61 seconds
Iter 663/2746 took 2.65 seconds
Iter 664/2746 took 2.62 seconds
Iter 665/2746 took 2.60 seconds
Iter 666/2746 took 2.62 seconds
Iter 667/2746 took 2.62 seconds
Iter 668/2746 took 2.68 seconds
Iter 669/2746 took 2.67 seconds
Iter 670/2746 took 2.65 seconds
Iter 671/2746 took 2.64 seconds
Iter 672/2746 took 2.64 seconds
Iter 673/2746 took 2.66 seconds
Iter 674/2746 took 2.62 seconds
Iter 675/2746 took 2.59 seconds
Iter 676/2746 took 2.57 seconds
Iter 677/2746 took 2.58 seconds
Iter 678/2746 took 2.65 seconds
Iter 679/2746 took 2.63 seconds
Iter 680/2746 took 2.64 seconds
Iter 681/2746 took 2.59 seconds
Iter 682/2746 took 2.63 seconds
Iter 683/2746 took 2.71 seconds
Iter 684/2746 took 2.67 seconds
Iter 685/2746 took 2.66 seconds
Iter 686/2746 took 2.64 seconds
Iter 687/2746 took 2.64 seconds
Iter 688/2746 took 2.61 seconds
Iter 689/2746 took 2.63 seconds
Iter 690/2746 took 2.66 seconds
Iter 691/2746 took 2.62 seconds
Iter 692/2746 took 2.63 seconds
Iter 693/2746 took 2.70 seconds
Iter 694/2746 took 2.66 seconds
Iter 695/2746 took 2.66 seconds
Iter 696/2746 took 2.71 seconds
Iter 697/2746 took 2.65 seconds
Iter 698/2746 took 2.62 seconds
Iter 699/2746 took 2.70 seconds
Iter 700/2746 took 2.64 seconds
Iter 701/2746 took 2.64 seconds
Iter 702/2746 took 2.71 seconds
Iter 703/2746 took 2.66 seconds
Iter 704/2746 took 2.73 seconds
Iter 705/2746 took 2.72 seconds
Iter 706/2746 took 2.73 seconds
Iter 707/2746 took 2.79 seconds
Iter 708/2746 took 2.80 seconds
Iter 709/2746 took 2.89 seconds
Iter 710/2746 took 2.75 seconds
Iter 711/2746 took 2.71 seconds
Iter 712/2746 took 2.76 seconds
Iter 713/2746 took 2.84 seconds
Iter 714/2746 took 2.83 seconds
Iter 715/2746 took 2.75 seconds
Iter 716/2746 took 2.67 seconds
Iter 717/2746 took 2.73 seconds
Iter 718/2746 took 2.75 seconds
Iter 719/2746 took 2.76 seconds
Iter 720/2746 took 2.69 seconds
Iter 721/2746 took 2.71 seconds
Iter 722/2746 took 2.74 seconds
Iter 723/2746 took 2.63 seconds
Iter 724/2746 took 2.71 seconds
Iter 725/2746 took 2.79 seconds
Iter 726/2746 took 2.82 seconds
Iter 727/2746 took 2.91 seconds
Iter 728/2746 took 2.77 seconds
Iter 729/2746 took 2.69 seconds
Iter 730/2746 took 2.69 seconds
Iter 731/2746 took 2.63 seconds
Iter 732/2746 took 2.64 seconds
Iter 733/2746 took 2.66 seconds
Iter 734/2746 took 2.64 seconds
Iter 735/2746 took 2.64 seconds
Iter 736/2746 took 2.64 seconds
Iter 737/2746 took 2.63 seconds
Iter 738/2746 took 2.58 seconds
Iter 739/2746 took 2.61 seconds
Iter 740/2746 took 2.75 seconds
Iter 741/2746 took 2.61 seconds
Iter 742/2746 took 2.61 seconds
Iter 743/2746 took 2.68 seconds
Iter 744/2746 took 2.70 seconds
Iter 745/2746 took 2.66 seconds
Iter 746/2746 took 2.68 seconds
Iter 747/2746 took 2.74 seconds
Iter 748/2746 took 2.74 seconds
Iter 749/2746 took 2.69 seconds
Iter 750/2746 took 2.65 seconds
Iter 751/2746 took 2.71 seconds
Iter 752/2746 took 2.70 seconds
Iter 753/2746 took 2.67 seconds
Iter 754/2746 took 2.67 seconds
Iter 755/2746 took 2.57 seconds
Iter 756/2746 took 2.71 seconds
Iter 757/2746 took 2.66 seconds
Iter 758/2746 took 2.75 seconds
Iter 759/2746 took 2.76 seconds
Iter 760/2746 took 2.74 seconds
Iter 761/2746 took 2.75 seconds
Iter 762/2746 took 2.74 seconds
Iter 763/2746 took 2.76 seconds
checkpoint saved to /home/aojili/lsy_drone_racing/lsy_drone_racing/control/checkpoints/level3_loop_018_v5_gate_acquisition_repair_mature_90m/level3_loop_018_v5_gate_acquisition_repair_mature_90m_step_025000000.ckpt at global_step=25001984
Iter 764/2746 took 2.71 seconds
Iter 765/2746 took 2.75 seconds
Iter 766/2746 took 2.67 seconds
Iter 767/2746 took 2.72 seconds
Iter 768/2746 took 2.74 seconds
Iter 769/2746 took 2.72 seconds
Iter 770/2746 took 2.72 seconds
Iter 771/2746 took 2.66 seconds
Iter 772/2746 took 2.71 seconds
Iter 773/2746 took 2.70 seconds
Iter 774/2746 took 2.67 seconds
Iter 775/2746 took 2.64 seconds
Iter 776/2746 took 2.64 seconds
Iter 777/2746 took 2.66 seconds
Iter 778/2746 took 2.64 seconds
Iter 779/2746 took 2.64 seconds
Iter 780/2746 took 2.64 seconds
Iter 781/2746 took 2.65 seconds
Iter 782/2746 took 2.62 seconds
Iter 783/2746 took 2.66 seconds
Iter 784/2746 took 2.65 seconds
Iter 785/2746 took 2.64 seconds
Iter 786/2746 took 2.65 seconds
Iter 787/2746 took 2.64 seconds
Iter 788/2746 took 2.64 seconds
Iter 789/2746 took 2.67 seconds
Iter 790/2746 took 2.61 seconds
Iter 791/2746 took 2.68 seconds
Iter 792/2746 took 2.62 seconds
Iter 793/2746 took 2.84 seconds
Iter 794/2746 took 2.70 seconds
Iter 795/2746 took 2.70 seconds
Iter 796/2746 took 2.71 seconds
Iter 797/2746 took 2.73 seconds
Iter 798/2746 took 2.77 seconds
Iter 799/2746 took 2.69 seconds
Iter 800/2746 took 2.65 seconds
Iter 801/2746 took 2.63 seconds
Iter 802/2746 took 2.67 seconds
Iter 803/2746 took 2.69 seconds
Iter 804/2746 took 2.70 seconds
Iter 805/2746 took 2.70 seconds
Iter 806/2746 took 2.68 seconds
Iter 807/2746 took 2.73 seconds
Iter 808/2746 took 2.75 seconds
Iter 809/2746 took 2.73 seconds
Iter 810/2746 took 2.71 seconds
Iter 811/2746 took 2.77 seconds
Iter 812/2746 took 2.71 seconds
Iter 813/2746 took 2.66 seconds
Iter 814/2746 took 2.67 seconds
Iter 815/2746 took 2.74 seconds
Iter 816/2746 took 2.67 seconds
Iter 817/2746 took 2.66 seconds
Iter 818/2746 took 2.71 seconds
Iter 819/2746 took 2.78 seconds
Iter 820/2746 took 2.86 seconds
Iter 821/2746 took 2.82 seconds
Iter 822/2746 took 2.84 seconds
Iter 823/2746 took 2.88 seconds
Iter 824/2746 took 2.93 seconds
Iter 825/2746 took 2.88 seconds
Iter 826/2746 took 2.85 seconds
Iter 827/2746 took 2.84 seconds
Iter 828/2746 took 2.73 seconds
Iter 829/2746 took 2.61 seconds
Iter 830/2746 took 2.74 seconds
Iter 831/2746 took 2.88 seconds
Iter 832/2746 took 2.74 seconds
Iter 833/2746 took 2.78 seconds
Iter 834/2746 took 2.77 seconds
Iter 835/2746 took 2.84 seconds
Iter 836/2746 took 2.76 seconds
Iter 837/2746 took 2.68 seconds
Iter 838/2746 took 2.80 seconds
Iter 839/2746 took 2.81 seconds
Iter 840/2746 took 2.72 seconds
Iter 841/2746 took 2.79 seconds
Iter 842/2746 took 2.77 seconds
Iter 843/2746 took 2.73 seconds
Iter 844/2746 took 2.70 seconds
Iter 845/2746 took 2.73 seconds
Iter 846/2746 took 2.72 seconds
Iter 847/2746 took 2.65 seconds
Iter 848/2746 took 2.66 seconds
Iter 849/2746 took 2.69 seconds
Iter 850/2746 took 2.71 seconds
Iter 851/2746 took 2.67 seconds
Iter 852/2746 took 2.68 seconds
Iter 853/2746 took 2.72 seconds
Iter 854/2746 took 2.69 seconds
Iter 855/2746 took 2.66 seconds
Iter 856/2746 took 2.65 seconds
Iter 857/2746 took 2.66 seconds
Iter 858/2746 took 2.66 seconds
Iter 859/2746 took 2.65 seconds
Iter 860/2746 took 2.69 seconds
Iter 861/2746 took 2.66 seconds
Iter 862/2746 took 2.69 seconds
Iter 863/2746 took 2.65 seconds
Iter 864/2746 took 2.66 seconds
Iter 865/2746 took 2.66 seconds
Iter 866/2746 took 2.64 seconds
Iter 867/2746 took 2.64 seconds
Iter 868/2746 took 2.67 seconds
Iter 869/2746 took 2.62 seconds
Iter 870/2746 took 2.65 seconds
Iter 871/2746 took 2.66 seconds
Iter 872/2746 took 2.66 seconds
Iter 873/2746 took 2.70 seconds
Iter 874/2746 took 2.73 seconds
Iter 875/2746 took 2.69 seconds
Iter 876/2746 took 2.72 seconds
Iter 877/2746 took 2.71 seconds
Iter 878/2746 took 2.66 seconds
Iter 879/2746 took 2.63 seconds
Iter 880/2746 took 2.64 seconds
Iter 881/2746 took 2.63 seconds
Iter 882/2746 took 2.66 seconds
Iter 883/2746 took 2.66 seconds
Iter 884/2746 took 2.65 seconds
Iter 885/2746 took 2.66 seconds
Iter 886/2746 took 2.72 seconds
Iter 887/2746 took 2.68 seconds
Iter 888/2746 took 2.64 seconds
Iter 889/2746 took 2.64 seconds
Iter 890/2746 took 2.67 seconds
Iter 891/2746 took 2.64 seconds
Iter 892/2746 took 2.66 seconds
Iter 893/2746 took 2.65 seconds
Iter 894/2746 took 2.60 seconds
Iter 895/2746 took 2.55 seconds
Iter 896/2746 took 2.58 seconds
Iter 897/2746 took 2.62 seconds
Iter 898/2746 took 2.65 seconds
Iter 899/2746 took 2.67 seconds
Iter 900/2746 took 2.65 seconds
Iter 901/2746 took 2.66 seconds
Iter 902/2746 took 2.68 seconds
Iter 903/2746 took 2.63 seconds
Iter 904/2746 took 2.62 seconds
Iter 905/2746 took 2.64 seconds
Iter 906/2746 took 2.64 seconds
Iter 907/2746 took 2.67 seconds
Iter 908/2746 took 2.67 seconds
Iter 909/2746 took 2.65 seconds
Iter 910/2746 took 2.66 seconds
Iter 911/2746 took 2.72 seconds
Iter 912/2746 took 2.67 seconds
Iter 913/2746 took 2.72 seconds
Iter 914/2746 took 2.63 seconds
Iter 915/2746 took 2.62 seconds
Iter 916/2746 took 2.58 seconds
checkpoint saved to /home/aojili/lsy_drone_racing/lsy_drone_racing/control/checkpoints/level3_loop_018_v5_gate_acquisition_repair_mature_90m/level3_loop_018_v5_gate_acquisition_repair_mature_90m_step_030000000.ckpt at global_step=30015488
Iter 917/2746 took 2.58 seconds
Iter 918/2746 took 2.63 seconds
Iter 919/2746 took 2.73 seconds
Iter 920/2746 took 2.78 seconds
Iter 921/2746 took 2.71 seconds
Iter 922/2746 took 2.67 seconds
Iter 923/2746 took 2.58 seconds
Iter 924/2746 took 2.59 seconds
Iter 925/2746 took 2.62 seconds
Iter 926/2746 took 2.69 seconds
Iter 927/2746 took 2.70 seconds
Iter 928/2746 took 2.62 seconds
Iter 929/2746 took 2.75 seconds
Iter 930/2746 took 2.75 seconds
Iter 931/2746 took 2.70 seconds
Iter 932/2746 took 2.68 seconds
Iter 933/2746 took 2.74 seconds
Iter 934/2746 took 2.63 seconds
Iter 935/2746 took 2.63 seconds
Iter 936/2746 took 2.63 seconds
Iter 937/2746 took 2.62 seconds
Iter 938/2746 took 2.67 seconds
Iter 939/2746 took 2.69 seconds
Iter 940/2746 took 2.67 seconds
Iter 941/2746 took 2.70 seconds
Iter 942/2746 took 2.72 seconds
Iter 943/2746 took 2.62 seconds
Iter 944/2746 took 2.74 seconds
Iter 945/2746 took 2.69 seconds
Iter 946/2746 took 2.66 seconds
Iter 947/2746 took 2.75 seconds
Iter 948/2746 took 2.75 seconds
Iter 949/2746 took 2.74 seconds
Iter 950/2746 took 2.67 seconds
Iter 951/2746 took 2.76 seconds
Iter 952/2746 took 2.68 seconds
Iter 953/2746 took 2.70 seconds
Iter 954/2746 took 2.64 seconds
Iter 955/2746 took 2.70 seconds
Iter 956/2746 took 2.80 seconds
Iter 957/2746 took 2.86 seconds
Iter 958/2746 took 2.95 seconds
Iter 959/2746 took 2.90 seconds
Iter 960/2746 took 2.73 seconds
Iter 961/2746 took 2.70 seconds
Iter 962/2746 took 2.76 seconds
Iter 963/2746 took 2.80 seconds
Iter 964/2746 took 2.73 seconds
Iter 965/2746 took 2.76 seconds
Iter 966/2746 took 2.73 seconds
Iter 967/2746 took 2.75 seconds
Iter 968/2746 took 2.74 seconds
Iter 969/2746 took 2.87 seconds
Iter 970/2746 took 2.74 seconds
Iter 971/2746 took 2.72 seconds
Iter 972/2746 took 2.70 seconds
Iter 973/2746 took 2.66 seconds
Iter 974/2746 took 2.72 seconds
Iter 975/2746 took 2.78 seconds
Iter 976/2746 took 2.72 seconds
Iter 977/2746 took 2.68 seconds
Iter 978/2746 took 2.83 seconds
Iter 979/2746 took 2.78 seconds
Iter 980/2746 took 2.81 seconds
Iter 981/2746 took 2.69 seconds
Iter 982/2746 took 2.80 seconds
Iter 983/2746 took 2.73 seconds
Iter 984/2746 took 2.68 seconds
Iter 985/2746 took 2.66 seconds
Iter 986/2746 took 2.63 seconds
Iter 987/2746 took 2.64 seconds
Iter 988/2746 took 2.60 seconds
Iter 989/2746 took 2.59 seconds
Iter 990/2746 took 2.58 seconds
Iter 991/2746 took 2.62 seconds
Iter 992/2746 took 2.73 seconds
Iter 993/2746 took 2.66 seconds
Iter 994/2746 took 2.64 seconds
Iter 995/2746 took 2.65 seconds
Iter 996/2746 took 2.59 seconds
Iter 997/2746 took 2.60 seconds
Iter 998/2746 took 2.59 seconds
Iter 999/2746 took 2.61 seconds
Iter 1000/2746 took 2.63 seconds
Iter 1001/2746 took 2.69 seconds
Iter 1002/2746 took 2.60 seconds
Iter 1003/2746 took 2.63 seconds
Iter 1004/2746 took 2.61 seconds
Iter 1005/2746 took 2.65 seconds
Iter 1006/2746 took 2.68 seconds
Iter 1007/2746 took 2.65 seconds
Iter 1008/2746 took 2.66 seconds
Iter 1009/2746 took 2.69 seconds
Iter 1010/2746 took 2.68 seconds
Iter 1011/2746 took 2.72 seconds
Iter 1012/2746 took 2.69 seconds
Iter 1013/2746 took 2.69 seconds
Iter 1014/2746 took 2.66 seconds
Iter 1015/2746 took 2.67 seconds
Iter 1016/2746 took 2.66 seconds
Iter 1017/2746 took 2.65 seconds
Iter 1018/2746 took 2.65 seconds
Iter 1019/2746 took 2.64 seconds
Iter 1020/2746 took 2.64 seconds
Iter 1021/2746 took 2.62 seconds
Iter 1022/2746 took 2.67 seconds
Iter 1023/2746 took 2.68 seconds
Iter 1024/2746 took 2.68 seconds
Iter 1025/2746 took 2.64 seconds
Iter 1026/2746 took 2.70 seconds
Iter 1027/2746 took 2.71 seconds
Iter 1028/2746 took 2.69 seconds
Iter 1029/2746 took 2.68 seconds
Iter 1030/2746 took 2.72 seconds
Iter 1031/2746 took 2.74 seconds
Iter 1032/2746 took 2.82 seconds
Iter 1033/2746 took 2.78 seconds
Iter 1034/2746 took 2.68 seconds
Iter 1035/2746 took 2.72 seconds
Iter 1036/2746 took 2.70 seconds
Iter 1037/2746 took 2.78 seconds
Iter 1038/2746 took 2.63 seconds
Iter 1039/2746 took 2.63 seconds
Iter 1040/2746 took 2.75 seconds
Iter 1041/2746 took 2.75 seconds
Iter 1042/2746 took 2.67 seconds
Iter 1043/2746 took 2.61 seconds
Iter 1044/2746 took 2.67 seconds
Iter 1045/2746 took 2.71 seconds
Iter 1046/2746 took 2.64 seconds
Iter 1047/2746 took 2.67 seconds
Iter 1048/2746 took 2.63 seconds
Iter 1049/2746 took 2.61 seconds
Iter 1050/2746 took 2.70 seconds
Iter 1051/2746 took 2.69 seconds
Iter 1052/2746 took 2.66 seconds
Iter 1053/2746 took 2.67 seconds
Iter 1054/2746 took 2.70 seconds
Iter 1055/2746 took 2.67 seconds
Iter 1056/2746 took 2.71 seconds
Iter 1057/2746 took 2.72 seconds
Iter 1058/2746 took 2.74 seconds
Iter 1059/2746 took 2.70 seconds
Iter 1060/2746 took 2.71 seconds
Iter 1061/2746 took 2.68 seconds
Iter 1062/2746 took 2.65 seconds
Iter 1063/2746 took 2.70 seconds
Iter 1064/2746 took 2.78 seconds
Iter 1065/2746 took 2.73 seconds
Iter 1066/2746 took 2.67 seconds
Iter 1067/2746 took 2.76 seconds
Iter 1068/2746 took 2.72 seconds
Iter 1069/2746 took 2.73 seconds
checkpoint saved to /home/aojili/lsy_drone_racing/lsy_drone_racing/control/checkpoints/level3_loop_018_v5_gate_acquisition_repair_mature_90m/level3_loop_018_v5_gate_acquisition_repair_mature_90m_step_035000000.ckpt at global_step=35028992
Iter 1070/2746 took 2.82 seconds
Iter 1071/2746 took 2.80 seconds
Iter 1072/2746 took 2.77 seconds
Iter 1073/2746 took 2.71 seconds
Iter 1074/2746 took 2.80 seconds
Iter 1075/2746 took 2.68 seconds
Iter 1076/2746 took 2.66 seconds
Iter 1077/2746 took 2.66 seconds
Iter 1078/2746 took 2.80 seconds
Iter 1079/2746 took 2.72 seconds
Iter 1080/2746 took 2.74 seconds
Iter 1081/2746 took 2.64 seconds
Iter 1082/2746 took 2.84 seconds
Iter 1083/2746 took 2.84 seconds
Iter 1084/2746 took 2.70 seconds
Iter 1085/2746 took 2.67 seconds
Iter 1086/2746 took 2.69 seconds
Iter 1087/2746 took 2.73 seconds
Iter 1088/2746 took 2.63 seconds
Iter 1089/2746 took 2.64 seconds
Iter 1090/2746 took 2.66 seconds
Iter 1091/2746 took 2.75 seconds
Iter 1092/2746 took 2.83 seconds
Iter 1093/2746 took 2.80 seconds
Iter 1094/2746 took 2.61 seconds
Iter 1095/2746 took 2.71 seconds
Iter 1096/2746 took 2.69 seconds
Iter 1097/2746 took 2.62 seconds
Iter 1098/2746 took 2.67 seconds
Iter 1099/2746 took 2.72 seconds
Iter 1100/2746 took 2.72 seconds
Iter 1101/2746 took 2.90 seconds
Iter 1102/2746 took 2.64 seconds
Iter 1103/2746 took 2.87 seconds
Iter 1104/2746 took 2.82 seconds
Iter 1105/2746 took 2.77 seconds
Iter 1106/2746 took 2.90 seconds
Iter 1107/2746 took 2.89 seconds
Iter 1108/2746 took 2.82 seconds
Iter 1109/2746 took 2.74 seconds
Iter 1110/2746 took 2.77 seconds
Iter 1111/2746 took 2.71 seconds
Iter 1112/2746 took 2.68 seconds
Iter 1113/2746 took 2.72 seconds
Iter 1114/2746 took 2.74 seconds
Iter 1115/2746 took 2.68 seconds
Iter 1116/2746 took 2.64 seconds
Iter 1117/2746 took 2.66 seconds
Iter 1118/2746 took 2.67 seconds
Iter 1119/2746 took 2.63 seconds
Iter 1120/2746 took 2.62 seconds
Iter 1121/2746 took 2.59 seconds
Iter 1122/2746 took 2.62 seconds
Iter 1123/2746 took 2.62 seconds
Iter 1124/2746 took 2.59 seconds
Iter 1125/2746 took 2.65 seconds
Iter 1126/2746 took 2.67 seconds
Iter 1127/2746 took 2.64 seconds
Iter 1128/2746 took 2.71 seconds
Iter 1129/2746 took 2.69 seconds
Iter 1130/2746 took 2.73 seconds
Iter 1131/2746 took 2.63 seconds
Iter 1132/2746 took 2.67 seconds
Iter 1133/2746 took 2.78 seconds
Iter 1134/2746 took 2.78 seconds
Iter 1135/2746 took 2.83 seconds
Iter 1136/2746 took 2.77 seconds
Iter 1137/2746 took 2.80 seconds
Iter 1138/2746 took 2.77 seconds
Iter 1139/2746 took 2.70 seconds
Iter 1140/2746 took 2.79 seconds
Iter 1141/2746 took 2.92 seconds
Iter 1142/2746 took 2.91 seconds
Iter 1143/2746 took 2.86 seconds
Iter 1144/2746 took 2.81 seconds
Iter 1145/2746 took 2.77 seconds
Iter 1146/2746 took 2.78 seconds
Iter 1147/2746 took 2.95 seconds
Iter 1148/2746 took 2.85 seconds
Iter 1149/2746 took 2.79 seconds
Iter 1150/2746 took 2.89 seconds
Iter 1151/2746 took 2.80 seconds
Iter 1152/2746 took 2.88 seconds
Iter 1153/2746 took 2.89 seconds
Iter 1154/2746 took 2.84 seconds
Iter 1155/2746 took 2.78 seconds
Iter 1156/2746 took 2.71 seconds
Iter 1157/2746 took 2.77 seconds
Iter 1158/2746 took 2.79 seconds
Iter 1159/2746 took 2.72 seconds
Iter 1160/2746 took 2.72 seconds
Iter 1161/2746 took 2.78 seconds
Iter 1162/2746 took 2.78 seconds
Iter 1163/2746 took 2.83 seconds
Iter 1164/2746 took 2.70 seconds
Iter 1165/2746 took 2.74 seconds
Iter 1166/2746 took 2.66 seconds
Iter 1167/2746 took 2.67 seconds
Iter 1168/2746 took 2.61 seconds
Iter 1169/2746 took 2.63 seconds
Iter 1170/2746 took 2.63 seconds
Iter 1171/2746 took 2.62 seconds
Iter 1172/2746 took 2.62 seconds
Iter 1173/2746 took 2.64 seconds
Iter 1174/2746 took 2.70 seconds
Iter 1175/2746 took 2.63 seconds
Iter 1176/2746 took 2.62 seconds
Iter 1177/2746 took 2.69 seconds
Iter 1178/2746 took 2.61 seconds
Iter 1179/2746 took 2.65 seconds
Iter 1180/2746 took 2.67 seconds
Iter 1181/2746 took 2.65 seconds
Iter 1182/2746 took 2.67 seconds
Iter 1183/2746 took 2.58 seconds
Iter 1184/2746 took 2.60 seconds
Iter 1185/2746 took 2.62 seconds
Iter 1186/2746 took 2.65 seconds
Iter 1187/2746 took 2.63 seconds
Iter 1188/2746 took 2.65 seconds
Iter 1189/2746 took 2.63 seconds
Iter 1190/2746 took 2.63 seconds
Iter 1191/2746 took 2.65 seconds
Iter 1192/2746 took 2.62 seconds
Iter 1193/2746 took 2.65 seconds
Iter 1194/2746 took 2.67 seconds
Iter 1195/2746 took 2.67 seconds
Iter 1196/2746 took 2.67 seconds
Iter 1197/2746 took 2.68 seconds
Iter 1198/2746 took 2.69 seconds
Iter 1199/2746 took 2.64 seconds
Iter 1200/2746 took 2.64 seconds
Iter 1201/2746 took 2.66 seconds
Iter 1202/2746 took 2.72 seconds
Iter 1203/2746 took 2.72 seconds
Iter 1204/2746 took 2.70 seconds
Iter 1205/2746 took 2.67 seconds
Iter 1206/2746 took 2.67 seconds
Iter 1207/2746 took 2.74 seconds
Iter 1208/2746 took 2.72 seconds
Iter 1209/2746 took 2.68 seconds
Iter 1210/2746 took 2.63 seconds
Iter 1211/2746 took 2.59 seconds
Iter 1212/2746 took 2.60 seconds
Iter 1213/2746 took 2.67 seconds
Iter 1214/2746 took 2.69 seconds
Iter 1215/2746 took 2.79 seconds
Iter 1216/2746 took 2.68 seconds
Iter 1217/2746 took 2.84 seconds
Iter 1218/2746 took 2.78 seconds
Iter 1219/2746 took 2.69 seconds
Iter 1220/2746 took 2.75 seconds
Iter 1221/2746 took 2.81 seconds
checkpoint saved to /home/aojili/lsy_drone_racing/lsy_drone_racing/control/checkpoints/level3_loop_018_v5_gate_acquisition_repair_mature_90m/level3_loop_018_v5_gate_acquisition_repair_mature_90m_step_040000000.ckpt at global_step=40009728
Iter 1222/2746 took 2.84 seconds
Iter 1223/2746 took 2.72 seconds
Iter 1224/2746 took 2.86 seconds
Iter 1225/2746 took 2.75 seconds
Iter 1226/2746 took 2.82 seconds
Iter 1227/2746 took 2.71 seconds
Iter 1228/2746 took 2.76 seconds
Iter 1229/2746 took 2.80 seconds
Iter 1230/2746 took 2.89 seconds
Iter 1231/2746 took 2.86 seconds
Iter 1232/2746 took 2.67 seconds
Iter 1233/2746 took 2.66 seconds
Iter 1234/2746 took 2.86 seconds
Iter 1235/2746 took 2.83 seconds
Iter 1236/2746 took 2.74 seconds
Iter 1237/2746 took 2.82 seconds
Iter 1238/2746 took 2.77 seconds
Iter 1239/2746 took 2.83 seconds
Iter 1240/2746 took 2.76 seconds
Iter 1241/2746 took 2.78 seconds
Iter 1242/2746 took 2.74 seconds
Iter 1243/2746 took 2.75 seconds
Iter 1244/2746 took 2.65 seconds
Iter 1245/2746 took 2.72 seconds
Iter 1246/2746 took 2.71 seconds
Iter 1247/2746 took 2.68 seconds
Iter 1248/2746 took 2.66 seconds
Iter 1249/2746 took 2.65 seconds
Iter 1250/2746 took 2.58 seconds
Iter 1251/2746 took 2.63 seconds
Iter 1252/2746 took 2.69 seconds
Iter 1253/2746 took 2.69 seconds
Iter 1254/2746 took 2.72 seconds
Iter 1255/2746 took 2.66 seconds
Iter 1256/2746 took 2.67 seconds
Iter 1257/2746 took 2.78 seconds
Iter 1258/2746 took 2.79 seconds
Iter 1259/2746 took 2.78 seconds
Iter 1260/2746 took 2.67 seconds
Iter 1261/2746 took 2.67 seconds
Iter 1262/2746 took 2.61 seconds
Iter 1263/2746 took 2.63 seconds
Iter 1264/2746 took 2.70 seconds
Iter 1265/2746 took 2.63 seconds
Iter 1266/2746 took 2.62 seconds
Iter 1267/2746 took 2.60 seconds
Iter 1268/2746 took 2.62 seconds
Iter 1269/2746 took 2.58 seconds
Iter 1270/2746 took 2.63 seconds
Iter 1271/2746 took 2.62 seconds
Iter 1272/2746 took 2.60 seconds
Iter 1273/2746 took 2.56 seconds
Iter 1274/2746 took 2.61 seconds
Iter 1275/2746 took 2.65 seconds
Iter 1276/2746 took 2.65 seconds
Iter 1277/2746 took 2.64 seconds
Iter 1278/2746 took 2.63 seconds
Iter 1279/2746 took 2.64 seconds
Iter 1280/2746 took 2.63 seconds
Iter 1281/2746 took 2.63 seconds
Iter 1282/2746 took 2.64 seconds
Iter 1283/2746 took 2.63 seconds
Iter 1284/2746 took 2.70 seconds
Iter 1285/2746 took 2.64 seconds
Iter 1286/2746 took 2.62 seconds
Iter 1287/2746 took 2.61 seconds
Iter 1288/2746 took 2.68 seconds
Iter 1289/2746 took 2.73 seconds
Iter 1290/2746 took 2.77 seconds
Iter 1291/2746 took 2.69 seconds
Iter 1292/2746 took 2.74 seconds
Iter 1293/2746 took 2.64 seconds
Iter 1294/2746 took 2.74 seconds
Iter 1295/2746 took 2.78 seconds
Iter 1296/2746 took 2.71 seconds
Iter 1297/2746 took 2.68 seconds
Iter 1298/2746 took 2.85 seconds
Iter 1299/2746 took 2.74 seconds
Iter 1300/2746 took 2.70 seconds
Iter 1301/2746 took 2.72 seconds
Iter 1302/2746 took 2.86 seconds
Iter 1303/2746 took 2.80 seconds
Iter 1304/2746 took 2.74 seconds
Iter 1305/2746 took 2.86 seconds
Iter 1306/2746 took 2.99 seconds
Iter 1307/2746 took 2.81 seconds
Iter 1308/2746 took 2.85 seconds
Iter 1309/2746 took 2.88 seconds
Iter 1310/2746 took 2.75 seconds
Iter 1311/2746 took 2.81 seconds
Iter 1312/2746 took 2.84 seconds
Iter 1313/2746 took 2.77 seconds
Iter 1314/2746 took 2.69 seconds
Iter 1315/2746 took 2.75 seconds
Iter 1316/2746 took 2.78 seconds
Iter 1317/2746 took 2.75 seconds
Iter 1318/2746 took 2.76 seconds
Iter 1319/2746 took 2.82 seconds
Iter 1320/2746 took 2.74 seconds
Iter 1321/2746 took 2.76 seconds
Iter 1322/2746 took 2.69 seconds
Iter 1323/2746 took 2.69 seconds
Iter 1324/2746 took 2.62 seconds
Iter 1325/2746 took 2.71 seconds
Iter 1326/2746 took 2.80 seconds
Iter 1327/2746 took 2.72 seconds
Iter 1328/2746 took 2.78 seconds
Iter 1329/2746 took 2.70 seconds
Iter 1330/2746 took 2.69 seconds
Iter 1331/2746 took 2.72 seconds
Iter 1332/2746 took 2.77 seconds
Iter 1333/2746 took 2.65 seconds
Iter 1334/2746 took 2.68 seconds
Iter 1335/2746 took 2.64 seconds
Iter 1336/2746 took 2.71 seconds
Iter 1337/2746 took 2.84 seconds
Iter 1338/2746 took 2.78 seconds
Iter 1339/2746 took 2.72 seconds
Iter 1340/2746 took 2.65 seconds
Iter 1341/2746 took 2.66 seconds
Iter 1342/2746 took 2.63 seconds
Iter 1343/2746 took 2.68 seconds
Iter 1344/2746 took 2.75 seconds
Iter 1345/2746 took 2.71 seconds
Iter 1346/2746 took 2.76 seconds
Iter 1347/2746 took 2.70 seconds
Iter 1348/2746 took 2.69 seconds
Iter 1349/2746 took 2.70 seconds
Iter 1350/2746 took 2.65 seconds
Iter 1351/2746 took 2.68 seconds
Iter 1352/2746 took 2.71 seconds
Iter 1353/2746 took 2.62 seconds
Iter 1354/2746 took 2.71 seconds
Iter 1355/2746 took 2.64 seconds
Iter 1356/2746 took 2.71 seconds
Iter 1357/2746 took 2.57 seconds
Iter 1358/2746 took 2.69 seconds
Iter 1359/2746 took 2.69 seconds
Iter 1360/2746 took 2.69 seconds
Iter 1361/2746 took 2.69 seconds
Iter 1362/2746 took 2.71 seconds
Iter 1363/2746 took 2.72 seconds
Iter 1364/2746 took 2.74 seconds
Iter 1365/2746 took 2.74 seconds
Iter 1366/2746 took 2.71 seconds
Iter 1367/2746 took 2.72 seconds
Iter 1368/2746 took 2.65 seconds
Iter 1369/2746 took 2.67 seconds
Iter 1370/2746 took 2.70 seconds
Iter 1371/2746 took 2.67 seconds
Iter 1372/2746 took 2.59 seconds
Iter 1373/2746 took 2.60 seconds
Iter 1374/2746 took 2.65 seconds
checkpoint saved to /home/aojili/lsy_drone_racing/lsy_drone_racing/control/checkpoints/level3_loop_018_v5_gate_acquisition_repair_mature_90m/level3_loop_018_v5_gate_acquisition_repair_mature_90m_step_045000000.ckpt at global_step=45023232
Iter 1375/2746 took 2.72 seconds
Iter 1376/2746 took 2.67 seconds
Iter 1377/2746 took 2.70 seconds
Iter 1378/2746 took 2.66 seconds
Iter 1379/2746 took 2.67 seconds
Iter 1380/2746 took 2.62 seconds
Iter 1381/2746 took 2.66 seconds
Iter 1382/2746 took 2.69 seconds
Iter 1383/2746 took 2.69 seconds
Iter 1384/2746 took 2.68 seconds
Iter 1385/2746 took 2.61 seconds
Iter 1386/2746 took 2.63 seconds
Iter 1387/2746 took 2.61 seconds
Iter 1388/2746 took 2.63 seconds
Iter 1389/2746 took 2.63 seconds
Iter 1390/2746 took 2.63 seconds
Iter 1391/2746 took 2.63 seconds
Iter 1392/2746 took 2.65 seconds
Iter 1393/2746 took 2.68 seconds
Iter 1394/2746 took 2.70 seconds
Iter 1395/2746 took 2.70 seconds
Iter 1396/2746 took 2.65 seconds
Iter 1397/2746 took 2.64 seconds
Iter 1398/2746 took 2.66 seconds
Iter 1399/2746 took 2.76 seconds
Iter 1400/2746 took 2.73 seconds
Iter 1401/2746 took 2.72 seconds
Iter 1402/2746 took 2.81 seconds
Iter 1403/2746 took 2.80 seconds
Iter 1404/2746 took 2.84 seconds
Iter 1405/2746 took 2.80 seconds
Iter 1406/2746 took 2.76 seconds
Iter 1407/2746 took 2.64 seconds
Iter 1408/2746 took 2.67 seconds
Iter 1409/2746 took 2.65 seconds
Iter 1410/2746 took 2.66 seconds
Iter 1411/2746 took 2.68 seconds
Iter 1412/2746 took 2.66 seconds
Iter 1413/2746 took 2.58 seconds
Iter 1414/2746 took 2.63 seconds
Iter 1415/2746 took 2.66 seconds
Iter 1416/2746 took 2.70 seconds
Iter 1417/2746 took 2.61 seconds
Iter 1418/2746 took 2.69 seconds
Iter 1419/2746 took 2.72 seconds
Iter 1420/2746 took 2.81 seconds
Iter 1421/2746 took 2.75 seconds
Iter 1422/2746 took 2.68 seconds
Iter 1423/2746 took 2.73 seconds
Iter 1424/2746 took 2.65 seconds
Iter 1425/2746 took 2.71 seconds
Iter 1426/2746 took 2.71 seconds
Iter 1427/2746 took 2.70 seconds
Iter 1428/2746 took 2.68 seconds
Iter 1429/2746 took 2.67 seconds
Iter 1430/2746 took 2.68 seconds
Iter 1431/2746 took 2.68 seconds
Iter 1432/2746 took 2.64 seconds
Iter 1433/2746 took 2.63 seconds
Iter 1434/2746 took 2.62 seconds
Iter 1435/2746 took 2.70 seconds
Iter 1436/2746 took 2.88 seconds
Iter 1437/2746 took 2.80 seconds
Iter 1438/2746 took 2.87 seconds
Iter 1439/2746 took 2.69 seconds
Iter 1440/2746 took 2.79 seconds
Iter 1441/2746 took 2.66 seconds
Iter 1442/2746 took 2.69 seconds
Iter 1443/2746 took 2.66 seconds
Iter 1444/2746 took 2.72 seconds
Iter 1445/2746 took 2.73 seconds
Iter 1446/2746 took 2.73 seconds
Iter 1447/2746 took 2.61 seconds
Iter 1448/2746 took 2.65 seconds
Iter 1449/2746 took 2.72 seconds
Iter 1450/2746 took 2.73 seconds
Iter 1451/2746 took 2.67 seconds
Iter 1452/2746 took 2.71 seconds
Iter 1453/2746 took 2.70 seconds
Iter 1454/2746 took 2.77 seconds
Iter 1455/2746 took 2.78 seconds
Iter 1456/2746 took 2.76 seconds
Iter 1457/2746 took 2.71 seconds
Iter 1458/2746 took 2.77 seconds
Iter 1459/2746 took 2.66 seconds
Iter 1460/2746 took 2.67 seconds
Iter 1461/2746 took 2.68 seconds
Iter 1462/2746 took 2.63 seconds
Iter 1463/2746 took 2.61 seconds
Iter 1464/2746 took 2.63 seconds
Iter 1465/2746 took 2.60 seconds
Iter 1466/2746 took 2.60 seconds
Iter 1467/2746 took 2.61 seconds
Iter 1468/2746 took 2.60 seconds
Iter 1469/2746 took 2.59 seconds
Iter 1470/2746 took 2.59 seconds
Iter 1471/2746 took 2.60 seconds
Iter 1472/2746 took 2.61 seconds
Iter 1473/2746 took 2.63 seconds
Iter 1474/2746 took 2.61 seconds
Iter 1475/2746 took 2.67 seconds
Iter 1476/2746 took 2.70 seconds
Iter 1477/2746 took 2.70 seconds
Iter 1478/2746 took 2.68 seconds
Iter 1479/2746 took 2.70 seconds
Iter 1480/2746 took 2.65 seconds
Iter 1481/2746 took 2.66 seconds
Iter 1482/2746 took 2.69 seconds
Iter 1483/2746 took 2.70 seconds
Iter 1484/2746 took 2.73 seconds
Iter 1485/2746 took 2.75 seconds
Iter 1486/2746 took 2.72 seconds
Iter 1487/2746 took 2.73 seconds
Iter 1488/2746 took 2.76 seconds
Iter 1489/2746 took 2.79 seconds
Iter 1490/2746 took 2.80 seconds
Iter 1491/2746 took 2.77 seconds
Iter 1492/2746 took 2.73 seconds
Iter 1493/2746 took 2.63 seconds
Iter 1494/2746 took 2.69 seconds
Iter 1495/2746 took 2.66 seconds
Iter 1496/2746 took 2.77 seconds
Iter 1497/2746 took 2.74 seconds
Iter 1498/2746 took 2.79 seconds
Iter 1499/2746 took 2.71 seconds
Iter 1500/2746 took 2.69 seconds
Iter 1501/2746 took 2.66 seconds
Iter 1502/2746 took 2.70 seconds
Iter 1503/2746 took 2.75 seconds
Iter 1504/2746 took 2.74 seconds
Iter 1505/2746 took 2.73 seconds
Iter 1506/2746 took 2.86 seconds
Iter 1507/2746 took 2.82 seconds
Iter 1508/2746 took 2.72 seconds
Iter 1509/2746 took 2.79 seconds
Iter 1510/2746 took 2.80 seconds
Iter 1511/2746 took 2.82 seconds
Iter 1512/2746 took 2.87 seconds
Iter 1513/2746 took 2.70 seconds
Iter 1514/2746 took 2.71 seconds
Iter 1515/2746 took 2.72 seconds
Iter 1516/2746 took 2.71 seconds
Iter 1517/2746 took 2.68 seconds
Iter 1518/2746 took 2.62 seconds
Iter 1519/2746 took 2.68 seconds
Iter 1520/2746 took 2.71 seconds
Iter 1521/2746 took 2.70 seconds
Iter 1522/2746 took 2.78 seconds
Iter 1523/2746 took 2.83 seconds
Iter 1524/2746 took 2.75 seconds
Iter 1525/2746 took 2.74 seconds
Iter 1526/2746 took 2.84 seconds
checkpoint saved to /home/aojili/lsy_drone_racing/lsy_drone_racing/control/checkpoints/level3_loop_018_v5_gate_acquisition_repair_mature_90m/level3_loop_018_v5_gate_acquisition_repair_mature_90m_step_050000000.ckpt at global_step=50003968
Iter 1527/2746 took 2.73 seconds
Iter 1528/2746 took 2.65 seconds
Iter 1529/2746 took 2.65 seconds
Iter 1530/2746 took 2.62 seconds
Iter 1531/2746 took 2.64 seconds
Iter 1532/2746 took 2.63 seconds
Iter 1533/2746 took 2.64 seconds
Iter 1534/2746 took 2.67 seconds
Iter 1535/2746 took 2.62 seconds
Iter 1536/2746 took 2.63 seconds
Iter 1537/2746 took 2.67 seconds
Iter 1538/2746 took 2.64 seconds
Iter 1539/2746 took 2.67 seconds
Iter 1540/2746 took 2.66 seconds
Iter 1541/2746 took 2.68 seconds
Iter 1542/2746 took 2.75 seconds
Iter 1543/2746 took 2.75 seconds
Iter 1544/2746 took 2.80 seconds
Iter 1545/2746 took 2.82 seconds
Iter 1546/2746 took 2.78 seconds
Iter 1547/2746 took 2.70 seconds
Iter 1548/2746 took 2.68 seconds
Iter 1549/2746 took 2.74 seconds
Iter 1550/2746 took 2.70 seconds
Iter 1551/2746 took 2.70 seconds
Iter 1552/2746 took 2.67 seconds
Iter 1553/2746 took 2.63 seconds
Iter 1554/2746 took 2.65 seconds
Iter 1555/2746 took 2.66 seconds
Iter 1556/2746 took 2.69 seconds
Iter 1557/2746 took 2.59 seconds
Iter 1558/2746 took 2.56 seconds
Iter 1559/2746 took 2.56 seconds
Iter 1560/2746 took 2.58 seconds
Iter 1561/2746 took 2.63 seconds
Iter 1562/2746 took 2.63 seconds
Iter 1563/2746 took 2.72 seconds
Iter 1564/2746 took 2.65 seconds
Iter 1565/2746 took 2.65 seconds
Iter 1566/2746 took 2.62 seconds
Iter 1567/2746 took 2.70 seconds
Iter 1568/2746 took 2.68 seconds
Iter 1569/2746 took 2.67 seconds
Iter 1570/2746 took 2.63 seconds
Iter 1571/2746 took 2.59 seconds
Iter 1572/2746 took 2.67 seconds
Iter 1573/2746 took 2.69 seconds
Iter 1574/2746 took 2.64 seconds
Iter 1575/2746 took 2.70 seconds
Iter 1576/2746 took 2.67 seconds
Iter 1577/2746 took 2.69 seconds
Iter 1578/2746 took 2.63 seconds
Iter 1579/2746 took 2.68 seconds
Iter 1580/2746 took 2.61 seconds
Iter 1581/2746 took 2.61 seconds
Iter 1582/2746 took 2.62 seconds
Iter 1583/2746 took 2.74 seconds
Iter 1584/2746 took 2.76 seconds
Iter 1585/2746 took 2.72 seconds
Iter 1586/2746 took 2.77 seconds
Iter 1587/2746 took 2.72 seconds
Iter 1588/2746 took 2.65 seconds
Iter 1589/2746 took 2.72 seconds
Iter 1590/2746 took 2.70 seconds
Iter 1591/2746 took 2.70 seconds
Iter 1592/2746 took 2.77 seconds
Iter 1593/2746 took 2.70 seconds
Iter 1594/2746 took 2.64 seconds
Iter 1595/2746 took 2.62 seconds
Iter 1596/2746 took 2.63 seconds
Iter 1597/2746 took 2.64 seconds
Iter 1598/2746 took 2.67 seconds
Iter 1599/2746 took 2.63 seconds
Iter 1600/2746 took 2.63 seconds
Iter 1601/2746 took 2.65 seconds
Iter 1602/2746 took 2.68 seconds
Iter 1603/2746 took 2.65 seconds
Iter 1604/2746 took 2.72 seconds
Iter 1605/2746 took 2.63 seconds
Iter 1606/2746 took 2.66 seconds
Iter 1607/2746 took 2.63 seconds
Iter 1608/2746 took 2.63 seconds
Iter 1609/2746 took 2.70 seconds
Iter 1610/2746 took 2.69 seconds
Iter 1611/2746 took 2.65 seconds
Iter 1612/2746 took 2.65 seconds
Iter 1613/2746 took 2.63 seconds
Iter 1614/2746 took 2.60 seconds
Iter 1615/2746 took 2.66 seconds
Iter 1616/2746 took 2.69 seconds
Iter 1617/2746 took 2.77 seconds
Iter 1618/2746 took 2.75 seconds
Iter 1619/2746 took 2.66 seconds
Iter 1620/2746 took 2.68 seconds
Iter 1621/2746 took 2.67 seconds
Iter 1622/2746 took 2.78 seconds
Iter 1623/2746 took 2.74 seconds
Iter 1624/2746 took 2.70 seconds
Iter 1625/2746 took 2.68 seconds
Iter 1626/2746 took 2.73 seconds
Iter 1627/2746 took 2.76 seconds
Iter 1628/2746 took 2.75 seconds
Iter 1629/2746 took 2.75 seconds
Iter 1630/2746 took 2.80 seconds
Iter 1631/2746 took 2.86 seconds
Iter 1632/2746 took 2.84 seconds
Iter 1633/2746 took 2.98 seconds
Iter 1634/2746 took 2.80 seconds
Iter 1635/2746 took 2.74 seconds
Iter 1636/2746 took 2.79 seconds
Iter 1637/2746 took 2.78 seconds
Iter 1638/2746 took 2.74 seconds
Iter 1639/2746 took 2.69 seconds
Iter 1640/2746 took 2.72 seconds
Iter 1641/2746 took 2.82 seconds
Iter 1642/2746 took 2.76 seconds
Iter 1643/2746 took 2.67 seconds
Iter 1644/2746 took 2.70 seconds
Iter 1645/2746 took 2.81 seconds
Iter 1646/2746 took 2.82 seconds
Iter 1647/2746 took 2.70 seconds
Iter 1648/2746 took 2.70 seconds
Iter 1649/2746 took 2.67 seconds
Iter 1650/2746 took 2.69 seconds
Iter 1651/2746 took 2.66 seconds
Iter 1652/2746 took 2.61 seconds
Iter 1653/2746 took 2.62 seconds
Iter 1654/2746 took 2.62 seconds
Iter 1655/2746 took 2.65 seconds
Iter 1656/2746 took 2.60 seconds
Iter 1657/2746 took 2.63 seconds
Iter 1658/2746 took 2.66 seconds
Iter 1659/2746 took 2.67 seconds
Iter 1660/2746 took 2.64 seconds
Iter 1661/2746 took 2.61 seconds
Iter 1662/2746 took 2.58 seconds
Iter 1663/2746 took 2.68 seconds
Iter 1664/2746 took 2.67 seconds
Iter 1665/2746 took 2.66 seconds
Iter 1666/2746 took 2.70 seconds
Iter 1667/2746 took 2.69 seconds
Iter 1668/2746 took 2.72 seconds
Iter 1669/2746 took 2.72 seconds
Iter 1670/2746 took 2.73 seconds
Iter 1671/2746 took 2.72 seconds
Iter 1672/2746 took 2.76 seconds
Iter 1673/2746 took 2.66 seconds
Iter 1674/2746 took 2.70 seconds
Iter 1675/2746 took 2.78 seconds
Iter 1676/2746 took 2.89 seconds
Iter 1677/2746 took 2.83 seconds
Iter 1678/2746 took 2.77 seconds
Iter 1679/2746 took 2.61 seconds
checkpoint saved to /home/aojili/lsy_drone_racing/lsy_drone_racing/control/checkpoints/level3_loop_018_v5_gate_acquisition_repair_mature_90m/level3_loop_018_v5_gate_acquisition_repair_mature_90m_step_055000000.ckpt at global_step=55017472
Iter 1680/2746 took 2.72 seconds
Iter 1681/2746 took 2.74 seconds
Iter 1682/2746 took 2.75 seconds
Iter 1683/2746 took 2.70 seconds
Iter 1684/2746 took 2.77 seconds
Iter 1685/2746 took 2.77 seconds
Iter 1686/2746 took 2.78 seconds
Iter 1687/2746 took 2.91 seconds
Iter 1688/2746 took 2.87 seconds
Iter 1689/2746 took 2.88 seconds
Iter 1690/2746 took 2.88 seconds
Iter 1691/2746 took 2.86 seconds
Iter 1692/2746 took 2.92 seconds
Iter 1693/2746 took 2.96 seconds
Iter 1694/2746 took 2.87 seconds
Iter 1695/2746 took 2.83 seconds
Iter 1696/2746 took 2.91 seconds
Iter 1697/2746 took 2.74 seconds
Iter 1698/2746 took 2.69 seconds
Iter 1699/2746 took 2.69 seconds
Iter 1700/2746 took 2.75 seconds
Iter 1701/2746 took 2.81 seconds
Iter 1702/2746 took 2.83 seconds
Iter 1703/2746 took 2.70 seconds
Iter 1704/2746 took 2.72 seconds
Iter 1705/2746 took 2.66 seconds
Iter 1706/2746 took 2.64 seconds
Iter 1707/2746 took 2.64 seconds
Iter 1708/2746 took 2.74 seconds
Iter 1709/2746 took 2.70 seconds
Iter 1710/2746 took 2.68 seconds
Iter 1711/2746 took 2.62 seconds
Iter 1712/2746 took 2.68 seconds
Iter 1713/2746 took 2.75 seconds
Iter 1714/2746 took 2.83 seconds
Iter 1715/2746 took 2.84 seconds
Iter 1716/2746 took 2.68 seconds
Iter 1717/2746 took 2.76 seconds
Iter 1718/2746 took 2.84 seconds
Iter 1719/2746 took 2.80 seconds
Iter 1720/2746 took 2.77 seconds
Iter 1721/2746 took 2.79 seconds
Iter 1722/2746 took 2.77 seconds
Iter 1723/2746 took 2.70 seconds
Iter 1724/2746 took 2.72 seconds
Iter 1725/2746 took 2.68 seconds
Iter 1726/2746 took 2.65 seconds
Iter 1727/2746 took 2.77 seconds
Iter 1728/2746 took 2.75 seconds
Iter 1729/2746 took 2.70 seconds
Iter 1730/2746 took 2.73 seconds
Iter 1731/2746 took 2.66 seconds
Iter 1732/2746 took 2.75 seconds
Iter 1733/2746 took 2.81 seconds
Iter 1734/2746 took 2.73 seconds
Iter 1735/2746 took 2.75 seconds
Iter 1736/2746 took 2.72 seconds
Iter 1737/2746 took 2.69 seconds
Iter 1738/2746 took 2.71 seconds
Iter 1739/2746 took 2.69 seconds
Iter 1740/2746 took 2.66 seconds
Iter 1741/2746 took 2.67 seconds
Iter 1742/2746 took 2.66 seconds
Iter 1743/2746 took 2.64 seconds
Iter 1744/2746 took 2.68 seconds
Iter 1745/2746 took 2.63 seconds
Iter 1746/2746 took 2.69 seconds
Iter 1747/2746 took 2.64 seconds
Iter 1748/2746 took 2.63 seconds
Iter 1749/2746 took 2.64 seconds
Iter 1750/2746 took 2.64 seconds
Iter 1751/2746 took 2.65 seconds
Iter 1752/2746 took 2.69 seconds
Iter 1753/2746 took 2.70 seconds
Iter 1754/2746 took 2.67 seconds
Iter 1755/2746 took 2.69 seconds
Iter 1756/2746 took 2.68 seconds
Iter 1757/2746 took 2.65 seconds
Iter 1758/2746 took 2.65 seconds
Iter 1759/2746 took 2.58 seconds
Iter 1760/2746 took 2.63 seconds
Iter 1761/2746 took 2.65 seconds
Iter 1762/2746 took 2.70 seconds
Iter 1763/2746 took 2.68 seconds
Iter 1764/2746 took 2.68 seconds
Iter 1765/2746 took 2.69 seconds
Iter 1766/2746 took 2.62 seconds
Iter 1767/2746 took 2.68 seconds
Iter 1768/2746 took 2.66 seconds
Iter 1769/2746 took 2.66 seconds
Iter 1770/2746 took 2.71 seconds
Iter 1771/2746 took 2.69 seconds
Iter 1772/2746 took 2.61 seconds
Iter 1773/2746 took 2.63 seconds
Iter 1774/2746 took 2.64 seconds
Iter 1775/2746 took 2.66 seconds
Iter 1776/2746 took 2.71 seconds
Iter 1777/2746 took 2.70 seconds
Iter 1778/2746 took 2.79 seconds
Iter 1779/2746 took 2.75 seconds
Iter 1780/2746 took 2.76 seconds
Iter 1781/2746 took 2.74 seconds
Iter 1782/2746 took 2.73 seconds
Iter 1783/2746 took 2.71 seconds
Iter 1784/2746 took 2.73 seconds
Iter 1785/2746 took 2.74 seconds
Iter 1786/2746 took 2.71 seconds
Iter 1787/2746 took 2.66 seconds
Iter 1788/2746 took 2.73 seconds
Iter 1789/2746 took 2.67 seconds
Iter 1790/2746 took 2.70 seconds
Iter 1791/2746 took 2.82 seconds
Iter 1792/2746 took 2.82 seconds
Iter 1793/2746 took 2.77 seconds
Iter 1794/2746 took 2.80 seconds
Iter 1795/2746 took 2.82 seconds
Iter 1796/2746 took 2.80 seconds
Iter 1797/2746 took 2.91 seconds
Iter 1798/2746 took 2.91 seconds
Iter 1799/2746 took 2.84 seconds
Iter 1800/2746 took 2.75 seconds
Iter 1801/2746 took 2.59 seconds
Iter 1802/2746 took 2.70 seconds
Iter 1803/2746 took 2.66 seconds
Iter 1804/2746 took 2.70 seconds
Iter 1805/2746 took 2.85 seconds
Iter 1806/2746 took 2.83 seconds
Iter 1807/2746 took 2.77 seconds
Iter 1808/2746 took 2.67 seconds
Iter 1809/2746 took 2.71 seconds
Iter 1810/2746 took 2.70 seconds
Iter 1811/2746 took 2.75 seconds
Iter 1812/2746 took 2.65 seconds
Iter 1813/2746 took 2.65 seconds
Iter 1814/2746 took 2.77 seconds
Iter 1815/2746 took 2.66 seconds
Iter 1816/2746 took 2.71 seconds
Iter 1817/2746 took 2.78 seconds
Iter 1818/2746 took 2.80 seconds
Iter 1819/2746 took 2.87 seconds
Iter 1820/2746 took 2.74 seconds
Iter 1821/2746 took 2.78 seconds
Iter 1822/2746 took 2.83 seconds
Iter 1823/2746 took 2.90 seconds
Iter 1824/2746 took 2.90 seconds
Iter 1825/2746 took 2.93 seconds
Iter 1826/2746 took 2.75 seconds
Iter 1827/2746 took 2.83 seconds
Iter 1828/2746 took 2.77 seconds
Iter 1829/2746 took 2.62 seconds
Iter 1830/2746 took 2.63 seconds
Iter 1831/2746 took 2.66 seconds
Iter 1832/2746 took 2.87 seconds
checkpoint saved to /home/aojili/lsy_drone_racing/lsy_drone_racing/control/checkpoints/level3_loop_018_v5_gate_acquisition_repair_mature_90m/level3_loop_018_v5_gate_acquisition_repair_mature_90m_step_060000000.ckpt at global_step=60030976
Iter 1833/2746 took 2.82 seconds
Iter 1834/2746 took 2.70 seconds
Iter 1835/2746 took 2.74 seconds
Iter 1836/2746 took 2.69 seconds
Iter 1837/2746 took 2.69 seconds
Iter 1838/2746 took 2.76 seconds
Iter 1839/2746 took 2.71 seconds
Iter 1840/2746 took 2.76 seconds
Iter 1841/2746 took 2.70 seconds
Iter 1842/2746 took 2.76 seconds
Iter 1843/2746 took 2.74 seconds
Iter 1844/2746 took 2.67 seconds
Iter 1845/2746 took 2.83 seconds
Iter 1846/2746 took 2.85 seconds
Iter 1847/2746 took 2.83 seconds
Iter 1848/2746 took 2.83 seconds
Iter 1849/2746 took 2.77 seconds
Iter 1850/2746 took 2.79 seconds
Iter 1851/2746 took 2.88 seconds
Iter 1852/2746 took 2.80 seconds
Iter 1853/2746 took 3.01 seconds
Iter 1854/2746 took 2.71 seconds
Iter 1855/2746 took 2.76 seconds
Iter 1856/2746 took 2.91 seconds
Iter 1857/2746 took 2.80 seconds
Iter 1858/2746 took 2.68 seconds
Iter 1859/2746 took 2.68 seconds
Iter 1860/2746 took 2.72 seconds
Iter 1861/2746 took 2.79 seconds
Iter 1862/2746 took 2.82 seconds
Iter 1863/2746 took 2.89 seconds
Iter 1864/2746 took 2.78 seconds
Iter 1865/2746 took 2.91 seconds
Iter 1866/2746 took 2.84 seconds
Iter 1867/2746 took 2.75 seconds
Iter 1868/2746 took 2.75 seconds
Iter 1869/2746 took 2.75 seconds
Iter 1870/2746 took 2.65 seconds
Iter 1871/2746 took 2.64 seconds
Iter 1872/2746 took 2.66 seconds
Iter 1873/2746 took 2.64 seconds
Iter 1874/2746 took 2.64 seconds
Iter 1875/2746 took 2.64 seconds
Iter 1876/2746 took 2.62 seconds
Iter 1877/2746 took 2.70 seconds
Iter 1878/2746 took 2.73 seconds
Iter 1879/2746 took 2.69 seconds
Iter 1880/2746 took 2.85 seconds
Iter 1881/2746 took 2.78 seconds
Iter 1882/2746 took 2.76 seconds
Iter 1883/2746 took 2.85 seconds
Iter 1884/2746 took 2.76 seconds
Iter 1885/2746 took 2.77 seconds
Iter 1886/2746 took 2.66 seconds
Iter 1887/2746 took 2.70 seconds
Iter 1888/2746 took 2.79 seconds
Iter 1889/2746 took 2.92 seconds
Iter 1890/2746 took 2.87 seconds
Iter 1891/2746 took 2.78 seconds
Iter 1892/2746 took 2.67 seconds
Iter 1893/2746 took 2.79 seconds
Iter 1894/2746 took 2.80 seconds
Iter 1895/2746 took 2.90 seconds
Iter 1896/2746 took 2.87 seconds
Iter 1897/2746 took 2.83 seconds
Iter 1898/2746 took 2.73 seconds
Iter 1899/2746 took 2.80 seconds
Iter 1900/2746 took 2.72 seconds
Iter 1901/2746 took 2.63 seconds
Iter 1902/2746 took 2.70 seconds
Iter 1903/2746 took 2.68 seconds
Iter 1904/2746 took 2.71 seconds
Iter 1905/2746 took 2.69 seconds
Iter 1906/2746 took 2.66 seconds
Iter 1907/2746 took 2.64 seconds
Iter 1908/2746 took 2.62 seconds
Iter 1909/2746 took 2.59 seconds
Iter 1910/2746 took 2.70 seconds
Iter 1911/2746 took 2.78 seconds
Iter 1912/2746 took 2.80 seconds
Iter 1913/2746 took 2.72 seconds
Iter 1914/2746 took 2.79 seconds
Iter 1915/2746 took 2.72 seconds
Iter 1916/2746 took 2.83 seconds
Iter 1917/2746 took 2.76 seconds
Iter 1918/2746 took 2.78 seconds
Iter 1919/2746 took 2.80 seconds
Iter 1920/2746 took 2.86 seconds
Iter 1921/2746 took 2.77 seconds
Iter 1922/2746 took 2.68 seconds
Iter 1923/2746 took 2.72 seconds
Iter 1924/2746 took 2.84 seconds
Iter 1925/2746 took 2.83 seconds
Iter 1926/2746 took 2.78 seconds
Iter 1927/2746 took 2.74 seconds
Iter 1928/2746 took 2.71 seconds
Iter 1929/2746 took 2.74 seconds
Iter 1930/2746 took 2.74 seconds
Iter 1931/2746 took 2.73 seconds
Iter 1932/2746 took 2.71 seconds
Iter 1933/2746 took 2.75 seconds
Iter 1934/2746 took 2.82 seconds
Iter 1935/2746 took 2.63 seconds
Iter 1936/2746 took 2.66 seconds
Iter 1937/2746 took 2.72 seconds
Iter 1938/2746 took 2.76 seconds
Iter 1939/2746 took 2.76 seconds
Iter 1940/2746 took 2.79 seconds
Iter 1941/2746 took 2.74 seconds
Iter 1942/2746 took 2.67 seconds
Iter 1943/2746 took 2.68 seconds
Iter 1944/2746 took 2.73 seconds
Iter 1945/2746 took 2.69 seconds
Iter 1946/2746 took 2.72 seconds
Iter 1947/2746 took 2.78 seconds
Iter 1948/2746 took 2.92 seconds
Iter 1949/2746 took 2.86 seconds
Iter 1950/2746 took 2.77 seconds
Iter 1951/2746 took 2.72 seconds
Iter 1952/2746 took 2.69 seconds
Iter 1953/2746 took 2.70 seconds
Iter 1954/2746 took 2.66 seconds
Iter 1955/2746 took 2.68 seconds
Iter 1956/2746 took 2.70 seconds
Iter 1957/2746 took 2.75 seconds
Iter 1958/2746 took 2.76 seconds
Iter 1959/2746 took 2.69 seconds
Iter 1960/2746 took 2.72 seconds
Iter 1961/2746 took 2.69 seconds
Iter 1962/2746 took 2.70 seconds
Iter 1963/2746 took 2.63 seconds
Iter 1964/2746 took 2.61 seconds
Iter 1965/2746 took 2.63 seconds
Iter 1966/2746 took 2.63 seconds
Iter 1967/2746 took 2.63 seconds
Iter 1968/2746 took 2.60 seconds
Iter 1969/2746 took 2.55 seconds
Iter 1970/2746 took 2.65 seconds
Iter 1971/2746 took 2.66 seconds
Iter 1972/2746 took 2.67 seconds
Iter 1973/2746 took 2.70 seconds
Iter 1974/2746 took 2.82 seconds
Iter 1975/2746 took 2.74 seconds
Iter 1976/2746 took 2.73 seconds
Iter 1977/2746 took 2.76 seconds
Iter 1978/2746 took 2.65 seconds
Iter 1979/2746 took 2.70 seconds
Iter 1980/2746 took 2.75 seconds
Iter 1981/2746 took 2.67 seconds
Iter 1982/2746 took 2.69 seconds
Iter 1983/2746 took 2.75 seconds
Iter 1984/2746 took 2.76 seconds
checkpoint saved to /home/aojili/lsy_drone_racing/lsy_drone_racing/control/checkpoints/level3_loop_018_v5_gate_acquisition_repair_mature_90m/level3_loop_018_v5_gate_acquisition_repair_mature_90m_step_065000000.ckpt at global_step=65011712
Iter 1985/2746 took 2.73 seconds
Iter 1986/2746 took 2.70 seconds
Iter 1987/2746 took 2.78 seconds
Iter 1988/2746 took 2.77 seconds
Iter 1989/2746 took 2.67 seconds
Iter 1990/2746 took 2.71 seconds
Iter 1991/2746 took 2.79 seconds
Iter 1992/2746 took 2.83 seconds
Iter 1993/2746 took 2.78 seconds
Iter 1994/2746 took 2.69 seconds
Iter 1995/2746 took 2.68 seconds
Iter 1996/2746 took 2.69 seconds
Iter 1997/2746 took 2.72 seconds
Iter 1998/2746 took 2.67 seconds
Iter 1999/2746 took 2.72 seconds
Iter 2000/2746 took 2.70 seconds
Iter 2001/2746 took 2.73 seconds
Iter 2002/2746 took 2.60 seconds
Iter 2003/2746 took 2.79 seconds
Iter 2004/2746 took 2.63 seconds
Iter 2005/2746 took 2.68 seconds
Iter 2006/2746 took 2.71 seconds
Iter 2007/2746 took 2.68 seconds
Iter 2008/2746 took 2.72 seconds
Iter 2009/2746 took 2.69 seconds
Iter 2010/2746 took 2.81 seconds
Iter 2011/2746 took 2.80 seconds
Iter 2012/2746 took 2.86 seconds
Iter 2013/2746 took 2.91 seconds
Iter 2014/2746 took 2.78 seconds
Iter 2015/2746 took 2.64 seconds
Iter 2016/2746 took 2.71 seconds
Iter 2017/2746 took 2.69 seconds
Iter 2018/2746 took 2.70 seconds
Iter 2019/2746 took 2.70 seconds
Iter 2020/2746 took 2.68 seconds
Iter 2021/2746 took 2.90 seconds
Iter 2022/2746 took 2.80 seconds
Iter 2023/2746 took 2.73 seconds
Iter 2024/2746 took 2.71 seconds
Iter 2025/2746 took 2.69 seconds
Iter 2026/2746 took 2.67 seconds
Iter 2027/2746 took 2.68 seconds
Iter 2028/2746 took 2.65 seconds
Iter 2029/2746 took 2.68 seconds
Iter 2030/2746 took 2.65 seconds
Iter 2031/2746 took 2.66 seconds
Iter 2032/2746 took 2.65 seconds
Iter 2033/2746 took 2.66 seconds
Iter 2034/2746 took 2.64 seconds
Iter 2035/2746 took 2.66 seconds
Iter 2036/2746 took 2.67 seconds
Iter 2037/2746 took 2.65 seconds
Iter 2038/2746 took 2.64 seconds
Iter 2039/2746 took 2.74 seconds
Iter 2040/2746 took 2.73 seconds
Iter 2041/2746 took 2.68 seconds
Iter 2042/2746 took 2.66 seconds
Iter 2043/2746 took 2.66 seconds
Iter 2044/2746 took 2.74 seconds
Iter 2045/2746 took 2.66 seconds
Iter 2046/2746 took 2.66 seconds
Iter 2047/2746 took 2.63 seconds
Iter 2048/2746 took 2.71 seconds
Iter 2049/2746 took 2.78 seconds
Iter 2050/2746 took 2.83 seconds
Iter 2051/2746 took 2.83 seconds
Iter 2052/2746 took 2.83 seconds
Iter 2053/2746 took 2.84 seconds
Iter 2054/2746 took 2.90 seconds
Iter 2055/2746 took 2.79 seconds
Iter 2056/2746 took 2.85 seconds
Iter 2057/2746 took 2.91 seconds
Iter 2058/2746 took 2.89 seconds
Iter 2059/2746 took 2.83 seconds
Iter 2060/2746 took 2.67 seconds
Iter 2061/2746 took 2.66 seconds
Iter 2062/2746 took 2.71 seconds
Iter 2063/2746 took 2.71 seconds
Iter 2064/2746 took 2.80 seconds
Iter 2065/2746 took 2.78 seconds
Iter 2066/2746 took 2.69 seconds
Iter 2067/2746 took 2.69 seconds
Iter 2068/2746 took 2.59 seconds
Iter 2069/2746 took 2.74 seconds
Iter 2070/2746 took 2.87 seconds
Iter 2071/2746 took 2.81 seconds
Iter 2072/2746 took 2.77 seconds
Iter 2073/2746 took 2.74 seconds
Iter 2074/2746 took 2.72 seconds
Iter 2075/2746 took 2.77 seconds
Iter 2076/2746 took 2.75 seconds
Iter 2077/2746 took 2.64 seconds
Iter 2078/2746 took 2.75 seconds
Iter 2079/2746 took 2.88 seconds
Iter 2080/2746 took 2.80 seconds
Iter 2081/2746 took 2.72 seconds
Iter 2082/2746 took 2.69 seconds
Iter 2083/2746 took 2.78 seconds
Iter 2084/2746 took 2.78 seconds
Iter 2085/2746 took 2.66 seconds
Iter 2086/2746 took 2.65 seconds
Iter 2087/2746 took 2.73 seconds
Iter 2088/2746 took 2.65 seconds
Iter 2089/2746 took 2.65 seconds
Iter 2090/2746 took 2.65 seconds
Iter 2091/2746 took 2.59 seconds
Iter 2092/2746 took 2.56 seconds
Iter 2093/2746 took 2.61 seconds
Iter 2094/2746 took 2.59 seconds
Iter 2095/2746 took 2.63 seconds
Iter 2096/2746 took 2.60 seconds
Iter 2097/2746 took 2.57 seconds
Iter 2098/2746 took 2.67 seconds
Iter 2099/2746 took 2.70 seconds
Iter 2100/2746 took 2.80 seconds
Iter 2101/2746 took 2.63 seconds
Iter 2102/2746 took 2.56 seconds
Iter 2103/2746 took 2.68 seconds
Iter 2104/2746 took 2.75 seconds
Iter 2105/2746 took 2.63 seconds
Iter 2106/2746 took 2.69 seconds
Iter 2107/2746 took 2.63 seconds
Iter 2108/2746 took 2.75 seconds
Iter 2109/2746 took 2.64 seconds
Iter 2110/2746 took 2.72 seconds
Iter 2111/2746 took 2.63 seconds
Iter 2112/2746 took 2.70 seconds
Iter 2113/2746 took 2.67 seconds
Iter 2114/2746 took 2.67 seconds
Iter 2115/2746 took 2.74 seconds
Iter 2116/2746 took 2.66 seconds
Iter 2117/2746 took 2.70 seconds
Iter 2118/2746 took 2.63 seconds
Iter 2119/2746 took 2.72 seconds
Iter 2120/2746 took 2.64 seconds
Iter 2121/2746 took 2.68 seconds
Iter 2122/2746 took 2.82 seconds
Iter 2123/2746 took 2.71 seconds
Iter 2124/2746 took 2.76 seconds
Iter 2125/2746 took 2.67 seconds
Iter 2126/2746 took 2.67 seconds
Iter 2127/2746 took 2.65 seconds
Iter 2128/2746 took 2.64 seconds
Iter 2129/2746 took 2.68 seconds
Iter 2130/2746 took 2.67 seconds
Iter 2131/2746 took 2.67 seconds
Iter 2132/2746 took 2.73 seconds
Iter 2133/2746 took 2.70 seconds
Iter 2134/2746 took 2.61 seconds
Iter 2135/2746 took 2.61 seconds
Iter 2136/2746 took 2.68 seconds
Iter 2137/2746 took 2.59 seconds
checkpoint saved to /home/aojili/lsy_drone_racing/lsy_drone_racing/control/checkpoints/level3_loop_018_v5_gate_acquisition_repair_mature_90m/level3_loop_018_v5_gate_acquisition_repair_mature_90m_step_070000000.ckpt at global_step=70025216
Iter 2138/2746 took 2.62 seconds
Iter 2139/2746 took 2.63 seconds
Iter 2140/2746 took 2.71 seconds
Iter 2141/2746 took 2.75 seconds
Iter 2142/2746 took 2.75 seconds
Iter 2143/2746 took 2.77 seconds
Iter 2144/2746 took 2.84 seconds
Iter 2145/2746 took 2.89 seconds
Iter 2146/2746 took 2.83 seconds
Iter 2147/2746 took 2.77 seconds
Iter 2148/2746 took 2.91 seconds
Iter 2149/2746 took 2.90 seconds
Iter 2150/2746 took 2.78 seconds
Iter 2151/2746 took 2.75 seconds
Iter 2152/2746 took 2.80 seconds
Iter 2153/2746 took 2.69 seconds
Iter 2154/2746 took 2.69 seconds
Iter 2155/2746 took 2.69 seconds
Iter 2156/2746 took 2.67 seconds
Iter 2157/2746 took 2.63 seconds
Iter 2158/2746 took 2.67 seconds
Iter 2159/2746 took 2.67 seconds
Iter 2160/2746 took 2.75 seconds
Iter 2161/2746 took 2.72 seconds
Iter 2162/2746 took 2.73 seconds
Iter 2163/2746 took 2.77 seconds
Iter 2164/2746 took 2.74 seconds
Iter 2165/2746 took 2.75 seconds
Iter 2166/2746 took 2.75 seconds
Iter 2167/2746 took 2.72 seconds
Iter 2168/2746 took 2.73 seconds
Iter 2169/2746 took 2.65 seconds
Iter 2170/2746 took 2.61 seconds
Iter 2171/2746 took 2.64 seconds
Iter 2172/2746 took 2.61 seconds
Iter 2173/2746 took 2.72 seconds
Iter 2174/2746 took 2.66 seconds
Iter 2175/2746 took 2.80 seconds
Iter 2176/2746 took 2.73 seconds
Iter 2177/2746 took 2.72 seconds
Iter 2178/2746 took 2.71 seconds
Iter 2179/2746 took 2.70 seconds
Iter 2180/2746 took 2.71 seconds
Iter 2181/2746 took 2.73 seconds
Iter 2182/2746 took 2.70 seconds
Iter 2183/2746 took 2.73 seconds
Iter 2184/2746 took 2.67 seconds
Iter 2185/2746 took 2.65 seconds
Iter 2186/2746 took 2.68 seconds
Iter 2187/2746 took 2.66 seconds
Iter 2188/2746 took 2.60 seconds
Iter 2189/2746 took 2.66 seconds
Iter 2190/2746 took 2.65 seconds
Iter 2191/2746 took 2.64 seconds
Iter 2192/2746 took 2.63 seconds
Iter 2193/2746 took 2.59 seconds
Iter 2194/2746 took 2.60 seconds
Iter 2195/2746 took 2.59 seconds
Iter 2196/2746 took 2.55 seconds
Iter 2197/2746 took 2.60 seconds
Iter 2198/2746 took 2.62 seconds
Iter 2199/2746 took 2.64 seconds
Iter 2200/2746 took 2.66 seconds
Iter 2201/2746 took 2.64 seconds
Iter 2202/2746 took 2.66 seconds
Iter 2203/2746 took 2.74 seconds
Iter 2204/2746 took 2.75 seconds
Iter 2205/2746 took 2.75 seconds
Iter 2206/2746 took 2.70 seconds
Iter 2207/2746 took 2.66 seconds
Iter 2208/2746 took 2.70 seconds
Iter 2209/2746 took 2.70 seconds
Iter 2210/2746 took 2.62 seconds
Iter 2211/2746 took 2.65 seconds
Iter 2212/2746 took 2.65 seconds
Iter 2213/2746 took 2.67 seconds
Iter 2214/2746 took 2.70 seconds
Iter 2215/2746 took 2.85 seconds
Iter 2216/2746 took 2.83 seconds
Iter 2217/2746 took 2.69 seconds
Iter 2218/2746 took 2.74 seconds
Iter 2219/2746 took 2.79 seconds
Iter 2220/2746 took 2.83 seconds
Iter 2221/2746 took 2.70 seconds
Iter 2222/2746 took 2.70 seconds
Iter 2223/2746 took 2.66 seconds
Iter 2224/2746 took 2.76 seconds
Iter 2225/2746 took 2.81 seconds
Iter 2226/2746 took 2.80 seconds
Iter 2227/2746 took 2.67 seconds
Iter 2228/2746 took 2.71 seconds
Iter 2229/2746 took 2.69 seconds
Iter 2230/2746 took 2.71 seconds
Iter 2231/2746 took 2.73 seconds
Iter 2232/2746 took 2.71 seconds
Iter 2233/2746 took 2.69 seconds
Iter 2234/2746 took 2.89 seconds
Iter 2235/2746 took 2.93 seconds
Iter 2236/2746 took 2.90 seconds
Iter 2237/2746 took 2.90 seconds
Iter 2238/2746 took 2.71 seconds
Iter 2239/2746 took 2.79 seconds
Iter 2240/2746 took 2.73 seconds
Iter 2241/2746 took 2.77 seconds
Iter 2242/2746 took 2.74 seconds
Iter 2243/2746 took 2.75 seconds
Iter 2244/2746 took 2.81 seconds
Iter 2245/2746 took 2.72 seconds
Iter 2246/2746 took 2.73 seconds
Iter 2247/2746 took 2.77 seconds
Iter 2248/2746 took 2.82 seconds
Iter 2249/2746 took 2.72 seconds
Iter 2250/2746 took 2.78 seconds
Iter 2251/2746 took 2.68 seconds
Iter 2252/2746 took 2.70 seconds
Iter 2253/2746 took 2.75 seconds
Iter 2254/2746 took 2.87 seconds
Iter 2255/2746 took 2.75 seconds
Iter 2256/2746 took 2.73 seconds
Iter 2257/2746 took 2.74 seconds
Iter 2258/2746 took 2.79 seconds
Iter 2259/2746 took 2.72 seconds
Iter 2260/2746 took 2.82 seconds
Iter 2261/2746 took 2.69 seconds
Iter 2262/2746 took 2.74 seconds
Iter 2263/2746 took 2.69 seconds
Iter 2264/2746 took 2.60 seconds
Iter 2265/2746 took 2.68 seconds
Iter 2266/2746 took 2.70 seconds
Iter 2267/2746 took 2.68 seconds
Iter 2268/2746 took 2.70 seconds
Iter 2269/2746 took 2.69 seconds
Iter 2270/2746 took 2.77 seconds
Iter 2271/2746 took 2.78 seconds
Iter 2272/2746 took 2.76 seconds
Iter 2273/2746 took 2.61 seconds
Iter 2274/2746 took 2.67 seconds
Iter 2275/2746 took 2.60 seconds
Iter 2276/2746 took 2.66 seconds
Iter 2277/2746 took 2.64 seconds
Iter 2278/2746 took 2.65 seconds
Iter 2279/2746 took 2.80 seconds
Iter 2280/2746 took 2.78 seconds
Iter 2281/2746 took 2.82 seconds
Iter 2282/2746 took 2.73 seconds
Iter 2283/2746 took 2.74 seconds
Iter 2284/2746 took 2.77 seconds
Iter 2285/2746 took 2.83 seconds
Iter 2286/2746 took 2.80 seconds
Iter 2287/2746 took 2.91 seconds
Iter 2288/2746 took 2.89 seconds
Iter 2289/2746 took 2.81 seconds
checkpoint saved to /home/aojili/lsy_drone_racing/lsy_drone_racing/control/checkpoints/level3_loop_018_v5_gate_acquisition_repair_mature_90m/level3_loop_018_v5_gate_acquisition_repair_mature_90m_step_075000000.ckpt at global_step=75005952
Iter 2290/2746 took 2.87 seconds
Iter 2291/2746 took 2.88 seconds
Iter 2292/2746 took 2.69 seconds
Iter 2293/2746 took 2.74 seconds
Iter 2294/2746 took 2.82 seconds
Iter 2295/2746 took 2.73 seconds
Iter 2296/2746 took 2.61 seconds
Iter 2297/2746 took 2.64 seconds
Iter 2298/2746 took 2.60 seconds
Iter 2299/2746 took 2.70 seconds
Iter 2300/2746 took 2.64 seconds
Iter 2301/2746 took 2.66 seconds
Iter 2302/2746 took 2.71 seconds
Iter 2303/2746 took 2.72 seconds
Iter 2304/2746 took 2.72 seconds
Iter 2305/2746 took 2.68 seconds
Iter 2306/2746 took 2.66 seconds
Iter 2307/2746 took 2.72 seconds
Iter 2308/2746 took 2.70 seconds
Iter 2309/2746 took 2.68 seconds
Iter 2310/2746 took 2.71 seconds
Iter 2311/2746 took 2.67 seconds
Iter 2312/2746 took 2.66 seconds
Iter 2313/2746 took 2.70 seconds
Iter 2314/2746 took 2.81 seconds
Iter 2315/2746 took 2.88 seconds
Iter 2316/2746 took 2.86 seconds
Iter 2317/2746 took 2.81 seconds
Iter 2318/2746 took 2.89 seconds
Iter 2319/2746 took 2.81 seconds
Iter 2320/2746 took 2.79 seconds
Iter 2321/2746 took 2.82 seconds
Iter 2322/2746 took 2.74 seconds
Iter 2323/2746 took 2.86 seconds
Iter 2324/2746 took 2.86 seconds
Iter 2325/2746 took 2.77 seconds
Iter 2326/2746 took 2.76 seconds
Iter 2327/2746 took 2.78 seconds
Iter 2328/2746 took 2.71 seconds
Iter 2329/2746 took 2.75 seconds
Iter 2330/2746 took 2.65 seconds
Iter 2331/2746 took 2.64 seconds
Iter 2332/2746 took 2.78 seconds
Iter 2333/2746 took 2.75 seconds
Iter 2334/2746 took 2.77 seconds
Iter 2335/2746 took 2.81 seconds
Iter 2336/2746 took 2.82 seconds
Iter 2337/2746 took 2.85 seconds
Iter 2338/2746 took 2.82 seconds
Iter 2339/2746 took 2.73 seconds
Iter 2340/2746 took 2.74 seconds
Iter 2341/2746 took 2.77 seconds
Iter 2342/2746 took 2.78 seconds
Iter 2343/2746 took 2.87 seconds
Iter 2344/2746 took 2.87 seconds
Iter 2345/2746 took 2.86 seconds
Iter 2346/2746 took 2.87 seconds
Iter 2347/2746 took 2.77 seconds
Iter 2348/2746 took 2.82 seconds
Iter 2349/2746 took 2.78 seconds
Iter 2350/2746 took 2.87 seconds
Iter 2351/2746 took 2.86 seconds
Iter 2352/2746 took 2.84 seconds
Iter 2353/2746 took 2.68 seconds
Iter 2354/2746 took 2.63 seconds
Iter 2355/2746 took 2.82 seconds
Iter 2356/2746 took 2.75 seconds
Iter 2357/2746 took 2.73 seconds
Iter 2358/2746 took 2.79 seconds
Iter 2359/2746 took 2.74 seconds
Iter 2360/2746 took 2.82 seconds
Iter 2361/2746 took 2.79 seconds
Iter 2362/2746 took 2.68 seconds
Iter 2363/2746 took 2.85 seconds
Iter 2364/2746 took 2.82 seconds
Iter 2365/2746 took 2.80 seconds
Iter 2366/2746 took 2.87 seconds
Iter 2367/2746 took 2.67 seconds
Iter 2368/2746 took 2.66 seconds
Iter 2369/2746 took 2.67 seconds
Iter 2370/2746 took 2.73 seconds
Iter 2371/2746 took 2.72 seconds
Iter 2372/2746 took 2.68 seconds
Iter 2373/2746 took 2.63 seconds
Iter 2374/2746 took 2.59 seconds
Iter 2375/2746 took 2.66 seconds
Iter 2376/2746 took 2.68 seconds
Iter 2377/2746 took 2.68 seconds
Iter 2378/2746 took 2.62 seconds
Iter 2379/2746 took 2.69 seconds
Iter 2380/2746 took 2.63 seconds
Iter 2381/2746 took 2.64 seconds
Iter 2382/2746 took 2.69 seconds
Iter 2383/2746 took 2.64 seconds
Iter 2384/2746 took 2.59 seconds
Iter 2385/2746 took 2.63 seconds
Iter 2386/2746 took 2.63 seconds
Iter 2387/2746 took 2.60 seconds
Iter 2388/2746 took 2.59 seconds
Iter 2389/2746 took 2.64 seconds
Iter 2390/2746 took 2.62 seconds
Iter 2391/2746 took 2.59 seconds
Iter 2392/2746 took 2.62 seconds
Iter 2393/2746 took 2.62 seconds
Iter 2394/2746 took 2.66 seconds
Iter 2395/2746 took 2.60 seconds
Iter 2396/2746 took 2.64 seconds
Iter 2397/2746 took 2.63 seconds
Iter 2398/2746 took 2.64 seconds
Iter 2399/2746 took 2.56 seconds
Iter 2400/2746 took 2.61 seconds
Iter 2401/2746 took 2.67 seconds
Iter 2402/2746 took 2.64 seconds
Iter 2403/2746 took 2.70 seconds
Iter 2404/2746 took 2.72 seconds
Iter 2405/2746 took 2.68 seconds
Iter 2406/2746 took 2.77 seconds
Iter 2407/2746 took 2.73 seconds
Iter 2408/2746 took 2.68 seconds
Iter 2409/2746 took 2.70 seconds
Iter 2410/2746 took 2.77 seconds
Iter 2411/2746 took 2.73 seconds
Iter 2412/2746 took 2.68 seconds
Iter 2413/2746 took 2.72 seconds
Iter 2414/2746 took 2.73 seconds
Iter 2415/2746 took 2.69 seconds
Iter 2416/2746 took 2.72 seconds
Iter 2417/2746 took 2.72 seconds
Iter 2418/2746 took 2.77 seconds
Iter 2419/2746 took 2.82 seconds
Iter 2420/2746 took 2.77 seconds
Iter 2421/2746 took 2.85 seconds
Iter 2422/2746 took 2.78 seconds
Iter 2423/2746 took 2.68 seconds
Iter 2424/2746 took 2.80 seconds
Iter 2425/2746 took 2.80 seconds
Iter 2426/2746 took 2.83 seconds
Iter 2427/2746 took 2.79 seconds
Iter 2428/2746 took 2.86 seconds
Iter 2429/2746 took 2.77 seconds
Iter 2430/2746 took 2.80 seconds
Iter 2431/2746 took 2.72 seconds
Iter 2432/2746 took 2.73 seconds
Iter 2433/2746 took 2.66 seconds
Iter 2434/2746 took 2.75 seconds
Iter 2435/2746 took 2.77 seconds
Iter 2436/2746 took 2.74 seconds
Iter 2437/2746 took 2.82 seconds
Iter 2438/2746 took 2.84 seconds
Iter 2439/2746 took 2.83 seconds
Iter 2440/2746 took 2.79 seconds
Iter 2441/2746 took 2.91 seconds
Iter 2442/2746 took 2.82 seconds
checkpoint saved to /home/aojili/lsy_drone_racing/lsy_drone_racing/control/checkpoints/level3_loop_018_v5_gate_acquisition_repair_mature_90m/level3_loop_018_v5_gate_acquisition_repair_mature_90m_step_080000000.ckpt at global_step=80019456
Iter 2443/2746 took 2.86 seconds
Iter 2444/2746 took 2.86 seconds
Iter 2445/2746 took 2.81 seconds
Iter 2446/2746 took 2.72 seconds
Iter 2447/2746 took 2.77 seconds
Iter 2448/2746 took 2.69 seconds
Iter 2449/2746 took 2.66 seconds
Iter 2450/2746 took 2.79 seconds
Iter 2451/2746 took 2.82 seconds
Iter 2452/2746 took 2.70 seconds
Iter 2453/2746 took 2.75 seconds
Iter 2454/2746 took 2.63 seconds
Iter 2455/2746 took 2.67 seconds
Iter 2456/2746 took 2.74 seconds
Iter 2457/2746 took 2.71 seconds
Iter 2458/2746 took 2.79 seconds
Iter 2459/2746 took 2.61 seconds
Iter 2460/2746 took 2.73 seconds
Iter 2461/2746 took 2.76 seconds
Iter 2462/2746 took 2.89 seconds
Iter 2463/2746 took 2.90 seconds
Iter 2464/2746 took 2.92 seconds
Iter 2465/2746 took 2.79 seconds
Iter 2466/2746 took 2.85 seconds
Iter 2467/2746 took 2.87 seconds
Iter 2468/2746 took 2.70 seconds
Iter 2469/2746 took 2.78 seconds
Iter 2470/2746 took 2.72 seconds
Iter 2471/2746 took 2.65 seconds
Iter 2472/2746 took 2.65 seconds
Iter 2473/2746 took 2.66 seconds
Iter 2474/2746 took 2.70 seconds
Iter 2475/2746 took 2.66 seconds
Iter 2476/2746 took 2.64 seconds
Iter 2477/2746 took 2.62 seconds
Iter 2478/2746 took 2.61 seconds
Iter 2479/2746 took 2.61 seconds
Iter 2480/2746 took 2.61 seconds
Iter 2481/2746 took 2.62 seconds
Iter 2482/2746 took 2.67 seconds
Iter 2483/2746 took 2.63 seconds
Iter 2484/2746 took 2.58 seconds
Iter 2485/2746 took 2.60 seconds
Iter 2486/2746 took 2.65 seconds
Iter 2487/2746 took 2.68 seconds
Iter 2488/2746 took 2.69 seconds
Iter 2489/2746 took 2.61 seconds
Iter 2490/2746 took 2.62 seconds
Iter 2491/2746 took 2.65 seconds
Iter 2492/2746 took 2.59 seconds
Iter 2493/2746 took 2.72 seconds
Iter 2494/2746 took 2.76 seconds
Iter 2495/2746 took 2.73 seconds
Iter 2496/2746 took 2.57 seconds
Iter 2497/2746 took 2.59 seconds
Iter 2498/2746 took 2.66 seconds
Iter 2499/2746 took 2.73 seconds
Iter 2500/2746 took 2.82 seconds
Iter 2501/2746 took 2.72 seconds
Iter 2502/2746 took 2.69 seconds
Iter 2503/2746 took 2.61 seconds
Iter 2504/2746 took 2.59 seconds
Iter 2505/2746 took 2.78 seconds
Iter 2506/2746 took 2.71 seconds
Iter 2507/2746 took 2.63 seconds
Iter 2508/2746 took 2.64 seconds
Iter 2509/2746 took 2.66 seconds
Iter 2510/2746 took 2.80 seconds
Iter 2511/2746 took 2.70 seconds
Iter 2512/2746 took 2.72 seconds
Iter 2513/2746 took 2.66 seconds
Iter 2514/2746 took 2.75 seconds
Iter 2515/2746 took 2.79 seconds
Iter 2516/2746 took 2.80 seconds
Iter 2517/2746 took 2.74 seconds
Iter 2518/2746 took 2.66 seconds
Iter 2519/2746 took 2.67 seconds
Iter 2520/2746 took 2.67 seconds
Iter 2521/2746 took 2.72 seconds
Iter 2522/2746 took 2.70 seconds
Iter 2523/2746 took 2.67 seconds
Iter 2524/2746 took 2.57 seconds
Iter 2525/2746 took 2.64 seconds
Iter 2526/2746 took 2.64 seconds
Iter 2527/2746 took 2.73 seconds
Iter 2528/2746 took 2.73 seconds
Iter 2529/2746 took 2.68 seconds
Iter 2530/2746 took 2.66 seconds
Iter 2531/2746 took 2.66 seconds
Iter 2532/2746 took 2.68 seconds
Iter 2533/2746 took 2.67 seconds
Iter 2534/2746 took 2.63 seconds
Iter 2535/2746 took 2.68 seconds
Iter 2536/2746 took 2.68 seconds
Iter 2537/2746 took 2.66 seconds
Iter 2538/2746 took 2.68 seconds
Iter 2539/2746 took 2.69 seconds
Iter 2540/2746 took 2.64 seconds
Iter 2541/2746 took 2.64 seconds
Iter 2542/2746 took 2.69 seconds
Iter 2543/2746 took 2.68 seconds
Iter 2544/2746 took 2.67 seconds
Iter 2545/2746 took 2.65 seconds
Iter 2546/2746 took 2.67 seconds
Iter 2547/2746 took 2.70 seconds
Iter 2548/2746 took 2.65 seconds
Iter 2549/2746 took 2.66 seconds
Iter 2550/2746 took 2.66 seconds
Iter 2551/2746 took 2.67 seconds
Iter 2552/2746 took 2.67 seconds
Iter 2553/2746 took 2.66 seconds
Iter 2554/2746 took 2.66 seconds
Iter 2555/2746 took 2.72 seconds
Iter 2556/2746 took 2.74 seconds
Iter 2557/2746 took 2.72 seconds
Iter 2558/2746 took 2.65 seconds
Iter 2559/2746 took 2.69 seconds
Iter 2560/2746 took 2.74 seconds
Iter 2561/2746 took 2.72 seconds
Iter 2562/2746 took 2.85 seconds
Iter 2563/2746 took 2.83 seconds
Iter 2564/2746 took 2.86 seconds
Iter 2565/2746 took 2.70 seconds
Iter 2566/2746 took 2.72 seconds
Iter 2567/2746 took 2.71 seconds
Iter 2568/2746 took 2.76 seconds
Iter 2569/2746 took 2.69 seconds
Iter 2570/2746 took 2.72 seconds
Iter 2571/2746 took 2.68 seconds
Iter 2572/2746 took 2.65 seconds
Iter 2573/2746 took 2.60 seconds
Iter 2574/2746 took 2.60 seconds
Iter 2575/2746 took 2.63 seconds
Iter 2576/2746 took 2.58 seconds
Iter 2577/2746 took 2.60 seconds
Iter 2578/2746 took 2.62 seconds
Iter 2579/2746 took 2.70 seconds
Iter 2580/2746 took 2.77 seconds
Iter 2581/2746 took 2.66 seconds
Iter 2582/2746 took 2.69 seconds
Iter 2583/2746 took 2.70 seconds
Iter 2584/2746 took 2.73 seconds
Iter 2585/2746 took 2.69 seconds
Iter 2586/2746 took 2.76 seconds
Iter 2587/2746 took 2.73 seconds
Iter 2588/2746 took 2.71 seconds
Iter 2589/2746 took 2.64 seconds
Iter 2590/2746 took 2.65 seconds
Iter 2591/2746 took 2.68 seconds
Iter 2592/2746 took 2.66 seconds
Iter 2593/2746 took 2.60 seconds
Iter 2594/2746 took 2.69 seconds
checkpoint saved to /home/aojili/lsy_drone_racing/lsy_drone_racing/control/checkpoints/level3_loop_018_v5_gate_acquisition_repair_mature_90m/level3_loop_018_v5_gate_acquisition_repair_mature_90m_step_085000000.ckpt at global_step=85000192
Iter 2595/2746 took 2.72 seconds
Iter 2596/2746 took 2.68 seconds
Iter 2597/2746 took 2.68 seconds
Iter 2598/2746 took 2.66 seconds
Iter 2599/2746 took 2.69 seconds
Iter 2600/2746 took 2.69 seconds
Iter 2601/2746 took 2.74 seconds
Iter 2602/2746 took 2.71 seconds
Iter 2603/2746 took 2.78 seconds
Iter 2604/2746 took 2.76 seconds
Iter 2605/2746 took 2.73 seconds
Iter 2606/2746 took 2.77 seconds
Iter 2607/2746 took 2.70 seconds
Iter 2608/2746 took 2.79 seconds
Iter 2609/2746 took 2.87 seconds
Iter 2610/2746 took 2.81 seconds
Iter 2611/2746 took 2.79 seconds
Iter 2612/2746 took 2.79 seconds
Iter 2613/2746 took 2.72 seconds
Iter 2614/2746 took 2.71 seconds
Iter 2615/2746 took 2.70 seconds
Iter 2616/2746 took 2.71 seconds
Iter 2617/2746 took 2.64 seconds
Iter 2618/2746 took 2.71 seconds
Iter 2619/2746 took 2.73 seconds
Iter 2620/2746 took 2.65 seconds
Iter 2621/2746 took 2.68 seconds
Iter 2622/2746 took 2.62 seconds
Iter 2623/2746 took 2.64 seconds
Iter 2624/2746 took 2.61 seconds
Iter 2625/2746 took 2.61 seconds
Iter 2626/2746 took 2.64 seconds
Iter 2627/2746 took 2.67 seconds
Iter 2628/2746 took 2.65 seconds
Iter 2629/2746 took 2.69 seconds
Iter 2630/2746 took 2.83 seconds
Iter 2631/2746 took 2.75 seconds
Iter 2632/2746 took 2.73 seconds
Iter 2633/2746 took 2.69 seconds
Iter 2634/2746 took 2.79 seconds
Iter 2635/2746 took 2.73 seconds
Iter 2636/2746 took 2.69 secondswandb: updating run metadata
wandb: uploading output.log; uploading wandb-summary.json; uploading config.yaml
wandb: uploading history steps 87742-87861, summary, console lines 2763-2768
wandb: 
wandb: Run history:
wandb:                charts/SPS ▁▁▂▂▂▂▂▂▂▃▃▃▃▃▃▄▄▄▄▄▄▅▅▅▅▅▅▅▅▅▆▆▆▆▆▇████
wandb:      charts/learning_rate █████▇▇▇▇▇▆▆▆▆▆▅▅▅▅▅▄▄▄▄▄▄▄▄▃▃▃▃▂▂▂▂▂▁▁▁
wandb:               global_step ▁▁▁▁▂▂▂▂▂▂▃▃▃▃▃▃▃▃▄▄▄▄▅▅▅▆▆▆▇▇▇▇▇▇▇▇████
wandb:          losses/approx_kl ▆▇▇▆▅▆▆▆▆▅▅▆▇▅▆▆▆▅█▅▅▅▅▅▅▆▆▅▅▄▄▄▃▅▅▄▃▃▂▁
wandb:           losses/clipfrac ▅▇▅▆▆█▅▇▆▇▅▅▆▄▄▄▅▅▅▅▅▅▄▄▄▃▃▄▃▃▃▃▂▂▂▁▁▁▁▁
wandb:            losses/entropy ▃▃▂▂▂▃▂▂▁▂▂▂▁▂▂▃▃▃▃▂▃▃▃▄▄▄▆▆▆▆▇▇▇▇▇▇▇▇▇█
wandb: losses/explained_variance ▄▅▅▃▄▅▇▆▂▂▇▄▅▃▂▄▁▇▆▄▁▆▂▄▄▅▇▃▄▅▅▆▇▅▅█▇▅▆▆
wandb:      losses/old_approx_kl ▅▆▆▆█▇▆▆▅▅▆▅▆▆▅▇▇▄▅▆▆▆▅▆▄▄▄▄▄▅▅▄▅▄▄▁▁▂▃▂
wandb:        losses/policy_loss ▄▃▅▄▁▆▃▄▄▂▄▄▄▅▆▄▆▄▅▅▄▄▆▃▄▃▂▅▅▅▆▄█▅▅▆▆█▄█
wandb:         losses/value_loss ▅▅▃▄▃▄▃▆▃▄▇▇▆▄▄▄▄▅▃▄▁▃▅▅▄█▃▃▃█▆▃▃▆▃▆▅▂▅▅
wandb:                       +45 ...
wandb: 
wandb: Run summary:
wandb:                charts/SPS 32740553
wandb:      charts/learning_rate 0.0
wandb:               global_step 89980928
wandb:          losses/approx_kl 0.0
wandb:           losses/clipfrac 0
wandb:            losses/entropy 3.7834
wandb: losses/explained_variance 0.74926
wandb:      losses/old_approx_kl 1e-05
wandb:        losses/policy_loss -1e-05
wandb:         losses/value_loss 600.95129
wandb:                       +45 ...
wandb: 
wandb: 🚀 View run level3_loop_018_v5_gate_acquisition_repair_mature_90m at: https://wandb.ai/aojili77-technical-university-of-munich/ADR-PPO-Racing-Level3/runs/level3_loop_018_v5_gate_acquisition_repair_mature_90m
wandb: ⭐️ View project at: https://wandb.ai/aojili77-technical-university-of-munich/ADR-PPO-Racing-Level3
wandb: Synced 5 W&B file(s), 0 media file(s), 0 artifact file(s) and 0 other file(s)
wandb: Find logs at: ./wandb/run-20260619_222256-level3_loop_018_v5_gate_acquisition_repair_mature_90m/logs

Iter 2637/2746 took 2.73 seconds
Iter 2638/2746 took 2.74 seconds
Iter 2639/2746 took 2.67 seconds
Iter 2640/2746 took 2.70 seconds
Iter 2641/2746 took 2.80 seconds
Iter 2642/2746 took 2.70 seconds
Iter 2643/2746 took 2.79 seconds
Iter 2644/2746 took 2.77 seconds
Iter 2645/2746 took 2.76 seconds
Iter 2646/2746 took 2.76 seconds
Iter 2647/2746 took 2.84 seconds
Iter 2648/2746 took 2.81 seconds
Iter 2649/2746 took 2.76 seconds
Iter 2650/2746 took 2.78 seconds
Iter 2651/2746 took 2.71 seconds
Iter 2652/2746 took 2.79 seconds
Iter 2653/2746 took 2.85 seconds
Iter 2654/2746 took 2.83 seconds
Iter 2655/2746 took 2.78 seconds
Iter 2656/2746 took 2.64 seconds
Iter 2657/2746 took 2.72 seconds
Iter 2658/2746 took 2.68 seconds
Iter 2659/2746 took 2.76 seconds
Iter 2660/2746 took 2.86 seconds
Iter 2661/2746 took 2.74 seconds
Iter 2662/2746 took 2.71 seconds
Iter 2663/2746 took 2.72 seconds
Iter 2664/2746 took 2.69 seconds
Iter 2665/2746 took 2.71 seconds
Iter 2666/2746 took 2.74 seconds
Iter 2667/2746 took 2.69 seconds
Iter 2668/2746 took 2.62 seconds
Iter 2669/2746 took 2.70 seconds
Iter 2670/2746 took 2.70 seconds
Iter 2671/2746 took 2.69 seconds
Iter 2672/2746 took 2.65 seconds
Iter 2673/2746 took 2.75 seconds
Iter 2674/2746 took 2.72 seconds
Iter 2675/2746 took 2.67 seconds
Iter 2676/2746 took 2.73 seconds
Iter 2677/2746 took 2.69 seconds
Iter 2678/2746 took 2.75 seconds
Iter 2679/2746 took 2.68 seconds
Iter 2680/2746 took 2.74 seconds
Iter 2681/2746 took 2.71 seconds
Iter 2682/2746 took 2.65 seconds
Iter 2683/2746 took 2.66 seconds
Iter 2684/2746 took 2.74 seconds
Iter 2685/2746 took 2.69 seconds
Iter 2686/2746 took 2.78 seconds
Iter 2687/2746 took 2.64 seconds
Iter 2688/2746 took 2.62 seconds
Iter 2689/2746 took 2.65 seconds
Iter 2690/2746 took 2.65 seconds
Iter 2691/2746 took 2.65 seconds
Iter 2692/2746 took 2.67 seconds
Iter 2693/2746 took 2.75 seconds
Iter 2694/2746 took 2.92 seconds
Iter 2695/2746 took 2.77 seconds
Iter 2696/2746 took 2.67 seconds
Iter 2697/2746 took 2.70 seconds
Iter 2698/2746 took 2.63 seconds
Iter 2699/2746 took 2.68 seconds
Iter 2700/2746 took 2.75 seconds
Iter 2701/2746 took 2.68 seconds
Iter 2702/2746 took 2.74 seconds
Iter 2703/2746 took 2.84 seconds
Iter 2704/2746 took 2.77 seconds
Iter 2705/2746 took 2.75 seconds
Iter 2706/2746 took 2.75 seconds
Iter 2707/2746 took 2.66 seconds
Iter 2708/2746 took 2.66 seconds
Iter 2709/2746 took 2.72 seconds
Iter 2710/2746 took 2.79 seconds
Iter 2711/2746 took 2.75 seconds
Iter 2712/2746 took 2.77 seconds
Iter 2713/2746 took 2.75 seconds
Iter 2714/2746 took 2.74 seconds
Iter 2715/2746 took 2.77 seconds
Iter 2716/2746 took 2.75 seconds
Iter 2717/2746 took 2.75 seconds
Iter 2718/2746 took 2.64 seconds
Iter 2719/2746 took 2.63 seconds
Iter 2720/2746 took 2.59 seconds
Iter 2721/2746 took 2.61 seconds
Iter 2722/2746 took 2.67 seconds
Iter 2723/2746 took 2.64 seconds
Iter 2724/2746 took 2.68 seconds
Iter 2725/2746 took 2.63 seconds
Iter 2726/2746 took 2.65 seconds
Iter 2727/2746 took 2.63 seconds
Iter 2728/2746 took 2.72 seconds
Iter 2729/2746 took 2.72 seconds
Iter 2730/2746 took 2.86 seconds
Iter 2731/2746 took 2.71 seconds
Iter 2732/2746 took 2.69 seconds
Iter 2733/2746 took 2.76 seconds
Iter 2734/2746 took 2.69 seconds
Iter 2735/2746 took 2.80 seconds
Iter 2736/2746 took 2.74 seconds
Iter 2737/2746 took 2.76 seconds
Iter 2738/2746 took 2.71 seconds
Iter 2739/2746 took 2.67 seconds
Iter 2740/2746 took 2.83 seconds
Iter 2741/2746 took 2.74 seconds
Iter 2742/2746 took 2.74 seconds
Iter 2743/2746 took 2.69 seconds
Iter 2744/2746 took 2.71 seconds
Iter 2745/2746 took 2.83 seconds
Iter 2746/2746 took 2.75 seconds
Training for 89980928 steps took 7450.21 seconds.
model saved to /home/aojili/lsy_drone_racing/lsy_drone_racing/control/checkpoints/level3_loop_018_v5_gate_acquisition_repair_mature_90m/level3_loop_018_v5_gate_acquisition_repair_mature_90m_final.ckpt
