$ /home/aojili/lsy_drone_racing/.pixi/envs/gpu/bin/python /home/aojili/lsy_drone_racing/lsy_drone_racing/control/train_CleanRL_ppo_level3.py --config=level3_dr.toml --wandb_enabled=True --wandb_project_name=ADR-PPO-Racing-Level3 --wandb_mode=online --train=True --eval=0 --total_timesteps=45000000 --num_envs=1024 --num_steps=32 --cuda=True --jax_device=gpu --model_name=checkpoints/level3_loop_084_structural_v26_v23_10m_success_replay_retention_mature_to_60m/level3_loop_084_structural_v26_v23_10m_success_replay_retention_mature_to_60m_final.ckpt --checkpoint_dir=/home/aojili/lsy_drone_racing/lsy_drone_racing/control/checkpoints/level3_loop_084_structural_v26_v23_10m_success_replay_retention_mature_to_60m --checkpoint_interval=5000000 --observation_layout=level3_gate_corridor_obstacle_relative_2obs_local_history_v8 --wandb_entity=aojili77-technical-university-of-munich --wandb_run_name=level3_loop_084_structural_v26_v23_10m_success_replay_retention_mature_to_60m --wandb_run_id=level3_loop_084_structural_v26_v23_10m_success_replay_retention_mature_to_60m --initial_model_name=/home/aojili/lsy_drone_racing/lsy_drone_racing/control/checkpoints/level3_loop_083_structural_v26_v23_10m_success_replay_retention_20m/level3_loop_083_structural_v26_v23_10m_success_replay_retention_20m_step_015000000.ckpt --learning_rate=2e-05 --anneal_lr=False --gamma=0.99 --gae_lambda=0.95 --update_epochs=5 --num_minibatches=8 --clip_coef=0.26 --clip_vloss=True --ent_coef=0.02 --vf_coef=0.7 --max_grad_norm=1.5 --target_kl=0.03 --hidden_dim=256 --policy_arch=mlp_2x_tanh --recurrent_hidden_dim=256 --recurrent_sequence_len=32 --n_obs=2 --action_rp_limit_deg=90.0 --action_lowpass_alpha=1.0 --reward_structure=decoupled_frame_clearance --track_generator_profile=loop078_v23_success_replay_lowprob --progress_coef=0.0 --gate_stage_coef=10.0 --gate_axis_coef=12.0 --near_gate_coef=0.0 --gate_bonus=90.0 --gate_front_bonus=0.0 --gate_plane_bonus=0.0 --gate_back_bonus=12.0 --finish_bonus=160.0 --missed_gate_penalty=0.0 --gate_frame_pressure_coef=1.0 --wrong_side_penalty=8.0 --crash_penalty=100.0 --obstacle_coef=10.0 --obstacle_margin=0.45 --obstacle_clearance_coef=6.0 --timeout_penalty=80.0 --time_penalty=0.015 --act_coef=0.03 --d_act_th_coef=0.1 --d_act_xy_coef=0.1 --cmd_tilt_coef=1.0 --rpy_coef=1.0 --tilt_limit_deg=40.0 --tilt_excess_coef=15.0

W0622 08:56:44.437092 4004360 cuda_executor.cc:1802] GPU interconnect information not available: INTERNAL: NVML doesn't support extracting fabric info or NVLink is not used by the device.
W0622 08:56:44.439500 4004283 cuda_executor.cc:1802] GPU interconnect information not available: INTERNAL: NVML doesn't support extracting fabric info or NVLink is not used by the device.
wandb: [wandb.login()] Loaded credentials for https://api.wandb.ai from /home/aojili/.netrc.
wandb: Currently logged in as: aojili77 (aojili77-technical-university-of-munich) to https://api.wandb.ai. Use `wandb login --relogin` to force relogin
wandb: setting up run level3_loop_084_structural_v26_v23_10m_success_replay_retention_mature_to_60m
wandb: Tracking run with wandb version 0.25.1
wandb: Run data is saved locally in /home/aojili/lsy_drone_racing/wandb/run-20260622_085648-level3_loop_084_structural_v26_v23_10m_success_replay_retention_mature_to_60m
wandb: Run `wandb offline` to turn off syncing.
wandb: Syncing run level3_loop_084_structural_v26_v23_10m_success_replay_retention_mature_to_60m
wandb: ⭐️ View project at https://wandb.ai/aojili77-technical-university-of-munich/ADR-PPO-Racing-Level3
wandb: 🚀 View run at https://wandb.ai/aojili77-technical-university-of-munich/ADR-PPO-Racing-Level3/runs/level3_loop_084_structural_v26_v23_10m_success_replay_retention_mature_to_60m
/home/aojili/lsy_drone_racing/.pixi/envs/gpu/lib/python3.13/site-packages/jax/_src/abstract_arrays.py:135: RuntimeWarning: overflow encountered in cast
  return literals.TypedNdArray(np.asarray(x, dtype), weak_type=False)
Training on device: cuda | Environment device: gpu
initialized agent weights from /home/aojili/lsy_drone_racing/lsy_drone_racing/control/checkpoints/level3_loop_083_structural_v26_v23_10m_success_replay_retention_20m/level3_loop_083_structural_v26_v23_10m_success_replay_retention_20m_step_015000000.ckpt; optimizer starts fresh
Iter 1/1373 took 15.92 seconds
Iter 2/1373 took 3.18 seconds
Iter 3/1373 took 3.10 seconds
Iter 4/1373 took 3.11 seconds
Iter 5/1373 took 3.09 seconds
Iter 6/1373 took 3.03 seconds
Iter 7/1373 took 3.01 seconds
Iter 8/1373 took 3.01 seconds
Iter 9/1373 took 3.03 seconds
Iter 10/1373 took 3.02 seconds
Iter 11/1373 took 3.13 seconds
Iter 12/1373 took 3.06 seconds
Iter 13/1373 took 3.10 seconds
Iter 14/1373 took 3.03 seconds
Iter 15/1373 took 3.16 seconds
Iter 16/1373 took 3.14 seconds
Iter 17/1373 took 3.13 seconds
Iter 18/1373 took 3.11 seconds
Iter 19/1373 took 3.18 seconds
Iter 20/1373 took 3.00 seconds
Iter 21/1373 took 3.00 seconds
Iter 22/1373 took 3.06 seconds
Iter 23/1373 took 2.93 seconds
Iter 24/1373 took 2.93 seconds
Iter 25/1373 took 3.21 seconds
Iter 26/1373 took 3.20 seconds
Iter 27/1373 took 3.13 seconds
Iter 28/1373 took 3.14 seconds
Iter 29/1373 took 3.08 seconds
Iter 30/1373 took 3.03 seconds
Iter 31/1373 took 3.00 seconds
Iter 32/1373 took 2.99 seconds
Iter 33/1373 took 2.99 seconds
Iter 34/1373 took 3.02 seconds
Iter 35/1373 took 3.13 seconds
Iter 36/1373 took 3.07 seconds
Iter 37/1373 took 2.99 seconds
Iter 38/1373 took 3.05 seconds
Iter 39/1373 took 3.08 seconds
Iter 40/1373 took 3.00 seconds
Iter 41/1373 took 3.00 seconds
Iter 42/1373 took 3.08 seconds
Iter 43/1373 took 2.95 seconds
Iter 44/1373 took 2.91 seconds
Iter 45/1373 took 2.97 seconds
Iter 46/1373 took 3.00 seconds
Iter 47/1373 took 2.99 seconds
Iter 48/1373 took 2.94 seconds
Iter 49/1373 took 3.02 seconds
Iter 50/1373 took 3.05 seconds
Iter 51/1373 took 3.08 seconds
Iter 52/1373 took 3.04 seconds
Iter 53/1373 took 3.04 seconds
Iter 54/1373 took 3.13 seconds
Iter 55/1373 took 3.08 seconds
Iter 56/1373 took 2.91 seconds
Iter 57/1373 took 2.96 seconds
Iter 58/1373 took 2.93 seconds
Iter 59/1373 took 2.93 seconds
Iter 60/1373 took 2.99 seconds
Iter 61/1373 took 2.98 seconds
Iter 62/1373 took 3.03 seconds
Iter 63/1373 took 3.09 seconds
Iter 64/1373 took 3.01 seconds
Iter 65/1373 took 3.11 seconds
Iter 66/1373 took 3.11 seconds
Iter 67/1373 took 3.04 seconds
Iter 68/1373 took 3.11 seconds
Iter 69/1373 took 3.12 seconds
Iter 70/1373 took 3.12 seconds
Iter 71/1373 took 3.05 seconds
Iter 72/1373 took 2.96 seconds
Iter 73/1373 took 3.11 seconds
Iter 74/1373 took 3.07 seconds
Iter 75/1373 took 2.94 seconds
Iter 76/1373 took 2.99 seconds
Iter 77/1373 took 2.96 seconds
Iter 78/1373 took 3.02 seconds
Iter 79/1373 took 3.03 seconds
Iter 80/1373 took 3.00 seconds
Iter 81/1373 took 3.05 seconds
Iter 82/1373 took 3.02 seconds
Iter 83/1373 took 3.05 seconds
Iter 84/1373 took 3.03 seconds
Iter 85/1373 took 2.98 seconds
Iter 86/1373 took 2.99 seconds
Iter 87/1373 took 2.98 seconds
Iter 88/1373 took 3.05 seconds
Iter 89/1373 took 3.13 seconds
Iter 90/1373 took 3.10 seconds
Iter 91/1373 took 3.14 seconds
Iter 92/1373 took 3.18 seconds
Iter 93/1373 took 3.09 seconds
Iter 94/1373 took 3.02 seconds
Iter 95/1373 took 3.00 seconds
Iter 96/1373 took 3.09 seconds
Iter 97/1373 took 3.16 seconds
Iter 98/1373 took 3.06 seconds
Iter 99/1373 took 3.16 seconds
Iter 100/1373 took 3.07 seconds
Iter 101/1373 took 3.08 seconds
Iter 102/1373 took 2.98 seconds
Iter 103/1373 took 2.97 seconds
Iter 104/1373 took 3.05 seconds
Iter 105/1373 took 3.24 seconds
Iter 106/1373 took 3.08 seconds
Iter 107/1373 took 3.04 seconds
Iter 108/1373 took 3.07 seconds
Iter 109/1373 took 2.97 seconds
Iter 110/1373 took 3.01 seconds
Iter 111/1373 took 3.00 seconds
Iter 112/1373 took 3.04 seconds
Iter 113/1373 took 3.11 seconds
Iter 114/1373 took 3.11 seconds
Iter 115/1373 took 3.16 seconds
Iter 116/1373 took 3.14 seconds
Iter 117/1373 took 3.15 seconds
Iter 118/1373 took 3.18 seconds
Iter 119/1373 took 3.07 seconds
Iter 120/1373 took 3.11 seconds
Iter 121/1373 took 2.95 seconds
Iter 122/1373 took 2.96 seconds
Iter 123/1373 took 2.92 seconds
Iter 124/1373 took 3.01 seconds
Iter 125/1373 took 2.96 seconds
Iter 126/1373 took 3.05 seconds
Iter 127/1373 took 3.04 seconds
Iter 128/1373 took 3.05 seconds
Iter 129/1373 took 3.08 seconds
Iter 130/1373 took 3.14 seconds
Iter 131/1373 took 3.14 seconds
Iter 132/1373 took 2.98 seconds
Iter 133/1373 took 3.01 seconds
Iter 134/1373 took 3.03 seconds
Iter 135/1373 took 3.00 seconds
Iter 136/1373 took 2.99 seconds
Iter 137/1373 took 3.03 seconds
Iter 138/1373 took 3.04 seconds
Iter 139/1373 took 3.06 seconds
Iter 140/1373 took 3.03 seconds
Iter 141/1373 took 3.02 seconds
Iter 142/1373 took 3.02 seconds
Iter 143/1373 took 3.06 seconds
Iter 144/1373 took 3.07 seconds
Iter 145/1373 took 3.05 seconds
Iter 146/1373 took 3.11 seconds
Iter 147/1373 took 3.04 seconds
Iter 148/1373 took 2.99 seconds
Iter 149/1373 took 3.04 seconds
Iter 150/1373 took 2.98 seconds
Iter 151/1373 took 3.01 seconds
Iter 152/1373 took 3.14 seconds
Iter 153/1373 took 3.11 seconds
checkpoint saved to /home/aojili/lsy_drone_racing/lsy_drone_racing/control/checkpoints/level3_loop_084_structural_v26_v23_10m_success_replay_retention_mature_to_60m/level3_loop_084_structural_v26_v23_10m_success_replay_retention_mature_to_60m_step_005000000.ckpt at global_step=5013504
Iter 154/1373 took 3.41 seconds
Iter 155/1373 took 3.21 seconds
Iter 156/1373 took 3.11 seconds
Iter 157/1373 took 3.05 seconds
Iter 158/1373 took 2.97 seconds
Iter 159/1373 took 2.95 seconds
Iter 160/1373 took 2.94 seconds
Iter 161/1373 took 2.91 seconds
Iter 162/1373 took 2.93 seconds
Iter 163/1373 took 2.94 seconds
Iter 164/1373 took 2.93 seconds
Iter 165/1373 took 3.02 seconds
Iter 166/1373 took 3.05 seconds
Iter 167/1373 took 3.06 seconds
Iter 168/1373 took 3.03 seconds
Iter 169/1373 took 2.94 seconds
Iter 170/1373 took 2.96 seconds
Iter 171/1373 took 2.94 seconds
Iter 172/1373 took 2.92 seconds
Iter 173/1373 took 2.98 seconds
Iter 174/1373 took 3.07 seconds
Iter 175/1373 took 2.95 seconds
Iter 176/1373 took 2.91 seconds
Iter 177/1373 took 2.98 seconds
Iter 178/1373 took 2.92 seconds
Iter 179/1373 took 2.98 seconds
Iter 180/1373 took 2.96 seconds
Iter 181/1373 took 3.04 seconds
Iter 182/1373 took 2.98 seconds
Iter 183/1373 took 2.94 seconds
Iter 184/1373 took 2.99 seconds
Iter 185/1373 took 2.98 seconds
Iter 186/1373 took 3.15 seconds
Iter 187/1373 took 3.07 seconds
Iter 188/1373 took 3.06 seconds
Iter 189/1373 took 3.13 seconds
Iter 190/1373 took 3.11 seconds
Iter 191/1373 took 3.05 seconds
Iter 192/1373 took 3.01 seconds
Iter 193/1373 took 2.97 seconds
Iter 194/1373 took 2.97 seconds
Iter 195/1373 took 3.35 seconds
Iter 196/1373 took 3.27 seconds
Iter 197/1373 took 3.18 seconds
Iter 198/1373 took 2.97 seconds
Iter 199/1373 took 2.98 seconds
Iter 200/1373 took 2.99 seconds
Iter 201/1373 took 3.00 seconds
Iter 202/1373 took 3.06 seconds
Iter 203/1373 took 3.11 seconds
Iter 204/1373 took 3.03 seconds
Iter 205/1373 took 3.07 seconds
Iter 206/1373 took 3.02 seconds
Iter 207/1373 took 3.00 seconds
Iter 208/1373 took 3.13 seconds
Iter 209/1373 took 2.99 seconds
Iter 210/1373 took 3.01 seconds
Iter 211/1373 took 3.09 seconds
Iter 212/1373 took 2.99 seconds
Iter 213/1373 took 3.06 seconds
Iter 214/1373 took 3.06 seconds
Iter 215/1373 took 3.00 seconds
Iter 216/1373 took 2.98 seconds
Iter 217/1373 took 2.98 seconds
Iter 218/1373 took 2.98 seconds
Iter 219/1373 took 3.05 seconds
Iter 220/1373 took 3.07 seconds
Iter 221/1373 took 3.09 seconds
Iter 222/1373 took 3.19 seconds
Iter 223/1373 took 3.11 seconds
Iter 224/1373 took 3.05 seconds
Iter 225/1373 took 3.15 seconds
Iter 226/1373 took 3.09 seconds
Iter 227/1373 took 3.06 seconds
Iter 228/1373 took 3.04 seconds
Iter 229/1373 took 3.16 seconds
Iter 230/1373 took 3.17 seconds
Iter 231/1373 took 3.13 seconds
Iter 232/1373 took 3.24 seconds
Iter 233/1373 took 3.11 seconds
Iter 234/1373 took 3.11 seconds
Iter 235/1373 took 3.13 seconds
Iter 236/1373 took 3.10 seconds
Iter 237/1373 took 3.07 seconds
Iter 238/1373 took 3.08 seconds
Iter 239/1373 took 3.01 seconds
Iter 240/1373 took 3.04 seconds
Iter 241/1373 took 3.01 seconds
Iter 242/1373 took 3.11 seconds
Iter 243/1373 took 2.99 seconds
Iter 244/1373 took 2.99 seconds
Iter 245/1373 took 3.13 seconds
Iter 246/1373 took 3.14 seconds
Iter 247/1373 took 3.03 seconds
Iter 248/1373 took 3.03 seconds
Iter 249/1373 took 3.13 seconds
Iter 250/1373 took 3.01 seconds
Iter 251/1373 took 3.06 seconds
Iter 252/1373 took 3.17 seconds
Iter 253/1373 took 3.22 seconds
Iter 254/1373 took 3.07 seconds
Iter 255/1373 took 3.02 seconds
Iter 256/1373 took 2.92 seconds
Iter 257/1373 took 2.94 seconds
Iter 258/1373 took 2.97 seconds
Iter 259/1373 took 2.95 seconds
Iter 260/1373 took 3.00 seconds
Iter 261/1373 took 3.00 seconds
Iter 262/1373 took 3.07 seconds
Iter 263/1373 took 3.16 seconds
Iter 264/1373 took 3.16 seconds
Iter 265/1373 took 3.07 seconds
Iter 266/1373 took 3.08 seconds
Iter 267/1373 took 3.05 seconds
Iter 268/1373 took 3.07 seconds
Iter 269/1373 took 3.06 seconds
Iter 270/1373 took 3.14 seconds
Iter 271/1373 took 3.21 seconds
Iter 272/1373 took 3.02 seconds
Iter 273/1373 took 3.07 seconds
Iter 274/1373 took 3.06 seconds
Iter 275/1373 took 2.98 seconds
Iter 276/1373 took 3.04 seconds
Iter 277/1373 took 3.06 seconds
Iter 278/1373 took 3.19 seconds
Iter 279/1373 took 3.14 seconds
Iter 280/1373 took 3.02 seconds
Iter 281/1373 took 3.01 seconds
Iter 282/1373 took 2.99 seconds
Iter 283/1373 took 3.04 seconds
Iter 284/1373 took 3.21 seconds
Iter 285/1373 took 3.14 seconds
Iter 286/1373 took 3.06 seconds
Iter 287/1373 took 3.02 seconds
Iter 288/1373 took 3.04 seconds
Iter 289/1373 took 3.08 seconds
Iter 290/1373 took 3.23 seconds
Iter 291/1373 took 3.27 seconds
Iter 292/1373 took 3.13 seconds
Iter 293/1373 took 3.09 seconds
Iter 294/1373 took 3.07 seconds
Iter 295/1373 took 3.03 seconds
Iter 296/1373 took 3.10 seconds
Iter 297/1373 took 2.99 seconds
Iter 298/1373 took 2.98 seconds
Iter 299/1373 took 3.07 seconds
Iter 300/1373 took 3.13 seconds
Iter 301/1373 took 3.02 seconds
Iter 302/1373 took 3.00 seconds
Iter 303/1373 took 2.96 seconds
Iter 304/1373 took 3.02 seconds
Iter 305/1373 took 2.99 seconds
Iter 306/1373 took 2.95 seconds
checkpoint saved to /home/aojili/lsy_drone_racing/lsy_drone_racing/control/checkpoints/level3_loop_084_structural_v26_v23_10m_success_replay_retention_mature_to_60m/level3_loop_084_structural_v26_v23_10m_success_replay_retention_mature_to_60m_step_010000000.ckpt at global_step=10027008
Iter 307/1373 took 2.96 seconds
Iter 308/1373 took 2.95 seconds
Iter 309/1373 took 2.97 seconds
Iter 310/1373 took 3.04 seconds
Iter 311/1373 took 3.02 seconds
Iter 312/1373 took 2.99 seconds
Iter 313/1373 took 3.13 seconds
Iter 314/1373 took 3.03 seconds
Iter 315/1373 took 3.14 seconds
Iter 316/1373 took 3.21 seconds
Iter 317/1373 took 3.15 seconds
Iter 318/1373 took 3.21 seconds
Iter 319/1373 took 3.18 seconds
Iter 320/1373 took 3.25 seconds
Iter 321/1373 took 3.06 seconds
Iter 322/1373 took 3.00 seconds
Iter 323/1373 took 2.99 seconds
Iter 324/1373 took 2.95 seconds
Iter 325/1373 took 2.97 seconds
Iter 326/1373 took 2.98 seconds
Iter 327/1373 took 2.99 seconds
Iter 328/1373 took 3.11 seconds
Iter 329/1373 took 3.11 seconds
Iter 330/1373 took 3.05 seconds
Iter 331/1373 took 2.97 seconds
Iter 332/1373 took 2.99 seconds
Iter 333/1373 took 3.06 seconds
Iter 334/1373 took 3.07 seconds
Iter 335/1373 took 3.03 seconds
Iter 336/1373 took 3.04 seconds
Iter 337/1373 took 3.08 seconds
Iter 338/1373 took 3.07 seconds
Iter 339/1373 took 3.01 seconds
Iter 340/1373 took 3.09 seconds
Iter 341/1373 took 3.08 seconds
Iter 342/1373 took 3.07 seconds
Iter 343/1373 took 2.99 seconds
Iter 344/1373 took 2.99 seconds
Iter 345/1373 took 3.11 seconds
Iter 346/1373 took 3.00 seconds
Iter 347/1373 took 2.99 seconds
Iter 348/1373 took 3.01 seconds
Iter 349/1373 took 3.00 seconds
Iter 350/1373 took 3.09 seconds
Iter 351/1373 took 3.06 seconds
Iter 352/1373 took 2.95 seconds
Iter 353/1373 took 3.10 seconds
Iter 354/1373 took 3.02 seconds
Iter 355/1373 took 3.13 seconds
Iter 356/1373 took 2.99 seconds
Iter 357/1373 took 3.06 seconds
Iter 358/1373 took 3.08 seconds
Iter 359/1373 took 3.14 seconds
Iter 360/1373 took 3.10 seconds
Iter 361/1373 took 3.04 seconds
Iter 362/1373 took 3.03 seconds
Iter 363/1373 took 3.03 seconds
Iter 364/1373 took 3.01 seconds
Iter 365/1373 took 3.03 seconds
Iter 366/1373 took 2.96 seconds
Iter 367/1373 took 3.04 seconds
Iter 368/1373 took 2.99 seconds
Iter 369/1373 took 3.00 seconds
Iter 370/1373 took 2.97 seconds
Iter 371/1373 took 3.03 seconds
Iter 372/1373 took 3.18 seconds
Iter 373/1373 took 3.03 seconds
Iter 374/1373 took 3.16 seconds
Iter 375/1373 took 3.00 seconds
Iter 376/1373 took 3.03 seconds
Iter 377/1373 took 2.95 seconds
Iter 378/1373 took 3.10 seconds
Iter 379/1373 took 2.97 seconds
Iter 380/1373 took 2.94 seconds
Iter 381/1373 took 2.94 seconds
Iter 382/1373 took 2.98 seconds
Iter 383/1373 took 2.98 seconds
Iter 384/1373 took 3.20 seconds
Iter 385/1373 took 3.25 seconds
Iter 386/1373 took 3.08 seconds
Iter 387/1373 took 3.16 seconds
Iter 388/1373 took 3.16 seconds
Iter 389/1373 took 3.16 seconds
Iter 390/1373 took 3.15 seconds
Iter 391/1373 took 3.32 seconds
Iter 392/1373 took 3.24 seconds
Iter 393/1373 took 3.01 seconds
Iter 394/1373 took 2.95 seconds
Iter 395/1373 took 2.95 seconds
Iter 396/1373 took 2.97 seconds
Iter 397/1373 took 2.97 seconds
Iter 398/1373 took 2.93 seconds
Iter 399/1373 took 2.91 seconds
Iter 400/1373 took 2.94 seconds
Iter 401/1373 took 2.94 seconds
Iter 402/1373 took 3.03 seconds
Iter 403/1373 took 3.08 seconds
Iter 404/1373 took 3.02 seconds
Iter 405/1373 took 3.05 seconds
Iter 406/1373 took 3.12 seconds
Iter 407/1373 took 3.19 seconds
Iter 408/1373 took 3.17 seconds
Iter 409/1373 took 3.04 seconds
Iter 410/1373 took 3.08 seconds
Iter 411/1373 took 3.01 seconds
Iter 412/1373 took 3.04 seconds
Iter 413/1373 took 3.14 seconds
Iter 414/1373 took 3.04 seconds
Iter 415/1373 took 3.13 seconds
Iter 416/1373 took 3.00 seconds
Iter 417/1373 took 2.94 seconds
Iter 418/1373 took 2.98 seconds
Iter 419/1373 took 3.01 seconds
Iter 420/1373 took 2.98 seconds
Iter 421/1373 took 2.95 seconds
Iter 422/1373 took 2.92 seconds
Iter 423/1373 took 2.96 seconds
Iter 424/1373 took 2.95 seconds
Iter 425/1373 took 2.94 seconds
Iter 426/1373 took 2.94 seconds
Iter 427/1373 took 2.93 seconds
Iter 428/1373 took 2.94 seconds
Iter 429/1373 took 2.94 seconds
Iter 430/1373 took 2.92 seconds
Iter 431/1373 took 2.94 seconds
Iter 432/1373 took 2.97 seconds
Iter 433/1373 took 3.05 seconds
Iter 434/1373 took 3.03 seconds
Iter 435/1373 took 3.00 seconds
Iter 436/1373 took 3.05 seconds
Iter 437/1373 took 3.12 seconds
Iter 438/1373 took 3.07 seconds
Iter 439/1373 took 3.15 seconds
Iter 440/1373 took 3.11 seconds
Iter 441/1373 took 2.96 seconds
Iter 442/1373 took 3.23 seconds
Iter 443/1373 took 3.16 seconds
Iter 444/1373 took 3.18 seconds
Iter 445/1373 took 3.01 seconds
Iter 446/1373 took 3.17 seconds
Iter 447/1373 took 3.23 seconds
Iter 448/1373 took 3.36 seconds
Iter 449/1373 took 3.08 seconds
Iter 450/1373 took 3.05 seconds
Iter 451/1373 took 3.03 seconds
Iter 452/1373 took 3.00 seconds
Iter 453/1373 took 2.93 seconds
Iter 454/1373 took 2.93 seconds
Iter 455/1373 took 3.05 seconds
Iter 456/1373 took 3.05 seconds
Iter 457/1373 took 3.10 seconds
Iter 458/1373 took 3.16 seconds
checkpoint saved to /home/aojili/lsy_drone_racing/lsy_drone_racing/control/checkpoints/level3_loop_084_structural_v26_v23_10m_success_replay_retention_mature_to_60m/level3_loop_084_structural_v26_v23_10m_success_replay_retention_mature_to_60m_step_015000000.ckpt at global_step=15007744
Iter 459/1373 took 3.12 seconds
Iter 460/1373 took 3.03 seconds
Iter 461/1373 took 3.15 seconds
Iter 462/1373 took 3.09 seconds
Iter 463/1373 took 3.10 seconds
Iter 464/1373 took 3.10 seconds
Iter 465/1373 took 3.13 seconds
Iter 466/1373 took 3.08 seconds
Iter 467/1373 took 3.05 seconds
Iter 468/1373 took 3.06 seconds
Iter 469/1373 took 3.02 seconds
Iter 470/1373 took 3.01 seconds
Iter 471/1373 took 2.95 seconds
Iter 472/1373 took 2.97 seconds
Iter 473/1373 took 2.99 seconds
Iter 474/1373 took 2.93 seconds
Iter 475/1373 took 2.94 seconds
Iter 476/1373 took 2.92 seconds
Iter 477/1373 took 2.95 seconds
Iter 478/1373 took 2.99 seconds
Iter 479/1373 took 3.04 seconds
Iter 480/1373 took 2.97 seconds
Iter 481/1373 took 3.03 seconds
Iter 482/1373 took 3.13 seconds
Iter 483/1373 took 3.07 seconds
Iter 484/1373 took 3.02 seconds
Iter 485/1373 took 3.00 seconds
Iter 486/1373 took 2.95 seconds
Iter 487/1373 took 3.06 seconds
Iter 488/1373 took 3.06 seconds
Iter 489/1373 took 3.04 seconds
Iter 490/1373 took 3.05 seconds
Iter 491/1373 took 3.05 seconds
Iter 492/1373 took 3.04 seconds
Iter 493/1373 took 3.00 seconds
Iter 494/1373 took 3.00 seconds
Iter 495/1373 took 2.96 seconds
Iter 496/1373 took 2.94 seconds
Iter 497/1373 took 2.97 seconds
Iter 498/1373 took 3.01 seconds
Iter 499/1373 took 2.99 seconds
Iter 500/1373 took 2.96 seconds
Iter 501/1373 took 2.93 seconds
Iter 502/1373 took 2.98 seconds
Iter 503/1373 took 2.95 seconds
Iter 504/1373 took 3.00 seconds
Iter 505/1373 took 2.97 seconds
Iter 506/1373 took 2.93 seconds
Iter 507/1373 took 3.07 seconds
Iter 508/1373 took 3.05 seconds
Iter 509/1373 took 3.09 seconds
Iter 510/1373 took 3.23 seconds
Iter 511/1373 took 3.17 seconds
Iter 512/1373 took 3.08 seconds
Iter 513/1373 took 3.03 seconds
Iter 514/1373 took 3.01 seconds
Iter 515/1373 took 3.00 seconds
Iter 516/1373 took 3.13 seconds
Iter 517/1373 took 2.95 seconds
Iter 518/1373 took 2.99 seconds
Iter 519/1373 took 3.10 seconds
Iter 520/1373 took 3.05 seconds
Iter 521/1373 took 2.97 seconds
Iter 522/1373 took 3.02 seconds
Iter 523/1373 took 3.01 seconds
Iter 524/1373 took 3.01 seconds
Iter 525/1373 took 3.05 seconds
Iter 526/1373 took 3.05 seconds
Iter 527/1373 took 3.11 seconds
Iter 528/1373 took 3.02 seconds
Iter 529/1373 took 3.04 seconds
Iter 530/1373 took 2.98 seconds
Iter 531/1373 took 2.97 seconds
Iter 532/1373 took 2.95 seconds
Iter 533/1373 took 3.14 seconds
Iter 534/1373 took 3.28 seconds
Iter 535/1373 took 3.09 seconds
Iter 536/1373 took 3.07 seconds
Iter 537/1373 took 2.98 seconds
Iter 538/1373 took 3.09 seconds
Iter 539/1373 took 3.11 seconds
Iter 540/1373 took 3.38 seconds
Iter 541/1373 took 3.03 seconds
Iter 542/1373 took 3.18 seconds
Iter 543/1373 took 3.08 seconds
Iter 544/1373 took 3.20 seconds
Iter 545/1373 took 3.17 seconds
Iter 546/1373 took 2.96 seconds
Iter 547/1373 took 3.01 seconds
Iter 548/1373 took 3.01 seconds
Iter 549/1373 took 3.00 seconds
Iter 550/1373 took 3.07 seconds
Iter 551/1373 took 3.15 seconds
Iter 552/1373 took 3.03 seconds
Iter 553/1373 took 3.03 seconds
Iter 554/1373 took 3.03 seconds
Iter 555/1373 took 2.97 seconds
Iter 556/1373 took 2.95 seconds
Iter 557/1373 took 3.14 seconds
Iter 558/1373 took 3.23 seconds
Iter 559/1373 took 3.14 seconds
Iter 560/1373 took 3.24 seconds
Iter 561/1373 took 3.10 seconds
Iter 562/1373 took 3.16 seconds
Iter 563/1373 took 3.03 seconds
Iter 564/1373 took 3.02 seconds
Iter 565/1373 took 3.01 seconds
Iter 566/1373 took 3.10 seconds
Iter 567/1373 took 3.11 seconds
Iter 568/1373 took 3.27 seconds
Iter 569/1373 took 3.23 seconds
Iter 570/1373 took 3.10 seconds
Iter 571/1373 took 3.05 seconds
Iter 572/1373 took 3.03 seconds
Iter 573/1373 took 3.04 seconds
Iter 574/1373 took 2.97 seconds
Iter 575/1373 took 3.12 seconds
Iter 576/1373 took 3.19 seconds
Iter 577/1373 took 3.11 seconds
Iter 578/1373 took 3.06 seconds
Iter 579/1373 took 3.14 seconds
Iter 580/1373 took 3.20 seconds
Iter 581/1373 took 3.11 seconds
Iter 582/1373 took 3.11 seconds
Iter 583/1373 took 3.07 seconds
Iter 584/1373 took 3.06 seconds
Iter 585/1373 took 3.08 seconds
Iter 586/1373 took 3.14 seconds
Iter 587/1373 took 3.04 seconds
Iter 588/1373 took 2.97 seconds
Iter 589/1373 took 2.97 seconds
Iter 590/1373 took 2.93 seconds
Iter 591/1373 took 2.94 seconds
Iter 592/1373 took 2.93 seconds
Iter 593/1373 took 2.93 seconds
Iter 594/1373 took 2.93 seconds
Iter 595/1373 took 2.95 seconds
Iter 596/1373 took 2.94 seconds
Iter 597/1373 took 2.92 seconds
Iter 598/1373 took 2.96 seconds
Iter 599/1373 took 3.01 seconds
Iter 600/1373 took 3.01 seconds
Iter 601/1373 took 2.97 seconds
Iter 602/1373 took 3.01 seconds
Iter 603/1373 took 3.03 seconds
Iter 604/1373 took 3.04 seconds
Iter 605/1373 took 3.00 seconds
Iter 606/1373 took 3.04 seconds
Iter 607/1373 took 3.11 seconds
Iter 608/1373 took 3.11 seconds
Iter 609/1373 took 3.07 seconds
Iter 610/1373 took 2.99 seconds
Iter 611/1373 took 2.98 seconds
checkpoint saved to /home/aojili/lsy_drone_racing/lsy_drone_racing/control/checkpoints/level3_loop_084_structural_v26_v23_10m_success_replay_retention_mature_to_60m/level3_loop_084_structural_v26_v23_10m_success_replay_retention_mature_to_60m_step_020000000.ckpt at global_step=20021248
Iter 612/1373 took 3.08 seconds
Iter 613/1373 took 3.20 seconds
Iter 614/1373 took 3.05 seconds
Iter 615/1373 took 3.14 seconds
Iter 616/1373 took 3.09 seconds
Iter 617/1373 took 3.02 seconds
Iter 618/1373 took 2.99 seconds
Iter 619/1373 took 3.05 seconds
Iter 620/1373 took 3.22 seconds
Iter 621/1373 took 3.21 seconds
Iter 622/1373 took 3.30 seconds
Iter 623/1373 took 3.05 seconds
Iter 624/1373 took 3.11 seconds
Iter 625/1373 took 3.24 seconds
Iter 626/1373 took 3.19 seconds
Iter 627/1373 took 3.02 seconds
Iter 628/1373 took 2.96 seconds
Iter 629/1373 took 2.96 seconds
Iter 630/1373 took 2.93 seconds
Iter 631/1373 took 2.95 seconds
Iter 632/1373 took 2.95 seconds
Iter 633/1373 took 2.94 seconds
Iter 634/1373 took 2.94 seconds
Iter 635/1373 took 2.96 seconds
Iter 636/1373 took 3.02 seconds
Iter 637/1373 took 3.03 seconds
Iter 638/1373 took 3.07 seconds
Iter 639/1373 took 3.01 seconds
Iter 640/1373 took 3.11 seconds
Iter 641/1373 took 3.06 seconds
Iter 642/1373 took 3.15 seconds
Iter 643/1373 took 3.07 seconds
Iter 644/1373 took 3.01 seconds
Iter 645/1373 took 3.01 seconds
Iter 646/1373 took 3.00 seconds
Iter 647/1373 took 3.21 seconds
Iter 648/1373 took 3.13 seconds
Iter 649/1373 took 3.13 seconds
Iter 650/1373 took 3.05 seconds
Iter 651/1373 took 3.04 seconds
Iter 652/1373 took 3.01 seconds
Iter 653/1373 took 3.01 seconds
Iter 654/1373 took 2.98 seconds
Iter 655/1373 took 2.95 seconds
Iter 656/1373 took 3.01 seconds
Iter 657/1373 took 3.00 seconds
Iter 658/1373 took 3.31 seconds
Iter 659/1373 took 3.13 seconds
Iter 660/1373 took 3.11 seconds
Iter 661/1373 took 3.33 seconds
Iter 662/1373 took 3.21 seconds
Iter 663/1373 took 3.28 seconds
Iter 664/1373 took 3.26 seconds
Iter 665/1373 took 3.18 seconds
Iter 666/1373 took 3.32 seconds
Iter 667/1373 took 3.20 seconds
Iter 668/1373 took 2.95 seconds
Iter 669/1373 took 3.05 seconds
Iter 670/1373 took 3.03 seconds
Iter 671/1373 took 2.96 seconds
Iter 672/1373 took 2.98 seconds
Iter 673/1373 took 2.99 seconds
Iter 674/1373 took 2.98 seconds
Iter 675/1373 took 3.00 seconds
Iter 676/1373 took 2.98 seconds
Iter 677/1373 took 2.97 seconds
Iter 678/1373 took 2.93 seconds
Iter 679/1373 took 2.97 seconds
Iter 680/1373 took 2.96 seconds
Iter 681/1373 took 2.95 seconds
Iter 682/1373 took 3.00 seconds
Iter 683/1373 took 2.97 seconds
Iter 684/1373 took 2.97 seconds
Iter 685/1373 took 3.01 seconds
Iter 686/1373 took 3.08 seconds
Iter 687/1373 took 3.05 seconds
Iter 688/1373 took 2.99 seconds
Iter 689/1373 took 2.95 seconds
Iter 690/1373 took 3.01 seconds
Iter 691/1373 took 2.99 seconds
Iter 692/1373 took 2.89 seconds
Iter 693/1373 took 2.93 seconds
Iter 694/1373 took 2.94 seconds
Iter 695/1373 took 2.99 seconds
Iter 696/1373 took 2.91 seconds
Iter 697/1373 took 2.97 seconds
Iter 698/1373 took 3.00 seconds
Iter 699/1373 took 2.98 seconds
Iter 700/1373 took 2.96 seconds
Iter 701/1373 took 2.99 seconds
Iter 702/1373 took 2.96 seconds
Iter 703/1373 took 2.99 seconds
Iter 704/1373 took 2.95 seconds
Iter 705/1373 took 3.05 seconds
Iter 706/1373 took 3.06 seconds
Iter 707/1373 took 3.06 seconds
Iter 708/1373 took 3.27 seconds
Iter 709/1373 took 3.26 seconds
Iter 710/1373 took 3.26 seconds
Iter 711/1373 took 3.04 seconds
Iter 712/1373 took 3.07 seconds
Iter 713/1373 took 3.02 seconds
Iter 714/1373 took 3.02 seconds
Iter 715/1373 took 3.15 seconds
Iter 716/1373 took 3.19 seconds
Iter 717/1373 took 3.02 seconds
Iter 718/1373 took 2.99 seconds
Iter 719/1373 took 3.01 seconds
Iter 720/1373 took 3.01 seconds
Iter 721/1373 took 2.94 seconds
Iter 722/1373 took 2.93 seconds
Iter 723/1373 took 2.97 seconds
Iter 724/1373 took 2.95 seconds
Iter 725/1373 took 2.95 seconds
Iter 726/1373 took 2.96 seconds
Iter 727/1373 took 2.97 seconds
Iter 728/1373 took 3.00 seconds
Iter 729/1373 took 3.00 seconds
Iter 730/1373 took 2.95 seconds
Iter 731/1373 took 2.96 seconds
Iter 732/1373 took 2.95 seconds
Iter 733/1373 took 2.95 seconds
Iter 734/1373 took 2.96 seconds
Iter 735/1373 took 2.98 seconds
Iter 736/1373 took 2.99 seconds
Iter 737/1373 took 2.98 seconds
Iter 738/1373 took 2.93 seconds
Iter 739/1373 took 2.93 seconds
Iter 740/1373 took 2.95 seconds
Iter 741/1373 took 2.99 seconds
Iter 742/1373 took 3.05 seconds
Iter 743/1373 took 3.06 seconds
Iter 744/1373 took 3.07 seconds
Iter 745/1373 took 3.04 seconds
Iter 746/1373 took 3.27 seconds
Iter 747/1373 took 3.07 seconds
Iter 748/1373 took 3.07 seconds
Iter 749/1373 took 3.07 seconds
Iter 750/1373 took 2.99 seconds
Iter 751/1373 took 3.08 seconds
Iter 752/1373 took 2.96 seconds
Iter 753/1373 took 3.05 seconds
Iter 754/1373 took 3.14 seconds
Iter 755/1373 took 3.07 seconds
Iter 756/1373 took 3.03 seconds
Iter 757/1373 took 3.15 seconds
Iter 758/1373 took 3.08 seconds
Iter 759/1373 took 3.16 seconds
Iter 760/1373 took 3.12 seconds
Iter 761/1373 took 3.07 seconds
Iter 762/1373 took 3.15 seconds
Iter 763/1373 took 3.10 seconds
checkpoint saved to /home/aojili/lsy_drone_racing/lsy_drone_racing/control/checkpoints/level3_loop_084_structural_v26_v23_10m_success_replay_retention_mature_to_60m/level3_loop_084_structural_v26_v23_10m_success_replay_retention_mature_to_60m_step_025000000.ckpt at global_step=25001984
Iter 764/1373 took 3.05 seconds
Iter 765/1373 took 3.11 seconds
Iter 766/1373 took 3.31 seconds
Iter 767/1373 took 3.31 seconds
Iter 768/1373 took 3.35 seconds
Iter 769/1373 took 3.41 seconds
Iter 770/1373 took 3.31 seconds
Iter 771/1373 took 3.09 seconds
Iter 772/1373 took 3.04 seconds
Iter 773/1373 took 3.07 seconds
Iter 774/1373 took 3.04 seconds
Iter 775/1373 took 3.05 seconds
Iter 776/1373 took 3.07 seconds
Iter 777/1373 took 3.05 seconds
Iter 778/1373 took 3.02 seconds
Iter 779/1373 took 3.09 seconds
Iter 780/1373 took 3.07 seconds
Iter 781/1373 took 3.17 seconds
Iter 782/1373 took 3.09 seconds
Iter 783/1373 took 3.10 seconds
Iter 784/1373 took 3.07 seconds
Iter 785/1373 took 3.12 seconds
Iter 786/1373 took 2.97 seconds
Iter 787/1373 took 2.93 seconds
Iter 788/1373 took 2.95 seconds
Iter 789/1373 took 2.94 seconds
Iter 790/1373 took 3.00 seconds
Iter 791/1373 took 3.07 seconds
Iter 792/1373 took 3.08 seconds
Iter 793/1373 took 3.11 seconds
Iter 794/1373 took 3.07 seconds
Iter 795/1373 took 3.08 seconds
Iter 796/1373 took 3.16 seconds
Iter 797/1373 took 2.98 seconds
Iter 798/1373 took 2.94 seconds
Iter 799/1373 took 2.99 seconds
Iter 800/1373 took 2.95 seconds
Iter 801/1373 took 3.03 seconds
Iter 802/1373 took 3.11 seconds
Iter 803/1373 took 3.11 seconds
Iter 804/1373 took 2.96 seconds
Iter 805/1373 took 2.98 seconds
Iter 806/1373 took 3.00 seconds
Iter 807/1373 took 3.09 seconds
Iter 808/1373 took 2.96 seconds
Iter 809/1373 took 3.05 seconds
Iter 810/1373 took 3.12 seconds
Iter 811/1373 took 3.13 seconds
Iter 812/1373 took 2.92 seconds
Iter 813/1373 took 2.94 seconds
Iter 814/1373 took 3.05 seconds
Iter 815/1373 took 3.14 seconds
Iter 816/1373 took 3.07 seconds
Iter 817/1373 took 3.07 seconds
Iter 818/1373 took 3.08 seconds
Iter 819/1373 took 2.96 seconds
Iter 820/1373 took 3.05 seconds
Iter 821/1373 took 3.03 seconds
Iter 822/1373 took 3.06 seconds
Iter 823/1373 took 3.10 seconds
Iter 824/1373 took 3.06 seconds
Iter 825/1373 took 3.16 seconds
Iter 826/1373 took 3.14 seconds
Iter 827/1373 took 3.06 seconds
Iter 828/1373 took 3.00 seconds
Iter 829/1373 took 2.96 seconds
Iter 830/1373 took 3.01 seconds
Iter 831/1373 took 2.96 seconds
Iter 832/1373 took 2.94 seconds
Iter 833/1373 took 2.91 seconds
Iter 834/1373 took 2.93 seconds
Iter 835/1373 took 2.93 seconds
Iter 836/1373 took 2.93 seconds
Iter 837/1373 took 2.96 seconds
Iter 838/1373 took 2.96 seconds
Iter 839/1373 took 2.97 seconds
Iter 840/1373 took 3.01 seconds
Iter 841/1373 took 3.00 seconds
Iter 842/1373 took 3.02 seconds
Iter 843/1373 took 2.98 seconds
Iter 844/1373 took 3.02 seconds
Iter 845/1373 took 2.97 seconds
Iter 846/1373 took 3.04 seconds
Iter 847/1373 took 2.99 seconds
Iter 848/1373 took 2.96 seconds
Iter 849/1373 took 2.97 seconds
Iter 850/1373 took 2.95 seconds
Iter 851/1373 took 3.01 seconds
Iter 852/1373 took 2.99 seconds
Iter 853/1373 took 3.03 seconds
Iter 854/1373 took 3.08 seconds
Iter 855/1373 took 2.95 seconds
Iter 856/1373 took 3.01 seconds
Iter 857/1373 took 3.15 seconds
Iter 858/1373 took 3.10 seconds
Iter 859/1373 took 3.10 seconds
Iter 860/1373 took 3.10 seconds
Iter 861/1373 took 3.09 seconds
Iter 862/1373 took 3.20 seconds
Iter 863/1373 took 3.02 seconds
Iter 864/1373 took 2.97 seconds
Iter 865/1373 took 3.23 seconds
Iter 866/1373 took 3.20 seconds
Iter 867/1373 took 3.04 seconds
Iter 868/1373 took 2.95 seconds
Iter 869/1373 took 2.93 seconds
Iter 870/1373 took 3.20 seconds
Iter 871/1373 took 3.15 seconds
Iter 872/1373 took 3.20 seconds
Iter 873/1373 took 2.96 seconds
Iter 874/1373 took 3.04 seconds
Iter 875/1373 took 3.25 seconds
Iter 876/1373 took 3.09 seconds
Iter 877/1373 took 3.31 seconds
Iter 878/1373 took 3.05 seconds
Iter 879/1373 took 3.09 seconds
Iter 880/1373 took 2.96 seconds
Iter 881/1373 took 2.99 seconds
Iter 882/1373 took 3.00 seconds
Iter 883/1373 took 2.99 seconds
Iter 884/1373 took 2.95 seconds
Iter 885/1373 took 3.01 seconds
Iter 886/1373 took 3.19 seconds
Iter 887/1373 took 3.01 seconds
Iter 888/1373 took 3.08 seconds
Iter 889/1373 took 2.99 seconds
Iter 890/1373 took 3.05 seconds
Iter 891/1373 took 3.10 seconds
Iter 892/1373 took 3.06 seconds
Iter 893/1373 took 3.08 seconds
Iter 894/1373 took 3.17 seconds
Iter 895/1373 took 2.99 seconds
Iter 896/1373 took 2.99 seconds
Iter 897/1373 took 2.98 seconds
Iter 898/1373 took 3.08 seconds
Iter 899/1373 took 3.02 seconds
Iter 900/1373 took 3.01 seconds
Iter 901/1373 took 3.07 seconds
Iter 902/1373 took 3.02 seconds
Iter 903/1373 took 3.03 seconds
Iter 904/1373 took 3.01 seconds
Iter 905/1373 took 3.15 seconds
Iter 906/1373 took 3.23 seconds
Iter 907/1373 took 3.21 seconds
Iter 908/1373 took 3.11 seconds
Iter 909/1373 took 3.15 seconds
Iter 910/1373 took 3.13 seconds
Iter 911/1373 took 3.04 seconds
Iter 912/1373 took 2.98 seconds
Iter 913/1373 took 2.98 seconds
Iter 914/1373 took 2.98 seconds
Iter 915/1373 took 3.06 seconds
Iter 916/1373 took 2.93 seconds
checkpoint saved to /home/aojili/lsy_drone_racing/lsy_drone_racing/control/checkpoints/level3_loop_084_structural_v26_v23_10m_success_replay_retention_mature_to_60m/level3_loop_084_structural_v26_v23_10m_success_replay_retention_mature_to_60m_step_030000000.ckpt at global_step=30015488
Iter 917/1373 took 2.97 seconds
Iter 918/1373 took 2.96 seconds
Iter 919/1373 took 2.94 seconds
Iter 920/1373 took 2.97 seconds
Iter 921/1373 took 3.00 seconds
Iter 922/1373 took 3.02 seconds
Iter 923/1373 took 3.02 seconds
Iter 924/1373 took 2.97 seconds
Iter 925/1373 took 3.04 seconds
Iter 926/1373 took 3.16 seconds
Iter 927/1373 took 3.14 seconds
Iter 928/1373 took 3.06 seconds
Iter 929/1373 took 3.29 seconds
Iter 930/1373 took 3.12 seconds
Iter 931/1373 took 3.03 seconds
Iter 932/1373 took 2.95 seconds
Iter 933/1373 took 2.97 seconds
Iter 934/1373 took 2.96 seconds
Iter 935/1373 took 3.00 seconds
Iter 936/1373 took 3.05 seconds
Iter 937/1373 took 3.18 seconds
Iter 938/1373 took 3.01 seconds
Iter 939/1373 took 2.95 seconds
Iter 940/1373 took 3.07 seconds
Iter 941/1373 took 3.06 seconds
Iter 942/1373 took 3.05 seconds
Iter 943/1373 took 2.94 seconds
Iter 944/1373 took 3.06 seconds
Iter 945/1373 took 2.97 seconds
Iter 946/1373 took 3.02 seconds
Iter 947/1373 took 2.99 seconds
Iter 948/1373 took 3.00 seconds
Iter 949/1373 took 3.01 seconds
Iter 950/1373 took 2.99 seconds
Iter 951/1373 took 2.94 seconds
Iter 952/1373 took 2.94 seconds
Iter 953/1373 took 2.92 seconds
Iter 954/1373 took 2.96 seconds
Iter 955/1373 took 3.07 seconds
Iter 956/1373 took 3.03 seconds
Iter 957/1373 took 2.99 seconds
Iter 958/1373 took 3.01 seconds
Iter 959/1373 took 3.04 seconds
Iter 960/1373 took 3.01 seconds
Iter 961/1373 took 3.02 seconds
Iter 962/1373 took 2.99 seconds
Iter 963/1373 took 3.06 seconds
Iter 964/1373 took 3.16 seconds
Iter 965/1373 took 3.19 seconds
Iter 966/1373 took 3.23 seconds
Iter 967/1373 took 3.24 seconds
Iter 968/1373 took 3.11 seconds
Iter 969/1373 took 3.14 seconds
Iter 970/1373 took 3.03 seconds
Iter 971/1373 took 3.06 seconds
Iter 972/1373 took 3.08 seconds
Iter 973/1373 took 3.14 seconds
Iter 974/1373 took 3.04 seconds
Iter 975/1373 took 3.11 seconds
Iter 976/1373 took 3.16 seconds
Iter 977/1373 took 3.05 seconds
Iter 978/1373 took 3.14 seconds
Iter 979/1373 took 3.16 seconds
Iter 980/1373 took 3.06 seconds
Iter 981/1373 took 3.32 seconds
Iter 982/1373 took 3.21 seconds
Iter 983/1373 took 3.30 seconds
Iter 984/1373 took 3.09 seconds
Iter 985/1373 took 3.10 seconds
Iter 986/1373 took 3.36 seconds
Iter 987/1373 took 3.21 seconds
Iter 988/1373 took 3.23 seconds
Iter 989/1373 took 3.27 seconds
Iter 990/1373 took 3.36 seconds
Iter 991/1373 took 3.27 seconds
Iter 992/1373 took 3.31 seconds
Iter 993/1373 took 3.00 seconds
Iter 994/1373 took 3.18 seconds
Iter 995/1373 took 3.06 seconds
Iter 996/1373 took 3.13 seconds
Iter 997/1373 took 3.23 seconds
Iter 998/1373 took 3.26 seconds
Iter 999/1373 took 3.14 seconds
Iter 1000/1373 took 3.03 seconds
Iter 1001/1373 took 3.02 seconds
Iter 1002/1373 took 2.94 seconds
Iter 1003/1373 took 3.03 seconds
Iter 1004/1373 took 3.10 seconds
Iter 1005/1373 took 3.02 seconds
Iter 1006/1373 took 3.05 seconds
Iter 1007/1373 took 3.04 seconds
Iter 1008/1373 took 2.99 seconds
Iter 1009/1373 took 2.98 seconds
Iter 1010/1373 took 2.98 seconds
Iter 1011/1373 took 2.96 seconds
Iter 1012/1373 took 2.96 seconds
Iter 1013/1373 took 2.97 seconds
Iter 1014/1373 took 2.98 seconds
Iter 1015/1373 took 2.98 seconds
Iter 1016/1373 took 3.02 seconds
Iter 1017/1373 took 3.15 seconds
Iter 1018/1373 took 3.11 seconds
Iter 1019/1373 took 3.13 seconds
Iter 1020/1373 took 3.05 seconds
Iter 1021/1373 took 3.08 seconds
Iter 1022/1373 took 3.03 seconds
Iter 1023/1373 took 3.17 seconds
Iter 1024/1373 took 3.15 seconds
Iter 1025/1373 took 3.03 seconds
Iter 1026/1373 took 3.11 seconds
Iter 1027/1373 took 3.25 seconds
Iter 1028/1373 took 3.34 seconds
Iter 1029/1373 took 3.13 seconds
Iter 1030/1373 took 3.11 seconds
Iter 1031/1373 took 3.11 seconds
Iter 1032/1373 took 3.11 seconds
Iter 1033/1373 took 2.98 seconds
Iter 1034/1373 took 3.07 seconds
Iter 1035/1373 took 2.98 seconds
Iter 1036/1373 took 3.15 seconds
Iter 1037/1373 took 3.09 seconds
Iter 1038/1373 took 3.11 seconds
Iter 1039/1373 took 3.09 seconds
Iter 1040/1373 took 3.32 seconds
Iter 1041/1373 took 3.22 seconds
Iter 1042/1373 took 3.21 seconds
Iter 1043/1373 took 3.12 seconds
Iter 1044/1373 took 3.12 seconds
Iter 1045/1373 took 3.10 seconds
Iter 1046/1373 took 3.06 seconds
Iter 1047/1373 took 3.07 seconds
Iter 1048/1373 took 3.12 seconds
Iter 1049/1373 took 3.24 seconds
Iter 1050/1373 took 3.06 seconds
Iter 1051/1373 took 3.27 seconds
Iter 1052/1373 took 3.07 seconds
Iter 1053/1373 took 3.05 seconds
Iter 1054/1373 took 3.22 seconds
Iter 1055/1373 took 3.22 seconds
Iter 1056/1373 took 3.10 seconds
Iter 1057/1373 took 3.10 seconds
Iter 1058/1373 took 3.22 seconds
Iter 1059/1373 took 3.05 seconds
Iter 1060/1373 took 2.97 seconds
Iter 1061/1373 took 3.06 seconds
Iter 1062/1373 took 3.03 seconds
Iter 1063/1373 took 3.08 seconds
Iter 1064/1373 took 3.05 seconds
Iter 1065/1373 took 3.00 seconds
Iter 1066/1373 took 3.00 seconds
Iter 1067/1373 took 2.98 seconds
Iter 1068/1373 took 2.97 seconds
Iter 1069/1373 took 2.95 seconds
checkpoint saved to /home/aojili/lsy_drone_racing/lsy_drone_racing/control/checkpoints/level3_loop_084_structural_v26_v23_10m_success_replay_retention_mature_to_60m/level3_loop_084_structural_v26_v23_10m_success_replay_retention_mature_to_60m_step_035000000.ckpt at global_step=35028992
Iter 1070/1373 took 2.95 seconds
Iter 1071/1373 took 2.98 seconds
Iter 1072/1373 took 2.99 seconds
Iter 1073/1373 took 3.01 seconds
Iter 1074/1373 took 3.08 seconds
Iter 1075/1373 took 3.01 seconds
Iter 1076/1373 took 3.02 seconds
Iter 1077/1373 took 2.98 seconds
Iter 1078/1373 took 3.02 seconds
Iter 1079/1373 took 3.09 seconds
Iter 1080/1373 took 3.13 seconds
Iter 1081/1373 took 3.11 seconds
Iter 1082/1373 took 2.99 seconds
Iter 1083/1373 took 3.11 seconds
Iter 1084/1373 took 3.01 seconds
Iter 1085/1373 took 3.01 seconds
Iter 1086/1373 took 3.05 seconds
Iter 1087/1373 took 3.07 seconds
Iter 1088/1373 took 3.11 seconds
Iter 1089/1373 took 3.12 seconds
Iter 1090/1373 took 3.12 seconds
Iter 1091/1373 took 3.02 seconds
Iter 1092/1373 took 3.05 seconds
Iter 1093/1373 took 2.95 seconds
Iter 1094/1373 took 2.92 seconds
Iter 1095/1373 took 2.98 seconds
Iter 1096/1373 took 3.06 seconds
Iter 1097/1373 took 2.99 seconds
Iter 1098/1373 took 2.96 seconds
Iter 1099/1373 took 2.97 seconds
Iter 1100/1373 took 3.04 seconds
Iter 1101/1373 took 3.02 seconds
Iter 1102/1373 took 3.04 seconds
Iter 1103/1373 took 3.06 seconds
Iter 1104/1373 took 3.03 seconds
Iter 1105/1373 took 3.07 seconds
Iter 1106/1373 took 3.01 seconds
Iter 1107/1373 took 3.06 seconds
Iter 1108/1373 took 3.01 seconds
Iter 1109/1373 took 3.02 seconds
Iter 1110/1373 took 2.97 seconds
Iter 1111/1373 took 3.02 seconds
Iter 1112/1373 took 3.11 seconds
Iter 1113/1373 took 3.03 seconds
Iter 1114/1373 took 3.04 seconds
Iter 1115/1373 took 3.03 seconds
Iter 1116/1373 took 3.13 seconds
Iter 1117/1373 took 3.10 seconds
Iter 1118/1373 took 3.22 seconds
Iter 1119/1373 took 3.13 seconds
Iter 1120/1373 took 3.10 seconds
Iter 1121/1373 took 3.04 seconds
Iter 1122/1373 took 3.02 seconds
Iter 1123/1373 took 3.05 seconds
Iter 1124/1373 took 3.17 seconds
Iter 1125/1373 took 3.08 seconds
Iter 1126/1373 took 2.98 seconds
Iter 1127/1373 took 3.01 seconds
Iter 1128/1373 took 3.04 seconds
Iter 1129/1373 took 3.07 seconds
Iter 1130/1373 took 3.00 seconds
Iter 1131/1373 took 3.06 seconds
Iter 1132/1373 took 3.11 seconds
Iter 1133/1373 took 3.10 seconds
Iter 1134/1373 took 3.00 seconds
Iter 1135/1373 took 3.11 seconds
Iter 1136/1373 took 3.05 seconds
Iter 1137/1373 took 3.11 seconds
Iter 1138/1373 took 3.06 seconds
Iter 1139/1373 took 3.00 seconds
Iter 1140/1373 took 3.08 seconds
Iter 1141/1373 took 3.07 seconds
Iter 1142/1373 took 3.12 seconds
Iter 1143/1373 took 3.26 seconds
Iter 1144/1373 took 3.39 seconds
Iter 1145/1373 took 3.24 seconds
Iter 1146/1373 took 3.20 seconds
Iter 1147/1373 took 3.32 seconds
Iter 1148/1373 took 3.15 seconds
Iter 1149/1373 took 3.09 seconds
Iter 1150/1373 took 3.12 seconds
Iter 1151/1373 took 3.08 seconds
Iter 1152/1373 took 3.12 seconds
Iter 1153/1373 took 3.24 seconds
Iter 1154/1373 took 3.06 seconds
Iter 1155/1373 took 3.02 seconds
Iter 1156/1373 took 3.08 seconds
Iter 1157/1373 took 3.11 seconds
Iter 1158/1373 took 3.08 seconds
Iter 1159/1373 took 3.07 seconds
Iter 1160/1373 took 3.06 seconds
Iter 1161/1373 took 3.18 seconds
Iter 1162/1373 took 3.17 seconds
Iter 1163/1373 took 3.15 seconds
Iter 1164/1373 took 3.05 seconds
Iter 1165/1373 took 2.98 seconds
Iter 1166/1373 took 3.01 seconds
Iter 1167/1373 took 3.01 seconds
Iter 1168/1373 took 3.01 seconds
Iter 1169/1373 took 3.06 seconds
Iter 1170/1373 took 3.11 seconds
Iter 1171/1373 took 3.05 seconds
Iter 1172/1373 took 3.06 seconds
Iter 1173/1373 took 3.24 seconds
Iter 1174/1373 took 3.15 seconds
Iter 1175/1373 took 3.13 seconds
Iter 1176/1373 took 3.26 seconds
Iter 1177/1373 took 3.18 seconds
Iter 1178/1373 took 3.11 seconds
Iter 1179/1373 took 3.35 seconds
Iter 1180/1373 took 3.10 seconds
Iter 1181/1373 took 3.23 seconds
Iter 1182/1373 took 3.05 seconds
Iter 1183/1373 took 3.03 seconds
Iter 1184/1373 took 2.99 seconds
Iter 1185/1373 took 2.99 seconds
Iter 1186/1373 took 2.99 seconds
Iter 1187/1373 took 3.07 seconds
Iter 1188/1373 took 3.12 seconds
Iter 1189/1373 took 3.04 seconds
Iter 1190/1373 took 3.11 seconds
Iter 1191/1373 took 3.10 seconds
Iter 1192/1373 took 3.09 seconds
Iter 1193/1373 took 3.12 seconds
Iter 1194/1373 took 3.13 seconds
Iter 1195/1373 took 2.96 seconds
Iter 1196/1373 took 2.98 seconds
Iter 1197/1373 took 3.00 seconds
Iter 1198/1373 took 3.07 seconds
Iter 1199/1373 took 2.98 seconds
Iter 1200/1373 took 3.07 seconds
Iter 1201/1373 took 3.11 seconds
Iter 1202/1373 took 3.02 seconds
Iter 1203/1373 took 2.99 seconds
Iter 1204/1373 took 3.04 seconds
Iter 1205/1373 took 2.97 seconds
Iter 1206/1373 took 2.95 seconds
Iter 1207/1373 took 2.99 secondswandb: updating run metadata
wandb: uploading output.log; uploading wandb-summary.json; uploading config.yaml
wandb: uploading history steps 43801-43927, summary, console lines 1381-1386
wandb: 
wandb: Run history:
wandb:                charts/SPS ▁▁▂▂▂▂▃▃▃▃▃▃▃▃▄▄▄▄▄▄▄▄▅▅▅▆▆▆▆▆▇▆▇▇▇▇▇███
wandb:      charts/learning_rate ▁▁▁▁▁▁▁▁▁▁▁▁▁▁▁▁▁▁▁▁▁▁▁▁▁▁▁▁▁▁▁▁▁▁▁▁▁▁▁▁
wandb:               global_step ▁▁▁▁▁▂▂▂▂▂▂▂▂▂▂▃▄▄▄▅▅▅▅▅▅▆▆▆▆▆▆▆▇▇▇▇▇▇▇█
wandb:          losses/approx_kl ▄▆▃▄▅█▆▆▄▃▄▅▃▂▂▃▃▃▄▁▆▃▃▄▄▃▂▂▂▂▁▁▂▃▇▄▁▂▁▂
wandb:           losses/clipfrac ▂▁▄▄▃▄▂▂▃▂█▁▁▁▁▂▁▂▁▁▁▂▁▂▁▁▃▁▁▁▁▁▁▁▂▁▁▁▁▁
wandb:            losses/entropy ▁▁▂▂▂▂▂▂▂▂▃▃▃▄▄▄▄▄▅▅▅▅▅▆▆▆▆▆▆▆▇▇▇▇▇▇▇▇██
wandb: losses/explained_variance ▃▄▁▂▂▂▅▅▃▅▅▄▄▅▅▄▄▅▅▅▆▆▆▆▅▆▆▆▇▆▇▇▇▆▇███▆▇
wandb:      losses/old_approx_kl ▄▅▅▃▅█▃█▃▅▃▃▁▅█▄▃▃▄▄▇▇▃▃█▅▃▆▄▂▂▅▄▄▂▃▃▅▃▆
wandb:        losses/policy_loss ▅█▆▅▄▆▁▆▅▆▃▇█▄▄▄▆▄▆▆▆▄▄▄▆▅▆▅▅▅▄▄▆▃▅▃▆▄▆▄
wandb:         losses/value_loss ▂▃▅▅▂█▁▃▃▂▃▃▃▅▇▄▂▃▅█▇▅▃▂▇▃▆▄▅▅▅▃▆▅▅█▄▃▆▆
wandb:                       +48 ...
wandb: 
wandb: Run summary:
wandb:                charts/SPS 14554787
wandb:      charts/learning_rate 2e-05
wandb:               global_step 44990464
wandb:          losses/approx_kl 0.00062
wandb:           losses/clipfrac 0
wandb:            losses/entropy 9.49287
wandb: losses/explained_variance 0.80699
wandb:      losses/old_approx_kl 0.00099
wandb:        losses/policy_loss -0.00115
wandb:         losses/value_loss 2479.34912
wandb:                       +48 ...
wandb: 
wandb: 🚀 View run level3_loop_084_structural_v26_v23_10m_success_replay_retention_mature_to_60m at: https://wandb.ai/aojili77-technical-university-of-munich/ADR-PPO-Racing-Level3/runs/level3_loop_084_structural_v26_v23_10m_success_replay_retention_mature_to_60m
wandb: ⭐️ View project at: https://wandb.ai/aojili77-technical-university-of-munich/ADR-PPO-Racing-Level3
wandb: Synced 5 W&B file(s), 0 media file(s), 0 artifact file(s) and 0 other file(s)
wandb: Find logs at: ./wandb/run-20260622_085648-level3_loop_084_structural_v26_v23_10m_success_replay_retention_mature_to_60m/logs

Iter 1208/1373 took 3.02 seconds
Iter 1209/1373 took 3.06 seconds
Iter 1210/1373 took 3.11 seconds
Iter 1211/1373 took 3.18 seconds
Iter 1212/1373 took 3.12 seconds
Iter 1213/1373 took 3.08 seconds
Iter 1214/1373 took 3.07 seconds
Iter 1215/1373 took 3.04 seconds
Iter 1216/1373 took 3.10 seconds
Iter 1217/1373 took 3.04 seconds
Iter 1218/1373 took 3.10 seconds
Iter 1219/1373 took 3.11 seconds
Iter 1220/1373 took 3.03 seconds
Iter 1221/1373 took 3.04 seconds
checkpoint saved to /home/aojili/lsy_drone_racing/lsy_drone_racing/control/checkpoints/level3_loop_084_structural_v26_v23_10m_success_replay_retention_mature_to_60m/level3_loop_084_structural_v26_v23_10m_success_replay_retention_mature_to_60m_step_040000000.ckpt at global_step=40009728
Iter 1222/1373 took 3.03 seconds
Iter 1223/1373 took 3.19 seconds
Iter 1224/1373 took 3.15 seconds
Iter 1225/1373 took 3.23 seconds
Iter 1226/1373 took 3.25 seconds
Iter 1227/1373 took 3.25 seconds
Iter 1228/1373 took 3.13 seconds
Iter 1229/1373 took 3.06 seconds
Iter 1230/1373 took 3.15 seconds
Iter 1231/1373 took 3.03 seconds
Iter 1232/1373 took 3.25 seconds
Iter 1233/1373 took 3.15 seconds
Iter 1234/1373 took 3.08 seconds
Iter 1235/1373 took 3.04 seconds
Iter 1236/1373 took 2.98 seconds
Iter 1237/1373 took 2.95 seconds
Iter 1238/1373 took 2.98 seconds
Iter 1239/1373 took 2.93 seconds
Iter 1240/1373 took 2.94 seconds
Iter 1241/1373 took 2.93 seconds
Iter 1242/1373 took 2.98 seconds
Iter 1243/1373 took 2.98 seconds
Iter 1244/1373 took 2.97 seconds
Iter 1245/1373 took 3.00 seconds
Iter 1246/1373 took 3.02 seconds
Iter 1247/1373 took 2.95 seconds
Iter 1248/1373 took 2.94 seconds
Iter 1249/1373 took 2.94 seconds
Iter 1250/1373 took 2.94 seconds
Iter 1251/1373 took 2.93 seconds
Iter 1252/1373 took 2.94 seconds
Iter 1253/1373 took 2.95 seconds
Iter 1254/1373 took 2.97 seconds
Iter 1255/1373 took 2.97 seconds
Iter 1256/1373 took 2.99 seconds
Iter 1257/1373 took 3.01 seconds
Iter 1258/1373 took 3.08 seconds
Iter 1259/1373 took 3.03 seconds
Iter 1260/1373 took 2.96 seconds
Iter 1261/1373 took 2.98 seconds
Iter 1262/1373 took 2.98 seconds
Iter 1263/1373 took 2.99 seconds
Iter 1264/1373 took 3.04 seconds
Iter 1265/1373 took 3.11 seconds
Iter 1266/1373 took 3.06 seconds
Iter 1267/1373 took 3.10 seconds
Iter 1268/1373 took 3.00 seconds
Iter 1269/1373 took 3.07 seconds
Iter 1270/1373 took 3.05 seconds
Iter 1271/1373 took 3.19 seconds
Iter 1272/1373 took 3.07 seconds
Iter 1273/1373 took 3.09 seconds
Iter 1274/1373 took 3.16 seconds
Iter 1275/1373 took 3.26 seconds
Iter 1276/1373 took 3.17 seconds
Iter 1277/1373 took 2.99 seconds
Iter 1278/1373 took 2.92 seconds
Iter 1279/1373 took 2.91 seconds
Iter 1280/1373 took 3.01 seconds
Iter 1281/1373 took 3.10 seconds
Iter 1282/1373 took 3.07 seconds
Iter 1283/1373 took 3.10 seconds
Iter 1284/1373 took 3.03 seconds
Iter 1285/1373 took 3.02 seconds
Iter 1286/1373 took 2.97 seconds
Iter 1287/1373 took 2.95 seconds
Iter 1288/1373 took 3.16 seconds
Iter 1289/1373 took 2.99 seconds
Iter 1290/1373 took 2.95 seconds
Iter 1291/1373 took 3.03 seconds
Iter 1292/1373 took 3.05 seconds
Iter 1293/1373 took 2.99 seconds
Iter 1294/1373 took 3.05 seconds
Iter 1295/1373 took 3.00 seconds
Iter 1296/1373 took 3.00 seconds
Iter 1297/1373 took 2.95 seconds
Iter 1298/1373 took 2.95 seconds
Iter 1299/1373 took 2.95 seconds
Iter 1300/1373 took 3.02 seconds
Iter 1301/1373 took 2.96 seconds
Iter 1302/1373 took 2.99 seconds
Iter 1303/1373 took 2.99 seconds
Iter 1304/1373 took 2.99 seconds
Iter 1305/1373 took 3.01 seconds
Iter 1306/1373 took 3.02 seconds
Iter 1307/1373 took 3.13 seconds
Iter 1308/1373 took 3.02 seconds
Iter 1309/1373 took 3.16 seconds
Iter 1310/1373 took 3.18 seconds
Iter 1311/1373 took 3.20 seconds
Iter 1312/1373 took 3.24 seconds
Iter 1313/1373 took 3.18 seconds
Iter 1314/1373 took 3.19 seconds
Iter 1315/1373 took 3.18 seconds
Iter 1316/1373 took 3.15 seconds
Iter 1317/1373 took 3.14 seconds
Iter 1318/1373 took 3.00 seconds
Iter 1319/1373 took 2.97 seconds
Iter 1320/1373 took 3.08 seconds
Iter 1321/1373 took 3.16 seconds
Iter 1322/1373 took 3.05 seconds
Iter 1323/1373 took 3.16 seconds
Iter 1324/1373 took 3.06 seconds
Iter 1325/1373 took 2.96 seconds
Iter 1326/1373 took 2.95 seconds
Iter 1327/1373 took 2.96 seconds
Iter 1328/1373 took 2.99 seconds
Iter 1329/1373 took 2.95 seconds
Iter 1330/1373 took 2.96 seconds
Iter 1331/1373 took 3.08 seconds
Iter 1332/1373 took 3.19 seconds
Iter 1333/1373 took 3.27 seconds
Iter 1334/1373 took 3.13 seconds
Iter 1335/1373 took 3.04 seconds
Iter 1336/1373 took 3.11 seconds
Iter 1337/1373 took 3.24 seconds
Iter 1338/1373 took 3.17 seconds
Iter 1339/1373 took 3.16 seconds
Iter 1340/1373 took 3.08 seconds
Iter 1341/1373 took 3.00 seconds
Iter 1342/1373 took 3.00 seconds
Iter 1343/1373 took 2.97 seconds
Iter 1344/1373 took 3.05 seconds
Iter 1345/1373 took 3.13 seconds
Iter 1346/1373 took 3.11 seconds
Iter 1347/1373 took 3.14 seconds
Iter 1348/1373 took 3.28 seconds
Iter 1349/1373 took 3.02 seconds
Iter 1350/1373 took 2.98 seconds
Iter 1351/1373 took 3.01 seconds
Iter 1352/1373 took 2.98 seconds
Iter 1353/1373 took 2.95 seconds
Iter 1354/1373 took 2.91 seconds
Iter 1355/1373 took 2.99 seconds
Iter 1356/1373 took 2.99 seconds
Iter 1357/1373 took 2.97 seconds
Iter 1358/1373 took 2.96 seconds
Iter 1359/1373 took 3.08 seconds
Iter 1360/1373 took 3.10 seconds
Iter 1361/1373 took 3.12 seconds
Iter 1362/1373 took 3.05 seconds
Iter 1363/1373 took 3.07 seconds
Iter 1364/1373 took 3.00 seconds
Iter 1365/1373 took 3.03 seconds
Iter 1366/1373 took 3.16 seconds
Iter 1367/1373 took 3.09 seconds
Iter 1368/1373 took 2.99 seconds
Iter 1369/1373 took 3.02 seconds
Iter 1370/1373 took 3.22 seconds
Iter 1371/1373 took 3.08 seconds
Iter 1372/1373 took 3.04 seconds
Iter 1373/1373 took 3.09 seconds
Training for 44990464 steps took 4212.23 seconds.
model saved to /home/aojili/lsy_drone_racing/lsy_drone_racing/control/checkpoints/level3_loop_084_structural_v26_v23_10m_success_replay_retention_mature_to_60m/level3_loop_084_structural_v26_v23_10m_success_replay_retention_mature_to_60m_final.ckpt
