$ /home/aojili/lsy_drone_racing/.pixi/envs/gpu/bin/python /home/aojili/lsy_drone_racing/lsy_drone_racing/control/train_CleanRL_ppo_level3.py --config=level3_dr.toml --wandb_enabled=True --wandb_project_name=ADR-PPO-Racing-Level3 --wandb_mode=online --train=True --eval=0 --total_timesteps=35000000 --num_envs=1024 --num_steps=32 --cuda=True --jax_device=gpu --model_name=checkpoints/level3_loop_070_structural_v16_hard_corridor_mature_loop069_25m_to_60m/level3_loop_070_structural_v16_hard_corridor_mature_loop069_25m_to_60m_final.ckpt --checkpoint_dir=/home/aojili/lsy_drone_racing/lsy_drone_racing/control/checkpoints/level3_loop_070_structural_v16_hard_corridor_mature_loop069_25m_to_60m --checkpoint_interval=5000000 --observation_layout=level3_target_gate_nearest_gate_2obs_local_history_v5 --wandb_entity=aojili77-technical-university-of-munich --wandb_run_name=level3_loop_070_structural_v16_hard_corridor_mature_loop069_25m_to_60m --wandb_run_id=level3_loop_070_structural_v16_hard_corridor_mature_loop069_25m_to_60m --initial_model_name=/home/aojili/lsy_drone_racing/lsy_drone_racing/control/checkpoints/level3_loop_069_structural_v16_first_gate_hard_corridor_sampler_from_loop052_30m/level3_loop_069_structural_v16_first_gate_hard_corridor_sampler_from_loop052_30m_step_025000000.ckpt --learning_rate=5e-05 --anneal_lr=False --gamma=0.99 --gae_lambda=0.95 --update_epochs=5 --num_minibatches=8 --clip_coef=0.26 --clip_vloss=True --ent_coef=0.02 --vf_coef=0.7 --max_grad_norm=1.5 --target_kl=0.03 --hidden_dim=256 --policy_arch=mlp_2x_tanh --recurrent_hidden_dim=256 --recurrent_sequence_len=32 --n_obs=2 --action_rp_limit_deg=90.0 --action_lowpass_alpha=1.0 --reward_structure=legacy_staged --track_generator_profile=first_gate_hard_corridor --progress_coef=0.0 --gate_stage_coef=10.0 --gate_axis_coef=12.0 --near_gate_coef=0.0 --gate_bonus=90.0 --gate_front_bonus=0.0 --gate_plane_bonus=0.0 --gate_back_bonus=12.0 --finish_bonus=160.0 --missed_gate_penalty=0.0 --gate_frame_pressure_coef=0.0 --wrong_side_penalty=8.0 --crash_penalty=100.0 --obstacle_coef=8.0 --obstacle_margin=0.4 --obstacle_clearance_coef=6.0 --timeout_penalty=80.0 --time_penalty=0.03 --act_coef=0.03 --d_act_th_coef=0.1 --d_act_xy_coef=0.1 --cmd_tilt_coef=1.0 --rpy_coef=1.0 --tilt_limit_deg=40.0 --tilt_excess_coef=15.0

W0621 20:51:03.968051 1540438 cuda_executor.cc:1802] GPU interconnect information not available: INTERNAL: NVML doesn't support extracting fabric info or NVLink is not used by the device.
W0621 20:51:03.970383 1540361 cuda_executor.cc:1802] GPU interconnect information not available: INTERNAL: NVML doesn't support extracting fabric info or NVLink is not used by the device.
wandb: [wandb.login()] Loaded credentials for https://api.wandb.ai from /home/aojili/.netrc.
wandb: Currently logged in as: aojili77 (aojili77-technical-university-of-munich) to https://api.wandb.ai. Use `wandb login --relogin` to force relogin
wandb: setting up run level3_loop_070_structural_v16_hard_corridor_mature_loop069_25m_to_60m
wandb: Tracking run with wandb version 0.25.1
wandb: Run data is saved locally in /home/aojili/lsy_drone_racing/wandb/run-20260621_205107-level3_loop_070_structural_v16_hard_corridor_mature_loop069_25m_to_60m
wandb: Run `wandb offline` to turn off syncing.
wandb: Syncing run level3_loop_070_structural_v16_hard_corridor_mature_loop069_25m_to_60m
wandb: ⭐️ View project at https://wandb.ai/aojili77-technical-university-of-munich/ADR-PPO-Racing-Level3
wandb: 🚀 View run at https://wandb.ai/aojili77-technical-university-of-munich/ADR-PPO-Racing-Level3/runs/level3_loop_070_structural_v16_hard_corridor_mature_loop069_25m_to_60m
/home/aojili/lsy_drone_racing/.pixi/envs/gpu/lib/python3.13/site-packages/jax/_src/abstract_arrays.py:135: RuntimeWarning: overflow encountered in cast
  return literals.TypedNdArray(np.asarray(x, dtype), weak_type=False)
Training on device: cuda | Environment device: gpu
initialized agent weights from /home/aojili/lsy_drone_racing/lsy_drone_racing/control/checkpoints/level3_loop_069_structural_v16_first_gate_hard_corridor_sampler_from_loop052_30m/level3_loop_069_structural_v16_first_gate_hard_corridor_sampler_from_loop052_30m_step_025000000.ckpt; optimizer starts fresh
Iter 1/1068 took 15.31 seconds
Iter 2/1068 took 2.91 seconds
Iter 3/1068 took 2.95 seconds
Iter 4/1068 took 2.68 seconds
Iter 5/1068 took 2.80 seconds
Iter 6/1068 took 2.70 seconds
Iter 7/1068 took 2.69 seconds
Iter 8/1068 took 2.71 seconds
Iter 9/1068 took 2.70 seconds
Iter 10/1068 took 2.68 seconds
Iter 11/1068 took 2.75 seconds
Iter 12/1068 took 2.69 seconds
Iter 13/1068 took 2.70 seconds
Iter 14/1068 took 2.68 seconds
Iter 15/1068 took 2.84 seconds
Iter 16/1068 took 2.74 seconds
Iter 17/1068 took 2.77 seconds
Iter 18/1068 took 2.83 seconds
Iter 19/1068 took 2.76 seconds
Iter 20/1068 took 2.77 seconds
Iter 21/1068 took 2.83 seconds
Iter 22/1068 took 2.79 seconds
Iter 23/1068 took 2.81 seconds
Iter 24/1068 took 2.68 seconds
Iter 25/1068 took 2.70 seconds
Iter 26/1068 took 2.73 seconds
Iter 27/1068 took 2.75 seconds
Iter 28/1068 took 2.81 seconds
Iter 29/1068 took 2.77 seconds
Iter 30/1068 took 2.80 seconds
Iter 31/1068 took 2.80 seconds
Iter 32/1068 took 2.78 seconds
Iter 33/1068 took 2.76 seconds
Iter 34/1068 took 2.75 seconds
Iter 35/1068 took 2.80 seconds
Iter 36/1068 took 2.69 seconds
Iter 37/1068 took 2.71 seconds
Iter 38/1068 took 2.70 seconds
Iter 39/1068 took 2.65 seconds
Iter 40/1068 took 2.69 seconds
Iter 41/1068 took 2.78 seconds
Iter 42/1068 took 2.74 seconds
Iter 43/1068 took 2.69 seconds
Iter 44/1068 took 2.67 seconds
Iter 45/1068 took 2.68 seconds
Iter 46/1068 took 2.65 seconds
Iter 47/1068 took 2.64 seconds
Iter 48/1068 took 2.61 seconds
Iter 49/1068 took 2.61 seconds
Iter 50/1068 took 2.65 seconds
Iter 51/1068 took 2.68 seconds
Iter 52/1068 took 2.72 seconds
Iter 53/1068 took 2.76 seconds
Iter 54/1068 took 2.73 seconds
Iter 55/1068 took 2.68 seconds
Iter 56/1068 took 2.73 seconds
Iter 57/1068 took 2.75 seconds
Iter 58/1068 took 2.83 seconds
Iter 59/1068 took 2.81 seconds
Iter 60/1068 took 2.84 seconds
Iter 61/1068 took 2.76 seconds
Iter 62/1068 took 2.76 seconds
Iter 63/1068 took 2.70 seconds
Iter 64/1068 took 2.72 seconds
Iter 65/1068 took 2.71 seconds
Iter 66/1068 took 2.74 seconds
Iter 67/1068 took 2.82 seconds
Iter 68/1068 took 2.84 seconds
Iter 69/1068 took 2.80 seconds
Iter 70/1068 took 2.71 seconds
Iter 71/1068 took 2.88 seconds
Iter 72/1068 took 2.95 seconds
Iter 73/1068 took 2.77 seconds
Iter 74/1068 took 2.84 seconds
Iter 75/1068 took 2.79 seconds
Iter 76/1068 took 2.68 seconds
Iter 77/1068 took 2.87 seconds
Iter 78/1068 took 2.91 seconds
Iter 79/1068 took 2.68 seconds
Iter 80/1068 took 2.78 seconds
Iter 81/1068 took 2.92 seconds
Iter 82/1068 took 2.80 seconds
Iter 83/1068 took 2.92 seconds
Iter 84/1068 took 2.78 seconds
Iter 85/1068 took 2.76 seconds
Iter 86/1068 took 2.75 seconds
Iter 87/1068 took 2.76 seconds
Iter 88/1068 took 2.70 seconds
Iter 89/1068 took 2.78 seconds
Iter 90/1068 took 2.78 seconds
Iter 91/1068 took 2.77 seconds
Iter 92/1068 took 2.85 seconds
Iter 93/1068 took 2.83 seconds
Iter 94/1068 took 2.77 seconds
Iter 95/1068 took 2.75 seconds
Iter 96/1068 took 2.77 seconds
Iter 97/1068 took 2.73 seconds
Iter 98/1068 took 2.73 seconds
Iter 99/1068 took 2.71 seconds
Iter 100/1068 took 2.74 seconds
Iter 101/1068 took 2.70 seconds
Iter 102/1068 took 2.68 seconds
Iter 103/1068 took 2.65 seconds
Iter 104/1068 took 2.63 seconds
Iter 105/1068 took 2.65 seconds
Iter 106/1068 took 2.70 seconds
Iter 107/1068 took 2.71 seconds
Iter 108/1068 took 2.81 seconds
Iter 109/1068 took 2.69 seconds
Iter 110/1068 took 2.70 seconds
Iter 111/1068 took 2.75 seconds
Iter 112/1068 took 2.75 seconds
Iter 113/1068 took 2.74 seconds
Iter 114/1068 took 2.75 seconds
Iter 115/1068 took 2.74 seconds
Iter 116/1068 took 2.72 seconds
Iter 117/1068 took 2.67 seconds
Iter 118/1068 took 2.64 seconds
Iter 119/1068 took 2.75 seconds
Iter 120/1068 took 2.79 seconds
Iter 121/1068 took 2.76 seconds
Iter 122/1068 took 2.88 seconds
Iter 123/1068 took 2.86 seconds
Iter 124/1068 took 2.78 seconds
Iter 125/1068 took 2.71 seconds
Iter 126/1068 took 2.69 seconds
Iter 127/1068 took 2.74 seconds
Iter 128/1068 took 2.70 seconds
Iter 129/1068 took 2.81 seconds
Iter 130/1068 took 2.85 seconds
Iter 131/1068 took 2.82 seconds
Iter 132/1068 took 2.85 seconds
Iter 133/1068 took 2.73 seconds
Iter 134/1068 took 2.70 seconds
Iter 135/1068 took 2.71 seconds
Iter 136/1068 took 2.70 seconds
Iter 137/1068 took 2.73 seconds
Iter 138/1068 took 2.73 seconds
Iter 139/1068 took 2.76 seconds
Iter 140/1068 took 2.78 seconds
Iter 141/1068 took 2.82 seconds
Iter 142/1068 took 2.77 seconds
Iter 143/1068 took 2.76 seconds
Iter 144/1068 took 2.78 seconds
Iter 145/1068 took 2.89 seconds
Iter 146/1068 took 2.90 seconds
Iter 147/1068 took 2.91 seconds
Iter 148/1068 took 2.87 seconds
Iter 149/1068 took 2.88 seconds
Iter 150/1068 took 2.85 seconds
Iter 151/1068 took 2.84 seconds
Iter 152/1068 took 2.75 seconds
Iter 153/1068 took 2.89 seconds
checkpoint saved to /home/aojili/lsy_drone_racing/lsy_drone_racing/control/checkpoints/level3_loop_070_structural_v16_hard_corridor_mature_loop069_25m_to_60m/level3_loop_070_structural_v16_hard_corridor_mature_loop069_25m_to_60m_step_005000000.ckpt at global_step=5013504
Iter 154/1068 took 2.82 seconds
Iter 155/1068 took 2.78 seconds
Iter 156/1068 took 2.75 seconds
Iter 157/1068 took 2.85 seconds
Iter 158/1068 took 2.80 seconds
Iter 159/1068 took 2.81 seconds
Iter 160/1068 took 2.79 seconds
Iter 161/1068 took 2.85 seconds
Iter 162/1068 took 2.80 seconds
Iter 163/1068 took 2.80 seconds
Iter 164/1068 took 2.84 seconds
Iter 165/1068 took 2.75 seconds
Iter 166/1068 took 2.74 seconds
Iter 167/1068 took 2.75 seconds
Iter 168/1068 took 2.78 seconds
Iter 169/1068 took 2.72 seconds
Iter 170/1068 took 2.74 seconds
Iter 171/1068 took 2.76 seconds
Iter 172/1068 took 2.68 seconds
Iter 173/1068 took 2.87 seconds
Iter 174/1068 took 2.93 seconds
Iter 175/1068 took 2.82 seconds
Iter 176/1068 took 2.75 seconds
Iter 177/1068 took 2.82 seconds
Iter 178/1068 took 2.83 seconds
Iter 179/1068 took 2.94 seconds
Iter 180/1068 took 2.94 seconds
Iter 181/1068 took 2.94 seconds
Iter 182/1068 took 2.83 seconds
Iter 183/1068 took 2.76 seconds
Iter 184/1068 took 2.83 seconds
Iter 185/1068 took 2.74 seconds
Iter 186/1068 took 2.73 seconds
Iter 187/1068 took 2.78 seconds
Iter 188/1068 took 2.79 seconds
Iter 189/1068 took 2.70 seconds
Iter 190/1068 took 2.80 seconds
Iter 191/1068 took 2.87 seconds
Iter 192/1068 took 2.86 seconds
Iter 193/1068 took 2.86 seconds
Iter 194/1068 took 2.80 seconds
Iter 195/1068 took 2.92 seconds
Iter 196/1068 took 2.81 seconds
Iter 197/1068 took 2.83 seconds
Iter 198/1068 took 2.75 seconds
Iter 199/1068 took 2.85 seconds
Iter 200/1068 took 2.84 seconds
Iter 201/1068 took 2.82 seconds
Iter 202/1068 took 2.69 seconds
Iter 203/1068 took 2.80 seconds
Iter 204/1068 took 2.93 seconds
Iter 205/1068 took 2.78 seconds
Iter 206/1068 took 2.92 seconds
Iter 207/1068 took 2.77 seconds
Iter 208/1068 took 2.77 seconds
Iter 209/1068 took 2.76 seconds
Iter 210/1068 took 2.76 seconds
Iter 211/1068 took 2.64 seconds
Iter 212/1068 took 2.71 seconds
Iter 213/1068 took 2.70 seconds
Iter 214/1068 took 2.78 seconds
Iter 215/1068 took 2.84 seconds
Iter 216/1068 took 2.82 seconds
Iter 217/1068 took 2.82 seconds
Iter 218/1068 took 2.79 seconds
Iter 219/1068 took 2.86 seconds
Iter 220/1068 took 2.89 seconds
Iter 221/1068 took 2.81 seconds
Iter 222/1068 took 2.72 seconds
Iter 223/1068 took 2.91 seconds
Iter 224/1068 took 2.72 seconds
Iter 225/1068 took 2.83 seconds
Iter 226/1068 took 2.72 seconds
Iter 227/1068 took 2.91 seconds
Iter 228/1068 took 2.92 seconds
Iter 229/1068 took 2.84 seconds
Iter 230/1068 took 2.89 seconds
Iter 231/1068 took 2.86 seconds
Iter 232/1068 took 2.81 seconds
Iter 233/1068 took 2.86 seconds
Iter 234/1068 took 2.83 seconds
Iter 235/1068 took 2.74 seconds
Iter 236/1068 took 2.71 seconds
Iter 237/1068 took 2.73 seconds
Iter 238/1068 took 2.67 seconds
Iter 239/1068 took 2.68 seconds
Iter 240/1068 took 2.75 seconds
Iter 241/1068 took 2.82 seconds
Iter 242/1068 took 2.92 seconds
Iter 243/1068 took 2.96 seconds
Iter 244/1068 took 2.97 seconds
Iter 245/1068 took 2.94 seconds
Iter 246/1068 took 2.80 seconds
Iter 247/1068 took 2.78 seconds
Iter 248/1068 took 2.77 seconds
Iter 249/1068 took 2.82 seconds
Iter 250/1068 took 2.95 seconds
Iter 251/1068 took 2.89 seconds
Iter 252/1068 took 2.75 seconds
Iter 253/1068 took 2.73 seconds
Iter 254/1068 took 2.85 seconds
Iter 255/1068 took 2.78 seconds
Iter 256/1068 took 2.82 seconds
Iter 257/1068 took 2.83 seconds
Iter 258/1068 took 2.90 seconds
Iter 259/1068 took 2.77 seconds
Iter 260/1068 took 3.01 seconds
Iter 261/1068 took 2.80 seconds
Iter 262/1068 took 2.85 seconds
Iter 263/1068 took 2.92 seconds
Iter 264/1068 took 2.83 seconds
Iter 265/1068 took 2.79 seconds
Iter 266/1068 took 2.76 seconds
Iter 267/1068 took 2.83 seconds
Iter 268/1068 took 2.80 seconds
Iter 269/1068 took 2.77 seconds
Iter 270/1068 took 2.80 seconds
Iter 271/1068 took 2.73 seconds
Iter 272/1068 took 2.75 seconds
Iter 273/1068 took 2.72 seconds
Iter 274/1068 took 2.69 seconds
Iter 275/1068 took 2.67 seconds
Iter 276/1068 took 2.65 seconds
Iter 277/1068 took 2.68 seconds
Iter 278/1068 took 2.69 seconds
Iter 279/1068 took 2.68 seconds
Iter 280/1068 took 2.72 seconds
Iter 281/1068 took 2.83 seconds
Iter 282/1068 took 2.90 seconds
Iter 283/1068 took 3.00 seconds
Iter 284/1068 took 3.13 seconds
Iter 285/1068 took 3.04 seconds
Iter 286/1068 took 3.05 seconds
Iter 287/1068 took 2.85 seconds
Iter 288/1068 took 2.82 seconds
Iter 289/1068 took 2.78 seconds
Iter 290/1068 took 2.88 seconds
Iter 291/1068 took 2.82 seconds
Iter 292/1068 took 2.79 seconds
Iter 293/1068 took 2.78 seconds
Iter 294/1068 took 2.77 seconds
Iter 295/1068 took 2.67 seconds
Iter 296/1068 took 2.72 seconds
Iter 297/1068 took 2.86 seconds
Iter 298/1068 took 2.79 seconds
Iter 299/1068 took 2.73 seconds
Iter 300/1068 took 2.65 seconds
Iter 301/1068 took 2.65 seconds
Iter 302/1068 took 2.70 seconds
Iter 303/1068 took 2.71 seconds
Iter 304/1068 took 2.72 seconds
Iter 305/1068 took 2.72 seconds
Iter 306/1068 took 2.71 seconds
checkpoint saved to /home/aojili/lsy_drone_racing/lsy_drone_racing/control/checkpoints/level3_loop_070_structural_v16_hard_corridor_mature_loop069_25m_to_60m/level3_loop_070_structural_v16_hard_corridor_mature_loop069_25m_to_60m_step_010000000.ckpt at global_step=10027008
Iter 307/1068 took 2.66 seconds
Iter 308/1068 took 2.67 seconds
Iter 309/1068 took 2.66 seconds
Iter 310/1068 took 2.73 seconds
Iter 311/1068 took 2.69 seconds
Iter 312/1068 took 2.66 seconds
Iter 313/1068 took 2.71 seconds
Iter 314/1068 took 2.71 seconds
Iter 315/1068 took 2.78 seconds
Iter 316/1068 took 2.85 seconds
Iter 317/1068 took 2.80 seconds
Iter 318/1068 took 2.77 seconds
Iter 319/1068 took 2.83 seconds
Iter 320/1068 took 2.81 seconds
Iter 321/1068 took 2.73 seconds
Iter 322/1068 took 2.77 seconds
Iter 323/1068 took 2.73 seconds
Iter 324/1068 took 2.74 seconds
Iter 325/1068 took 2.77 seconds
Iter 326/1068 took 2.71 seconds
Iter 327/1068 took 2.73 seconds
Iter 328/1068 took 2.69 seconds
Iter 329/1068 took 2.71 seconds
Iter 330/1068 took 2.71 seconds
Iter 331/1068 took 2.71 seconds
Iter 332/1068 took 2.72 seconds
Iter 333/1068 took 2.71 seconds
Iter 334/1068 took 2.71 seconds
Iter 335/1068 took 2.77 seconds
Iter 336/1068 took 2.76 seconds
Iter 337/1068 took 2.69 seconds
Iter 338/1068 took 2.69 seconds
Iter 339/1068 took 2.81 seconds
Iter 340/1068 took 2.75 seconds
Iter 341/1068 took 2.78 seconds
Iter 342/1068 took 2.68 seconds
Iter 343/1068 took 2.75 seconds
Iter 344/1068 took 2.74 seconds
Iter 345/1068 took 2.79 seconds
Iter 346/1068 took 2.85 seconds
Iter 347/1068 took 2.91 seconds
Iter 348/1068 took 2.84 seconds
Iter 349/1068 took 2.72 seconds
Iter 350/1068 took 2.73 seconds
Iter 351/1068 took 2.81 seconds
Iter 352/1068 took 2.72 seconds
Iter 353/1068 took 2.94 seconds
Iter 354/1068 took 2.85 seconds
Iter 355/1068 took 2.79 seconds
Iter 356/1068 took 2.77 seconds
Iter 357/1068 took 2.83 seconds
Iter 358/1068 took 2.70 seconds
Iter 359/1068 took 2.72 seconds
Iter 360/1068 took 2.70 seconds
Iter 361/1068 took 2.84 seconds
Iter 362/1068 took 2.74 seconds
Iter 363/1068 took 2.77 seconds
Iter 364/1068 took 2.90 seconds
Iter 365/1068 took 2.91 seconds
Iter 366/1068 took 2.81 seconds
Iter 367/1068 took 2.79 seconds
Iter 368/1068 took 2.84 seconds
Iter 369/1068 took 2.85 seconds
Iter 370/1068 took 2.82 seconds
Iter 371/1068 took 2.90 seconds
Iter 372/1068 took 2.81 seconds
Iter 373/1068 took 2.90 seconds
Iter 374/1068 took 2.87 seconds
Iter 375/1068 took 2.83 seconds
Iter 376/1068 took 2.76 seconds
Iter 377/1068 took 2.73 seconds
Iter 378/1068 took 2.87 seconds
Iter 379/1068 took 2.83 seconds
Iter 380/1068 took 2.79 seconds
Iter 381/1068 took 2.77 seconds
Iter 382/1068 took 2.88 seconds
Iter 383/1068 took 2.85 seconds
Iter 384/1068 took 2.73 seconds
Iter 385/1068 took 2.82 seconds
Iter 386/1068 took 2.80 seconds
Iter 387/1068 took 2.77 seconds
Iter 388/1068 took 2.74 seconds
Iter 389/1068 took 2.71 seconds
Iter 390/1068 took 2.69 seconds
Iter 391/1068 took 2.71 seconds
Iter 392/1068 took 2.73 seconds
Iter 393/1068 took 2.74 seconds
Iter 394/1068 took 2.74 seconds
Iter 395/1068 took 2.74 seconds
Iter 396/1068 took 2.69 seconds
Iter 397/1068 took 2.70 seconds
Iter 398/1068 took 2.73 seconds
Iter 399/1068 took 2.71 seconds
Iter 400/1068 took 2.73 seconds
Iter 401/1068 took 2.74 seconds
Iter 402/1068 took 2.74 seconds
Iter 403/1068 took 2.72 seconds
Iter 404/1068 took 2.78 seconds
Iter 405/1068 took 2.75 seconds
Iter 406/1068 took 2.73 seconds
Iter 407/1068 took 2.76 seconds
Iter 408/1068 took 2.78 seconds
Iter 409/1068 took 2.75 seconds
Iter 410/1068 took 2.77 seconds
Iter 411/1068 took 2.83 seconds
Iter 412/1068 took 2.78 seconds
Iter 413/1068 took 2.98 seconds
Iter 414/1068 took 2.87 seconds
Iter 415/1068 took 2.90 seconds
Iter 416/1068 took 2.93 seconds
Iter 417/1068 took 2.80 seconds
Iter 418/1068 took 2.81 seconds
Iter 419/1068 took 2.85 seconds
Iter 420/1068 took 2.88 seconds
Iter 421/1068 took 2.83 seconds
Iter 422/1068 took 2.80 seconds
Iter 423/1068 took 2.78 seconds
Iter 424/1068 took 2.84 seconds
Iter 425/1068 took 2.91 seconds
Iter 426/1068 took 2.92 seconds
Iter 427/1068 took 2.80 seconds
Iter 428/1068 took 2.91 seconds
Iter 429/1068 took 2.93 seconds
Iter 430/1068 took 2.80 seconds
Iter 431/1068 took 2.81 seconds
Iter 432/1068 took 2.84 seconds
Iter 433/1068 took 2.86 seconds
Iter 434/1068 took 2.73 seconds
Iter 435/1068 took 2.83 seconds
Iter 436/1068 took 2.78 seconds
Iter 437/1068 took 2.78 seconds
Iter 438/1068 took 2.72 seconds
Iter 439/1068 took 2.79 seconds
Iter 440/1068 took 2.78 seconds
Iter 441/1068 took 2.72 seconds
Iter 442/1068 took 2.79 seconds
Iter 443/1068 took 2.75 seconds
Iter 444/1068 took 2.81 seconds
Iter 445/1068 took 2.73 seconds
Iter 446/1068 took 2.74 seconds
Iter 447/1068 took 2.68 seconds
Iter 448/1068 took 2.79 seconds
Iter 449/1068 took 2.83 seconds
Iter 450/1068 took 2.90 seconds
Iter 451/1068 took 2.84 seconds
Iter 452/1068 took 2.74 seconds
Iter 453/1068 took 2.76 seconds
Iter 454/1068 took 2.80 seconds
Iter 455/1068 took 2.94 seconds
Iter 456/1068 took 2.84 seconds
Iter 457/1068 took 2.82 seconds
Iter 458/1068 took 2.84 seconds
checkpoint saved to /home/aojili/lsy_drone_racing/lsy_drone_racing/control/checkpoints/level3_loop_070_structural_v16_hard_corridor_mature_loop069_25m_to_60m/level3_loop_070_structural_v16_hard_corridor_mature_loop069_25m_to_60m_step_015000000.ckpt at global_step=15007744
Iter 459/1068 took 2.88 seconds
Iter 460/1068 took 2.86 seconds
Iter 461/1068 took 2.87 seconds
Iter 462/1068 took 2.80 seconds
Iter 463/1068 took 2.84 seconds
Iter 464/1068 took 2.78 seconds
Iter 465/1068 took 2.85 seconds
Iter 466/1068 took 2.78 seconds
Iter 467/1068 took 2.85 seconds
Iter 468/1068 took 2.79 seconds
Iter 469/1068 took 2.69 seconds
Iter 470/1068 took 2.72 seconds
Iter 471/1068 took 2.72 seconds
Iter 472/1068 took 2.72 seconds
Iter 473/1068 took 2.72 seconds
Iter 474/1068 took 2.76 seconds
Iter 475/1068 took 2.76 seconds
Iter 476/1068 took 2.74 seconds
Iter 477/1068 took 2.70 seconds
Iter 478/1068 took 2.72 seconds
Iter 479/1068 took 2.71 seconds
Iter 480/1068 took 2.83 seconds
Iter 481/1068 took 2.78 seconds
Iter 482/1068 took 2.79 seconds
Iter 483/1068 took 2.78 seconds
Iter 484/1068 took 2.80 seconds
Iter 485/1068 took 2.78 seconds
Iter 486/1068 took 2.82 seconds
Iter 487/1068 took 2.75 seconds
Iter 488/1068 took 2.77 seconds
Iter 489/1068 took 2.75 seconds
Iter 490/1068 took 2.79 seconds
Iter 491/1068 took 2.91 seconds
Iter 492/1068 took 2.83 seconds
Iter 493/1068 took 2.90 seconds
Iter 494/1068 took 2.81 seconds
Iter 495/1068 took 2.85 seconds
Iter 496/1068 took 2.83 seconds
Iter 497/1068 took 2.82 seconds
Iter 498/1068 took 2.76 seconds
Iter 499/1068 took 2.83 seconds
Iter 500/1068 took 2.86 seconds
Iter 501/1068 took 2.90 seconds
Iter 502/1068 took 2.83 seconds
Iter 503/1068 took 2.80 seconds
Iter 504/1068 took 2.93 seconds
Iter 505/1068 took 2.97 seconds
Iter 506/1068 took 2.86 seconds
Iter 507/1068 took 2.87 seconds
Iter 508/1068 took 2.90 seconds
Iter 509/1068 took 2.78 seconds
Iter 510/1068 took 2.75 seconds
Iter 511/1068 took 2.84 seconds
Iter 512/1068 took 2.93 seconds
Iter 513/1068 took 2.93 seconds
Iter 514/1068 took 2.75 seconds
Iter 515/1068 took 2.72 seconds
Iter 516/1068 took 2.73 seconds
Iter 517/1068 took 2.72 seconds
Iter 518/1068 took 2.88 seconds
Iter 519/1068 took 2.99 seconds
Iter 520/1068 took 2.92 seconds
Iter 521/1068 took 2.79 seconds
Iter 522/1068 took 2.90 seconds
Iter 523/1068 took 2.99 seconds
Iter 524/1068 took 2.92 seconds
Iter 525/1068 took 2.88 seconds
Iter 526/1068 took 2.73 seconds
Iter 527/1068 took 2.72 seconds
Iter 528/1068 took 2.78 seconds
Iter 529/1068 took 2.86 seconds
Iter 530/1068 took 2.76 seconds
Iter 531/1068 took 2.71 seconds
Iter 532/1068 took 2.71 seconds
Iter 533/1068 took 2.72 seconds
Iter 534/1068 took 2.75 seconds
Iter 535/1068 took 2.75 seconds
Iter 536/1068 took 2.75 seconds
Iter 537/1068 took 2.79 seconds
Iter 538/1068 took 2.76 seconds
Iter 539/1068 took 2.75 seconds
Iter 540/1068 took 2.72 seconds
Iter 541/1068 took 2.70 seconds
Iter 542/1068 took 2.72 seconds
Iter 543/1068 took 2.73 seconds
Iter 544/1068 took 2.80 seconds
Iter 545/1068 took 2.70 seconds
Iter 546/1068 took 2.68 seconds
Iter 547/1068 took 2.74 seconds
Iter 548/1068 took 2.78 seconds
Iter 549/1068 took 2.79 seconds
Iter 550/1068 took 2.73 seconds
Iter 551/1068 took 2.71 seconds
Iter 552/1068 took 2.77 seconds
Iter 553/1068 took 2.76 seconds
Iter 554/1068 took 2.72 seconds
Iter 555/1068 took 2.72 seconds
Iter 556/1068 took 2.67 seconds
Iter 557/1068 took 2.67 seconds
Iter 558/1068 took 2.73 seconds
Iter 559/1068 took 2.72 seconds
Iter 560/1068 took 2.75 seconds
Iter 561/1068 took 2.68 seconds
Iter 562/1068 took 2.69 seconds
Iter 563/1068 took 2.72 seconds
Iter 564/1068 took 2.67 seconds
Iter 565/1068 took 2.68 seconds
Iter 566/1068 took 2.71 seconds
Iter 567/1068 took 2.70 seconds
Iter 568/1068 took 2.72 seconds
Iter 569/1068 took 2.72 seconds
Iter 570/1068 took 2.69 seconds
Iter 571/1068 took 2.75 seconds
Iter 572/1068 took 2.78 seconds
Iter 573/1068 took 2.71 seconds
Iter 574/1068 took 2.76 seconds
Iter 575/1068 took 2.72 seconds
Iter 576/1068 took 2.73 seconds
Iter 577/1068 took 2.73 seconds
Iter 578/1068 took 2.76 seconds
Iter 579/1068 took 2.77 seconds
Iter 580/1068 took 2.79 seconds
Iter 581/1068 took 2.82 seconds
Iter 582/1068 took 2.75 seconds
Iter 583/1068 took 2.83 seconds
Iter 584/1068 took 2.90 seconds
Iter 585/1068 took 3.00 seconds
Iter 586/1068 took 3.00 seconds
Iter 587/1068 took 3.00 seconds
Iter 588/1068 took 2.86 seconds
Iter 589/1068 took 2.76 seconds
Iter 590/1068 took 2.68 seconds
Iter 591/1068 took 2.68 seconds
Iter 592/1068 took 2.72 seconds
Iter 593/1068 took 2.78 seconds
Iter 594/1068 took 2.82 seconds
Iter 595/1068 took 2.79 seconds
Iter 596/1068 took 2.77 seconds
Iter 597/1068 took 2.71 seconds
Iter 598/1068 took 2.81 seconds
Iter 599/1068 took 2.77 seconds
Iter 600/1068 took 2.73 seconds
Iter 601/1068 took 2.80 seconds
Iter 602/1068 took 2.80 seconds
Iter 603/1068 took 2.80 seconds
Iter 604/1068 took 2.74 seconds
Iter 605/1068 took 2.73 seconds
Iter 606/1068 took 2.70 seconds
Iter 607/1068 took 2.80 seconds
Iter 608/1068 took 2.77 seconds
Iter 609/1068 took 2.78 seconds
Iter 610/1068 took 2.80 seconds
Iter 611/1068 took 2.71 seconds
checkpoint saved to /home/aojili/lsy_drone_racing/lsy_drone_racing/control/checkpoints/level3_loop_070_structural_v16_hard_corridor_mature_loop069_25m_to_60m/level3_loop_070_structural_v16_hard_corridor_mature_loop069_25m_to_60m_step_020000000.ckpt at global_step=20021248
Iter 612/1068 took 2.72 seconds
Iter 613/1068 took 2.74 seconds
Iter 614/1068 took 2.68 seconds
Iter 615/1068 took 2.71 seconds
Iter 616/1068 took 2.72 seconds
Iter 617/1068 took 2.74 seconds
Iter 618/1068 took 2.73 seconds
Iter 619/1068 took 2.69 seconds
Iter 620/1068 took 2.75 seconds
Iter 621/1068 took 2.71 seconds
Iter 622/1068 took 2.77 seconds
Iter 623/1068 took 2.74 seconds
Iter 624/1068 took 2.77 seconds
Iter 625/1068 took 2.80 seconds
Iter 626/1068 took 2.78 seconds
Iter 627/1068 took 2.77 seconds
Iter 628/1068 took 2.75 seconds
Iter 629/1068 took 2.74 seconds
Iter 630/1068 took 2.70 seconds
Iter 631/1068 took 2.81 seconds
Iter 632/1068 took 2.78 seconds
Iter 633/1068 took 2.77 seconds
Iter 634/1068 took 2.76 seconds
Iter 635/1068 took 2.74 seconds
Iter 636/1068 took 2.72 seconds
Iter 637/1068 took 2.77 seconds
Iter 638/1068 took 2.73 seconds
Iter 639/1068 took 2.73 seconds
Iter 640/1068 took 2.75 seconds
Iter 641/1068 took 2.69 seconds
Iter 642/1068 took 2.71 seconds
Iter 643/1068 took 2.71 seconds
Iter 644/1068 took 2.73 seconds
Iter 645/1068 took 2.76 seconds
Iter 646/1068 took 2.74 seconds
Iter 647/1068 took 2.73 seconds
Iter 648/1068 took 2.71 seconds
Iter 649/1068 took 2.69 seconds
Iter 650/1068 took 2.71 seconds
Iter 651/1068 took 2.75 seconds
Iter 652/1068 took 2.74 seconds
Iter 653/1068 took 2.69 seconds
Iter 654/1068 took 2.74 seconds
Iter 655/1068 took 2.80 seconds
Iter 656/1068 took 2.71 seconds
Iter 657/1068 took 2.71 seconds
Iter 658/1068 took 2.73 seconds
Iter 659/1068 took 2.80 seconds
Iter 660/1068 took 2.73 seconds
Iter 661/1068 took 2.73 seconds
Iter 662/1068 took 2.71 seconds
Iter 663/1068 took 2.70 seconds
Iter 664/1068 took 2.73 seconds
Iter 665/1068 took 2.77 seconds
Iter 666/1068 took 2.79 seconds
Iter 667/1068 took 2.77 seconds
Iter 668/1068 took 2.75 seconds
Iter 669/1068 took 2.73 seconds
Iter 670/1068 took 2.75 seconds
Iter 671/1068 took 2.69 seconds
Iter 672/1068 took 2.74 seconds
Iter 673/1068 took 2.71 seconds
Iter 674/1068 took 2.66 seconds
Iter 675/1068 took 2.75 seconds
Iter 676/1068 took 2.83 seconds
Iter 677/1068 took 2.78 seconds
Iter 678/1068 took 2.75 seconds
Iter 679/1068 took 2.80 seconds
Iter 680/1068 took 2.72 seconds
Iter 681/1068 took 2.90 seconds
Iter 682/1068 took 2.81 seconds
Iter 683/1068 took 2.69 seconds
Iter 684/1068 took 2.87 seconds
Iter 685/1068 took 2.75 seconds
Iter 686/1068 took 2.74 seconds
Iter 687/1068 took 2.81 seconds
Iter 688/1068 took 2.84 seconds
Iter 689/1068 took 2.80 seconds
Iter 690/1068 took 2.77 seconds
Iter 691/1068 took 2.70 seconds
Iter 692/1068 took 2.68 seconds
Iter 693/1068 took 2.81 seconds
Iter 694/1068 took 2.98 seconds
Iter 695/1068 took 2.83 seconds
Iter 696/1068 took 2.77 seconds
Iter 697/1068 took 2.73 seconds
Iter 698/1068 took 2.78 seconds
Iter 699/1068 took 2.72 seconds
Iter 700/1068 took 2.81 seconds
Iter 701/1068 took 2.79 seconds
Iter 702/1068 took 2.86 seconds
Iter 703/1068 took 2.83 seconds
Iter 704/1068 took 2.99 seconds
Iter 705/1068 took 2.80 seconds
Iter 706/1068 took 2.78 seconds
Iter 707/1068 took 2.76 seconds
Iter 708/1068 took 2.89 seconds
Iter 709/1068 took 2.77 seconds
Iter 710/1068 took 2.83 seconds
Iter 711/1068 took 2.74 seconds
Iter 712/1068 took 2.84 seconds
Iter 713/1068 took 2.79 seconds
Iter 714/1068 took 2.85 seconds
Iter 715/1068 took 2.84 seconds
Iter 716/1068 took 2.77 seconds
Iter 717/1068 took 2.88 seconds
Iter 718/1068 took 2.79 seconds
Iter 719/1068 took 2.80 seconds
Iter 720/1068 took 2.90 seconds
Iter 721/1068 took 2.76 seconds
Iter 722/1068 took 2.80 seconds
Iter 723/1068 took 2.88 seconds
Iter 724/1068 took 2.81 seconds
Iter 725/1068 took 2.80 seconds
Iter 726/1068 took 2.81 seconds
Iter 727/1068 took 2.73 seconds
Iter 728/1068 took 2.77 seconds
Iter 729/1068 took 2.79 seconds
Iter 730/1068 took 2.81 seconds
Iter 731/1068 took 2.79 seconds
Iter 732/1068 took 2.69 seconds
Iter 733/1068 took 2.72 seconds
Iter 734/1068 took 2.74 seconds
Iter 735/1068 took 2.70 seconds
Iter 736/1068 took 2.74 seconds
Iter 737/1068 took 2.71 seconds
Iter 738/1068 took 2.78 seconds
Iter 739/1068 took 2.80 seconds
Iter 740/1068 took 2.72 seconds
Iter 741/1068 took 2.76 seconds
Iter 742/1068 took 2.83 seconds
Iter 743/1068 took 2.79 seconds
Iter 744/1068 took 2.79 seconds
Iter 745/1068 took 2.78 seconds
Iter 746/1068 took 2.77 seconds
Iter 747/1068 took 2.81 seconds
Iter 748/1068 took 2.83 seconds
Iter 749/1068 took 2.73 seconds
Iter 750/1068 took 2.77 seconds
Iter 751/1068 took 2.87 seconds
Iter 752/1068 took 2.83 seconds
Iter 753/1068 took 2.84 seconds
Iter 754/1068 took 2.75 seconds
Iter 755/1068 took 2.76 seconds
Iter 756/1068 took 2.86 seconds
Iter 757/1068 took 2.74 seconds
Iter 758/1068 took 2.83 seconds
Iter 759/1068 took 2.79 seconds
Iter 760/1068 took 2.83 seconds
Iter 761/1068 took 2.77 seconds
Iter 762/1068 took 2.68 seconds
Iter 763/1068 took 2.73 seconds
checkpoint saved to /home/aojili/lsy_drone_racing/lsy_drone_racing/control/checkpoints/level3_loop_070_structural_v16_hard_corridor_mature_loop069_25m_to_60m/level3_loop_070_structural_v16_hard_corridor_mature_loop069_25m_to_60m_step_025000000.ckpt at global_step=25001984
Iter 764/1068 took 2.77 seconds
Iter 765/1068 took 2.83 seconds
Iter 766/1068 took 2.83 seconds
Iter 767/1068 took 2.78 seconds
Iter 768/1068 took 2.78 seconds
Iter 769/1068 took 2.85 seconds
Iter 770/1068 took 2.89 seconds
Iter 771/1068 took 2.89 seconds
Iter 772/1068 took 2.93 seconds
Iter 773/1068 took 2.85 seconds
Iter 774/1068 took 2.77 seconds
Iter 775/1068 took 2.83 seconds
Iter 776/1068 took 2.78 seconds
Iter 777/1068 took 2.90 seconds
Iter 778/1068 took 2.75 seconds
Iter 779/1068 took 2.73 seconds
Iter 780/1068 took 2.77 seconds
Iter 781/1068 took 2.89 seconds
Iter 782/1068 took 2.95 seconds
Iter 783/1068 took 2.97 seconds
Iter 784/1068 took 2.89 seconds
Iter 785/1068 took 2.80 seconds
Iter 786/1068 took 2.86 seconds
Iter 787/1068 took 2.89 seconds
Iter 788/1068 took 2.84 seconds
Iter 789/1068 took 2.69 seconds
Iter 790/1068 took 2.72 seconds
Iter 791/1068 took 2.69 seconds
Iter 792/1068 took 2.75 seconds
Iter 793/1068 took 2.83 seconds
Iter 794/1068 took 2.81 seconds
Iter 795/1068 took 2.78 seconds
Iter 796/1068 took 2.77 seconds
Iter 797/1068 took 2.78 seconds
Iter 798/1068 took 2.75 seconds
Iter 799/1068 took 2.96 seconds
Iter 800/1068 took 2.88 seconds
Iter 801/1068 took 2.75 seconds
Iter 802/1068 took 2.71 seconds
Iter 803/1068 took 2.74 seconds
Iter 804/1068 took 2.77 seconds
Iter 805/1068 took 2.83 seconds
Iter 806/1068 took 2.80 seconds
Iter 807/1068 took 2.84 seconds
Iter 808/1068 took 2.86 seconds
Iter 809/1068 took 2.77 seconds
Iter 810/1068 took 2.65 seconds
Iter 811/1068 took 2.92 seconds
Iter 812/1068 took 2.82 seconds
Iter 813/1068 took 2.84 seconds
Iter 814/1068 took 2.74 seconds
Iter 815/1068 took 2.70 seconds
Iter 816/1068 took 2.70 seconds
Iter 817/1068 took 2.70 seconds
Iter 818/1068 took 2.92 seconds
Iter 819/1068 took 2.72 seconds
Iter 820/1068 took 2.76 seconds
Iter 821/1068 took 2.74 seconds
Iter 822/1068 took 2.84 seconds
Iter 823/1068 took 2.83 seconds
Iter 824/1068 took 2.71 seconds
Iter 825/1068 took 2.73 seconds
Iter 826/1068 took 2.76 seconds
Iter 827/1068 took 2.84 seconds
Iter 828/1068 took 2.85 seconds
Iter 829/1068 took 2.91 seconds
Iter 830/1068 took 2.95 seconds
Iter 831/1068 took 2.92 seconds
Iter 832/1068 took 2.84 seconds
Iter 833/1068 took 2.73 seconds
Iter 834/1068 took 2.79 seconds
Iter 835/1068 took 2.89 seconds
Iter 836/1068 took 2.86 seconds
Iter 837/1068 took 2.77 seconds
Iter 838/1068 took 2.76 seconds
Iter 839/1068 took 2.79 seconds
Iter 840/1068 took 2.76 seconds
Iter 841/1068 took 2.83 seconds
Iter 842/1068 took 2.91 seconds
Iter 843/1068 took 2.88 seconds
Iter 844/1068 took 2.83 seconds
Iter 845/1068 took 2.77 seconds
Iter 846/1068 took 2.73 seconds
Iter 847/1068 took 2.65 seconds
Iter 848/1068 took 2.72 seconds
Iter 849/1068 took 2.82 seconds
Iter 850/1068 took 2.67 seconds
Iter 851/1068 took 2.71 seconds
Iter 852/1068 took 2.71 seconds
Iter 853/1068 took 2.73 seconds
Iter 854/1068 took 2.66 seconds
Iter 855/1068 took 2.69 seconds
Iter 856/1068 took 2.70 seconds
Iter 857/1068 took 2.76 seconds
Iter 858/1068 took 2.71 seconds
Iter 859/1068 took 2.77 seconds
Iter 860/1068 took 2.77 seconds
Iter 861/1068 took 2.83 seconds
Iter 862/1068 took 2.78 seconds
Iter 863/1068 took 2.75 seconds
Iter 864/1068 took 2.81 seconds
Iter 865/1068 took 2.74 seconds
Iter 866/1068 took 2.70 seconds
Iter 867/1068 took 2.69 seconds
Iter 868/1068 took 2.74 seconds
Iter 869/1068 took 2.76 seconds
Iter 870/1068 took 2.76 seconds
Iter 871/1068 took 2.77 seconds
Iter 872/1068 took 2.75 seconds
Iter 873/1068 took 2.71 seconds
Iter 874/1068 took 2.75 seconds
Iter 875/1068 took 2.75 seconds
Iter 876/1068 took 2.83 seconds
Iter 877/1068 took 2.83 seconds
Iter 878/1068 took 2.82 seconds
Iter 879/1068 took 2.73 seconds
Iter 880/1068 took 2.73 seconds
Iter 881/1068 took 2.72 seconds
Iter 882/1068 took 2.71 seconds
Iter 883/1068 took 2.74 seconds
Iter 884/1068 took 2.72 seconds
Iter 885/1068 took 2.73 seconds
Iter 886/1068 took 2.84 seconds
Iter 887/1068 took 2.76 seconds
Iter 888/1068 took 2.85 seconds
Iter 889/1068 took 2.92 seconds
Iter 890/1068 took 3.07 seconds
Iter 891/1068 took 2.92 seconds
Iter 892/1068 took 2.93 seconds
Iter 893/1068 took 2.95 seconds
Iter 894/1068 took 2.93 seconds
Iter 895/1068 took 2.73 seconds
Iter 896/1068 took 2.77 seconds
Iter 897/1068 took 2.76 seconds
Iter 898/1068 took 2.79 seconds
Iter 899/1068 took 2.84 seconds
Iter 900/1068 took 2.88 seconds
Iter 901/1068 took 2.86 seconds
Iter 902/1068 took 2.77 seconds
Iter 903/1068 took 2.90 seconds
Iter 904/1068 took 2.90 seconds
Iter 905/1068 took 2.88 seconds
Iter 906/1068 took 3.02 seconds
Iter 907/1068 took 2.92 seconds
Iter 908/1068 took 2.93 seconds
Iter 909/1068 took 2.71 seconds
Iter 910/1068 took 2.80 seconds
Iter 911/1068 took 2.89 seconds
Iter 912/1068 took 2.93 seconds
Iter 913/1068 took 2.80 seconds
Iter 914/1068 took 2.78 seconds
Iter 915/1068 took 2.96 seconds
Iter 916/1068 took 2.95 seconds
checkpoint saved to /home/aojili/lsy_drone_racing/lsy_drone_racing/control/checkpoints/level3_loop_070_structural_v16_hard_corridor_mature_loop069_25m_to_60m/level3_loop_070_structural_v16_hard_corridor_mature_loop069_25m_to_60m_step_030000000.ckpt at global_step=30015488
Iter 917/1068 took 2.95 seconds
Iter 918/1068 took 2.99 seconds
Iter 919/1068 took 2.93 seconds
Iter 920/1068 took 2.88 seconds
Iter 921/1068 took 2.88 seconds
Iter 922/1068 took 2.93 seconds
Iter 923/1068 took 2.90 seconds
Iter 924/1068 took 2.90 seconds
Iter 925/1068 took 2.95 seconds
Iter 926/1068 took 2.76 seconds
Iter 927/1068 took 2.81 seconds
Iter 928/1068 took 2.72 seconds
Iter 929/1068 took 2.70 seconds
Iter 930/1068 took 2.78 seconds
Iter 931/1068 took 2.72 seconds
Iter 932/1068 took 2.78 seconds
Iter 933/1068 took 2.68 seconds
Iter 934/1068 took 2.72 seconds
Iter 935/1068 took 2.77 seconds
Iter 936/1068 took 2.75 seconds
Iter 937/1068 took 2.74 seconds
Iter 938/1068 took 2.78 seconds
Iter 939/1068 took 2.78 seconds
Iter 940/1068 took 2.73 seconds
Iter 941/1068 took 2.73 seconds
Iter 942/1068 took 2.72 seconds
Iter 943/1068 took 2.77 seconds
Iter 944/1068 took 2.77 seconds
Iter 945/1068 took 2.77 seconds
Iter 946/1068 took 2.70 seconds
Iter 947/1068 took 2.73 seconds
Iter 948/1068 took 2.69 seconds
Iter 949/1068 took 2.64 seconds
Iter 950/1068 took 2.75 seconds
Iter 951/1068 took 2.70 seconds
Iter 952/1068 took 2.72 seconds
Iter 953/1068 took 2.72 seconds
Iter 954/1068 took 2.74 seconds
Iter 955/1068 took 2.74 seconds
Iter 956/1068 took 2.73 seconds
Iter 957/1068 took 2.74 seconds
Iter 958/1068 took 2.73 seconds
Iter 959/1068 took 2.73 seconds
Iter 960/1068 took 2.74 seconds
Iter 961/1068 took 2.72 seconds
Iter 962/1068 took 2.72 seconds
Iter 963/1068 took 2.70 seconds
Iter 964/1068 took 2.69 seconds
Iter 965/1068 took 2.75 seconds
Iter 966/1068 took 2.77 secondswandb: updating run metadata
wandb: uploading history steps 34135-34162, summary, console lines 1077-1079
wandb: 
wandb: Run history:
wandb:                charts/SPS ▁▁▁▁▂▂▂▂▂▃▃▃▃▃▃▄▄▄▄▄▄▄▄▅▅▅▆▆▆▆▇▇▇▇▆▇▇███
wandb:      charts/learning_rate ▁▁▁▁▁▁▁▁▁▁▁▁▁▁▁▁▁▁▁▁▁▁▁▁▁▁▁▁▁▁▁▁▁▁▁▁▁▁▁▁
wandb:               global_step ▁▁▁▁▁▂▂▂▂▂▂▂▂▃▃▃▃▃▄▄▄▄▅▅▅▅▅▅▆▆▆▆▆▆▇▇████
wandb:          losses/approx_kl ▄▄▂▃▃▅▅▄▄▅▁▃▁▃▄▄█▁▃▇▂▃█▄▄▄▄▁▂▂▅▄▃▅▃▂▃▃▃▄
wandb:           losses/clipfrac ▂▆▃▂▄▅▅▄▇▂▅▆▄▅▁▅▄▃▄▆▃▃▅▅▃▇▆▅▂▃▆▂▃▆█▅▅▄▅█
wandb:            losses/entropy ▁▁▁▁▁▁▁▁▂▂▂▂▂▂▃▃▃▃▃▄▄▄▄▅▅▅▅▅▅▅▆▆▆▆▆▇▇███
wandb: losses/explained_variance ▆▃▄▄▃▄▅▁▅▅▄▂▃▃▅▄▅▆▃▄▆▄▅▄▇▃▆▂▄█▄▆▄▄▆▄▆▆▅▅
wandb:      losses/old_approx_kl ▃▄▃▅▅▁▄▂▃▆█▃▂▃▁▄▃▄▆▄▄▇▅▅▃▅▇▅▁▄▆▅▄▅▁▆▆█▆▄
wandb:        losses/policy_loss ▄▅▁▆▄▇▄▄▆▆▇▅▃▄▄▄█▄▇█▁█▄▂▄▃▆▅▆▄▇▄▆▃▅▅▆▆▅▃
wandb:         losses/value_loss ▂▃▇▅▅▃▂▅▄▄▄▄▅▅▃▃▂▄▅▆▃▃█▃▄▂▄█▂▄▁▃▂▁▂▂▃▄▂▃
wandb:                       +48 ...
wandb: 
wandb: Run summary:
wandb:                charts/SPS 12615829
wandb:      charts/learning_rate 5e-05
wandb:               global_step 34996224
wandb:          losses/approx_kl 0.00404
wandb:           losses/clipfrac 0.01241
wandb:            losses/entropy 6.35775
wandb: losses/explained_variance 0.8021
wandb:      losses/old_approx_kl 0.00435
wandb:        losses/policy_loss -0.00573
wandb:         losses/value_loss 169.22813
wandb:                       +48 ...
wandb: 
wandb: 🚀 View run level3_loop_070_structural_v16_hard_corridor_mature_loop069_25m_to_60m at: https://wandb.ai/aojili77-technical-university-of-munich/ADR-PPO-Racing-Level3/runs/level3_loop_070_structural_v16_hard_corridor_mature_loop069_25m_to_60m
wandb: ⭐️ View project at: https://wandb.ai/aojili77-technical-university-of-munich/ADR-PPO-Racing-Level3
wandb: Synced 5 W&B file(s), 0 media file(s), 0 artifact file(s) and 0 other file(s)
wandb: Find logs at: ./wandb/run-20260621_205107-level3_loop_070_structural_v16_hard_corridor_mature_loop069_25m_to_60m/logs

Iter 967/1068 took 2.77 seconds
Iter 968/1068 took 2.73 seconds
Iter 969/1068 took 2.71 seconds
Iter 970/1068 took 2.75 seconds
Iter 971/1068 took 2.73 seconds
Iter 972/1068 took 2.78 seconds
Iter 973/1068 took 2.75 seconds
Iter 974/1068 took 2.89 seconds
Iter 975/1068 took 2.76 seconds
Iter 976/1068 took 2.76 seconds
Iter 977/1068 took 2.72 seconds
Iter 978/1068 took 2.78 seconds
Iter 979/1068 took 2.72 seconds
Iter 980/1068 took 2.80 seconds
Iter 981/1068 took 2.81 seconds
Iter 982/1068 took 2.73 seconds
Iter 983/1068 took 2.70 seconds
Iter 984/1068 took 2.82 seconds
Iter 985/1068 took 2.78 seconds
Iter 986/1068 took 2.87 seconds
Iter 987/1068 took 2.79 seconds
Iter 988/1068 took 2.72 seconds
Iter 989/1068 took 2.71 seconds
Iter 990/1068 took 2.82 seconds
Iter 991/1068 took 2.90 seconds
Iter 992/1068 took 2.82 seconds
Iter 993/1068 took 2.77 seconds
Iter 994/1068 took 2.69 seconds
Iter 995/1068 took 2.73 seconds
Iter 996/1068 took 2.82 seconds
Iter 997/1068 took 2.82 seconds
Iter 998/1068 took 2.86 seconds
Iter 999/1068 took 2.96 seconds
Iter 1000/1068 took 2.85 seconds
Iter 1001/1068 took 2.84 seconds
Iter 1002/1068 took 2.77 seconds
Iter 1003/1068 took 2.85 seconds
Iter 1004/1068 took 2.77 seconds
Iter 1005/1068 took 2.81 seconds
Iter 1006/1068 took 2.83 seconds
Iter 1007/1068 took 2.76 seconds
Iter 1008/1068 took 2.75 seconds
Iter 1009/1068 took 2.74 seconds
Iter 1010/1068 took 2.71 seconds
Iter 1011/1068 took 2.67 seconds
Iter 1012/1068 took 2.68 seconds
Iter 1013/1068 took 2.82 seconds
Iter 1014/1068 took 2.67 seconds
Iter 1015/1068 took 2.77 seconds
Iter 1016/1068 took 2.81 seconds
Iter 1017/1068 took 2.77 seconds
Iter 1018/1068 took 2.68 seconds
Iter 1019/1068 took 2.75 seconds
Iter 1020/1068 took 2.75 seconds
Iter 1021/1068 took 2.71 seconds
Iter 1022/1068 took 2.73 seconds
Iter 1023/1068 took 2.72 seconds
Iter 1024/1068 took 2.67 seconds
Iter 1025/1068 took 2.70 seconds
Iter 1026/1068 took 2.74 seconds
Iter 1027/1068 took 2.74 seconds
Iter 1028/1068 took 2.72 seconds
Iter 1029/1068 took 2.77 seconds
Iter 1030/1068 took 2.80 seconds
Iter 1031/1068 took 2.77 seconds
Iter 1032/1068 took 2.80 seconds
Iter 1033/1068 took 2.80 seconds
Iter 1034/1068 took 2.75 seconds
Iter 1035/1068 took 2.74 seconds
Iter 1036/1068 took 2.75 seconds
Iter 1037/1068 took 2.76 seconds
Iter 1038/1068 took 2.85 seconds
Iter 1039/1068 took 2.84 seconds
Iter 1040/1068 took 2.76 seconds
Iter 1041/1068 took 2.79 seconds
Iter 1042/1068 took 2.73 seconds
Iter 1043/1068 took 2.74 seconds
Iter 1044/1068 took 2.75 seconds
Iter 1045/1068 took 2.75 seconds
Iter 1046/1068 took 2.76 seconds
Iter 1047/1068 took 2.76 seconds
Iter 1048/1068 took 2.74 seconds
Iter 1049/1068 took 2.69 seconds
Iter 1050/1068 took 2.77 seconds
Iter 1051/1068 took 2.89 seconds
Iter 1052/1068 took 2.78 seconds
Iter 1053/1068 took 2.76 seconds
Iter 1054/1068 took 2.78 seconds
Iter 1055/1068 took 2.73 seconds
Iter 1056/1068 took 2.79 seconds
Iter 1057/1068 took 2.78 seconds
Iter 1058/1068 took 2.74 seconds
Iter 1059/1068 took 2.70 seconds
Iter 1060/1068 took 2.71 seconds
Iter 1061/1068 took 2.78 seconds
Iter 1062/1068 took 2.78 seconds
Iter 1063/1068 took 2.82 seconds
Iter 1064/1068 took 2.77 seconds
Iter 1065/1068 took 2.73 seconds
Iter 1066/1068 took 2.87 seconds
Iter 1067/1068 took 2.77 seconds
Iter 1068/1068 took 2.77 seconds
Training for 34996224 steps took 2987.34 seconds.
model saved to /home/aojili/lsy_drone_racing/lsy_drone_racing/control/checkpoints/level3_loop_070_structural_v16_hard_corridor_mature_loop069_25m_to_60m/level3_loop_070_structural_v16_hard_corridor_mature_loop069_25m_to_60m_final.ckpt
