$ /home/aojili/lsy_drone_racing/.pixi/envs/gpu/bin/python /home/aojili/lsy_drone_racing/lsy_drone_racing/control/train_CleanRL_ppo_level3.py --config=level3_dr.toml --wandb_enabled=True --wandb_project_name=ADR-PPO-Racing-Level3 --wandb_mode=online --train=True --eval=0 --total_timesteps=40000000 --num_envs=1024 --num_steps=32 --cuda=True --jax_device=gpu --model_name=checkpoints/level3_loop_037_v5_decoupled_frame_clearance_low_pressure_maturation_from_loop036_40m/level3_loop_037_v5_decoupled_frame_clearance_low_pressure_maturation_from_loop036_40m_final.ckpt --checkpoint_dir=/home/aojili/lsy_drone_racing/lsy_drone_racing/control/checkpoints/level3_loop_037_v5_decoupled_frame_clearance_low_pressure_maturation_from_loop036_40m --checkpoint_interval=5000000 --observation_layout=level3_target_gate_nearest_gate_2obs_local_history_v5 --wandb_entity=aojili77-technical-university-of-munich --wandb_run_name=level3_loop_037_v5_decoupled_frame_clearance_low_pressure_maturation_from_loop036_40m --wandb_run_id=level3_loop_037_v5_decoupled_frame_clearance_low_pressure_maturation_from_loop036_40m --initial_model_name=/home/aojili/lsy_drone_racing/lsy_drone_racing/control/checkpoints/level3_loop_036_structural_v5_decoupled_frame_clearance_low_pressure_reward_20m/level3_loop_036_structural_v5_decoupled_frame_clearance_low_pressure_reward_20m_final.ckpt --learning_rate=0.0003 --gamma=0.99 --gae_lambda=0.95 --update_epochs=5 --num_minibatches=8 --clip_coef=0.26 --clip_vloss=True --ent_coef=0.02 --vf_coef=0.7 --max_grad_norm=1.5 --target_kl=0.03 --hidden_dim=256 --n_obs=2 --action_rp_limit_deg=90.0 --action_lowpass_alpha=1.0 --reward_structure=decoupled_frame_clearance --progress_coef=0.0 --gate_stage_coef=9.0 --gate_axis_coef=22.0 --near_gate_coef=0.0 --gate_bonus=180.0 --gate_front_bonus=22.0 --gate_plane_bonus=18.0 --gate_back_bonus=95.0 --finish_bonus=300.0 --missed_gate_penalty=8.0 --gate_frame_pressure_coef=1.5 --wrong_side_penalty=14.0 --crash_penalty=50.0 --obstacle_coef=4.5 --obstacle_margin=0.3 --obstacle_clearance_coef=0.0 --timeout_penalty=80.0 --time_penalty=0.005 --act_coef=0.012 --d_act_th_coef=0.055 --d_act_xy_coef=0.055 --cmd_tilt_coef=0.75 --rpy_coef=0.65 --tilt_limit_deg=42.0 --tilt_excess_coef=10.0

W0620 16:27:27.865533 2184830 cuda_executor.cc:1802] GPU interconnect information not available: INTERNAL: NVML doesn't support extracting fabric info or NVLink is not used by the device.
W0620 16:27:27.867861 2184753 cuda_executor.cc:1802] GPU interconnect information not available: INTERNAL: NVML doesn't support extracting fabric info or NVLink is not used by the device.
wandb: [wandb.login()] Loaded credentials for https://api.wandb.ai from /home/aojili/.netrc.
wandb: Currently logged in as: aojili77 (aojili77-technical-university-of-munich) to https://api.wandb.ai. Use `wandb login --relogin` to force relogin
wandb: setting up run level3_loop_037_v5_decoupled_frame_clearance_low_pressure_maturation_from_loop036_40m
wandb: Tracking run with wandb version 0.25.1
wandb: Run data is saved locally in /home/aojili/lsy_drone_racing/wandb/run-20260620_162731-level3_loop_037_v5_decoupled_frame_clearance_low_pressure_maturation_from_loop036_40m
wandb: Run `wandb offline` to turn off syncing.
wandb: Syncing run level3_loop_037_v5_decoupled_frame_clearance_low_pressure_maturation_from_loop036_40m
wandb: ⭐️ View project at https://wandb.ai/aojili77-technical-university-of-munich/ADR-PPO-Racing-Level3
wandb: 🚀 View run at https://wandb.ai/aojili77-technical-university-of-munich/ADR-PPO-Racing-Level3/runs/level3_loop_037_v5_decoupled_frame_clearance_low_pressure_maturation_from_loop036_40m
/home/aojili/lsy_drone_racing/.pixi/envs/gpu/lib/python3.13/site-packages/jax/_src/abstract_arrays.py:135: RuntimeWarning: overflow encountered in cast
  return literals.TypedNdArray(np.asarray(x, dtype), weak_type=False)
Training on device: cuda | Environment device: gpu
initialized agent weights from /home/aojili/lsy_drone_racing/lsy_drone_racing/control/checkpoints/level3_loop_036_structural_v5_decoupled_frame_clearance_low_pressure_reward_20m/level3_loop_036_structural_v5_decoupled_frame_clearance_low_pressure_reward_20m_final.ckpt; optimizer starts fresh
Iter 1/1220 took 14.86 seconds
Iter 2/1220 took 2.84 seconds
Iter 3/1220 took 2.87 seconds
Iter 4/1220 took 2.85 seconds
Iter 5/1220 took 2.85 seconds
Iter 6/1220 took 2.85 seconds
Iter 7/1220 took 2.84 seconds
Iter 8/1220 took 2.91 seconds
Iter 9/1220 took 2.82 seconds
Iter 10/1220 took 2.91 seconds
Iter 11/1220 took 2.79 seconds
Iter 12/1220 took 2.79 seconds
Iter 13/1220 took 2.80 seconds
Iter 14/1220 took 2.86 seconds
Iter 15/1220 took 2.70 seconds
Iter 16/1220 took 2.71 seconds
Iter 17/1220 took 2.69 seconds
Iter 18/1220 took 2.69 seconds
Iter 19/1220 took 2.70 seconds
Iter 20/1220 took 2.68 seconds
Iter 21/1220 took 2.74 seconds
Iter 22/1220 took 2.72 seconds
Iter 23/1220 took 2.75 seconds
Iter 24/1220 took 2.72 seconds
Iter 25/1220 took 2.65 seconds
Iter 26/1220 took 2.74 seconds
Iter 27/1220 took 2.71 seconds
Iter 28/1220 took 2.70 seconds
Iter 29/1220 took 2.75 seconds
Iter 30/1220 took 2.78 seconds
Iter 31/1220 took 2.74 seconds
Iter 32/1220 took 2.77 seconds
Iter 33/1220 took 2.72 seconds
Iter 34/1220 took 2.72 seconds
Iter 35/1220 took 2.72 seconds
Iter 36/1220 took 2.71 seconds
Iter 37/1220 took 2.74 seconds
Iter 38/1220 took 2.78 seconds
Iter 39/1220 took 2.76 seconds
Iter 40/1220 took 2.89 seconds
Iter 41/1220 took 2.94 seconds
Iter 42/1220 took 2.78 seconds
Iter 43/1220 took 2.80 seconds
Iter 44/1220 took 2.99 seconds
Iter 45/1220 took 2.83 seconds
Iter 46/1220 took 2.85 seconds
Iter 47/1220 took 2.85 seconds
Iter 48/1220 took 2.80 seconds
Iter 49/1220 took 2.76 seconds
Iter 50/1220 took 2.88 seconds
Iter 51/1220 took 2.86 seconds
Iter 52/1220 took 2.89 seconds
Iter 53/1220 took 2.83 seconds
Iter 54/1220 took 2.80 seconds
Iter 55/1220 took 2.72 seconds
Iter 56/1220 took 2.67 seconds
Iter 57/1220 took 2.72 seconds
Iter 58/1220 took 2.79 seconds
Iter 59/1220 took 2.73 seconds
Iter 60/1220 took 2.68 seconds
Iter 61/1220 took 2.73 seconds
Iter 62/1220 took 2.80 seconds
Iter 63/1220 took 2.82 seconds
Iter 64/1220 took 2.79 seconds
Iter 65/1220 took 2.72 seconds
Iter 66/1220 took 2.73 seconds
Iter 67/1220 took 2.74 seconds
Iter 68/1220 took 2.74 seconds
Iter 69/1220 took 2.77 seconds
Iter 70/1220 took 2.75 seconds
Iter 71/1220 took 2.69 seconds
Iter 72/1220 took 2.68 seconds
Iter 73/1220 took 2.70 seconds
Iter 74/1220 took 2.69 seconds
Iter 75/1220 took 2.68 seconds
Iter 76/1220 took 2.79 seconds
Iter 77/1220 took 2.79 seconds
Iter 78/1220 took 2.72 seconds
Iter 79/1220 took 2.90 seconds
Iter 80/1220 took 2.83 seconds
Iter 81/1220 took 2.82 seconds
Iter 82/1220 took 2.84 seconds
Iter 83/1220 took 2.84 seconds
Iter 84/1220 took 2.84 seconds
Iter 85/1220 took 2.81 seconds
Iter 86/1220 took 2.85 seconds
Iter 87/1220 took 2.79 seconds
Iter 88/1220 took 2.86 seconds
Iter 89/1220 took 2.85 seconds
Iter 90/1220 took 2.88 seconds
Iter 91/1220 took 2.82 seconds
Iter 92/1220 took 2.81 seconds
Iter 93/1220 took 2.99 seconds
Iter 94/1220 took 2.79 seconds
Iter 95/1220 took 2.80 seconds
Iter 96/1220 took 2.80 seconds
Iter 97/1220 took 2.76 seconds
Iter 98/1220 took 2.80 seconds
Iter 99/1220 took 2.81 seconds
Iter 100/1220 took 2.73 seconds
Iter 101/1220 took 2.67 seconds
Iter 102/1220 took 2.71 seconds
Iter 103/1220 took 2.74 seconds
Iter 104/1220 took 2.66 seconds
Iter 105/1220 took 2.69 seconds
Iter 106/1220 took 2.71 seconds
Iter 107/1220 took 2.83 seconds
Iter 108/1220 took 2.82 seconds
Iter 109/1220 took 2.85 seconds
Iter 110/1220 took 2.88 seconds
Iter 111/1220 took 2.77 seconds
Iter 112/1220 took 2.67 seconds
Iter 113/1220 took 2.67 seconds
Iter 114/1220 took 2.74 seconds
Iter 115/1220 took 2.75 seconds
Iter 116/1220 took 2.74 seconds
Iter 117/1220 took 2.72 seconds
Iter 118/1220 took 2.81 seconds
Iter 119/1220 took 2.75 seconds
Iter 120/1220 took 2.72 seconds
Iter 121/1220 took 2.71 seconds
Iter 122/1220 took 2.77 seconds
Iter 123/1220 took 2.74 seconds
Iter 124/1220 took 2.86 seconds
Iter 125/1220 took 2.82 seconds
Iter 126/1220 took 2.84 seconds
Iter 127/1220 took 2.80 seconds
Iter 128/1220 took 2.80 seconds
Iter 129/1220 took 2.71 seconds
Iter 130/1220 took 2.69 seconds
Iter 131/1220 took 2.76 seconds
Iter 132/1220 took 2.75 seconds
Iter 133/1220 took 2.76 seconds
Iter 134/1220 took 2.71 seconds
Iter 135/1220 took 2.73 seconds
Iter 136/1220 took 2.68 seconds
Iter 137/1220 took 2.72 seconds
Iter 138/1220 took 2.73 seconds
Iter 139/1220 took 2.73 seconds
Iter 140/1220 took 2.72 seconds
Iter 141/1220 took 2.72 seconds
Iter 142/1220 took 2.74 seconds
Iter 143/1220 took 2.75 seconds
Iter 144/1220 took 2.74 seconds
Iter 145/1220 took 2.74 seconds
Iter 146/1220 took 2.72 seconds
Iter 147/1220 took 2.70 seconds
Iter 148/1220 took 2.81 seconds
Iter 149/1220 took 2.85 seconds
Iter 150/1220 took 2.93 seconds
Iter 151/1220 took 2.94 seconds
Iter 152/1220 took 2.78 seconds
Iter 153/1220 took 2.85 seconds
checkpoint saved to /home/aojili/lsy_drone_racing/lsy_drone_racing/control/checkpoints/level3_loop_037_v5_decoupled_frame_clearance_low_pressure_maturation_from_loop036_40m/level3_loop_037_v5_decoupled_frame_clearance_low_pressure_maturation_from_loop036_40m_step_005000000.ckpt at global_step=5013504
Iter 154/1220 took 2.89 seconds
Iter 155/1220 took 2.74 seconds
Iter 156/1220 took 2.83 seconds
Iter 157/1220 took 2.76 seconds
Iter 158/1220 took 2.76 seconds
Iter 159/1220 took 2.79 seconds
Iter 160/1220 took 2.77 seconds
Iter 161/1220 took 2.81 seconds
Iter 162/1220 took 2.79 seconds
Iter 163/1220 took 2.79 seconds
Iter 164/1220 took 2.81 seconds
Iter 165/1220 took 2.80 seconds
Iter 166/1220 took 2.77 seconds
Iter 167/1220 took 2.73 seconds
Iter 168/1220 took 2.71 seconds
Iter 169/1220 took 2.72 seconds
Iter 170/1220 took 2.72 seconds
Iter 171/1220 took 2.75 seconds
Iter 172/1220 took 2.82 seconds
Iter 173/1220 took 2.78 seconds
Iter 174/1220 took 2.83 seconds
Iter 175/1220 took 2.82 seconds
Iter 176/1220 took 2.80 seconds
Iter 177/1220 took 2.74 seconds
Iter 178/1220 took 2.75 seconds
Iter 179/1220 took 2.74 seconds
Iter 180/1220 took 2.74 seconds
Iter 181/1220 took 2.85 seconds
Iter 182/1220 took 2.76 seconds
Iter 183/1220 took 2.82 seconds
Iter 184/1220 took 2.72 seconds
Iter 185/1220 took 2.75 seconds
Iter 186/1220 took 2.76 seconds
Iter 187/1220 took 2.79 seconds
Iter 188/1220 took 2.87 seconds
Iter 189/1220 took 2.96 seconds
Iter 190/1220 took 2.93 seconds
Iter 191/1220 took 2.97 seconds
Iter 192/1220 took 2.89 seconds
Iter 193/1220 took 2.95 seconds
Iter 194/1220 took 2.81 seconds
Iter 195/1220 took 2.83 seconds
Iter 196/1220 took 2.76 seconds
Iter 197/1220 took 2.70 seconds
Iter 198/1220 took 2.68 seconds
Iter 199/1220 took 2.77 seconds
Iter 200/1220 took 2.85 seconds
Iter 201/1220 took 2.93 seconds
Iter 202/1220 took 2.72 seconds
Iter 203/1220 took 2.88 seconds
Iter 204/1220 took 2.90 seconds
Iter 205/1220 took 2.88 seconds
Iter 206/1220 took 2.75 seconds
Iter 207/1220 took 2.72 seconds
Iter 208/1220 took 2.69 seconds
Iter 209/1220 took 2.77 seconds
Iter 210/1220 took 2.80 seconds
Iter 211/1220 took 2.91 seconds
Iter 212/1220 took 2.83 seconds
Iter 213/1220 took 2.81 seconds
Iter 214/1220 took 2.82 seconds
Iter 215/1220 took 2.73 seconds
Iter 216/1220 took 2.75 seconds
Iter 217/1220 took 2.76 seconds
Iter 218/1220 took 2.69 seconds
Iter 219/1220 took 2.72 seconds
Iter 220/1220 took 2.72 seconds
Iter 221/1220 took 2.65 seconds
Iter 222/1220 took 2.70 seconds
Iter 223/1220 took 2.72 seconds
Iter 224/1220 took 2.77 seconds
Iter 225/1220 took 2.78 seconds
Iter 226/1220 took 2.75 seconds
Iter 227/1220 took 2.79 seconds
Iter 228/1220 took 2.71 seconds
Iter 229/1220 took 2.72 seconds
Iter 230/1220 took 2.71 seconds
Iter 231/1220 took 2.71 seconds
Iter 232/1220 took 2.73 seconds
Iter 233/1220 took 2.73 seconds
Iter 234/1220 took 2.74 seconds
Iter 235/1220 took 2.67 seconds
Iter 236/1220 took 2.72 seconds
Iter 237/1220 took 2.66 seconds
Iter 238/1220 took 2.67 seconds
Iter 239/1220 took 2.70 seconds
Iter 240/1220 took 2.77 seconds
Iter 241/1220 took 2.72 seconds
Iter 242/1220 took 2.69 seconds
Iter 243/1220 took 2.76 seconds
Iter 244/1220 took 2.84 seconds
Iter 245/1220 took 2.75 seconds
Iter 246/1220 took 2.81 seconds
Iter 247/1220 took 2.85 seconds
Iter 248/1220 took 2.83 seconds
Iter 249/1220 took 2.78 seconds
Iter 250/1220 took 2.72 seconds
Iter 251/1220 took 2.73 seconds
Iter 252/1220 took 2.77 seconds
Iter 253/1220 took 2.75 seconds
Iter 254/1220 took 2.77 seconds
Iter 255/1220 took 2.73 seconds
Iter 256/1220 took 2.78 seconds
Iter 257/1220 took 2.76 seconds
Iter 258/1220 took 2.70 seconds
Iter 259/1220 took 2.75 seconds
Iter 260/1220 took 2.78 seconds
Iter 261/1220 took 2.83 seconds
Iter 262/1220 took 2.95 seconds
Iter 263/1220 took 2.88 seconds
Iter 264/1220 took 2.87 seconds
Iter 265/1220 took 2.87 seconds
Iter 266/1220 took 2.86 seconds
Iter 267/1220 took 2.77 seconds
Iter 268/1220 took 2.78 seconds
Iter 269/1220 took 2.81 seconds
Iter 270/1220 took 2.82 seconds
Iter 271/1220 took 2.76 seconds
Iter 272/1220 took 2.89 seconds
Iter 273/1220 took 2.81 seconds
Iter 274/1220 took 2.81 seconds
Iter 275/1220 took 2.80 seconds
Iter 276/1220 took 2.85 seconds
Iter 277/1220 took 2.84 seconds
Iter 278/1220 took 2.75 seconds
Iter 279/1220 took 2.85 seconds
Iter 280/1220 took 2.80 seconds
Iter 281/1220 took 2.84 seconds
Iter 282/1220 took 2.83 seconds
Iter 283/1220 took 2.83 seconds
Iter 284/1220 took 2.81 seconds
Iter 285/1220 took 2.88 seconds
Iter 286/1220 took 2.89 seconds
Iter 287/1220 took 2.81 seconds
Iter 288/1220 took 2.84 seconds
Iter 289/1220 took 2.95 seconds
Iter 290/1220 took 2.92 seconds
Iter 291/1220 took 2.86 seconds
Iter 292/1220 took 2.79 seconds
Iter 293/1220 took 2.91 seconds
Iter 294/1220 took 2.80 seconds
Iter 295/1220 took 2.96 seconds
Iter 296/1220 took 3.02 seconds
Iter 297/1220 took 2.86 seconds
Iter 298/1220 took 2.85 seconds
Iter 299/1220 took 2.87 seconds
Iter 300/1220 took 2.85 seconds
Iter 301/1220 took 2.79 seconds
Iter 302/1220 took 2.79 seconds
Iter 303/1220 took 2.76 seconds
Iter 304/1220 took 2.77 seconds
Iter 305/1220 took 2.72 seconds
Iter 306/1220 took 2.72 seconds
checkpoint saved to /home/aojili/lsy_drone_racing/lsy_drone_racing/control/checkpoints/level3_loop_037_v5_decoupled_frame_clearance_low_pressure_maturation_from_loop036_40m/level3_loop_037_v5_decoupled_frame_clearance_low_pressure_maturation_from_loop036_40m_step_010000000.ckpt at global_step=10027008
Iter 307/1220 took 2.78 seconds
Iter 308/1220 took 2.74 seconds
Iter 309/1220 took 2.72 seconds
Iter 310/1220 took 2.72 seconds
Iter 311/1220 took 2.77 seconds
Iter 312/1220 took 2.82 seconds
Iter 313/1220 took 2.96 seconds
Iter 314/1220 took 2.94 seconds
Iter 315/1220 took 2.75 seconds
Iter 316/1220 took 3.04 seconds
Iter 317/1220 took 2.97 seconds
Iter 318/1220 took 2.87 seconds
Iter 319/1220 took 2.78 seconds
Iter 320/1220 took 2.75 seconds
Iter 321/1220 took 2.75 seconds
Iter 322/1220 took 2.77 seconds
Iter 323/1220 took 2.78 seconds
Iter 324/1220 took 2.77 seconds
Iter 325/1220 took 2.78 seconds
Iter 326/1220 took 2.80 seconds
Iter 327/1220 took 2.78 seconds
Iter 328/1220 took 2.77 seconds
Iter 329/1220 took 2.76 seconds
Iter 330/1220 took 2.81 seconds
Iter 331/1220 took 2.88 seconds
Iter 332/1220 took 2.88 seconds
Iter 333/1220 took 2.86 seconds
Iter 334/1220 took 2.90 seconds
Iter 335/1220 took 2.86 seconds
Iter 336/1220 took 2.89 seconds
Iter 337/1220 took 2.77 seconds
Iter 338/1220 took 2.74 seconds
Iter 339/1220 took 2.73 seconds
Iter 340/1220 took 2.74 seconds
Iter 341/1220 took 2.74 seconds
Iter 342/1220 took 2.73 seconds
Iter 343/1220 took 2.76 seconds
Iter 344/1220 took 2.74 seconds
Iter 345/1220 took 2.71 seconds
Iter 346/1220 took 2.73 seconds
Iter 347/1220 took 2.75 seconds
Iter 348/1220 took 2.71 seconds
Iter 349/1220 took 2.69 seconds
Iter 350/1220 took 2.71 seconds
Iter 351/1220 took 2.76 seconds
Iter 352/1220 took 2.83 seconds
Iter 353/1220 took 2.83 seconds
Iter 354/1220 took 2.79 seconds
Iter 355/1220 took 2.70 seconds
Iter 356/1220 took 2.78 seconds
Iter 357/1220 took 2.81 seconds
Iter 358/1220 took 2.82 seconds
Iter 359/1220 took 2.82 seconds
Iter 360/1220 took 2.80 seconds
Iter 361/1220 took 2.79 seconds
Iter 362/1220 took 2.78 seconds
Iter 363/1220 took 2.76 seconds
Iter 364/1220 took 2.83 seconds
Iter 365/1220 took 2.78 seconds
Iter 366/1220 took 2.80 seconds
Iter 367/1220 took 2.86 seconds
Iter 368/1220 took 2.83 seconds
Iter 369/1220 took 2.90 seconds
Iter 370/1220 took 2.95 seconds
Iter 371/1220 took 2.89 seconds
Iter 372/1220 took 2.95 seconds
Iter 373/1220 took 2.84 seconds
Iter 374/1220 took 2.76 seconds
Iter 375/1220 took 2.76 seconds
Iter 376/1220 took 2.74 seconds
Iter 377/1220 took 2.72 seconds
Iter 378/1220 took 2.67 seconds
Iter 379/1220 took 2.66 seconds
Iter 380/1220 took 2.76 seconds
Iter 381/1220 took 2.89 seconds
Iter 382/1220 took 2.81 seconds
Iter 383/1220 took 2.84 seconds
Iter 384/1220 took 2.74 seconds
Iter 385/1220 took 2.81 seconds
Iter 386/1220 took 2.91 seconds
Iter 387/1220 took 2.94 seconds
Iter 388/1220 took 2.86 seconds
Iter 389/1220 took 2.81 seconds
Iter 390/1220 took 2.80 seconds
Iter 391/1220 took 2.95 seconds
Iter 392/1220 took 2.88 seconds
Iter 393/1220 took 2.94 seconds
Iter 394/1220 took 2.82 seconds
Iter 395/1220 took 2.82 seconds
Iter 396/1220 took 2.84 seconds
Iter 397/1220 took 2.86 seconds
Iter 398/1220 took 2.86 seconds
Iter 399/1220 took 2.91 seconds
Iter 400/1220 took 2.89 seconds
Iter 401/1220 took 2.93 seconds
Iter 402/1220 took 2.88 seconds
Iter 403/1220 took 2.82 seconds
Iter 404/1220 took 2.80 seconds
Iter 405/1220 took 2.83 seconds
Iter 406/1220 took 2.82 seconds
Iter 407/1220 took 2.89 seconds
Iter 408/1220 took 2.85 seconds
Iter 409/1220 took 2.78 seconds
Iter 410/1220 took 2.76 seconds
Iter 411/1220 took 2.83 seconds
Iter 412/1220 took 2.86 seconds
Iter 413/1220 took 2.89 seconds
Iter 414/1220 took 2.93 seconds
Iter 415/1220 took 2.92 seconds
Iter 416/1220 took 2.78 seconds
Iter 417/1220 took 2.81 seconds
Iter 418/1220 took 2.82 seconds
Iter 419/1220 took 2.90 seconds
Iter 420/1220 took 2.83 seconds
Iter 421/1220 took 2.92 seconds
Iter 422/1220 took 2.90 seconds
Iter 423/1220 took 2.84 seconds
Iter 424/1220 took 2.83 seconds
Iter 425/1220 took 2.82 seconds
Iter 426/1220 took 2.77 seconds
Iter 427/1220 took 2.82 seconds
Iter 428/1220 took 2.93 seconds
Iter 429/1220 took 2.81 seconds
Iter 430/1220 took 2.84 seconds
Iter 431/1220 took 2.76 seconds
Iter 432/1220 took 2.81 seconds
Iter 433/1220 took 2.81 seconds
Iter 434/1220 took 2.87 seconds
Iter 435/1220 took 2.93 seconds
Iter 436/1220 took 2.99 seconds
Iter 437/1220 took 2.96 seconds
Iter 438/1220 took 3.00 seconds
Iter 439/1220 took 2.83 seconds
Iter 440/1220 took 2.81 seconds
Iter 441/1220 took 2.85 seconds
Iter 442/1220 took 2.82 seconds
Iter 443/1220 took 2.76 seconds
Iter 444/1220 took 2.80 seconds
Iter 445/1220 took 2.96 seconds
Iter 446/1220 took 2.91 seconds
Iter 447/1220 took 2.94 seconds
Iter 448/1220 took 2.94 seconds
Iter 449/1220 took 2.95 seconds
Iter 450/1220 took 2.78 seconds
Iter 451/1220 took 2.86 seconds
Iter 452/1220 took 2.86 seconds
Iter 453/1220 took 2.94 seconds
Iter 454/1220 took 2.92 seconds
Iter 455/1220 took 2.82 seconds
Iter 456/1220 took 2.85 seconds
Iter 457/1220 took 2.77 seconds
Iter 458/1220 took 2.75 seconds
checkpoint saved to /home/aojili/lsy_drone_racing/lsy_drone_racing/control/checkpoints/level3_loop_037_v5_decoupled_frame_clearance_low_pressure_maturation_from_loop036_40m/level3_loop_037_v5_decoupled_frame_clearance_low_pressure_maturation_from_loop036_40m_step_015000000.ckpt at global_step=15007744
Iter 459/1220 took 2.77 seconds
Iter 460/1220 took 2.80 seconds
Iter 461/1220 took 2.76 seconds
Iter 462/1220 took 2.74 seconds
Iter 463/1220 took 2.73 seconds
Iter 464/1220 took 2.83 seconds
Iter 465/1220 took 2.83 seconds
Iter 466/1220 took 2.82 seconds
Iter 467/1220 took 2.75 seconds
Iter 468/1220 took 2.79 seconds
Iter 469/1220 took 2.74 seconds
Iter 470/1220 took 2.77 seconds
Iter 471/1220 took 2.82 seconds
Iter 472/1220 took 2.76 seconds
Iter 473/1220 took 2.70 seconds
Iter 474/1220 took 2.75 seconds
Iter 475/1220 took 2.79 seconds
Iter 476/1220 took 2.81 seconds
Iter 477/1220 took 2.83 seconds
Iter 478/1220 took 2.74 seconds
Iter 479/1220 took 2.73 seconds
Iter 480/1220 took 2.71 seconds
Iter 481/1220 took 2.73 seconds
Iter 482/1220 took 2.77 seconds
Iter 483/1220 took 2.79 seconds
Iter 484/1220 took 2.73 seconds
Iter 485/1220 took 2.74 seconds
Iter 486/1220 took 2.79 seconds
Iter 487/1220 took 2.80 seconds
Iter 488/1220 took 2.77 seconds
Iter 489/1220 took 2.79 seconds
Iter 490/1220 took 2.80 seconds
Iter 491/1220 took 2.76 seconds
Iter 492/1220 took 2.87 seconds
Iter 493/1220 took 2.89 seconds
Iter 494/1220 took 2.80 seconds
Iter 495/1220 took 2.74 seconds
Iter 496/1220 took 2.85 seconds
Iter 497/1220 took 2.86 seconds
Iter 498/1220 took 2.91 seconds
Iter 499/1220 took 2.89 seconds
Iter 500/1220 took 2.81 seconds
Iter 501/1220 took 2.80 seconds
Iter 502/1220 took 2.93 seconds
Iter 503/1220 took 2.92 seconds
Iter 504/1220 took 3.07 seconds
Iter 505/1220 took 2.98 seconds
Iter 506/1220 took 2.90 seconds
Iter 507/1220 took 2.91 seconds
Iter 508/1220 took 3.05 seconds
Iter 509/1220 took 3.05 seconds
Iter 510/1220 took 2.99 seconds
Iter 511/1220 took 3.10 seconds
Iter 512/1220 took 3.04 seconds
Iter 513/1220 took 2.87 seconds
Iter 514/1220 took 2.98 seconds
Iter 515/1220 took 2.88 seconds
Iter 516/1220 took 2.97 seconds
Iter 517/1220 took 2.85 seconds
Iter 518/1220 took 2.81 seconds
Iter 519/1220 took 2.85 seconds
Iter 520/1220 took 2.95 seconds
Iter 521/1220 took 2.73 seconds
Iter 522/1220 took 2.78 seconds
Iter 523/1220 took 2.69 seconds
Iter 524/1220 took 2.75 seconds
Iter 525/1220 took 2.75 seconds
Iter 526/1220 took 2.89 seconds
Iter 527/1220 took 2.78 seconds
Iter 528/1220 took 2.82 seconds
Iter 529/1220 took 2.75 seconds
Iter 530/1220 took 2.85 seconds
Iter 531/1220 took 2.80 seconds
Iter 532/1220 took 2.77 seconds
Iter 533/1220 took 2.75 seconds
Iter 534/1220 took 2.77 seconds
Iter 535/1220 took 2.80 seconds
Iter 536/1220 took 2.78 seconds
Iter 537/1220 took 2.73 seconds
Iter 538/1220 took 2.87 seconds
Iter 539/1220 took 2.88 seconds
Iter 540/1220 took 2.84 seconds
Iter 541/1220 took 2.79 seconds
Iter 542/1220 took 2.73 seconds
Iter 543/1220 took 2.70 seconds
Iter 544/1220 took 2.74 seconds
Iter 545/1220 took 2.75 seconds
Iter 546/1220 took 2.73 seconds
Iter 547/1220 took 2.72 seconds
Iter 548/1220 took 2.68 seconds
Iter 549/1220 took 2.64 seconds
Iter 550/1220 took 2.66 seconds
Iter 551/1220 took 2.65 seconds
Iter 552/1220 took 2.71 seconds
Iter 553/1220 took 2.68 seconds
Iter 554/1220 took 2.72 seconds
Iter 555/1220 took 2.74 seconds
Iter 556/1220 took 2.67 seconds
Iter 557/1220 took 2.74 seconds
Iter 558/1220 took 2.77 seconds
Iter 559/1220 took 2.76 seconds
Iter 560/1220 took 2.74 seconds
Iter 561/1220 took 2.75 seconds
Iter 562/1220 took 2.73 seconds
Iter 563/1220 took 2.76 seconds
Iter 564/1220 took 2.75 seconds
Iter 565/1220 took 2.69 seconds
Iter 566/1220 took 2.70 seconds
Iter 567/1220 took 2.68 seconds
Iter 568/1220 took 2.72 seconds
Iter 569/1220 took 2.76 seconds
Iter 570/1220 took 2.65 seconds
Iter 571/1220 took 2.71 seconds
Iter 572/1220 took 2.68 seconds
Iter 573/1220 took 2.70 seconds
Iter 574/1220 took 2.69 seconds
Iter 575/1220 took 2.71 seconds
Iter 576/1220 took 2.68 seconds
Iter 577/1220 took 2.73 seconds
Iter 578/1220 took 2.71 seconds
Iter 579/1220 took 2.76 seconds
Iter 580/1220 took 2.72 seconds
Iter 581/1220 took 2.76 seconds
Iter 582/1220 took 2.76 seconds
Iter 583/1220 took 2.75 seconds
Iter 584/1220 took 2.71 seconds
Iter 585/1220 took 2.81 seconds
Iter 586/1220 took 2.78 seconds
Iter 587/1220 took 2.73 seconds
Iter 588/1220 took 2.74 seconds
Iter 589/1220 took 2.75 seconds
Iter 590/1220 took 2.83 seconds
Iter 591/1220 took 2.96 seconds
Iter 592/1220 took 3.04 seconds
Iter 593/1220 took 3.03 seconds
Iter 594/1220 took 3.04 seconds
Iter 595/1220 took 2.99 seconds
Iter 596/1220 took 2.96 seconds
Iter 597/1220 took 2.91 seconds
Iter 598/1220 took 2.91 seconds
Iter 599/1220 took 2.80 seconds
Iter 600/1220 took 2.73 seconds
Iter 601/1220 took 2.76 seconds
Iter 602/1220 took 2.71 seconds
Iter 603/1220 took 2.78 seconds
Iter 604/1220 took 2.82 seconds
Iter 605/1220 took 2.88 seconds
Iter 606/1220 took 2.72 seconds
Iter 607/1220 took 2.73 seconds
Iter 608/1220 took 2.66 seconds
Iter 609/1220 took 2.66 seconds
Iter 610/1220 took 2.70 seconds
Iter 611/1220 took 2.69 seconds
checkpoint saved to /home/aojili/lsy_drone_racing/lsy_drone_racing/control/checkpoints/level3_loop_037_v5_decoupled_frame_clearance_low_pressure_maturation_from_loop036_40m/level3_loop_037_v5_decoupled_frame_clearance_low_pressure_maturation_from_loop036_40m_step_020000000.ckpt at global_step=20021248
Iter 612/1220 took 2.72 seconds
Iter 613/1220 took 2.76 seconds
Iter 614/1220 took 2.74 seconds
Iter 615/1220 took 2.74 seconds
Iter 616/1220 took 2.73 seconds
Iter 617/1220 took 2.79 seconds
Iter 618/1220 took 2.81 seconds
Iter 619/1220 took 2.82 seconds
Iter 620/1220 took 2.87 seconds
Iter 621/1220 took 2.82 seconds
Iter 622/1220 took 2.85 seconds
Iter 623/1220 took 2.84 seconds
Iter 624/1220 took 2.80 seconds
Iter 625/1220 took 2.75 seconds
Iter 626/1220 took 2.72 seconds
Iter 627/1220 took 2.76 seconds
Iter 628/1220 took 2.72 seconds
Iter 629/1220 took 2.72 seconds
Iter 630/1220 took 2.70 seconds
Iter 631/1220 took 2.79 seconds
Iter 632/1220 took 2.89 seconds
Iter 633/1220 took 2.91 seconds
Iter 634/1220 took 2.85 seconds
Iter 635/1220 took 2.78 seconds
Iter 636/1220 took 2.75 seconds
Iter 637/1220 took 2.77 seconds
Iter 638/1220 took 2.74 seconds
Iter 639/1220 took 2.72 seconds
Iter 640/1220 took 2.75 seconds
Iter 641/1220 took 2.74 seconds
Iter 642/1220 took 2.74 seconds
Iter 643/1220 took 2.76 seconds
Iter 644/1220 took 2.75 seconds
Iter 645/1220 took 2.74 seconds
Iter 646/1220 took 2.73 seconds
Iter 647/1220 took 2.79 seconds
Iter 648/1220 took 2.73 seconds
Iter 649/1220 took 2.80 seconds
Iter 650/1220 took 2.74 seconds
Iter 651/1220 took 2.74 seconds
Iter 652/1220 took 2.83 seconds
Iter 653/1220 took 2.77 seconds
Iter 654/1220 took 2.74 seconds
Iter 655/1220 took 2.75 seconds
Iter 656/1220 took 2.70 seconds
Iter 657/1220 took 2.75 seconds
Iter 658/1220 took 2.74 seconds
Iter 659/1220 took 2.77 seconds
Iter 660/1220 took 2.76 seconds
Iter 661/1220 took 2.75 seconds
Iter 662/1220 took 2.80 seconds
Iter 663/1220 took 2.80 seconds
Iter 664/1220 took 2.77 seconds
Iter 665/1220 took 2.74 seconds
Iter 666/1220 took 2.68 seconds
Iter 667/1220 took 2.76 seconds
Iter 668/1220 took 2.80 seconds
Iter 669/1220 took 2.77 seconds
Iter 670/1220 took 2.76 seconds
Iter 671/1220 took 2.81 seconds
Iter 672/1220 took 2.77 seconds
Iter 673/1220 took 2.77 seconds
Iter 674/1220 took 2.74 seconds
Iter 675/1220 took 2.75 seconds
Iter 676/1220 took 2.78 seconds
Iter 677/1220 took 2.66 seconds
Iter 678/1220 took 2.75 seconds
Iter 679/1220 took 2.79 seconds
Iter 680/1220 took 2.70 seconds
Iter 681/1220 took 2.73 seconds
Iter 682/1220 took 2.75 seconds
Iter 683/1220 took 2.78 seconds
Iter 684/1220 took 2.82 seconds
Iter 685/1220 took 2.81 seconds
Iter 686/1220 took 2.84 seconds
Iter 687/1220 took 2.83 seconds
Iter 688/1220 took 2.75 seconds
Iter 689/1220 took 2.72 seconds
Iter 690/1220 took 2.81 seconds
Iter 691/1220 took 2.79 seconds
Iter 692/1220 took 2.96 seconds
Iter 693/1220 took 2.95 seconds
Iter 694/1220 took 2.93 seconds
Iter 695/1220 took 2.78 seconds
Iter 696/1220 took 2.85 seconds
Iter 697/1220 took 2.97 seconds
Iter 698/1220 took 2.96 seconds
Iter 699/1220 took 2.94 seconds
Iter 700/1220 took 3.02 seconds
Iter 701/1220 took 2.81 seconds
Iter 702/1220 took 2.79 seconds
Iter 703/1220 took 2.76 seconds
Iter 704/1220 took 2.78 seconds
Iter 705/1220 took 2.81 seconds
Iter 706/1220 took 2.80 seconds
Iter 707/1220 took 2.86 seconds
Iter 708/1220 took 2.83 seconds
Iter 709/1220 took 2.86 seconds
Iter 710/1220 took 2.86 seconds
Iter 711/1220 took 2.83 seconds
Iter 712/1220 took 2.85 seconds
Iter 713/1220 took 2.84 seconds
Iter 714/1220 took 2.88 seconds
Iter 715/1220 took 2.90 seconds
Iter 716/1220 took 2.90 seconds
Iter 717/1220 took 2.92 seconds
Iter 718/1220 took 2.81 seconds
Iter 719/1220 took 2.84 seconds
Iter 720/1220 took 2.77 seconds
Iter 721/1220 took 2.86 seconds
Iter 722/1220 took 2.79 seconds
Iter 723/1220 took 2.71 seconds
Iter 724/1220 took 2.69 seconds
Iter 725/1220 took 2.71 seconds
Iter 726/1220 took 2.71 seconds
Iter 727/1220 took 2.87 seconds
Iter 728/1220 took 2.90 seconds
Iter 729/1220 took 2.94 seconds
Iter 730/1220 took 2.93 seconds
Iter 731/1220 took 2.97 seconds
Iter 732/1220 took 2.83 seconds
Iter 733/1220 took 2.92 seconds
Iter 734/1220 took 2.88 seconds
Iter 735/1220 took 2.95 seconds
Iter 736/1220 took 2.90 seconds
Iter 737/1220 took 2.70 seconds
Iter 738/1220 took 2.77 seconds
Iter 739/1220 took 2.83 seconds
Iter 740/1220 took 2.81 seconds
Iter 741/1220 took 2.76 seconds
Iter 742/1220 took 2.85 seconds
Iter 743/1220 took 2.87 seconds
Iter 744/1220 took 2.85 seconds
Iter 745/1220 took 2.86 seconds
Iter 746/1220 took 2.77 seconds
Iter 747/1220 took 2.73 seconds
Iter 748/1220 took 2.74 seconds
Iter 749/1220 took 2.70 seconds
Iter 750/1220 took 2.72 seconds
Iter 751/1220 took 2.76 seconds
Iter 752/1220 took 2.74 seconds
Iter 753/1220 took 2.75 seconds
Iter 754/1220 took 2.71 seconds
Iter 755/1220 took 2.70 seconds
Iter 756/1220 took 2.71 seconds
Iter 757/1220 took 2.71 seconds
Iter 758/1220 took 2.70 seconds
Iter 759/1220 took 2.69 seconds
Iter 760/1220 took 2.68 seconds
Iter 761/1220 took 2.71 seconds
Iter 762/1220 took 2.72 seconds
Iter 763/1220 took 2.63 seconds
checkpoint saved to /home/aojili/lsy_drone_racing/lsy_drone_racing/control/checkpoints/level3_loop_037_v5_decoupled_frame_clearance_low_pressure_maturation_from_loop036_40m/level3_loop_037_v5_decoupled_frame_clearance_low_pressure_maturation_from_loop036_40m_step_025000000.ckpt at global_step=25001984
Iter 764/1220 took 2.67 seconds
Iter 765/1220 took 2.72 seconds
Iter 766/1220 took 2.69 seconds
Iter 767/1220 took 2.66 seconds
Iter 768/1220 took 2.74 seconds
Iter 769/1220 took 2.69 seconds
Iter 770/1220 took 2.74 seconds
Iter 771/1220 took 2.76 seconds
Iter 772/1220 took 2.75 seconds
Iter 773/1220 took 2.84 seconds
Iter 774/1220 took 2.75 seconds
Iter 775/1220 took 2.67 seconds
Iter 776/1220 took 2.70 seconds
Iter 777/1220 took 2.68 seconds
Iter 778/1220 took 2.77 seconds
Iter 779/1220 took 2.75 seconds
Iter 780/1220 took 2.79 seconds
Iter 781/1220 took 2.83 seconds
Iter 782/1220 took 2.81 seconds
Iter 783/1220 took 2.72 seconds
Iter 784/1220 took 2.79 seconds
Iter 785/1220 took 2.81 seconds
Iter 786/1220 took 2.82 seconds
Iter 787/1220 took 2.72 seconds
Iter 788/1220 took 2.81 seconds
Iter 789/1220 took 2.90 seconds
Iter 790/1220 took 2.82 seconds
Iter 791/1220 took 2.79 seconds
Iter 792/1220 took 2.88 seconds
Iter 793/1220 took 2.83 seconds
Iter 794/1220 took 2.75 seconds
Iter 795/1220 took 2.68 seconds
Iter 796/1220 took 2.73 seconds
Iter 797/1220 took 2.75 seconds
Iter 798/1220 took 2.75 seconds
Iter 799/1220 took 2.76 seconds
Iter 800/1220 took 2.81 seconds
Iter 801/1220 took 2.78 seconds
Iter 802/1220 took 2.79 seconds
Iter 803/1220 took 2.75 seconds
Iter 804/1220 took 2.81 seconds
Iter 805/1220 took 2.68 seconds
Iter 806/1220 took 2.69 seconds
Iter 807/1220 took 2.71 seconds
Iter 808/1220 took 2.73 seconds
Iter 809/1220 took 2.69 seconds
Iter 810/1220 took 2.74 seconds
Iter 811/1220 took 2.74 seconds
Iter 812/1220 took 2.76 seconds
Iter 813/1220 took 2.84 seconds
Iter 814/1220 took 2.81 seconds
Iter 815/1220 took 2.76 seconds
Iter 816/1220 took 2.88 seconds
Iter 817/1220 took 2.82 seconds
Iter 818/1220 took 2.80 seconds
Iter 819/1220 took 2.77 seconds
Iter 820/1220 took 2.82 seconds
Iter 821/1220 took 2.87 seconds
Iter 822/1220 took 2.89 seconds
Iter 823/1220 took 2.94 seconds
Iter 824/1220 took 2.98 seconds
Iter 825/1220 took 2.91 seconds
Iter 826/1220 took 2.88 seconds
Iter 827/1220 took 3.03 seconds
Iter 828/1220 took 2.93 seconds
Iter 829/1220 took 2.88 seconds
Iter 830/1220 took 2.83 seconds
Iter 831/1220 took 2.80 seconds
Iter 832/1220 took 2.89 seconds
Iter 833/1220 took 2.96 seconds
Iter 834/1220 took 2.86 seconds
Iter 835/1220 took 2.75 seconds
Iter 836/1220 took 2.82 seconds
Iter 837/1220 took 2.73 seconds
Iter 838/1220 took 2.81 seconds
Iter 839/1220 took 2.80 seconds
Iter 840/1220 took 2.82 seconds
Iter 841/1220 took 2.74 seconds
Iter 842/1220 took 2.91 seconds
Iter 843/1220 took 2.90 seconds
Iter 844/1220 took 2.76 seconds
Iter 845/1220 took 2.83 seconds
Iter 846/1220 took 2.83 seconds
Iter 847/1220 took 2.81 seconds
Iter 848/1220 took 2.75 seconds
Iter 849/1220 took 2.71 seconds
Iter 850/1220 took 2.92 seconds
Iter 851/1220 took 2.84 seconds
Iter 852/1220 took 2.75 seconds
Iter 853/1220 took 2.81 seconds
Iter 854/1220 took 2.91 seconds
Iter 855/1220 took 2.81 seconds
Iter 856/1220 took 2.81 seconds
Iter 857/1220 took 2.81 seconds
Iter 858/1220 took 2.79 seconds
Iter 859/1220 took 2.92 seconds
Iter 860/1220 took 2.95 seconds
Iter 861/1220 took 2.93 seconds
Iter 862/1220 took 2.93 seconds
Iter 863/1220 took 2.96 seconds
Iter 864/1220 took 3.02 seconds
Iter 865/1220 took 2.87 seconds
Iter 866/1220 took 2.83 seconds
Iter 867/1220 took 2.87 seconds
Iter 868/1220 took 2.91 seconds
Iter 869/1220 took 3.07 seconds
Iter 870/1220 took 3.05 seconds
Iter 871/1220 took 2.96 seconds
Iter 872/1220 took 2.91 seconds
Iter 873/1220 took 2.95 seconds
Iter 874/1220 took 2.80 seconds
Iter 875/1220 took 2.84 seconds
Iter 876/1220 took 2.76 seconds
Iter 877/1220 took 2.71 seconds
Iter 878/1220 took 2.64 seconds
Iter 879/1220 took 2.67 seconds
Iter 880/1220 took 2.67 seconds
Iter 881/1220 took 2.67 seconds
Iter 882/1220 took 2.72 seconds
Iter 883/1220 took 2.72 seconds
Iter 884/1220 took 2.71 seconds
Iter 885/1220 took 2.74 seconds
Iter 886/1220 took 2.78 seconds
Iter 887/1220 took 2.83 seconds
Iter 888/1220 took 2.91 seconds
Iter 889/1220 took 2.80 seconds
Iter 890/1220 took 2.78 seconds
Iter 891/1220 took 2.70 seconds
Iter 892/1220 took 2.75 seconds
Iter 893/1220 took 2.83 seconds
Iter 894/1220 took 2.72 seconds
Iter 895/1220 took 2.70 seconds
Iter 896/1220 took 2.71 seconds
Iter 897/1220 took 2.68 seconds
Iter 898/1220 took 2.70 seconds
Iter 899/1220 took 2.71 seconds
Iter 900/1220 took 2.78 seconds
Iter 901/1220 took 2.74 seconds
Iter 902/1220 took 2.70 seconds
Iter 903/1220 took 2.67 seconds
Iter 904/1220 took 2.69 seconds
Iter 905/1220 took 2.69 seconds
Iter 906/1220 took 2.74 seconds
Iter 907/1220 took 2.73 seconds
Iter 908/1220 took 2.75 seconds
Iter 909/1220 took 2.70 seconds
Iter 910/1220 took 2.68 seconds
Iter 911/1220 took 2.71 seconds
Iter 912/1220 took 2.71 seconds
Iter 913/1220 took 2.72 seconds
Iter 914/1220 took 2.68 seconds
Iter 915/1220 took 2.68 seconds
Iter 916/1220 took 2.65 seconds
checkpoint saved to /home/aojili/lsy_drone_racing/lsy_drone_racing/control/checkpoints/level3_loop_037_v5_decoupled_frame_clearance_low_pressure_maturation_from_loop036_40m/level3_loop_037_v5_decoupled_frame_clearance_low_pressure_maturation_from_loop036_40m_step_030000000.ckpt at global_step=30015488
Iter 917/1220 took 2.65 seconds
Iter 918/1220 took 2.82 seconds
Iter 919/1220 took 2.78 seconds
Iter 920/1220 took 2.76 seconds
Iter 921/1220 took 2.75 seconds
Iter 922/1220 took 2.74 seconds
Iter 923/1220 took 2.89 seconds
Iter 924/1220 took 2.95 seconds
Iter 925/1220 took 2.84 seconds
Iter 926/1220 took 2.95 seconds
Iter 927/1220 took 2.84 seconds
Iter 928/1220 took 2.73 seconds
Iter 929/1220 took 2.86 seconds
Iter 930/1220 took 2.82 seconds
Iter 931/1220 took 2.93 seconds
Iter 932/1220 took 2.89 seconds
Iter 933/1220 took 2.83 seconds
Iter 934/1220 took 2.86 seconds
Iter 935/1220 took 2.89 seconds
Iter 936/1220 took 2.91 seconds
Iter 937/1220 took 2.95 seconds
Iter 938/1220 took 2.92 seconds
Iter 939/1220 took 2.86 seconds
Iter 940/1220 took 3.00 seconds
Iter 941/1220 took 3.07 seconds
Iter 942/1220 took 2.91 seconds
Iter 943/1220 took 2.88 seconds
Iter 944/1220 took 2.96 seconds
Iter 945/1220 took 2.96 seconds
Iter 946/1220 took 2.78 seconds
Iter 947/1220 took 2.75 seconds
Iter 948/1220 took 2.83 seconds
Iter 949/1220 took 2.87 seconds
Iter 950/1220 took 2.96 seconds
Iter 951/1220 took 2.89 seconds
Iter 952/1220 took 2.82 seconds
Iter 953/1220 took 2.85 seconds
Iter 954/1220 took 2.84 seconds
Iter 955/1220 took 2.82 seconds
Iter 956/1220 took 2.79 seconds
Iter 957/1220 took 2.77 seconds
Iter 958/1220 took 2.77 seconds
Iter 959/1220 took 2.76 seconds
Iter 960/1220 took 2.78 seconds
Iter 961/1220 took 2.77 seconds
Iter 962/1220 took 2.69 seconds
Iter 963/1220 took 2.69 seconds
Iter 964/1220 took 2.76 seconds
Iter 965/1220 took 2.77 seconds
Iter 966/1220 took 2.72 seconds
Iter 967/1220 took 2.74 seconds
Iter 968/1220 took 2.76 seconds
Iter 969/1220 took 2.78 seconds
Iter 970/1220 took 2.72 seconds
Iter 971/1220 took 2.79 seconds
Iter 972/1220 took 2.83 seconds
Iter 973/1220 took 2.82 seconds
Iter 974/1220 took 2.85 seconds
Iter 975/1220 took 2.80 seconds
Iter 976/1220 took 2.80 seconds
Iter 977/1220 took 2.69 seconds
Iter 978/1220 took 2.77 seconds
Iter 979/1220 took 2.80 seconds
Iter 980/1220 took 2.78 seconds
Iter 981/1220 took 2.68 seconds
Iter 982/1220 took 2.77 seconds
Iter 983/1220 took 2.81 seconds
Iter 984/1220 took 2.72 seconds
Iter 985/1220 took 2.81 seconds
Iter 986/1220 took 2.75 seconds
Iter 987/1220 took 2.71 seconds
Iter 988/1220 took 2.75 seconds
Iter 989/1220 took 2.73 seconds
Iter 990/1220 took 2.70 seconds
Iter 991/1220 took 2.74 seconds
Iter 992/1220 took 2.73 seconds
Iter 993/1220 took 2.76 seconds
Iter 994/1220 took 2.75 seconds
Iter 995/1220 took 2.71 seconds
Iter 996/1220 took 2.73 seconds
Iter 997/1220 took 2.74 seconds
Iter 998/1220 took 2.71 seconds
Iter 999/1220 took 2.77 seconds
Iter 1000/1220 took 2.76 seconds
Iter 1001/1220 took 2.79 seconds
Iter 1002/1220 took 2.82 seconds
Iter 1003/1220 took 2.83 seconds
Iter 1004/1220 took 2.86 seconds
Iter 1005/1220 took 2.80 seconds
Iter 1006/1220 took 2.82 seconds
Iter 1007/1220 took 2.85 seconds
Iter 1008/1220 took 2.84 seconds
Iter 1009/1220 took 2.73 seconds
Iter 1010/1220 took 2.68 seconds
Iter 1011/1220 took 2.71 seconds
Iter 1012/1220 took 2.72 seconds
Iter 1013/1220 took 2.71 seconds
Iter 1014/1220 took 2.72 seconds
Iter 1015/1220 took 2.73 seconds
Iter 1016/1220 took 2.71 seconds
Iter 1017/1220 took 2.73 seconds
Iter 1018/1220 took 2.71 seconds
Iter 1019/1220 took 2.79 seconds
Iter 1020/1220 took 2.72 seconds
Iter 1021/1220 took 2.86 seconds
Iter 1022/1220 took 2.94 seconds
Iter 1023/1220 took 2.90 seconds
Iter 1024/1220 took 2.87 seconds
Iter 1025/1220 took 2.86 seconds
Iter 1026/1220 took 2.85 seconds
Iter 1027/1220 took 2.89 seconds
Iter 1028/1220 took 2.82 seconds
Iter 1029/1220 took 2.77 seconds
Iter 1030/1220 took 2.82 seconds
Iter 1031/1220 took 2.86 seconds
Iter 1032/1220 took 2.86 seconds
Iter 1033/1220 took 2.89 seconds
Iter 1034/1220 took 2.76 seconds
Iter 1035/1220 took 2.78 seconds
Iter 1036/1220 took 2.77 seconds
Iter 1037/1220 took 2.74 seconds
Iter 1038/1220 took 2.71 seconds
Iter 1039/1220 took 2.82 seconds
Iter 1040/1220 took 2.82 seconds
Iter 1041/1220 took 2.82 seconds
Iter 1042/1220 took 2.82 seconds
Iter 1043/1220 took 2.74 seconds
Iter 1044/1220 took 2.77 seconds
Iter 1045/1220 took 2.77 seconds
Iter 1046/1220 took 2.85 seconds
Iter 1047/1220 took 2.82 seconds
Iter 1048/1220 took 2.90 seconds
Iter 1049/1220 took 2.88 seconds
Iter 1050/1220 took 2.83 seconds
Iter 1051/1220 took 2.84 seconds
Iter 1052/1220 took 2.73 seconds
Iter 1053/1220 took 2.86 seconds
Iter 1054/1220 took 2.92 seconds
Iter 1055/1220 took 2.89 seconds
Iter 1056/1220 took 2.89 seconds
Iter 1057/1220 took 2.90 seconds
Iter 1058/1220 took 2.94 seconds
Iter 1059/1220 took 2.95 seconds
Iter 1060/1220 took 2.90 seconds
Iter 1061/1220 took 2.91 seconds
Iter 1062/1220 took 2.79 seconds
Iter 1063/1220 took 2.69 seconds
Iter 1064/1220 took 2.91 seconds
Iter 1065/1220 took 2.96 seconds
Iter 1066/1220 took 2.93 seconds
Iter 1067/1220 took 2.94 seconds
Iter 1068/1220 took 2.83 seconds
Iter 1069/1220 took 3.06 seconds
checkpoint saved to /home/aojili/lsy_drone_racing/lsy_drone_racing/control/checkpoints/level3_loop_037_v5_decoupled_frame_clearance_low_pressure_maturation_from_loop036_40m/level3_loop_037_v5_decoupled_frame_clearance_low_pressure_maturation_from_loop036_40m_step_035000000.ckpt at global_step=35028992
Iter 1070/1220 took 2.85 seconds
Iter 1071/1220 took 2.88 seconds
Iter 1072/1220 took 2.94 seconds
Iter 1073/1220 took 2.86 seconds
Iter 1074/1220 took 2.83 seconds
Iter 1075/1220 took 2.78 seconds
Iter 1076/1220 took 2.78 seconds
Iter 1077/1220 took 2.89 seconds
Iter 1078/1220 took 2.85 seconds
Iter 1079/1220 took 2.82 seconds
Iter 1080/1220 took 2.86 seconds
Iter 1081/1220 took 2.90 seconds
Iter 1082/1220 took 2.80 seconds
Iter 1083/1220 took 2.77 seconds
Iter 1084/1220 took 2.81 seconds
Iter 1085/1220 took 2.80 seconds
Iter 1086/1220 took 2.81 seconds
Iter 1087/1220 took 2.79 seconds
Iter 1088/1220 took 2.73 seconds
Iter 1089/1220 took 2.77 seconds
Iter 1090/1220 took 2.76 seconds
Iter 1091/1220 took 2.76 seconds
Iter 1092/1220 took 2.86 seconds
Iter 1093/1220 took 2.84 seconds
Iter 1094/1220 took 2.85 seconds
Iter 1095/1220 took 2.76 seconds
Iter 1096/1220 took 2.74 seconds
Iter 1097/1220 took 2.78 seconds
Iter 1098/1220 took 2.80 seconds
Iter 1099/1220 took 2.87 seconds
Iter 1100/1220 took 2.79 seconds
Iter 1101/1220 took 2.77 seconds
Iter 1102/1220 took 2.83 seconds
Iter 1103/1220 took 2.76 seconds
Iter 1104/1220 took 2.74 seconds
Iter 1105/1220 took 2.75 seconds
Iter 1106/1220 took 2.74 seconds
Iter 1107/1220 took 2.75 seconds
Iter 1108/1220 took 2.73 seconds
Iter 1109/1220 took 2.73 seconds
Iter 1110/1220 took 2.67 seconds
Iter 1111/1220 took 2.72 seconds
Iter 1112/1220 took 2.73 seconds
Iter 1113/1220 took 2.78 seconds
Iter 1114/1220 took 2.81 seconds
Iter 1115/1220 took 2.98 seconds
Iter 1116/1220 took 2.89 seconds
Iter 1117/1220 took 2.76 seconds
Iter 1118/1220 took 2.75 seconds
Iter 1119/1220 took 2.84 seconds
Iter 1120/1220 took 2.82 seconds
Iter 1121/1220 took 2.94 seconds
Iter 1122/1220 took 2.76 seconds
Iter 1123/1220 took 2.78 seconds
Iter 1124/1220 took 2.76 seconds
Iter 1125/1220 took 2.76 seconds
Iter 1126/1220 took 2.75 seconds
Iter 1127/1220 took 2.88 seconds
Iter 1128/1220 took 2.97 seconds
Iter 1129/1220 took 2.95 seconds
Iter 1130/1220 took 2.83 seconds
Iter 1131/1220 took 2.90 seconds
Iter 1132/1220 took 2.93 seconds
Iter 1133/1220 took 2.82 seconds
Iter 1134/1220 took 2.77 seconds
Iter 1135/1220 took 2.83 seconds
Iter 1136/1220 took 2.95 seconds
Iter 1137/1220 took 2.81 seconds
Iter 1138/1220 took 2.93 seconds
Iter 1139/1220 took 2.87 seconds
Iter 1140/1220 took 2.88 seconds
Iter 1141/1220 took 2.80 seconds
Iter 1142/1220 took 2.81 seconds
Iter 1143/1220 took 2.95 seconds
Iter 1144/1220 took 2.95 seconds
Iter 1145/1220 took 2.78 seconds
Iter 1146/1220 took 2.87 seconds
Iter 1147/1220 took 2.88 seconds
Iter 1148/1220 took 2.88 seconds
Iter 1149/1220 took 2.98 seconds
Iter 1150/1220 took 2.91 seconds
Iter 1151/1220 took 2.81 seconds
Iter 1152/1220 took 2.83 seconds
Iter 1153/1220 took 2.89 seconds
Iter 1154/1220 took 2.80 seconds
Iter 1155/1220 took 2.97 seconds
Iter 1156/1220 took 2.81 seconds
Iter 1157/1220 took 2.88 seconds
Iter 1158/1220 took 2.99 seconds
Iter 1159/1220 took 2.93 seconds
Iter 1160/1220 took 3.02 seconds
Iter 1161/1220 took 3.06 seconds
Iter 1162/1220 took 2.91 seconds
Iter 1163/1220 took 2.95 seconds
Iter 1164/1220 took 2.91 seconds
Iter 1165/1220 took 2.99 seconds
Iter 1166/1220 took 2.94 seconds
Iter 1167/1220 took 2.99 seconds
Iter 1168/1220 took 2.96 seconds
Iter 1169/1220 took 2.90 seconds
Iter 1170/1220 took 2.84 seconds
Iter 1171/1220 took 2.83 seconds
Iter 1172/1220 took 2.87 seconds
Iter 1173/1220 took 2.79 seconds
Iter 1174/1220 took 2.77 seconds
Iter 1175/1220 took 2.85 seconds
Iter 1176/1220 took 2.85 seconds
Iter 1177/1220 took 2.86 seconds
Iter 1178/1220 took 2.85 seconds
Iter 1179/1220 took 2.85 seconds
Iter 1180/1220 took 2.81 seconds
Iter 1181/1220 took 2.86 seconds
Iter 1182/1220 took 2.96 seconds
Iter 1183/1220 took 3.03 seconds
Iter 1184/1220 took 2.91 seconds
Iter 1185/1220 took 2.90 seconds
Iter 1186/1220 took 2.80 seconds
Iter 1187/1220 took 2.77 seconds
Iter 1188/1220 took 2.82 seconds
Iter 1189/1220 took 2.75 seconds
Iter 1190/1220 took 2.86 seconds
Iter 1191/1220 took 2.94 seconds
Iter 1192/1220 took 2.81 seconds
Iter 1193/1220 took 2.73 seconds
Iter 1194/1220 took 2.73 seconds
Iter 1195/1220 took 2.91 seconds
Iter 1196/1220 took 2.77 seconds
Iter 1197/1220 took 2.74 seconds
Iter 1198/1220 took 2.72 seconds
Iter 1199/1220 took 2.70 seconds
Iter 1200/1220 took 2.74 seconds
Iter 1201/1220 took 2.88 seconds
Iter 1202/1220 took 2.77 seconds
Iter 1203/1220 took 2.79 seconds
Iter 1204/1220 took 2.80 secondswandb: updating run metadata
wandb: uploading history steps 39017-39030, summary, console lines 1230-1232
wandb: 
wandb: Run history:
wandb:                charts/SPS ▁▁▁▁▂▂▂▂▂▂▃▃▄▄▃▄▄▄▄▅▅▅▅▅▅▆▆▆▆▆▆▆▇▇▇▇▇▇██
wandb:      charts/learning_rate ██████▇▇▇▇▅▅▅▅▅▅▅▅▄▄▄▄▄▃▃▃▃▃▃▃▂▂▂▂▂▂▂▁▁▁
wandb:               global_step ▁▁▁▁▁▁▂▂▂▂▃▃▃▃▃▃▃▃▃▃▄▄▄▅▅▅▅▅▅▅▆▆▆▆▇▇▇▇▇█
wandb:          losses/approx_kl ▇▃▃█▄▂▂▁▁▁▁▁▁▁▁▁▁▁▁▁▁▁▁▁▁▁▁▁▁▁▁▁▁▁▁▁▁▁▁▁
wandb:           losses/clipfrac █▁▁▁▁▁▁▁▁▁▁▁▁▁▁▁▁▁▁▁▁▁▁▁▁▁▁▁▁▁▁▁▁▁▁▁▁▁▁▁
wandb:            losses/entropy ▁▁▁▂▂▂▂▂▂▃▄▄▄▅▅▅▅▅▅▅▆▆▆▆▇▇▇▇▇▇▇▇████████
wandb: losses/explained_variance ▅▄▄▂▄▄▁▅▃▅▅▆▅▆▄▆▆▆▇▇▇▇▇▇▄▇▇▇█▅█▇▆▇▇▆▇▇▇█
wandb:      losses/old_approx_kl █▃▃▃▄▃▁▃▃▂▂▂▂▂▂▂▂▂▂▂▂▂▂▂▂▂▂▂▂▂▂▂▂▂▂▂▂▂▂▂
wandb:        losses/policy_loss ▁▄▇▇█▇█▇▆█▇█▇▇█▇▇▇█▇▇█▇▇▇▇█▇█▇███▇▇▇████
wandb:         losses/value_loss ▂▁▁▃▆▃█▃▅▂▂▄▄▂▃▄▃▃▅▂▆▂▁▂▃▃▃▃▃▄▂▂▅▃▃▇▅▇▄▅
wandb:                       +47 ...
wandb: 
wandb: Run summary:
wandb:                charts/SPS 13867917
wandb:      charts/learning_rate 0.0
wandb:               global_step 39976960
wandb:          losses/approx_kl 0.0
wandb:           losses/clipfrac 0
wandb:            losses/entropy 20.31641
wandb: losses/explained_variance 0.79362
wandb:      losses/old_approx_kl 0.0
wandb:        losses/policy_loss 0.0
wandb:         losses/value_loss 7759.62891
wandb:                       +47 ...
wandb: 
wandb: 🚀 View run level3_loop_037_v5_decoupled_frame_clearance_low_pressure_maturation_from_loop036_40m at: https://wandb.ai/aojili77-technical-university-of-munich/ADR-PPO-Racing-Level3/runs/level3_loop_037_v5_decoupled_frame_clearance_low_pressure_maturation_from_loop036_40m
wandb: ⭐️ View project at: https://wandb.ai/aojili77-technical-university-of-munich/ADR-PPO-Racing-Level3
wandb: Synced 5 W&B file(s), 0 media file(s), 0 artifact file(s) and 0 other file(s)
wandb: Find logs at: ./wandb/run-20260620_162731-level3_loop_037_v5_decoupled_frame_clearance_low_pressure_maturation_from_loop036_40m/logs

Iter 1205/1220 took 2.89 seconds
Iter 1206/1220 took 2.91 seconds
Iter 1207/1220 took 2.84 seconds
Iter 1208/1220 took 2.76 seconds
Iter 1209/1220 took 2.78 seconds
Iter 1210/1220 took 2.89 seconds
Iter 1211/1220 took 2.84 seconds
Iter 1212/1220 took 2.80 seconds
Iter 1213/1220 took 2.85 seconds
Iter 1214/1220 took 2.78 seconds
Iter 1215/1220 took 2.79 seconds
Iter 1216/1220 took 2.85 seconds
Iter 1217/1220 took 2.87 seconds
Iter 1218/1220 took 2.95 seconds
Iter 1219/1220 took 2.92 seconds
Iter 1220/1220 took 2.88 seconds
Training for 39976960 steps took 3436.15 seconds.
model saved to /home/aojili/lsy_drone_racing/lsy_drone_racing/control/checkpoints/level3_loop_037_v5_decoupled_frame_clearance_low_pressure_maturation_from_loop036_40m/level3_loop_037_v5_decoupled_frame_clearance_low_pressure_maturation_from_loop036_40m_final.ckpt
